6.3926 	INFO 	Loaded monitor calibration from ['2026_07_01 09:38']
6.4001 	WARNING 	User requested fullscreen with size [1024  768], but screen is actually [1920, 1200]. Using actual size
9.9469 	INFO 	Using renderer 'Intel(R) Arc(TM) Pro 140T GPU (16GB)' for graphics
9.9469 	INFO 	OpenGL version supported by driver is 4..
10.0579 	EXP 	Created window1 = Window(allowGUI=False, allowStencil=False, autoLog=True, backendConf=UNKNOWN, backgroundFit=<method-wrapper '__getattribute__' of attributeSetter object at 0x00000191B3977430>, backgroundImage=<method-wrapper '__getattribute__' of attributeSetter object at 0x00000191B3974E20>, bitsMode=UNKNOWN, blendMode='avg', bpc=(8, 8, 8), color=array([0, 0, 0]), colorSpace='rgb', depthBits=8, fullscr=True, gamma=None, gammaErrorPolicy='raise', infoMsg=UNKNOWN, lms=UNKNOWN, monitor=<psychopy.monitors.calibTools.Monitor object at 0x00000191B20F8A30>, multiSample=False, name='window1', numSamples=2, pos=[np.float64(0.0), np.float64(0.0)], screen=0, size=array([1920, 1200]), stencilBits=0, stereo=False, title='PsychoPy', units='height', useFBO=True, useRetina=False, viewOri=0.0, viewPos=None, viewScale=None, waitBlanking=True, winType='pyglet')
10.0580 	EXP 	window1: backgroundImage = ''
10.0581 	EXP 	window1: backgroundFit = 'none'
10.7961 	EXP 	window1: Attempting to measure frame rate of screen (0) ...
10.7961 	EXP 	window1: recordFrameIntervals = False
10.9336 	EXP 	window1: recordFrameIntervals = True
12.6002 	EXP 	window1: recordFrameIntervals = False
12.6002 	EXP 	Screen (0) actual frame rate measured at 59.97Hz
12.7609 	INFO 	keyboard.Keyboard is using ptb backend.
12.7610 	EXP 	CRM_Spat: status = STARTED
12.8315 	EXP 	Created text_instruction = TextStim(__class__=<class 'psychopy.visual.text.TextStim'>, alignHoriz=method-wrapper(...), alignText='center', alignVert=method-wrapper(...), anchorHoriz='center', anchorVert='center', antialias=True, autoDraw=False, autoLog=True, bold=False, color=array([1., 1., 1.]), colorSpace='rgb', contrast=1.0, depth=0.0, draggable=False, flipHoriz=False, flipVert=False, font='Arial', fontFiles=[], height=np.float64(0.05), italic=False, languageStyle='LTR', name='text_instruction', opacity=1, ori=0.0, pos=array([0., 0.]), rgb=UNKNOWN, text='Selectionner la réponse', units='height', win=Window(...), wrapWidth=1)
13.2357 	INFO 	Loaded psychtoolbox audio version 3.0.19.696976569
13.3284 	WARNING 	No default speaker specified in Preferences / Hardware, using first speaker found: Haut-parleurs (2- Cirrus Logic XU (with APO Extensions))
13.5600 	INFO 	Created stream for speaker device: Haut-parleurs (2- Cirrus Logic XU (with APO Extensions)) (4.0)
13.5613 	EXP 	sound_1: sampleRate = 48000
13.5613 	EXP 	sound_1: channels = None
13.5623 	EXP 	Sound sound_1 set volume 1.000
0.0125 	EXP 	New trial (rep=0, index=0): <Trial 0 (0 in rep 0) data={'thisN': 0, 'thisTrialN': 0, 'thisRepN': 0}>
0.0174 	EXP 	Sound sound_1 reached end of file
0.0289 	EXP 	Playing sound sound_1 on speaker Haut-parleurs (2- Cirrus Logic XU (with APO Extensions))
0.0389 	EXP 	text_instruction: autoDraw = True
1.0293 	EXP 	Sound sound_1 stopped
1.0694 	EXP 	text_instruction: autoDraw = False
1.4548 	DATA 	Mouse: Left button down, pos=(544,504)
1.4844 	EXP 	text_instruction: autoDraw = False
1.5530 	DATA 	Mouse:  Left button up, pos=(544,504)
1.9200 	DATA 	Mouse: Left button down, pos=(742,551)
1.9216 	EXP 	New trial (rep=1, index=0): <Trial 1 (0 in rep 1) data={'thisN': 1, 'thisTrialN': 0, 'thisRepN': 1}>
1.9261 	EXP 	Sound sound_1 reached end of file
1.9362 	EXP 	Playing sound sound_1 on speaker Haut-parleurs (2- Cirrus Logic XU (with APO Extensions))
1.9491 	EXP 	text_instruction: autoDraw = True
2.0160 	DATA 	Mouse:  Left button up, pos=(742,551)
2.3696 	DATA 	Mouse: Left button down, pos=(560,516)
2.4019 	EXP 	Sound sound_1 paused
2.4141 	EXP 	text_instruction: autoDraw = False
2.5037 	DATA 	Mouse:  Left button up, pos=(560,516)
2.7705 	DATA 	Mouse: Left button down, pos=(824,524)
2.7722 	EXP 	New trial (rep=2, index=0): <Trial 2 (0 in rep 2) data={'thisN': 2, 'thisTrialN': 0, 'thisRepN': 2}>
2.7769 	EXP 	Sound sound_1 reached end of file
2.7862 	EXP 	Playing sound sound_1 on speaker Haut-parleurs (2- Cirrus Logic XU (with APO Extensions))
2.8008 	EXP 	text_instruction: autoDraw = True
2.8649 	DATA 	Mouse:  Left button up, pos=(824,524)
3.1754 	DATA 	Mouse: Left button down, pos=(470,509)
3.2021 	EXP 	Sound sound_1 paused
3.2137 	EXP 	text_instruction: autoDraw = False
3.3038 	DATA 	Mouse:  Left button up, pos=(470,509)
3.5867 	DATA 	Mouse: Left button down, pos=(813,560)
3.5883 	EXP 	New trial (rep=3, index=0): <Trial 3 (0 in rep 3) data={'thisN': 3, 'thisTrialN': 0, 'thisRepN': 3}>
3.5926 	EXP 	Sound sound_1 reached end of file
3.6030 	EXP 	Playing sound sound_1 on speaker Haut-parleurs (2- Cirrus Logic XU (with APO Extensions))
3.6167 	EXP 	text_instruction: autoDraw = True
3.6994 	DATA 	Mouse:  Left button up, pos=(813,560)
4.0105 	DATA 	Mouse: Left button down, pos=(534,540)
4.0419 	EXP 	Sound sound_1 paused
4.0540 	EXP 	text_instruction: autoDraw = False
4.1095 	DATA 	Mouse:  Left button up, pos=(534,540)
4.4371 	DATA 	Mouse: Left button down, pos=(762,565)
4.5365 	DATA 	Mouse:  Left button up, pos=(762,565)
4.8534 	DATA 	Mouse: Left button down, pos=(632,539)
4.8548 	EXP 	New trial (rep=4, index=0): <Trial 4 (0 in rep 4) data={'thisN': 4, 'thisTrialN': 0, 'thisRepN': 4}>
4.8588 	EXP 	Sound sound_1 reached end of file
4.8698 	EXP 	Playing sound sound_1 on speaker Haut-parleurs (2- Cirrus Logic XU (with APO Extensions))
4.8800 	EXP 	text_instruction: autoDraw = True
4.9446 	DATA 	Mouse:  Left button up, pos=(632,539)
5.1991 	DATA 	Mouse: Left button down, pos=(512,533)
5.2194 	EXP 	Sound sound_1 paused
5.2297 	EXP 	text_instruction: autoDraw = False
5.3122 	DATA 	Mouse:  Left button up, pos=(512,533)
5.6092 	DATA 	Mouse: Left button down, pos=(826,576)
5.7229 	DATA 	Mouse:  Left button up, pos=(826,576)
5.9207 	DATA 	Mouse: Left button down, pos=(815,541)
5.9376 	EXP 	New trial (rep=5, index=0): <Trial 5 (0 in rep 5) data={'thisN': 5, 'thisTrialN': 0, 'thisRepN': 5}>
5.9414 	EXP 	Sound sound_1 reached end of file
5.9528 	EXP 	Playing sound sound_1 on speaker Haut-parleurs (2- Cirrus Logic XU (with APO Extensions))
5.9635 	EXP 	text_instruction: autoDraw = True
6.0197 	DATA 	Mouse:  Left button up, pos=(815,541)
6.2900 	DATA 	Mouse: Left button down, pos=(543,541)
6.3117 	EXP 	Sound sound_1 paused
6.3228 	EXP 	text_instruction: autoDraw = False
6.4040 	DATA 	Mouse:  Left button up, pos=(543,541)
6.6712 	DATA 	Mouse: Left button down, pos=(833,567)
6.8127 	DATA 	Mouse:  Left button up, pos=(833,567)
7.0207 	DATA 	Mouse: Left button down, pos=(789,556)
7.0223 	EXP 	New trial (rep=6, index=0): <Trial 6 (0 in rep 6) data={'thisN': 6, 'thisTrialN': 0, 'thisRepN': 6}>
7.0273 	EXP 	Sound sound_1 reached end of file
7.0369 	EXP 	Playing sound sound_1 on speaker Haut-parleurs (2- Cirrus Logic XU (with APO Extensions))
7.0522 	EXP 	text_instruction: autoDraw = True
7.1302 	DATA 	Mouse:  Left button up, pos=(789,554)
7.4279 	DATA 	Mouse: Left button down, pos=(573,522)
7.5281 	DATA 	Mouse:  Left button up, pos=(573,522)
7.7673 	DATA 	Mouse: Left button down, pos=(560,522)
7.7908 	EXP 	Sound sound_1 paused
7.8088 	EXP 	text_instruction: autoDraw = False
7.8668 	DATA 	Mouse:  Left button up, pos=(560,522)
8.1496 	DATA 	Mouse: Left button down, pos=(812,547)
8.1575 	EXP 	New trial (rep=7, index=0): <Trial 7 (0 in rep 7) data={'thisN': 7, 'thisTrialN': 0, 'thisRepN': 7}>
8.1641 	EXP 	Sound sound_1 reached end of file
8.1711 	EXP 	Playing sound sound_1 on speaker Haut-parleurs (2- Cirrus Logic XU (with APO Extensions))
8.2042 	EXP 	text_instruction: autoDraw = True
8.2627 	DATA 	Mouse:  Left button up, pos=(812,547)
8.7434 	DATA 	Mouse: Left button down, pos=(550,497)
8.7794 	EXP 	Sound sound_1 paused
8.8040 	EXP 	text_instruction: autoDraw = False
8.8424 	DATA 	Mouse:  Left button up, pos=(550,497)
9.3666 	DATA 	Mouse: Left button down, pos=(673,463)
9.3845 	EXP 	New trial (rep=8, index=0): <Trial 8 (0 in rep 8) data={'thisN': 8, 'thisTrialN': 0, 'thisRepN': 8}>
9.3925 	EXP 	Sound sound_1 reached end of file
9.3981 	EXP 	Playing sound sound_1 on speaker Haut-parleurs (2- Cirrus Logic XU (with APO Extensions))
9.4387 	EXP 	text_instruction: autoDraw = True
9.4652 	DATA 	Mouse:  Left button up, pos=(673,463)
9.5641 	DATA 	Mouse: Left button down, pos=(673,463)
9.6212 	EXP 	Sound sound_1 paused
9.6437 	EXP 	text_instruction: autoDraw = False
9.6492 	DATA 	Mouse:  Left button up, pos=(673,463)
9.7196 	DATA 	Mouse: Left button down, pos=(673,463)
9.7289 	EXP 	New trial (rep=9, index=0): <Trial 9 (0 in rep 9) data={'thisN': 9, 'thisTrialN': 0, 'thisRepN': 9}>
9.7378 	EXP 	Sound sound_1 reached end of file
9.7424 	EXP 	Playing sound sound_1 on speaker Haut-parleurs (2- Cirrus Logic XU (with APO Extensions))
9.7842 	EXP 	text_instruction: autoDraw = True
9.8186 	DATA 	Mouse:  Left button up, pos=(673,463)
9.8807 	DATA 	Mouse: Left button down, pos=(673,463)
9.9322 	EXP 	Sound sound_1 paused
9.9458 	DATA 	Mouse:  Left button up, pos=(673,463)
9.9548 	EXP 	text_instruction: autoDraw = False
10.0018 	DATA 	Mouse: Left button down, pos=(673,463)
10.0136 	EXP 	New trial (rep=10, index=0): <Trial 10 (0 in rep 10) data={'thisN': 10, 'thisTrialN': 0, 'thisRepN': 10}>
10.0205 	EXP 	Sound sound_1 reached end of file
10.0278 	EXP 	Playing sound sound_1 on speaker Haut-parleurs (2- Cirrus Logic XU (with APO Extensions))
10.0543 	EXP 	text_instruction: autoDraw = True
10.0875 	DATA 	Mouse:  Left button up, pos=(673,463)
10.1439 	DATA 	Mouse: Left button down, pos=(673,463)
10.1816 	EXP 	Sound sound_1 paused
10.1999 	EXP 	text_instruction: autoDraw = False
10.2291 	DATA 	Mouse:  Left button up, pos=(673,463)
10.2865 	DATA 	Mouse: Left button down, pos=(673,463)
10.3049 	EXP 	New trial (rep=11, index=0): <Trial 11 (0 in rep 11) data={'thisN': 11, 'thisTrialN': 0, 'thisRepN': 11}>
10.3108 	EXP 	Sound sound_1 reached end of file
10.3194 	EXP 	Playing sound sound_1 on speaker Haut-parleurs (2- Cirrus Logic XU (with APO Extensions))
10.3435 	EXP 	text_instruction: autoDraw = True
10.3695 	DATA 	Mouse:  Left button up, pos=(673,463)
10.4279 	DATA 	Mouse: Left button down, pos=(673,463)
10.4706 	EXP 	Sound sound_1 paused
10.4894 	EXP 	text_instruction: autoDraw = False
10.5113 	DATA 	Mouse:  Left button up, pos=(673,463)
10.5836 	DATA 	Mouse: Left button down, pos=(673,463)
10.6021 	EXP 	New trial (rep=12, index=0): <Trial 12 (0 in rep 12) data={'thisN': 12, 'thisTrialN': 0, 'thisRepN': 12}>
10.6079 	EXP 	Sound sound_1 reached end of file
10.6154 	EXP 	Playing sound sound_1 on speaker Haut-parleurs (2- Cirrus Logic XU (with APO Extensions))
10.6381 	EXP 	text_instruction: autoDraw = True
10.6813 	DATA 	Mouse:  Left button up, pos=(673,463)
10.7422 	DATA 	Mouse: Left button down, pos=(673,463)
10.7888 	EXP 	Sound sound_1 paused
10.8043 	EXP 	text_instruction: autoDraw = False
10.8234 	DATA 	Mouse:  Left button up, pos=(673,463)
10.8791 	DATA 	Mouse: Left button down, pos=(673,463)
10.8899 	EXP 	New trial (rep=13, index=0): <Trial 13 (0 in rep 13) data={'thisN': 13, 'thisTrialN': 0, 'thisRepN': 13}>
10.8953 	EXP 	Sound sound_1 reached end of file
10.9045 	EXP 	Playing sound sound_1 on speaker Haut-parleurs (2- Cirrus Logic XU (with APO Extensions))
10.9291 	EXP 	text_instruction: autoDraw = True
10.9636 	DATA 	Mouse:  Left button up, pos=(673,463)
11.0204 	DATA 	Mouse: Left button down, pos=(673,463)
11.0705 	EXP 	Sound sound_1 paused
11.0854 	EXP 	text_instruction: autoDraw = False
11.1056 	DATA 	Mouse:  Left button up, pos=(673,463)
11.1810 	DATA 	Mouse: Left button down, pos=(673,463)
11.1901 	EXP 	New trial (rep=14, index=0): <Trial 14 (0 in rep 14) data={'thisN': 14, 'thisTrialN': 0, 'thisRepN': 14}>
11.1958 	EXP 	Sound sound_1 reached end of file
11.2047 	EXP 	Playing sound sound_1 on speaker Haut-parleurs (2- Cirrus Logic XU (with APO Extensions))
11.2319 	EXP 	text_instruction: autoDraw = True
11.2611 	DATA 	Mouse:  Left button up, pos=(673,463)
11.3377 	DATA 	Mouse: Left button down, pos=(673,463)
11.3787 	EXP 	Sound sound_1 paused
11.3966 	EXP 	text_instruction: autoDraw = False
11.4027 	DATA 	Mouse:  Left button up, pos=(673,463)
11.4735 	DATA 	Mouse: Left button down, pos=(673,463)
11.4803 	EXP 	New trial (rep=15, index=0): <Trial 15 (0 in rep 15) data={'thisN': 15, 'thisTrialN': 0, 'thisRepN': 15}>
11.4871 	EXP 	Sound sound_1 reached end of file
11.4945 	EXP 	Playing sound sound_1 on speaker Haut-parleurs (2- Cirrus Logic XU (with APO Extensions))
11.5172 	EXP 	text_instruction: autoDraw = True
11.5588 	DATA 	Mouse:  Left button up, pos=(673,463)
11.6289 	DATA 	Mouse: Left button down, pos=(673,463)
11.6582 	EXP 	Sound sound_1 paused
11.6752 	EXP 	text_instruction: autoDraw = False
11.7140 	DATA 	Mouse:  Left button up, pos=(673,463)
11.7717 	DATA 	Mouse: Left button down, pos=(673,463)
11.7742 	EXP 	New trial (rep=16, index=0): <Trial 16 (0 in rep 16) data={'thisN': 16, 'thisTrialN': 0, 'thisRepN': 16}>
11.7807 	EXP 	Sound sound_1 reached end of file
11.7878 	EXP 	Playing sound sound_1 on speaker Haut-parleurs (2- Cirrus Logic XU (with APO Extensions))
11.8143 	EXP 	text_instruction: autoDraw = True
11.8570 	DATA 	Mouse:  Left button up, pos=(673,463)
11.9199 	DATA 	Mouse: Left button down, pos=(673,463)
11.9512 	EXP 	Sound sound_1 paused
11.9699 	EXP 	text_instruction: autoDraw = False
11.9829 	DATA 	Mouse:  Left button up, pos=(673,463)
12.0703 	DATA 	Mouse: Left button down, pos=(673,463)
12.0724 	EXP 	New trial (rep=17, index=0): <Trial 17 (0 in rep 17) data={'thisN': 17, 'thisTrialN': 0, 'thisRepN': 17}>
12.0792 	EXP 	Sound sound_1 reached end of file
12.0865 	EXP 	Playing sound sound_1 on speaker Haut-parleurs (2- Cirrus Logic XU (with APO Extensions))
12.1075 	EXP 	text_instruction: autoDraw = True
12.1534 	DATA 	Mouse:  Left button up, pos=(673,463)
12.2234 	DATA 	Mouse: Left button down, pos=(673,463)
12.2413 	EXP 	Sound sound_1 paused
12.2555 	EXP 	text_instruction: autoDraw = False
12.3228 	DATA 	Mouse:  Left button up, pos=(673,463)
12.3797 	DATA 	Mouse: Left button down, pos=(673,463)
12.3894 	EXP 	New trial (rep=18, index=0): <Trial 18 (0 in rep 18) data={'thisN': 18, 'thisTrialN': 0, 'thisRepN': 18}>
12.3951 	EXP 	Sound sound_1 reached end of file
12.4033 	EXP 	Playing sound sound_1 on speaker Haut-parleurs (2- Cirrus Logic XU (with APO Extensions))
12.4216 	EXP 	text_instruction: autoDraw = True
12.4780 	DATA 	Mouse:  Left button up, pos=(673,463)
12.5347 	DATA 	Mouse: Left button down, pos=(673,463)
12.5732 	EXP 	Sound sound_1 paused
12.5869 	EXP 	text_instruction: autoDraw = False
12.6196 	DATA 	Mouse:  Left button up, pos=(673,463)
12.6901 	DATA 	Mouse: Left button down, pos=(673,463)
12.7054 	EXP 	New trial (rep=19, index=0): <Trial 19 (0 in rep 19) data={'thisN': 19, 'thisTrialN': 0, 'thisRepN': 19}>
12.7099 	EXP 	Sound sound_1 reached end of file
12.7197 	EXP 	Playing sound sound_1 on speaker Haut-parleurs (2- Cirrus Logic XU (with APO Extensions))
12.7356 	EXP 	text_instruction: autoDraw = True
12.7615 	DATA 	Mouse:  Left button up, pos=(673,463)
12.8319 	DATA 	Mouse: Left button down, pos=(673,463)
12.8487 	EXP 	Sound sound_1 paused
12.8622 	EXP 	text_instruction: autoDraw = False
12.9165 	DATA 	Mouse:  Left button up, pos=(673,463)
12.9877 	DATA 	Mouse: Left button down, pos=(673,463)
13.0047 	EXP 	New trial (rep=20, index=0): <Trial 20 (0 in rep 20) data={'thisN': 20, 'thisTrialN': 0, 'thisRepN': 20}>
13.0092 	EXP 	Sound sound_1 reached end of file
13.0197 	EXP 	Playing sound sound_1 on speaker Haut-parleurs (2- Cirrus Logic XU (with APO Extensions))
13.0323 	EXP 	text_instruction: autoDraw = True
13.0583 	DATA 	Mouse:  Left button up, pos=(673,463)
13.1298 	DATA 	Mouse: Left button down, pos=(673,463)
13.1515 	EXP 	Sound sound_1 paused
13.1637 	EXP 	text_instruction: autoDraw = False
13.1994 	DATA 	Mouse:  Left button up, pos=(673,463)
13.2702 	DATA 	Mouse: Left button down, pos=(673,463)
13.2720 	EXP 	New trial (rep=21, index=0): <Trial 21 (0 in rep 21) data={'thisN': 21, 'thisTrialN': 0, 'thisRepN': 21}>
13.2766 	EXP 	Sound sound_1 reached end of file
13.2864 	EXP 	Playing sound sound_1 on speaker Haut-parleurs (2- Cirrus Logic XU (with APO Extensions))
13.3012 	EXP 	text_instruction: autoDraw = True
13.3562 	DATA 	Mouse:  Left button up, pos=(673,463)
13.4255 	DATA 	Mouse: Left button down, pos=(673,463)
13.4613 	EXP 	Sound sound_1 paused
13.4745 	EXP 	text_instruction: autoDraw = False
13.5254 	DATA 	Mouse:  Left button up, pos=(673,463)
13.5876 	DATA 	Mouse: Left button down, pos=(673,463)
13.5896 	EXP 	New trial (rep=22, index=0): <Trial 22 (0 in rep 22) data={'thisN': 22, 'thisTrialN': 0, 'thisRepN': 22}>
13.5939 	EXP 	Sound sound_1 reached end of file
13.6034 	EXP 	Playing sound sound_1 on speaker Haut-parleurs (2- Cirrus Logic XU (with APO Extensions))
13.6172 	EXP 	text_instruction: autoDraw = True
13.6663 	DATA 	Mouse:  Left button up, pos=(673,463)
13.7374 	DATA 	Mouse: Left button down, pos=(673,463)
13.7615 	EXP 	Sound sound_1 paused
13.7734 	EXP 	text_instruction: autoDraw = False
13.8076 	DATA 	Mouse:  Left button up, pos=(673,463)
13.8871 	DATA 	Mouse: Left button down, pos=(673,463)
13.8887 	EXP 	New trial (rep=23, index=0): <Trial 23 (0 in rep 23) data={'thisN': 23, 'thisTrialN': 0, 'thisRepN': 23}>
13.8934 	EXP 	Sound sound_1 reached end of file
13.9030 	EXP 	Playing sound sound_1 on speaker Haut-parleurs (2- Cirrus Logic XU (with APO Extensions))
13.9172 	EXP 	text_instruction: autoDraw = True
13.9496 	DATA 	Mouse:  Left button up, pos=(673,463)
14.0256 	DATA 	Mouse: Left button down, pos=(673,463)
14.0525 	EXP 	Sound sound_1 paused
14.0651 	EXP 	text_instruction: autoDraw = False
14.0931 	DATA 	Mouse:  Left button up, pos=(673,463)
14.1704 	DATA 	Mouse: Left button down, pos=(673,463)
14.1720 	EXP 	New trial (rep=24, index=0): <Trial 24 (0 in rep 24) data={'thisN': 24, 'thisTrialN': 0, 'thisRepN': 24}>
14.1765 	EXP 	Sound sound_1 reached end of file
14.1863 	EXP 	Playing sound sound_1 on speaker Haut-parleurs (2- Cirrus Logic XU (with APO Extensions))
14.2011 	EXP 	text_instruction: autoDraw = True
14.2194 	DATA 	Mouse:  Left button up, pos=(673,463)
14.2910 	DATA 	Mouse: Left button down, pos=(673,463)
14.3200 	EXP 	Sound sound_1 paused
14.3321 	EXP 	text_instruction: autoDraw = False
14.3598 	DATA 	Mouse:  Left button up, pos=(673,463)
14.4372 	DATA 	Mouse: Left button down, pos=(673,463)
14.4387 	EXP 	New trial (rep=25, index=0): <Trial 25 (0 in rep 25) data={'thisN': 25, 'thisTrialN': 0, 'thisRepN': 25}>
14.4430 	EXP 	Sound sound_1 reached end of file
14.4532 	EXP 	Playing sound sound_1 on speaker Haut-parleurs (2- Cirrus Logic XU (with APO Extensions))
14.4652 	EXP 	text_instruction: autoDraw = True
14.5155 	DATA 	Mouse:  Left button up, pos=(673,463)
14.5851 	DATA 	Mouse: Left button down, pos=(673,463)
14.6208 	EXP 	Sound sound_1 paused
14.6336 	EXP 	text_instruction: autoDraw = False
14.6707 	DATA 	Mouse:  Left button up, pos=(673,463)
14.7396 	DATA 	Mouse: Left button down, pos=(673,463)
14.7550 	EXP 	New trial (rep=26, index=0): <Trial 26 (0 in rep 26) data={'thisN': 26, 'thisTrialN': 0, 'thisRepN': 26}>
14.7594 	EXP 	Sound sound_1 reached end of file
14.7699 	EXP 	Playing sound sound_1 on speaker Haut-parleurs (2- Cirrus Logic XU (with APO Extensions))
14.7813 	EXP 	text_instruction: autoDraw = True
14.8124 	DATA 	Mouse:  Left button up, pos=(673,463)
14.8827 	DATA 	Mouse: Left button down, pos=(673,463)
14.9276 	EXP 	Sound sound_1 paused
14.9400 	EXP 	text_instruction: autoDraw = False
14.9677 	DATA 	Mouse:  Left button up, pos=(673,463)
15.0386 	DATA 	Mouse: Left button down, pos=(673,463)
15.0547 	EXP 	New trial (rep=27, index=0): <Trial 27 (0 in rep 27) data={'thisN': 27, 'thisTrialN': 0, 'thisRepN': 27}>
15.0605 	EXP 	Sound sound_1 reached end of file
15.0697 	EXP 	Playing sound sound_1 on speaker Haut-parleurs (2- Cirrus Logic XU (with APO Extensions))
15.0838 	EXP 	text_instruction: autoDraw = True
15.1091 	DATA 	Mouse:  Left button up, pos=(673,463)
15.1797 	DATA 	Mouse: Left button down, pos=(673,463)
15.2191 	EXP 	Sound sound_1 paused
15.2318 	EXP 	text_instruction: autoDraw = False
15.2655 	DATA 	Mouse:  Left button up, pos=(673,463)
15.3366 	DATA 	Mouse: Left button down, pos=(673,463)
15.3384 	EXP 	New trial (rep=28, index=0): <Trial 28 (0 in rep 28) data={'thisN': 28, 'thisTrialN': 0, 'thisRepN': 28}>
15.3428 	EXP 	Sound sound_1 reached end of file
15.3529 	EXP 	Playing sound sound_1 on speaker Haut-parleurs (2- Cirrus Logic XU (with APO Extensions))
15.3671 	EXP 	text_instruction: autoDraw = True
15.4204 	DATA 	Mouse:  Left button up, pos=(673,463)
15.4882 	DATA 	Mouse: Left button down, pos=(673,463)
15.5206 	EXP 	Sound sound_1 paused
15.5313 	EXP 	text_instruction: autoDraw = False
15.5629 	DATA 	Mouse:  Left button up, pos=(673,463)
15.6370 	DATA 	Mouse: Left button down, pos=(673,463)
15.6385 	EXP 	New trial (rep=29, index=0): <Trial 29 (0 in rep 29) data={'thisN': 29, 'thisTrialN': 0, 'thisRepN': 29}>
15.6433 	EXP 	Sound sound_1 reached end of file
15.6531 	EXP 	Playing sound sound_1 on speaker Haut-parleurs (2- Cirrus Logic XU (with APO Extensions))
15.6664 	EXP 	text_instruction: autoDraw = True
15.7330 	DATA 	Mouse:  Left button up, pos=(673,463)
15.7991 	DATA 	Mouse: Left button down, pos=(673,463)
15.8286 	EXP 	Sound sound_1 paused
15.8407 	EXP 	text_instruction: autoDraw = False
15.8878 	DATA 	Mouse:  Left button up, pos=(673,463)
15.9586 	DATA 	Mouse: Left button down, pos=(673,463)
15.9713 	EXP 	New trial (rep=30, index=0): <Trial 30 (0 in rep 30) data={'thisN': 30, 'thisTrialN': 0, 'thisRepN': 30}>
15.9756 	EXP 	Sound sound_1 reached end of file
15.9864 	EXP 	Playing sound sound_1 on speaker Haut-parleurs (2- Cirrus Logic XU (with APO Extensions))
15.9973 	EXP 	text_instruction: autoDraw = True
16.0291 	DATA 	Mouse:  Left button up, pos=(673,463)
16.1141 	DATA 	Mouse: Left button down, pos=(673,463)
16.1513 	EXP 	Sound sound_1 paused
16.1658 	EXP 	text_instruction: autoDraw = False
16.1985 	DATA 	Mouse:  Left button up, pos=(673,463)
16.2702 	DATA 	Mouse: Left button down, pos=(673,463)
16.2717 	EXP 	New trial (rep=31, index=0): <Trial 31 (0 in rep 31) data={'thisN': 31, 'thisTrialN': 0, 'thisRepN': 31}>
16.2756 	EXP 	Sound sound_1 reached end of file
16.2865 	EXP 	Playing sound sound_1 on speaker Haut-parleurs (2- Cirrus Logic XU (with APO Extensions))
16.2979 	EXP 	text_instruction: autoDraw = True
16.3689 	DATA 	Mouse:  Left button up, pos=(673,463)
16.4394 	DATA 	Mouse: Left button down, pos=(673,463)
16.4723 	EXP 	Sound sound_1 paused
16.4829 	EXP 	text_instruction: autoDraw = False
16.5106 	DATA 	Mouse:  Left button up, pos=(673,463)
16.6033 	DATA 	Mouse: Left button down, pos=(673,463)
16.6196 	EXP 	CRM_Spat: status = STOPPED
16.6311 	INFO 	saved data to 'C:\\Users\\chamery\\Documents\\Spat_CRM_Protocol\\Spat_CRM_Protocol\\src\\data\\498915_CRM_Spat_2026-07-07_11h54.20.280.csv'
16.6331 	INFO 	saved data to C:\Users\chamery\Documents\Spat_CRM_Protocol\Spat_CRM_Protocol\src\data\498915_CRM_Spat_2026-07-07_11h54.20.280.psydat
18.4414 	INFO 	Stopping keyboard key buffers.
