6.6620 	DEBUG 	Fullscreen settings ignored as running in pilot mode.
6.6630 	INFO 	Loaded monitor calibration from ['2026_07_01 09:38']
6.9181 	INFO 	Using renderer 'Intel(R) Arc(TM) Pro 140T GPU (16GB)' for graphics
6.9181 	INFO 	OpenGL version supported by driver is 4..
6.9662 	EXP 	Created window1 = Window(allowGUI=False, allowStencil=False, autoLog=True, backendConf=UNKNOWN, backgroundFit=<method-wrapper '__getattribute__' of attributeSetter object at 0x0000018E89A6B9A0>, backgroundImage=<method-wrapper '__getattribute__' of attributeSetter object at 0x0000018E89A6BA00>, bitsMode=UNKNOWN, blendMode='avg', bpc=(8, 8, 8), color=array([0, 0, 0]), colorSpace='rgb', depthBits=8, fullscr=False, gamma=None, gammaErrorPolicy='raise', infoMsg=UNKNOWN, lms=UNKNOWN, monitor=<psychopy.monitors.calibTools.Monitor object at 0x0000018E8C5CEAA0>, multiSample=False, name='window1', numSamples=2, pos=[np.float64(560.0), np.float64(300.0)], screen=0, size=array([800, 600]), stencilBits=0, stereo=False, title='PsychoPy', units='height', useFBO=True, useRetina=False, viewOri=0.0, viewPos=None, viewScale=None, waitBlanking=True, winType='pyglet')
6.9663 	EXP 	window1: backgroundImage = ''
6.9663 	EXP 	window1: backgroundFit = 'none'
6.9941 	DEBUG 	TextBox2 loaded 1 chars with 0 blanks and 1 valid
7.0076 	DEBUG 	TextBox2 loaded 1 chars with 0 blanks and 1 valid
7.0194 	DEBUG 	TextBox2 loaded 1 chars with 0 blanks and 1 valid
7.0295 	DEBUG 	TextBox2 loaded 1 chars with 0 blanks and 1 valid
7.0456 	DEBUG 	TextBox2 loaded 1 chars with 0 blanks and 1 valid
7.0559 	DEBUG 	TextBox2 loaded 1 chars with 0 blanks and 1 valid
7.0659 	DEBUG 	TextBox2 loaded 1 chars with 0 blanks and 1 valid
7.0802 	DEBUG 	TextBox2 loaded 1 chars with 0 blanks and 1 valid
7.0903 	DEBUG 	TextBox2 loaded 1 chars with 0 blanks and 1 valid
7.1013 	DEBUG 	TextBox2 loaded 1 chars with 0 blanks and 1 valid
7.1161 	DEBUG 	TextBox2 loaded 1 chars with 0 blanks and 1 valid
7.1334 	DEBUG 	TextBox2 loaded 1 chars with 0 blanks and 1 valid
7.1524 	DEBUG 	TextBox2 loaded 1 chars with 0 blanks and 1 valid
7.1701 	DEBUG 	TextBox2 loaded 1 chars with 0 blanks and 1 valid
7.1883 	DEBUG 	TextBox2 loaded 1 chars with 0 blanks and 1 valid
7.2076 	DEBUG 	TextBox2 loaded 1 chars with 0 blanks and 1 valid
7.2261 	DEBUG 	TextBox2 loaded 1 chars with 0 blanks and 1 valid
7.2425 	DEBUG 	TextBox2 loaded 1 chars with 0 blanks and 1 valid
7.2576 	DEBUG 	TextBox2 loaded 1 chars with 0 blanks and 1 valid
7.2691 	DEBUG 	TextBox2 loaded 1 chars with 0 blanks and 1 valid
7.2788 	DEBUG 	TextBox2 loaded 1 chars with 0 blanks and 1 valid
7.2792 	DEBUG 	Uploading Texture Font fontname to graphics card
7.2864 	DEBUG 	Upload of Texture Font fontname complete
7.3016 	DEBUG 	TextBox2 loaded 1 chars with 0 blanks and 1 valid
7.3116 	DEBUG 	TextBox2 loaded 1 chars with 0 blanks and 1 valid
7.3215 	DEBUG 	TextBox2 loaded 1 chars with 0 blanks and 1 valid
7.3217 	DEBUG 	Uploading Texture Font fontname to graphics card
7.3262 	DEBUG 	Upload of Texture Font fontname complete
7.3283 	EXP 	window1: Attempting to measure frame rate of screen (0) ...
7.3283 	EXP 	window1: recordFrameIntervals = False
7.5118 	EXP 	window1: recordFrameIntervals = True
8.0917 	WARNING 	t of last frame was 20.25ms (=1/49)
9.1729 	EXP 	window1: recordFrameIntervals = False
9.1730 	EXP 	Screen (0) actual frame rate measured at 60.37Hz
9.1882 	DEBUG 	TextBox2 loaded 1 chars with 0 blanks and 1 valid
9.2038 	DEBUG 	TextBox2 loaded 1 chars with 0 blanks and 1 valid
9.2189 	DEBUG 	TextBox2 loaded 1 chars with 0 blanks and 1 valid
9.2311 	DEBUG 	TextBox2 loaded 1 chars with 0 blanks and 1 valid
9.2409 	DEBUG 	TextBox2 loaded 1 chars with 0 blanks and 1 valid
9.2543 	DEBUG 	TextBox2 loaded 1 chars with 0 blanks and 1 valid
9.2697 	DEBUG 	TextBox2 loaded 1 chars with 0 blanks and 1 valid
9.2795 	DEBUG 	TextBox2 loaded 1 chars with 0 blanks and 1 valid
9.2947 	DEBUG 	TextBox2 loaded 1 chars with 0 blanks and 1 valid
9.3054 	DEBUG 	TextBox2 loaded 1 chars with 0 blanks and 1 valid
9.3058 	DEBUG 	Uploading Texture Font fontname to graphics card
9.3066 	DEBUG 	Upload of Texture Font fontname complete
9.5196 	INFO 	keyboard.Keyboard is using ptb backend.
9.5197 	EXP 	CRM_Spat: status = STARTED
9.6035 	EXP 	Created text_instruction = TextStim(__class__=<class 'psychopy.visual.text.TextStim'>, alignHoriz=method-wrapper(...), alignText='center', alignVert=method-wrapper(...), anchorHoriz='center', anchorVert='center', antialias=True, autoDraw=False, autoLog=True, bold=False, color=array([1., 1., 1.]), colorSpace='rgb', contrast=1.0, depth=0.0, draggable=False, flipHoriz=False, flipVert=False, font='Arial', fontFiles=[], height=np.float64(0.05), italic=False, languageStyle='LTR', name='text_instruction', opacity=1, ori=0.0, pos=array([0., 0.]), rgb=UNKNOWN, text='Selectionner la réponse', units='height', win=Window(...), wrapWidth=1)
9.6080 	DEBUG 	TextBox2 loaded 1 chars with 0 blanks and 1 valid
9.6082 	DEBUG 	Uploading Texture Font fontname to graphics card
9.6099 	DEBUG 	Upload of Texture Font fontname complete
9.6140 	DEBUG 	TextBox2 loaded 1 chars with 0 blanks and 1 valid
9.6146 	DEBUG 	TextBox2 loaded 1 chars with 0 blanks and 1 valid
9.6149 	DEBUG 	TextBox2 loaded 1 chars with 0 blanks and 1 valid
9.6155 	DEBUG 	TextBox2 loaded 1 chars with 0 blanks and 1 valid
9.6160 	DEBUG 	TextBox2 loaded 1 chars with 0 blanks and 1 valid
9.6163 	DEBUG 	TextBox2 loaded 1 chars with 0 blanks and 1 valid
9.6165 	DEBUG 	TextBox2 loaded 1 chars with 0 blanks and 1 valid
9.6172 	DEBUG 	TextBox2 loaded 1 chars with 0 blanks and 1 valid
9.6177 	DEBUG 	TextBox2 loaded 1 chars with 0 blanks and 1 valid
9.6180 	DEBUG 	TextBox2 loaded 1 chars with 0 blanks and 1 valid
9.6183 	DEBUG 	Uploading Texture Font fontname to graphics card
9.6190 	DEBUG 	Upload of Texture Font fontname complete
9.6232 	DEBUG 	TextBox2 loaded 1 chars with 0 blanks and 1 valid
9.6233 	DEBUG 	Uploading Texture Font fontname to graphics card
9.6256 	DEBUG 	Upload of Texture Font fontname complete
9.6331 	DEBUG 	TextBox2 loaded 1 chars with 0 blanks and 1 valid
9.6333 	DEBUG 	Uploading Texture Font fontname to graphics card
9.6391 	DEBUG 	Upload of Texture Font fontname complete
9.6520 	DEBUG 	TextBox2 loaded 1 chars with 0 blanks and 1 valid
9.6522 	DEBUG 	Uploading Texture Font fontname to graphics card
9.6546 	DEBUG 	Upload of Texture Font fontname complete
9.6617 	DEBUG 	TextBox2 loaded 1 chars with 0 blanks and 1 valid
9.6618 	DEBUG 	Uploading Texture Font fontname to graphics card
9.6640 	DEBUG 	Upload of Texture Font fontname complete
9.6753 	DEBUG 	TextBox2 loaded 1 chars with 0 blanks and 1 valid
9.6756 	DEBUG 	Uploading Texture Font fontname to graphics card
9.6797 	DEBUG 	Upload of Texture Font fontname complete
9.6910 	DEBUG 	TextBox2 loaded 1 chars with 0 blanks and 1 valid
9.6911 	DEBUG 	Uploading Texture Font fontname to graphics card
9.6934 	DEBUG 	Upload of Texture Font fontname complete
9.7040 	DEBUG 	TextBox2 loaded 1 chars with 0 blanks and 1 valid
9.7042 	DEBUG 	Uploading Texture Font fontname to graphics card
9.7078 	DEBUG 	Upload of Texture Font fontname complete
10.0170 	INFO 	Loaded psychtoolbox audio version 3.0.19.696976569
10.2111 	WARNING 	No default speaker specified in Preferences / Hardware, using first speaker found: Haut-parleurs (2- Cirrus Logic XU (with APO Extensions))
10.2112 	DEBUG 	Found speaker device: Haut-parleurs (2- Cirrus Logic XU (with APO Extensions)) (4.0)
10.5262 	INFO 	Created stream for speaker device: Haut-parleurs (2- Cirrus Logic XU (with APO Extensions)) (4.0)
10.5283 	EXP 	Target: sampleRate = 48000
10.5284 	EXP 	Target: channels = None
10.5444 	DEBUG 	Converted audio clip from mono to stereo
10.5558 	EXP 	Sound Target set volume 1.000
10.5609 	DEBUG 	TextBox2 loaded 1 chars with 0 blanks and 1 valid
10.5615 	DEBUG 	TextBox2 loaded 1 chars with 0 blanks and 1 valid
10.5619 	DEBUG 	TextBox2 loaded 1 chars with 0 blanks and 1 valid
10.5621 	DEBUG 	TextBox2 loaded 1 chars with 0 blanks and 1 valid
10.5624 	DEBUG 	TextBox2 loaded 1 chars with 0 blanks and 1 valid
10.5628 	DEBUG 	TextBox2 loaded 1 chars with 0 blanks and 1 valid
10.5631 	DEBUG 	TextBox2 loaded 1 chars with 0 blanks and 1 valid
10.5635 	DEBUG 	TextBox2 loaded 1 chars with 0 blanks and 1 valid
10.5638 	DEBUG 	TextBox2 loaded 1 chars with 0 blanks and 1 valid
10.5642 	DEBUG 	TextBox2 loaded 1 chars with 0 blanks and 1 valid
10.5645 	DEBUG 	TextBox2 loaded 1 chars with 0 blanks and 1 valid
10.5649 	DEBUG 	TextBox2 loaded 1 chars with 0 blanks and 1 valid
10.5651 	DEBUG 	Uploading Texture Font fontname to graphics card
10.5686 	DEBUG 	Upload of Texture Font fontname complete
10.5730 	DEBUG 	TextBox2 loaded 1 chars with 0 blanks and 1 valid
10.5735 	DEBUG 	TextBox2 loaded 1 chars with 0 blanks and 1 valid
10.5739 	DEBUG 	TextBox2 loaded 1 chars with 0 blanks and 1 valid
10.5745 	DEBUG 	TextBox2 loaded 1 chars with 0 blanks and 1 valid
10.5748 	DEBUG 	TextBox2 loaded 1 chars with 0 blanks and 1 valid
10.5750 	DEBUG 	Uploading Texture Font fontname to graphics card
10.5787 	DEBUG 	Upload of Texture Font fontname complete
10.5826 	DEBUG 	TextBox2 loaded 1 chars with 0 blanks and 1 valid
10.5827 	DEBUG 	Uploading Texture Font fontname to graphics card
10.5856 	DEBUG 	Upload of Texture Font fontname complete
10.5924 	DEBUG 	TextBox2 loaded 1 chars with 0 blanks and 1 valid
10.5929 	DEBUG 	TextBox2 loaded 1 chars with 0 blanks and 1 valid
10.5931 	DEBUG 	Uploading Texture Font fontname to graphics card
10.5953 	DEBUG 	Upload of Texture Font fontname complete
10.6242 	DEBUG 	TextBox2 loaded 1 chars with 0 blanks and 1 valid
10.6247 	DEBUG 	TextBox2 loaded 1 chars with 0 blanks and 1 valid
10.6252 	DEBUG 	TextBox2 loaded 1 chars with 0 blanks and 1 valid
10.6253 	DEBUG 	Uploading Texture Font fontname to graphics card
10.6275 	DEBUG 	Upload of Texture Font fontname complete
10.6446 	DEBUG 	TextBox2 loaded 1 chars with 0 blanks and 1 valid
10.6450 	DEBUG 	TextBox2 loaded 1 chars with 0 blanks and 1 valid
10.6454 	DEBUG 	TextBox2 loaded 1 chars with 0 blanks and 1 valid
10.6458 	DEBUG 	TextBox2 loaded 1 chars with 0 blanks and 1 valid
10.6462 	DEBUG 	TextBox2 loaded 1 chars with 0 blanks and 1 valid
10.6463 	DEBUG 	Uploading Texture Font fontname to graphics card
10.6485 	DEBUG 	Upload of Texture Font fontname complete
10.7649 	DEBUG 	TextBox2 loaded 1 chars with 0 blanks and 1 valid
10.7651 	DEBUG 	Uploading Texture Font fontname to graphics card
10.7674 	DEBUG 	Upload of Texture Font fontname complete
10.7780 	DEBUG 	TextBox2 loaded 1 chars with 0 blanks and 1 valid
10.7783 	DEBUG 	Uploading Texture Font fontname to graphics card
10.7810 	DEBUG 	Upload of Texture Font fontname complete
0.0428 	DEBUG 	Read excel file with openpyxl: conditions/conditions_2loc.xlsx
0.0432 	EXP 	Imported conditions/conditions_2loc.xlsx as conditions, 3 conditions, 4 params
0.0448 	EXP 	New trial (rep=0, index=0): <Trial 0 (0 in rep 0) data={'Targ': 'E:\\ACERI\\LE_EF_EEG\\LE_EF\\CRMLE\\external_files\\sound\\FR\\T2_M_Delta_Vert_3', 'Mask': 'E:\\ACERI\\LE_EF_EEG\\LE_EF\\CRMLE\\external_files\\sound\\FR\\T0_M_Alpha_Rouge_1', 'AnglTarg': 30, 'AnglMask': -30, 'thisN': 0, 'thisTrialN': 0, 'thisRepN': 0}>
0.0539 	EXP 	Target: sampleRate = 44100
0.0714 	INFO 	Resampled audio from 44100Hz to 48000Hz using method 'default'.
0.0714 	DEBUG 	Converted audio clip from mono to stereo
0.0737 	EXP 	Sound Target reached end of file
0.0805 	EXP 	Playing sound Target on speaker Haut-parleurs (2- Cirrus Logic XU (with APO Extensions))
0.1179 	EXP 	text_instruction: autoDraw = True
1.1513 	EXP 	text_instruction: autoDraw = False
2.1038 	EXP 	Sound Target reached end of file
2.1380 	EXP 	Sound Target reached end of file
2.8015 	DATA 	Mouse: Left button down, pos=(357,337)
2.8510 	EXP 	text_instruction: autoDraw = False
2.9229 	DATA 	Mouse:  Left button up, pos=(357,337)
4.2094 	DATA 	Keypress: escape
4.2243 	EXP 	Device response: <KeyPress from None: t=4.207982299849391, value=escape, duration=None>
4.4400 	EXP 	Device response: <KeyPress from None: t=4.207982299849391, value=escape, duration=0.21382659999653697>
4.4400 	EXP 	CRM_Spat: status = STOPPED
4.4531 	EXP 	CRM_Spat: status = STOPPED
4.4574 	INFO 	saved data to 'C:\\Users\\chamery\\Documents\\Spat_CRM_Protocol\\Spat_CRM_Protocol\\src\\data\\pilot_CRM_Spat_2026-07-07_14h12.33.949.csv'
4.4594 	INFO 	saved data to C:\Users\chamery\Documents\Spat_CRM_Protocol\Spat_CRM_Protocol\src\data\pilot_CRM_Spat_2026-07-07_14h12.33.949.psydat
4.8828 	DEBUG 	Saving data for CRM_Spat ExperimentHandler
4.8859 	INFO 	Stopping keyboard key buffers.
