5.5691 	DEBUG 	Fullscreen settings ignored as running in pilot mode.
5.5704 	INFO 	Loaded monitor calibration from ['2026_07_01 09:38']
5.7314 	INFO 	Using renderer 'Intel(R) Arc(TM) Pro 140T GPU (16GB)' for graphics
5.7315 	INFO 	OpenGL version supported by driver is 4..
5.7619 	EXP 	Created window1 = Window(allowGUI=False, allowStencil=False, autoLog=True, backendConf=UNKNOWN, backgroundFit=<method-wrapper '__getattribute__' of attributeSetter object at 0x0000018887390490>, backgroundImage=<method-wrapper '__getattribute__' of attributeSetter object at 0x0000018887390430>, bitsMode=UNKNOWN, blendMode='avg', bpc=(8, 8, 8), color=array([1., 1., 1.]), colorSpace='rgb', depthBits=8, fullscr=False, gamma=None, gammaErrorPolicy='raise', infoMsg=UNKNOWN, lms=UNKNOWN, monitor=<psychopy.monitors.calibTools.Monitor object at 0x0000018887487C10>, multiSample=False, name='window1', numSamples=2, pos=[np.float64(560.0), np.float64(300.0)], screen=0, size=array([800, 600]), stencilBits=0, stereo=False, title='PsychoPy', units='height', useFBO=True, useRetina=False, viewOri=0.0, viewPos=None, viewScale=None, waitBlanking=True, winType='pyglet')
5.7620 	EXP 	window1: backgroundImage = ''
5.7621 	EXP 	window1: backgroundFit = 'none'
5.7769 	DEBUG 	TextBox2 loaded 1 chars with 0 blanks and 1 valid
5.7851 	DEBUG 	TextBox2 loaded 1 chars with 0 blanks and 1 valid
5.7933 	DEBUG 	TextBox2 loaded 1 chars with 0 blanks and 1 valid
5.8014 	DEBUG 	TextBox2 loaded 1 chars with 0 blanks and 1 valid
5.8095 	DEBUG 	TextBox2 loaded 1 chars with 0 blanks and 1 valid
5.8189 	DEBUG 	TextBox2 loaded 1 chars with 0 blanks and 1 valid
5.8270 	DEBUG 	TextBox2 loaded 1 chars with 0 blanks and 1 valid
5.8356 	DEBUG 	TextBox2 loaded 1 chars with 0 blanks and 1 valid
5.8441 	DEBUG 	TextBox2 loaded 1 chars with 0 blanks and 1 valid
5.8537 	DEBUG 	TextBox2 loaded 1 chars with 0 blanks and 1 valid
5.8618 	DEBUG 	TextBox2 loaded 1 chars with 0 blanks and 1 valid
5.8698 	DEBUG 	TextBox2 loaded 1 chars with 0 blanks and 1 valid
5.8791 	DEBUG 	TextBox2 loaded 1 chars with 0 blanks and 1 valid
5.8872 	DEBUG 	TextBox2 loaded 1 chars with 0 blanks and 1 valid
5.8954 	DEBUG 	TextBox2 loaded 1 chars with 0 blanks and 1 valid
5.9037 	DEBUG 	TextBox2 loaded 1 chars with 0 blanks and 1 valid
5.9118 	DEBUG 	TextBox2 loaded 1 chars with 0 blanks and 1 valid
5.9197 	DEBUG 	TextBox2 loaded 1 chars with 0 blanks and 1 valid
5.9277 	DEBUG 	TextBox2 loaded 1 chars with 0 blanks and 1 valid
5.9358 	DEBUG 	TextBox2 loaded 1 chars with 0 blanks and 1 valid
5.9436 	DEBUG 	TextBox2 loaded 1 chars with 0 blanks and 1 valid
5.9440 	DEBUG 	Uploading Texture Font fontname to graphics card
5.9514 	DEBUG 	Upload of Texture Font fontname complete
5.9628 	DEBUG 	TextBox2 loaded 1 chars with 0 blanks and 1 valid
5.9737 	DEBUG 	TextBox2 loaded 1 chars with 0 blanks and 1 valid
5.9817 	DEBUG 	TextBox2 loaded 1 chars with 0 blanks and 1 valid
5.9819 	DEBUG 	Uploading Texture Font fontname to graphics card
5.9886 	DEBUG 	Upload of Texture Font fontname complete
5.9903 	EXP 	window1: Attempting to measure frame rate of screen (0) ...
5.9903 	EXP 	window1: recordFrameIntervals = False
6.1531 	EXP 	window1: recordFrameIntervals = True
7.8207 	EXP 	window1: recordFrameIntervals = False
7.8208 	EXP 	Screen (0) actual frame rate measured at 59.99Hz
7.8417 	DEBUG 	TextBox2 loaded 1 chars with 0 blanks and 1 valid
7.8498 	DEBUG 	TextBox2 loaded 1 chars with 0 blanks and 1 valid
7.8580 	DEBUG 	TextBox2 loaded 1 chars with 0 blanks and 1 valid
7.8662 	DEBUG 	TextBox2 loaded 1 chars with 0 blanks and 1 valid
7.8768 	DEBUG 	TextBox2 loaded 1 chars with 0 blanks and 1 valid
7.8851 	DEBUG 	TextBox2 loaded 1 chars with 0 blanks and 1 valid
7.8931 	DEBUG 	TextBox2 loaded 1 chars with 0 blanks and 1 valid
7.9012 	DEBUG 	TextBox2 loaded 1 chars with 0 blanks and 1 valid
7.9093 	DEBUG 	TextBox2 loaded 1 chars with 0 blanks and 1 valid
7.9175 	DEBUG 	TextBox2 loaded 1 chars with 0 blanks and 1 valid
7.9178 	DEBUG 	Uploading Texture Font fontname to graphics card
7.9184 	DEBUG 	Upload of Texture Font fontname complete
8.0477 	INFO 	keyboard.Keyboard is using ptb backend.
8.0477 	EXP 	CRM_Spat: status = STARTED
8.1069 	EXP 	Created Starttext = TextStim(__class__=<class 'psychopy.visual.text.TextStim'>, alignHoriz=method-wrapper(...), alignText='center', alignVert=method-wrapper(...), anchorHoriz='center', anchorVert='center', antialias=True, autoDraw=False, autoLog=True, bold=False, color=array([-1., -1., -1.]), colorSpace='rgb', contrast=1.0, depth=0.0, draggable=False, flipHoriz=False, flipVert=False, font='Arial', fontFiles=[], height=np.float64(0.05), italic=False, languageStyle='LTR', name='Starttext', opacity=1, ori=0.0, pos=array([0. , 0.3]), rgb=UNKNOWN, text=str(...), units='height', win=Window(...), wrapWidth=1)
8.1100 	DEBUG 	TextBox2 loaded 1 chars with 0 blanks and 1 valid
8.1105 	DEBUG 	TextBox2 loaded 1 chars with 0 blanks and 1 valid
8.1111 	DEBUG 	TextBox2 loaded 1 chars with 0 blanks and 1 valid
8.1115 	DEBUG 	TextBox2 loaded 1 chars with 0 blanks and 1 valid
8.1119 	DEBUG 	TextBox2 loaded 1 chars with 0 blanks and 1 valid
8.1123 	DEBUG 	TextBox2 loaded 1 chars with 0 blanks and 1 valid
8.1127 	DEBUG 	TextBox2 loaded 1 chars with 0 blanks and 1 valid
8.1129 	DEBUG 	TextBox2 loaded 1 chars with 0 blanks and 1 valid
8.1131 	DEBUG 	TextBox2 loaded 1 chars with 0 blanks and 1 valid
8.1135 	DEBUG 	TextBox2 loaded 1 chars with 0 blanks and 1 valid
8.1139 	DEBUG 	TextBox2 loaded 1 chars with 0 blanks and 1 valid
8.1143 	DEBUG 	TextBox2 loaded 1 chars with 0 blanks and 1 valid
8.1148 	DEBUG 	TextBox2 loaded 1 chars with 0 blanks and 1 valid
8.1154 	DEBUG 	TextBox2 loaded 1 chars with 0 blanks and 1 valid
8.1155 	DEBUG 	Uploading Texture Font fontname to graphics card
8.1169 	DEBUG 	Upload of Texture Font fontname complete
8.1202 	DEBUG 	TextBox2 loaded 1 chars with 0 blanks and 1 valid
8.1208 	DEBUG 	TextBox2 loaded 1 chars with 0 blanks and 1 valid
8.1213 	DEBUG 	TextBox2 loaded 1 chars with 0 blanks and 1 valid
8.1216 	DEBUG 	TextBox2 loaded 1 chars with 0 blanks and 1 valid
8.1217 	DEBUG 	Uploading Texture Font fontname to graphics card
8.1221 	DEBUG 	Upload of Texture Font fontname complete
8.1241 	EXP 	Created text_instruction = TextStim(__class__=<class 'psychopy.visual.text.TextStim'>, alignHoriz=method-wrapper(...), alignText='center', alignVert=method-wrapper(...), anchorHoriz='center', anchorVert='center', antialias=True, autoDraw=False, autoLog=True, bold=False, color=array([-1., -1., -1.]), colorSpace='rgb', contrast=1.0, depth=0.0, draggable=False, flipHoriz=False, flipVert=False, font='Arial', fontFiles=[], height=np.float64(0.05), italic=False, languageStyle='LTR', name='text_instruction', opacity=1, ori=0.0, pos=array([0., 0.]), rgb=UNKNOWN, text='Écouter', units='height', win=Window(...), wrapWidth=1)
8.1264 	DEBUG 	TextBox2 loaded 1 chars with 0 blanks and 1 valid
8.1265 	DEBUG 	Uploading Texture Font fontname to graphics card
8.1309 	DEBUG 	Upload of Texture Font fontname complete
8.1337 	DEBUG 	TextBox2 loaded 1 chars with 0 blanks and 1 valid
8.1340 	DEBUG 	Uploading Texture Font fontname to graphics card
8.1387 	DEBUG 	Upload of Texture Font fontname complete
8.1421 	DEBUG 	TextBox2 loaded 1 chars with 0 blanks and 1 valid
8.1422 	DEBUG 	Uploading Texture Font fontname to graphics card
8.1478 	DEBUG 	Upload of Texture Font fontname complete
8.1539 	DEBUG 	TextBox2 loaded 1 chars with 0 blanks and 1 valid
8.1540 	DEBUG 	Uploading Texture Font fontname to graphics card
8.1579 	DEBUG 	Upload of Texture Font fontname complete
8.1640 	DEBUG 	TextBox2 loaded 1 chars with 0 blanks and 1 valid
8.1641 	DEBUG 	Uploading Texture Font fontname to graphics card
8.1695 	DEBUG 	Upload of Texture Font fontname complete
8.1750 	DEBUG 	TextBox2 loaded 1 chars with 0 blanks and 1 valid
8.1751 	DEBUG 	Uploading Texture Font fontname to graphics card
8.1793 	DEBUG 	Upload of Texture Font fontname complete
8.1851 	DEBUG 	TextBox2 loaded 1 chars with 0 blanks and 1 valid
8.1852 	DEBUG 	Uploading Texture Font fontname to graphics card
8.1894 	DEBUG 	Upload of Texture Font fontname complete
8.1957 	DEBUG 	TextBox2 loaded 1 chars with 0 blanks and 1 valid
8.1958 	DEBUG 	Uploading Texture Font fontname to graphics card
8.1994 	DEBUG 	Upload of Texture Font fontname complete
8.2052 	DEBUG 	TextBox2 loaded 1 chars with 0 blanks and 1 valid
8.2053 	DEBUG 	Uploading Texture Font fontname to graphics card
8.2093 	DEBUG 	Upload of Texture Font fontname complete
8.4721 	INFO 	Loaded psychtoolbox audio version 3.0.19.696976569
8.6049 	WARNING 	No default speaker specified in Preferences / Hardware, using first speaker found: Haut-parleurs (2- Cirrus Logic XU (with APO Extensions))
8.6049 	DEBUG 	Found speaker device: Haut-parleurs (2- Cirrus Logic XU (with APO Extensions)) (4.0)
8.8895 	INFO 	Created stream for speaker device: Haut-parleurs (2- Cirrus Logic XU (with APO Extensions)) (4.0)
8.8932 	EXP 	Target: sampleRate = 48000
8.8932 	EXP 	Target: channels = None
8.9006 	DEBUG 	Converted audio clip from mono to stereo
8.9086 	EXP 	Sound Target set volume 1.000
8.9191 	WARNING 	No default speaker specified in Preferences / Hardware, using first speaker found: Haut-parleurs (2- Cirrus Logic XU (with APO Extensions))
8.9192 	DEBUG 	Found speaker device: Haut-parleurs (2- Cirrus Logic XU (with APO Extensions)) (4.0)
8.9653 	INFO 	Created stream for speaker device: Haut-parleurs (2- Cirrus Logic XU (with APO Extensions)) (4.0)
8.9670 	EXP 	Markser: sampleRate = 48000
8.9670 	EXP 	Markser: channels = None
8.9744 	DEBUG 	Converted audio clip from mono to stereo
8.9787 	EXP 	Sound Markser set volume 1.000
8.9820 	DEBUG 	TextBox2 loaded 1 chars with 0 blanks and 1 valid
8.9823 	DEBUG 	TextBox2 loaded 1 chars with 0 blanks and 1 valid
8.9826 	DEBUG 	TextBox2 loaded 1 chars with 0 blanks and 1 valid
8.9828 	DEBUG 	TextBox2 loaded 1 chars with 0 blanks and 1 valid
8.9830 	DEBUG 	TextBox2 loaded 1 chars with 0 blanks and 1 valid
8.9833 	DEBUG 	TextBox2 loaded 1 chars with 0 blanks and 1 valid
8.9835 	DEBUG 	TextBox2 loaded 1 chars with 0 blanks and 1 valid
8.9838 	DEBUG 	TextBox2 loaded 1 chars with 0 blanks and 1 valid
8.9840 	DEBUG 	TextBox2 loaded 1 chars with 0 blanks and 1 valid
8.9843 	DEBUG 	TextBox2 loaded 1 chars with 0 blanks and 1 valid
8.9848 	DEBUG 	TextBox2 loaded 1 chars with 0 blanks and 1 valid
8.9851 	DEBUG 	TextBox2 loaded 1 chars with 0 blanks and 1 valid
8.9852 	DEBUG 	Uploading Texture Font fontname to graphics card
8.9890 	DEBUG 	Upload of Texture Font fontname complete
9.0411 	DEBUG 	TextBox2 loaded 1 chars with 0 blanks and 1 valid
9.0415 	DEBUG 	TextBox2 loaded 1 chars with 0 blanks and 1 valid
9.0418 	DEBUG 	TextBox2 loaded 1 chars with 0 blanks and 1 valid
9.0421 	DEBUG 	TextBox2 loaded 1 chars with 0 blanks and 1 valid
9.0424 	DEBUG 	TextBox2 loaded 1 chars with 0 blanks and 1 valid
9.0425 	DEBUG 	Uploading Texture Font fontname to graphics card
9.0462 	DEBUG 	Upload of Texture Font fontname complete
9.0496 	DEBUG 	TextBox2 loaded 1 chars with 0 blanks and 1 valid
9.0497 	DEBUG 	Uploading Texture Font fontname to graphics card
9.0544 	DEBUG 	Upload of Texture Font fontname complete
9.0598 	DEBUG 	TextBox2 loaded 1 chars with 0 blanks and 1 valid
9.0602 	DEBUG 	TextBox2 loaded 1 chars with 0 blanks and 1 valid
9.0603 	DEBUG 	Uploading Texture Font fontname to graphics card
9.0642 	DEBUG 	Upload of Texture Font fontname complete
9.0841 	DEBUG 	TextBox2 loaded 1 chars with 0 blanks and 1 valid
9.0845 	DEBUG 	TextBox2 loaded 1 chars with 0 blanks and 1 valid
9.0849 	DEBUG 	TextBox2 loaded 1 chars with 0 blanks and 1 valid
9.0850 	DEBUG 	Uploading Texture Font fontname to graphics card
9.0919 	DEBUG 	Upload of Texture Font fontname complete
9.1019 	DEBUG 	TextBox2 loaded 1 chars with 0 blanks and 1 valid
9.1027 	DEBUG 	TextBox2 loaded 1 chars with 0 blanks and 1 valid
9.1037 	DEBUG 	TextBox2 loaded 1 chars with 0 blanks and 1 valid
9.1046 	DEBUG 	TextBox2 loaded 1 chars with 0 blanks and 1 valid
9.1052 	DEBUG 	TextBox2 loaded 1 chars with 0 blanks and 1 valid
9.1055 	DEBUG 	Uploading Texture Font fontname to graphics card
9.1113 	DEBUG 	Upload of Texture Font fontname complete
9.1219 	DEBUG 	TextBox2 loaded 1 chars with 0 blanks and 1 valid
9.1220 	DEBUG 	Uploading Texture Font fontname to graphics card
9.1267 	DEBUG 	Upload of Texture Font fontname complete
9.1322 	DEBUG 	TextBox2 loaded 1 chars with 0 blanks and 1 valid
9.1323 	DEBUG 	Uploading Texture Font fontname to graphics card
9.1389 	DEBUG 	Upload of Texture Font fontname complete
9.1443 	EXP 	Created text_instruction_3 = TextStim(__class__=<class 'psychopy.visual.text.TextStim'>, alignHoriz=method-wrapper(...), alignText='center', alignVert=method-wrapper(...), anchorHoriz='center', anchorVert='center', antialias=True, autoDraw=False, autoLog=True, bold=False, color=array([-1., -1., -1.]), colorSpace='rgb', contrast=1.0, depth=0.0, draggable=False, flipHoriz=False, flipVert=False, font='Arial', fontFiles=[], height=np.float64(0.05), italic=False, languageStyle='LTR', name='text_instruction_3', opacity=1, ori=0.0, pos=array([0., 0.]), rgb=UNKNOWN, text='Écouter', units='height', win=Window(...), wrapWidth=1)
9.3223 	WARNING 	No default speaker specified in Preferences / Hardware, using first speaker found: Haut-parleurs (2- Cirrus Logic XU (with APO Extensions))
9.3223 	DEBUG 	Found speaker device: Haut-parleurs (2- Cirrus Logic XU (with APO Extensions)) (4.0)
9.3692 	INFO 	Created stream for speaker device: Haut-parleurs (2- Cirrus Logic XU (with APO Extensions)) (4.0)
9.3709 	EXP 	Target_2: sampleRate = 48000
9.3710 	EXP 	Target_2: channels = None
9.3777 	DEBUG 	Converted audio clip from mono to stereo
9.3820 	EXP 	Sound Target_2 set volume 1.000
9.3903 	WARNING 	No default speaker specified in Preferences / Hardware, using first speaker found: Haut-parleurs (2- Cirrus Logic XU (with APO Extensions))
9.3903 	DEBUG 	Found speaker device: Haut-parleurs (2- Cirrus Logic XU (with APO Extensions)) (4.0)
9.4335 	INFO 	Created stream for speaker device: Haut-parleurs (2- Cirrus Logic XU (with APO Extensions)) (4.0)
9.4352 	EXP 	Marsker1_2: sampleRate = 48000
9.4353 	EXP 	Marsker1_2: channels = None
9.4424 	DEBUG 	Converted audio clip from mono to stereo
9.4469 	EXP 	Sound Marsker1_2 set volume 1.000
9.4550 	WARNING 	No default speaker specified in Preferences / Hardware, using first speaker found: Haut-parleurs (2- Cirrus Logic XU (with APO Extensions))
9.4550 	DEBUG 	Found speaker device: Haut-parleurs (2- Cirrus Logic XU (with APO Extensions)) (4.0)
9.5009 	INFO 	Created stream for speaker device: Haut-parleurs (2- Cirrus Logic XU (with APO Extensions)) (4.0)
9.5023 	EXP 	Masker2_2: sampleRate = 48000
9.5023 	EXP 	Masker2_2: channels = None
9.5097 	DEBUG 	Converted audio clip from mono to stereo
9.5151 	EXP 	Sound Masker2_2 set volume 1.000
9.5823 	DEBUG 	TextBox2 loaded 1 chars with 0 blanks and 1 valid
9.5828 	DEBUG 	TextBox2 loaded 1 chars with 0 blanks and 1 valid
9.5832 	DEBUG 	TextBox2 loaded 1 chars with 0 blanks and 1 valid
9.5833 	DEBUG 	Uploading Texture Font fontname to graphics card
9.5855 	DEBUG 	Upload of Texture Font fontname complete
9.5946 	EXP 	Created Endtext = TextStim(__class__=<class 'psychopy.visual.text.TextStim'>, alignHoriz=method-wrapper(...), alignText='center', alignVert=method-wrapper(...), anchorHoriz='center', anchorVert='center', antialias=True, autoDraw=False, autoLog=True, bold=False, color=array([-1., -1., -1.]), colorSpace='rgb', contrast=1.0, depth=-1.0, draggable=False, flipHoriz=False, flipVert=False, font='Arial', fontFiles=[], height=np.float64(0.05), italic=False, languageStyle='LTR', name='Endtext', opacity=1, ori=0.0, pos=array([0. , 0.3]), rgb=UNKNOWN, text='Tâche terminée!\n\nMerci!', units='height', win=Window(...), wrapWidth=1)
0.0262 	EXP 	Starttext: autoDraw = True
1.4604 	DATA 	Mouse: Left button down, pos=(311,235)
1.4637 	DEBUG 	Read excel file with openpyxl: conditions/conditions_2loc.xlsx
1.4639 	EXP 	Imported conditions/conditions_2loc.xlsx as conditions, 3 conditions, 4 params
1.4640 	EXP 	New trial (rep=0, index=0): <Trial 0 (0 in rep 0) data={'Targ': 'E:\\ACERI\\LE_EF_EEG\\LE_EF\\CRMLE\\external_files\\sound\\FR\\T0_M_Delta_Vert_3', 'Mask': 'E:\\ACERI\\LE_EF_EEG\\LE_EF\\CRMLE\\external_files\\sound\\FR\\T0_M_Alpha_Rouge_1', 'AnglTarg': 30, 'AnglMask': -30, 'thisN': 0, 'thisTrialN': 0, 'thisRepN': 0}>
1.4697 	EXP 	Target: sampleRate = 44100
1.4874 	INFO 	Resampled audio from 44100Hz to 48000Hz using method 'default'.
1.4874 	DEBUG 	Converted audio clip from mono to stereo
1.4885 	EXP 	Markser: sampleRate = 44100
1.4987 	INFO 	Resampled audio from 44100Hz to 48000Hz using method 'default'.
1.4987 	DEBUG 	Converted audio clip from mono to stereo
1.5080 	EXP 	Starttext: autoDraw = False
1.5080 	EXP 	text_instruction: autoDraw = True
1.6261 	DATA 	Mouse:  Left button up, pos=(311,235)
1.9595 	EXP 	Sound Target reached end of file
1.9748 	EXP 	Playing sound Target on speaker Haut-parleurs (2- Cirrus Logic XU (with APO Extensions))
1.9595 	EXP 	Sound Markser reached end of file
1.9748 	EXP 	Playing sound Markser on speaker Haut-parleurs (2- Cirrus Logic XU (with APO Extensions))
2.0080 	EXP 	text_instruction: autoDraw = False
4.0336 	EXP 	Sound Target reached end of file
4.0625 	EXP 	Sound Target reached end of file
4.1265 	EXP 	Sound Markser reached end of file
4.1598 	EXP 	Sound Markser reached end of file
4.2261 	DATA 	Mouse: Left button down, pos=(352,328)
4.2423 	EXP 	text_instruction: autoDraw = False
4.3263 	DATA 	Mouse:  Left button up, pos=(352,328)
4.7427 	DATA 	Mouse: Left button down, pos=(352,328)
4.8428 	DATA 	Mouse:  Left button up, pos=(352,328)
5.1105 	DATA 	Mouse: Left button down, pos=(355,323)
5.1293 	EXP 	New trial (rep=0, index=1): <Trial 1 (1 in rep 0) data={'Targ': 'E:\\ACERI\\LE_EF_EEG\\LE_EF\\CRMLE\\external_files\\sound\\FR\\T1_M_Delta_Vert_3', 'Mask': 'E:\\ACERI\\LE_EF_EEG\\LE_EF\\CRMLE\\external_files\\sound\\FR\\T0_M_Alpha_Rouge_1', 'AnglTarg': 30, 'AnglMask': -30, 'thisN': 1, 'thisTrialN': 1, 'thisRepN': 0}>
5.1310 	EXP 	Target: sampleRate = 44100
5.1338 	INFO 	Resampled audio from 44100Hz to 48000Hz using method 'default'.
5.1338 	DEBUG 	Converted audio clip from mono to stereo
5.1346 	EXP 	Markser: sampleRate = 44100
5.1410 	INFO 	Resampled audio from 44100Hz to 48000Hz using method 'default'.
5.1412 	DEBUG 	Converted audio clip from mono to stereo
5.1583 	EXP 	text_instruction: autoDraw = True
5.2094 	DATA 	Mouse:  Left button up, pos=(355,323)
5.6265 	EXP 	Sound Target reached end of file
5.6416 	EXP 	Playing sound Target on speaker Haut-parleurs (2- Cirrus Logic XU (with APO Extensions))
5.6265 	EXP 	Sound Markser reached end of file
5.6416 	EXP 	Playing sound Markser on speaker Haut-parleurs (2- Cirrus Logic XU (with APO Extensions))
5.6587 	EXP 	text_instruction: autoDraw = False
7.5598 	DATA 	Mouse: Left button down, pos=(355,359)
7.5807 	EXP 	Sound Target paused
7.6005 	EXP 	Sound Markser paused
7.6243 	EXP 	text_instruction: autoDraw = False
7.7009 	DATA 	Mouse:  Left button up, pos=(355,359)
8.0431 	DATA 	Mouse: Left button down, pos=(355,359)
8.0443 	EXP 	New trial (rep=0, index=2): <Trial 2 (2 in rep 0) data={'Targ': 'E:\\ACERI\\LE_EF_EEG\\LE_EF\\CRMLE\\external_files\\sound\\FR\\T2_M_Delta_Vert_3', 'Mask': 'E:\\ACERI\\LE_EF_EEG\\LE_EF\\CRMLE\\external_files\\sound\\FR\\T0_M_Alpha_Rouge_1', 'AnglTarg': 30, 'AnglMask': -30, 'thisN': 2, 'thisTrialN': 2, 'thisRepN': 0}>
8.0457 	EXP 	Target: sampleRate = 44100
8.0553 	INFO 	Resampled audio from 44100Hz to 48000Hz using method 'default'.
8.0553 	DEBUG 	Converted audio clip from mono to stereo
8.0561 	EXP 	Markser: sampleRate = 44100
8.0620 	INFO 	Resampled audio from 44100Hz to 48000Hz using method 'default'.
8.0620 	DEBUG 	Converted audio clip from mono to stereo
8.0748 	EXP 	text_instruction: autoDraw = True
8.1605 	DATA 	Mouse:  Left button up, pos=(355,359)
8.5450 	EXP 	Sound Target reached end of file
8.5587 	EXP 	Playing sound Target on speaker Haut-parleurs (2- Cirrus Logic XU (with APO Extensions))
8.5451 	EXP 	Sound Markser reached end of file
8.5587 	EXP 	Playing sound Markser on speaker Haut-parleurs (2- Cirrus Logic XU (with APO Extensions))
8.5752 	EXP 	text_instruction: autoDraw = False
10.3092 	DATA 	Mouse: Left button down, pos=(355,358)
10.3318 	EXP 	Sound Target paused
10.3477 	EXP 	Sound Markser paused
10.3577 	EXP 	text_instruction: autoDraw = False
10.4462 	DATA 	Mouse:  Left button up, pos=(355,358)
10.6598 	DATA 	Mouse: Left button down, pos=(355,358)
10.6640 	DEBUG 	Read excel file with openpyxl: conditions/conditions_3loc.xlsx
10.6642 	EXP 	Imported conditions/conditions_3loc.xlsx as conditions, 3 conditions, 6 params
10.6644 	EXP 	New trial (rep=0, index=0): <Trial 0 (0 in rep 0) data={'Targ': 'E:\\ACERI\\LE_EF_EEG\\LE_EF\\CRMLE\\external_files\\sound\\FR\\T0_M_Delta_Vert_3', 'Mask1': 'E:\\ACERI\\LE_EF_EEG\\LE_EF\\CRMLE\\external_files\\sound\\FR\\T0_M_Alpha_Rouge_1', 'Mask2': 'E:\\ACERI\\LE_EF_EEG\\LE_EF\\CRMLE\\external_files\\sound\\FR\\T0_M_Alpha_Rouge_1', 'AnglTarg': 30, 'AnglMask1': -30, 'AnglMask2': -30, 'thisN': 0, 'thisTrialN': 0, 'thisRepN': 0}>
10.6700 	EXP 	Target_2: sampleRate = 44100
10.6778 	INFO 	Resampled audio from 44100Hz to 48000Hz using method 'default'.
10.6778 	DEBUG 	Converted audio clip from mono to stereo
10.6787 	EXP 	Marsker1_2: sampleRate = 44100
10.6848 	INFO 	Resampled audio from 44100Hz to 48000Hz using method 'default'.
10.6848 	DEBUG 	Converted audio clip from mono to stereo
10.6858 	EXP 	Masker2_2: sampleRate = 44100
10.6918 	INFO 	Resampled audio from 44100Hz to 48000Hz using method 'default'.
10.6918 	DEBUG 	Converted audio clip from mono to stereo
10.7081 	EXP 	text_instruction_3: autoDraw = True
10.8097 	DATA 	Mouse:  Left button up, pos=(355,358)
11.1596 	EXP 	Sound Target_2 reached end of file
11.1750 	EXP 	Playing sound Target_2 on speaker Haut-parleurs (2- Cirrus Logic XU (with APO Extensions))
11.1596 	EXP 	Sound Marsker1_2 reached end of file
11.1750 	EXP 	Playing sound Marsker1_2 on speaker Haut-parleurs (2- Cirrus Logic XU (with APO Extensions))
11.1597 	EXP 	Sound Masker2_2 reached end of file
11.1750 	EXP 	Playing sound Masker2_2 on speaker Haut-parleurs (2- Cirrus Logic XU (with APO Extensions))
11.2086 	EXP 	text_instruction_3: autoDraw = False
12.8932 	DATA 	Mouse: Left button down, pos=(355,358)
12.9098 	EXP 	Sound Target_2 paused
12.9209 	EXP 	Sound Marsker1_2 paused
12.9315 	EXP 	Sound Masker2_2 paused
12.9583 	EXP 	text_instruction_3: autoDraw = False
13.0430 	DATA 	Mouse:  Left button up, pos=(355,358)
13.2265 	DATA 	Mouse: Left button down, pos=(355,358)
13.2280 	EXP 	New trial (rep=0, index=1): <Trial 1 (1 in rep 0) data={'Targ': 'E:\\ACERI\\LE_EF_EEG\\LE_EF\\CRMLE\\external_files\\sound\\FR\\T1_M_Delta_Vert_3', 'Mask1': 'E:\\ACERI\\LE_EF_EEG\\LE_EF\\CRMLE\\external_files\\sound\\FR\\T0_M_Alpha_Rouge_1', 'Mask2': 'E:\\ACERI\\LE_EF_EEG\\LE_EF\\CRMLE\\external_files\\sound\\FR\\T0_M_Alpha_Rouge_1', 'AnglTarg': 30, 'AnglMask1': -30, 'AnglMask2': -30, 'thisN': 1, 'thisTrialN': 1, 'thisRepN': 0}>
13.2294 	EXP 	Target_2: sampleRate = 44100
13.2318 	INFO 	Resampled audio from 44100Hz to 48000Hz using method 'default'.
13.2318 	DEBUG 	Converted audio clip from mono to stereo
13.2325 	EXP 	Marsker1_2: sampleRate = 44100
13.2378 	INFO 	Resampled audio from 44100Hz to 48000Hz using method 'default'.
13.2378 	DEBUG 	Converted audio clip from mono to stereo
13.2384 	EXP 	Masker2_2: sampleRate = 44100
13.2438 	INFO 	Resampled audio from 44100Hz to 48000Hz using method 'default'.
13.2438 	DEBUG 	Converted audio clip from mono to stereo
13.2582 	EXP 	text_instruction_3: autoDraw = True
13.3432 	DATA 	Mouse:  Left button up, pos=(355,358)
13.7275 	EXP 	Sound Target_2 reached end of file
13.7423 	EXP 	Playing sound Target_2 on speaker Haut-parleurs (2- Cirrus Logic XU (with APO Extensions))
13.7275 	EXP 	Sound Marsker1_2 reached end of file
13.7423 	EXP 	Playing sound Marsker1_2 on speaker Haut-parleurs (2- Cirrus Logic XU (with APO Extensions))
13.7276 	EXP 	Sound Masker2_2 reached end of file
13.7423 	EXP 	Playing sound Masker2_2 on speaker Haut-parleurs (2- Cirrus Logic XU (with APO Extensions))
13.7582 	EXP 	text_instruction_3: autoDraw = False
15.5262 	DATA 	Mouse: Left button down, pos=(355,358)
15.5384 	EXP 	Sound Target_2 paused
15.5492 	EXP 	Sound Marsker1_2 paused
15.5601 	EXP 	Sound Masker2_2 paused
15.5752 	EXP 	text_instruction_3: autoDraw = False
15.6623 	DATA 	Mouse:  Left button up, pos=(355,358)
15.8429 	DATA 	Mouse: Left button down, pos=(355,358)
15.8447 	EXP 	New trial (rep=0, index=2): <Trial 2 (2 in rep 0) data={'Targ': 'E:\\ACERI\\LE_EF_EEG\\LE_EF\\CRMLE\\external_files\\sound\\FR\\T2_M_Delta_Vert_3', 'Mask1': 'E:\\ACERI\\LE_EF_EEG\\LE_EF\\CRMLE\\external_files\\sound\\FR\\T0_M_Alpha_Rouge_1', 'Mask2': 'E:\\ACERI\\LE_EF_EEG\\LE_EF\\CRMLE\\external_files\\sound\\FR\\T0_M_Alpha_Rouge_1', 'AnglTarg': 30, 'AnglMask1': -30, 'AnglMask2': -30, 'thisN': 2, 'thisTrialN': 2, 'thisRepN': 0}>
15.8460 	EXP 	Target_2: sampleRate = 44100
15.8511 	INFO 	Resampled audio from 44100Hz to 48000Hz using method 'default'.
15.8511 	DEBUG 	Converted audio clip from mono to stereo
15.8516 	EXP 	Marsker1_2: sampleRate = 44100
15.8572 	INFO 	Resampled audio from 44100Hz to 48000Hz using method 'default'.
15.8572 	DEBUG 	Converted audio clip from mono to stereo
15.8582 	EXP 	Masker2_2: sampleRate = 44100
15.8635 	INFO 	Resampled audio from 44100Hz to 48000Hz using method 'default'.
15.8637 	DEBUG 	Converted audio clip from mono to stereo
15.8749 	EXP 	text_instruction_3: autoDraw = True
15.9936 	DATA 	Mouse:  Left button up, pos=(355,358)
16.3440 	EXP 	Sound Target_2 reached end of file
16.3590 	EXP 	Playing sound Target_2 on speaker Haut-parleurs (2- Cirrus Logic XU (with APO Extensions))
16.3440 	EXP 	Sound Marsker1_2 reached end of file
16.3590 	EXP 	Playing sound Marsker1_2 on speaker Haut-parleurs (2- Cirrus Logic XU (with APO Extensions))
16.3440 	EXP 	Sound Masker2_2 reached end of file
16.3590 	EXP 	Playing sound Masker2_2 on speaker Haut-parleurs (2- Cirrus Logic XU (with APO Extensions))
16.3756 	EXP 	text_instruction_3: autoDraw = False
18.1298 	DATA 	Mouse: Left button down, pos=(355,358)
18.1728 	EXP 	Sound Target_2 paused
18.1887 	EXP 	Sound Marsker1_2 paused
18.1982 	EXP 	Sound Masker2_2 paused
18.2085 	EXP 	text_instruction_3: autoDraw = False
18.2289 	DATA 	Mouse:  Left button up, pos=(355,358)
18.5763 	DATA 	Mouse: Left button down, pos=(355,358)
18.5919 	EXP 	Endtext: autoDraw = True
18.6263 	DATA 	Mouse:  Left button up, pos=(355,358)
20.4937 	DATA 	Mouse: Left button down, pos=(381,216)
20.5248 	EXP 	Endtext: autoDraw = False
20.5259 	EXP 	CRM_Spat: status = STOPPED
20.5331 	INFO 	saved data to 'C:\\Users\\chamery\\Documents\\Spat_CRM_Protocol\\Spat_CRM_Protocol\\src\\data\\pilot_CRM_Spat_2026-07-08_11h01.31.616.csv'
20.5352 	INFO 	saved data to C:\Users\chamery\Documents\Spat_CRM_Protocol\Spat_CRM_Protocol\src\data\pilot_CRM_Spat_2026-07-08_11h01.31.616.psydat
20.8343 	DEBUG 	Saving data for CRM_Spat ExperimentHandler
20.8357 	INFO 	Stopping keyboard key buffers.
