10.4984 	DEBUG 	Fullscreen settings ignored as running in pilot mode.
10.5015 	INFO 	Loaded monitor calibration from ['2026_07_01 09:38']
10.9239 	INFO 	Using renderer 'Intel(R) Arc(TM) Pro 140T GPU (16GB)' for graphics
10.9239 	INFO 	OpenGL version supported by driver is 4..
10.9757 	EXP 	Created window1 = Window(allowGUI=False, allowStencil=False, autoLog=True, backendConf=UNKNOWN, backgroundFit=<method-wrapper '__getattribute__' of attributeSetter object at 0x000001A7D68B49D0>, backgroundImage=<method-wrapper '__getattribute__' of attributeSetter object at 0x000001A7D68B7460>, bitsMode=UNKNOWN, blendMode='avg', bpc=(8, 8, 8), color=array([0, 0, 0]), colorSpace='rgb', depthBits=8, fullscr=False, gamma=None, gammaErrorPolicy='raise', infoMsg=UNKNOWN, lms=UNKNOWN, monitor=<psychopy.monitors.calibTools.Monitor object at 0x000001A7DDFCC490>, multiSample=False, name='window1', numSamples=2, pos=[np.float64(560.0), np.float64(300.0)], screen=0, size=array([800, 600]), stencilBits=0, stereo=False, title='PsychoPy', units='height', useFBO=True, useRetina=False, viewOri=0.0, viewPos=None, viewScale=None, waitBlanking=True, winType='pyglet')
10.9758 	EXP 	window1: backgroundImage = ''
10.9758 	EXP 	window1: backgroundFit = 'none'
11.0030 	DEBUG 	TextBox2 loaded 1 chars with 0 blanks and 1 valid
11.0199 	DEBUG 	TextBox2 loaded 1 chars with 0 blanks and 1 valid
11.0397 	DEBUG 	TextBox2 loaded 1 chars with 0 blanks and 1 valid
11.0568 	DEBUG 	TextBox2 loaded 1 chars with 0 blanks and 1 valid
11.0733 	DEBUG 	TextBox2 loaded 1 chars with 0 blanks and 1 valid
11.0898 	DEBUG 	TextBox2 loaded 1 chars with 0 blanks and 1 valid
11.1083 	DEBUG 	TextBox2 loaded 1 chars with 0 blanks and 1 valid
11.1278 	DEBUG 	TextBox2 loaded 1 chars with 0 blanks and 1 valid
11.1447 	DEBUG 	TextBox2 loaded 1 chars with 0 blanks and 1 valid
11.1609 	DEBUG 	TextBox2 loaded 1 chars with 0 blanks and 1 valid
11.1773 	DEBUG 	TextBox2 loaded 1 chars with 0 blanks and 1 valid
11.1937 	DEBUG 	TextBox2 loaded 1 chars with 0 blanks and 1 valid
11.2100 	DEBUG 	TextBox2 loaded 1 chars with 0 blanks and 1 valid
11.2265 	DEBUG 	TextBox2 loaded 1 chars with 0 blanks and 1 valid
11.2465 	DEBUG 	TextBox2 loaded 1 chars with 0 blanks and 1 valid
11.2672 	DEBUG 	TextBox2 loaded 1 chars with 0 blanks and 1 valid
11.2836 	DEBUG 	TextBox2 loaded 1 chars with 0 blanks and 1 valid
11.3001 	DEBUG 	TextBox2 loaded 1 chars with 0 blanks and 1 valid
11.3162 	DEBUG 	TextBox2 loaded 1 chars with 0 blanks and 1 valid
11.3358 	DEBUG 	TextBox2 loaded 1 chars with 0 blanks and 1 valid
11.3488 	DEBUG 	TextBox2 loaded 1 chars with 0 blanks and 1 valid
11.3493 	DEBUG 	Uploading Texture Font fontname to graphics card
11.3573 	DEBUG 	Upload of Texture Font fontname complete
11.3811 	DEBUG 	TextBox2 loaded 1 chars with 0 blanks and 1 valid
11.3979 	DEBUG 	TextBox2 loaded 1 chars with 0 blanks and 1 valid
11.4117 	DEBUG 	TextBox2 loaded 1 chars with 0 blanks and 1 valid
11.4119 	DEBUG 	Uploading Texture Font fontname to graphics card
11.4173 	DEBUG 	Upload of Texture Font fontname complete
11.4190 	EXP 	window1: Attempting to measure frame rate of screen (0) ...
11.4190 	EXP 	window1: recordFrameIntervals = False
11.6008 	EXP 	window1: recordFrameIntervals = True
12.0706 	WARNING 	t of last frame was 20.74ms (=1/48)
12.2075 	WARNING 	t of last frame was 24.60ms (=1/40)
13.2656 	EXP 	window1: recordFrameIntervals = False
13.2656 	EXP 	Screen (0) actual frame rate measured at 60.19Hz
13.3037 	DEBUG 	TextBox2 loaded 1 chars with 0 blanks and 1 valid
13.3292 	DEBUG 	TextBox2 loaded 1 chars with 0 blanks and 1 valid
13.3536 	DEBUG 	TextBox2 loaded 1 chars with 0 blanks and 1 valid
13.3709 	DEBUG 	TextBox2 loaded 1 chars with 0 blanks and 1 valid
13.3880 	DEBUG 	TextBox2 loaded 1 chars with 0 blanks and 1 valid
13.4052 	DEBUG 	TextBox2 loaded 1 chars with 0 blanks and 1 valid
13.4229 	DEBUG 	TextBox2 loaded 1 chars with 0 blanks and 1 valid
13.4396 	DEBUG 	TextBox2 loaded 1 chars with 0 blanks and 1 valid
13.4557 	DEBUG 	TextBox2 loaded 1 chars with 0 blanks and 1 valid
13.4691 	DEBUG 	TextBox2 loaded 1 chars with 0 blanks and 1 valid
13.4695 	DEBUG 	Uploading Texture Font fontname to graphics card
13.4702 	DEBUG 	Upload of Texture Font fontname complete
13.7073 	INFO 	keyboard.Keyboard is using ptb backend.
13.7074 	EXP 	CRM_Spat: status = STARTED
13.8087 	EXP 	Created text_instruction = TextStim(__class__=<class 'psychopy.visual.text.TextStim'>, alignHoriz=method-wrapper(...), alignText='center', alignVert=method-wrapper(...), anchorHoriz='center', anchorVert='center', antialias=True, autoDraw=False, autoLog=True, bold=False, color=array([1., 1., 1.]), colorSpace='rgb', contrast=1.0, depth=0.0, draggable=False, flipHoriz=False, flipVert=False, font='Arial', fontFiles=[], height=np.float64(0.05), italic=False, languageStyle='LTR', name='text_instruction', opacity=1, ori=0.0, pos=array([0., 0.]), rgb=UNKNOWN, text='Selectionner la réponse', units='height', win=Window(...), wrapWidth=1)
13.8136 	DEBUG 	TextBox2 loaded 1 chars with 0 blanks and 1 valid
13.8138 	DEBUG 	Uploading Texture Font fontname to graphics card
13.8159 	DEBUG 	Upload of Texture Font fontname complete
13.8211 	DEBUG 	TextBox2 loaded 1 chars with 0 blanks and 1 valid
13.8220 	DEBUG 	TextBox2 loaded 1 chars with 0 blanks and 1 valid
13.8224 	DEBUG 	TextBox2 loaded 1 chars with 0 blanks and 1 valid
13.8232 	DEBUG 	TextBox2 loaded 1 chars with 0 blanks and 1 valid
13.8239 	DEBUG 	TextBox2 loaded 1 chars with 0 blanks and 1 valid
13.8243 	DEBUG 	TextBox2 loaded 1 chars with 0 blanks and 1 valid
13.8246 	DEBUG 	TextBox2 loaded 1 chars with 0 blanks and 1 valid
13.8255 	DEBUG 	TextBox2 loaded 1 chars with 0 blanks and 1 valid
13.8261 	DEBUG 	TextBox2 loaded 1 chars with 0 blanks and 1 valid
13.8265 	DEBUG 	TextBox2 loaded 1 chars with 0 blanks and 1 valid
13.8268 	DEBUG 	Uploading Texture Font fontname to graphics card
13.8275 	DEBUG 	Upload of Texture Font fontname complete
13.8326 	DEBUG 	TextBox2 loaded 1 chars with 0 blanks and 1 valid
13.8328 	DEBUG 	Uploading Texture Font fontname to graphics card
13.8349 	DEBUG 	Upload of Texture Font fontname complete
13.8440 	DEBUG 	TextBox2 loaded 1 chars with 0 blanks and 1 valid
13.8442 	DEBUG 	Uploading Texture Font fontname to graphics card
13.8465 	DEBUG 	Upload of Texture Font fontname complete
13.8617 	DEBUG 	TextBox2 loaded 1 chars with 0 blanks and 1 valid
13.8619 	DEBUG 	Uploading Texture Font fontname to graphics card
13.8641 	DEBUG 	Upload of Texture Font fontname complete
13.8731 	DEBUG 	TextBox2 loaded 1 chars with 0 blanks and 1 valid
13.8733 	DEBUG 	Uploading Texture Font fontname to graphics card
13.8758 	DEBUG 	Upload of Texture Font fontname complete
13.8863 	DEBUG 	TextBox2 loaded 1 chars with 0 blanks and 1 valid
13.8865 	DEBUG 	Uploading Texture Font fontname to graphics card
13.8888 	DEBUG 	Upload of Texture Font fontname complete
13.8984 	DEBUG 	TextBox2 loaded 1 chars with 0 blanks and 1 valid
13.8986 	DEBUG 	Uploading Texture Font fontname to graphics card
13.9022 	DEBUG 	Upload of Texture Font fontname complete
13.9165 	DEBUG 	TextBox2 loaded 1 chars with 0 blanks and 1 valid
13.9167 	DEBUG 	Uploading Texture Font fontname to graphics card
13.9199 	DEBUG 	Upload of Texture Font fontname complete
14.0916 	EXP 	Created text_instruction = TextStim(__class__=<class 'psychopy.visual.text.TextStim'>, alignHoriz=method-wrapper(...), alignText='center', alignVert=method-wrapper(...), anchorHoriz='center', anchorVert='center', antialias=True, autoDraw=False, autoLog=True, bold=False, color=array([1., 1., 1.]), colorSpace='rgb', contrast=1.0, depth=0.0, draggable=False, flipHoriz=False, flipVert=False, font='Arial', fontFiles=[], height=np.float64(0.05), italic=False, languageStyle='LTR', name='text_instruction', opacity=1, ori=0.0, pos=array([0., 0.]), rgb=UNKNOWN, text='Selectionner la réponse', units='height', win=Window(...), wrapWidth=1)
14.4737 	EXP 	Created text_instruction = TextStim(__class__=<class 'psychopy.visual.text.TextStim'>, alignHoriz=method-wrapper(...), alignText='center', alignVert=method-wrapper(...), anchorHoriz='center', anchorVert='center', antialias=True, autoDraw=False, autoLog=True, bold=False, color=array([1., 1., 1.]), colorSpace='rgb', contrast=1.0, depth=0.0, draggable=False, flipHoriz=False, flipVert=False, font='Arial', fontFiles=[], height=np.float64(0.05), italic=False, languageStyle='LTR', name='text_instruction', opacity=1, ori=0.0, pos=array([0., 0.]), rgb=UNKNOWN, text='Selectionner la réponse', units='height', win=Window(...), wrapWidth=1)
0.0715 	EXP 	text_instruction: autoDraw = True
1.1237 	EXP 	text_instruction: autoDraw = False
5.6079 	DATA 	Mouse: Left button down, pos=(80,390)
5.6550 	EXP 	text_instruction: autoDraw = False
5.6550 	EXP 	text_instruction: autoDraw = True
5.8673 	DATA 	Mouse:  Left button up, pos=(80,390)
5.9237 	DATA 	Mouse: Left button down, pos=(80,390)
5.9940 	DATA 	Mouse:  Left button up, pos=(80,390)
6.0220 	EXP 	text_instruction: autoDraw = False
6.0220 	EXP 	text_instruction: autoDraw = True
6.7426 	DATA 	Mouse: Left button down, pos=(80,383)
6.7896 	EXP 	text_instruction: autoDraw = False
6.7922 	EXP 	CRM_Spat: status = STOPPED
6.7979 	INFO 	saved data to 'C:\\Users\\chamery\\Documents\\Spat_CRM_Protocol\\Spat_CRM_Protocol\\src\\data\\pilot_CRM_Spat_2026-07-01_10h48.35.493.csv'
6.7993 	INFO 	saved data to C:\Users\chamery\Documents\Spat_CRM_Protocol\Spat_CRM_Protocol\src\data\pilot_CRM_Spat_2026-07-01_10h48.35.493.psydat
7.2321 	DEBUG 	Saving data for CRM_Spat ExperimentHandler
7.2380 	INFO 	Stopping keyboard key buffers.
