5.1658 	DEBUG 	Fullscreen settings ignored as running in pilot mode.
5.1672 	INFO 	Loaded monitor calibration from ['2026_07_01 09:38']
5.3192 	INFO 	Using renderer 'Intel(R) Arc(TM) Pro 140T GPU (16GB)' for graphics
5.3192 	INFO 	OpenGL version supported by driver is 4..
5.3426 	EXP 	Created window1 = Window(allowGUI=False, allowStencil=False, autoLog=True, backendConf=UNKNOWN, backgroundFit=<method-wrapper '__getattribute__' of attributeSetter object at 0x00000199ED4294B0>, backgroundImage=<method-wrapper '__getattribute__' of attributeSetter object at 0x00000199ED4295D0>, bitsMode=UNKNOWN, blendMode='avg', bpc=(8, 8, 8), color=array([0, 0, 0]), colorSpace='rgb', depthBits=8, fullscr=False, gamma=None, gammaErrorPolicy='raise', infoMsg=UNKNOWN, lms=UNKNOWN, monitor=<psychopy.monitors.calibTools.Monitor object at 0x00000199EEB1C1F0>, multiSample=False, name='window1', numSamples=2, pos=[np.float64(560.0), np.float64(300.0)], screen=0, size=array([800, 600]), stencilBits=0, stereo=False, title='PsychoPy', units='height', useFBO=True, useRetina=False, viewOri=0.0, viewPos=None, viewScale=None, waitBlanking=True, winType='pyglet')
5.3426 	EXP 	window1: backgroundImage = ''
5.3427 	EXP 	window1: backgroundFit = 'none'
5.3557 	DEBUG 	TextBox2 loaded 1 chars with 0 blanks and 1 valid
5.3638 	DEBUG 	TextBox2 loaded 1 chars with 0 blanks and 1 valid
5.3718 	DEBUG 	TextBox2 loaded 1 chars with 0 blanks and 1 valid
5.3804 	DEBUG 	TextBox2 loaded 1 chars with 0 blanks and 1 valid
5.3886 	DEBUG 	TextBox2 loaded 1 chars with 0 blanks and 1 valid
5.3968 	DEBUG 	TextBox2 loaded 1 chars with 0 blanks and 1 valid
5.4048 	DEBUG 	TextBox2 loaded 1 chars with 0 blanks and 1 valid
5.4131 	DEBUG 	TextBox2 loaded 1 chars with 0 blanks and 1 valid
5.4216 	DEBUG 	TextBox2 loaded 1 chars with 0 blanks and 1 valid
5.4296 	DEBUG 	TextBox2 loaded 1 chars with 0 blanks and 1 valid
5.4379 	DEBUG 	TextBox2 loaded 1 chars with 0 blanks and 1 valid
5.4462 	DEBUG 	TextBox2 loaded 1 chars with 0 blanks and 1 valid
5.4542 	DEBUG 	TextBox2 loaded 1 chars with 0 blanks and 1 valid
5.4630 	DEBUG 	TextBox2 loaded 1 chars with 0 blanks and 1 valid
5.4712 	DEBUG 	TextBox2 loaded 1 chars with 0 blanks and 1 valid
5.4797 	DEBUG 	TextBox2 loaded 1 chars with 0 blanks and 1 valid
5.4878 	DEBUG 	TextBox2 loaded 1 chars with 0 blanks and 1 valid
5.4959 	DEBUG 	TextBox2 loaded 1 chars with 0 blanks and 1 valid
5.5041 	DEBUG 	TextBox2 loaded 1 chars with 0 blanks and 1 valid
5.5125 	DEBUG 	TextBox2 loaded 1 chars with 0 blanks and 1 valid
5.5224 	DEBUG 	TextBox2 loaded 1 chars with 0 blanks and 1 valid
5.5227 	DEBUG 	Uploading Texture Font fontname to graphics card
5.5276 	DEBUG 	Upload of Texture Font fontname complete
5.5389 	DEBUG 	TextBox2 loaded 1 chars with 0 blanks and 1 valid
5.5471 	DEBUG 	TextBox2 loaded 1 chars with 0 blanks and 1 valid
5.5552 	DEBUG 	TextBox2 loaded 1 chars with 0 blanks and 1 valid
5.5555 	DEBUG 	Uploading Texture Font fontname to graphics card
5.5604 	DEBUG 	Upload of Texture Font fontname complete
5.5615 	EXP 	window1: Attempting to measure frame rate of screen (0) ...
5.5615 	EXP 	window1: recordFrameIntervals = False
5.7293 	EXP 	window1: recordFrameIntervals = True
7.0499 	WARNING 	t of last frame was 20.82ms (=1/48)
7.3963 	EXP 	window1: recordFrameIntervals = False
7.3963 	EXP 	Screen (0) actual frame rate measured at 60.03Hz
7.4220 	DEBUG 	TextBox2 loaded 1 chars with 0 blanks and 1 valid
7.4356 	DEBUG 	TextBox2 loaded 1 chars with 0 blanks and 1 valid
7.4436 	DEBUG 	TextBox2 loaded 1 chars with 0 blanks and 1 valid
7.4518 	DEBUG 	TextBox2 loaded 1 chars with 0 blanks and 1 valid
7.4602 	DEBUG 	TextBox2 loaded 1 chars with 0 blanks and 1 valid
7.4685 	DEBUG 	TextBox2 loaded 1 chars with 0 blanks and 1 valid
7.4765 	DEBUG 	TextBox2 loaded 1 chars with 0 blanks and 1 valid
7.4847 	DEBUG 	TextBox2 loaded 1 chars with 0 blanks and 1 valid
7.4932 	DEBUG 	TextBox2 loaded 1 chars with 0 blanks and 1 valid
7.5013 	DEBUG 	TextBox2 loaded 1 chars with 0 blanks and 1 valid
7.5015 	DEBUG 	Uploading Texture Font fontname to graphics card
7.5019 	DEBUG 	Upload of Texture Font fontname complete
7.6182 	INFO 	keyboard.Keyboard is using ptb backend.
7.6182 	EXP 	CRM_Spat: status = STARTED
7.6719 	EXP 	Created text_instruction = TextStim(__class__=<class 'psychopy.visual.text.TextStim'>, alignHoriz=method-wrapper(...), alignText='center', alignVert=method-wrapper(...), anchorHoriz='center', anchorVert='center', antialias=True, autoDraw=False, autoLog=True, bold=False, color=array([1., 1., 1.]), colorSpace='rgb', contrast=1.0, depth=0.0, draggable=False, flipHoriz=False, flipVert=False, font='Arial', fontFiles=[], height=np.float64(0.05), italic=False, languageStyle='LTR', name='text_instruction', opacity=1, ori=0.0, pos=array([0., 0.]), rgb=UNKNOWN, text='Selectionner la réponse', units='height', win=Window(...), wrapWidth=1)
7.6747 	DEBUG 	TextBox2 loaded 1 chars with 0 blanks and 1 valid
7.6749 	DEBUG 	Uploading Texture Font fontname to graphics card
7.6762 	DEBUG 	Upload of Texture Font fontname complete
7.6794 	DEBUG 	TextBox2 loaded 1 chars with 0 blanks and 1 valid
7.6800 	DEBUG 	TextBox2 loaded 1 chars with 0 blanks and 1 valid
7.6802 	DEBUG 	TextBox2 loaded 1 chars with 0 blanks and 1 valid
7.6807 	DEBUG 	TextBox2 loaded 1 chars with 0 blanks and 1 valid
7.6811 	DEBUG 	TextBox2 loaded 1 chars with 0 blanks and 1 valid
7.6813 	DEBUG 	TextBox2 loaded 1 chars with 0 blanks and 1 valid
7.6815 	DEBUG 	TextBox2 loaded 1 chars with 0 blanks and 1 valid
7.6821 	DEBUG 	TextBox2 loaded 1 chars with 0 blanks and 1 valid
7.6824 	DEBUG 	TextBox2 loaded 1 chars with 0 blanks and 1 valid
7.6827 	DEBUG 	TextBox2 loaded 1 chars with 0 blanks and 1 valid
7.6829 	DEBUG 	Uploading Texture Font fontname to graphics card
7.6833 	DEBUG 	Upload of Texture Font fontname complete
7.6863 	DEBUG 	TextBox2 loaded 1 chars with 0 blanks and 1 valid
7.6864 	DEBUG 	Uploading Texture Font fontname to graphics card
7.6892 	DEBUG 	Upload of Texture Font fontname complete
7.6947 	DEBUG 	TextBox2 loaded 1 chars with 0 blanks and 1 valid
7.6948 	DEBUG 	Uploading Texture Font fontname to graphics card
7.6978 	DEBUG 	Upload of Texture Font fontname complete
7.7033 	DEBUG 	TextBox2 loaded 1 chars with 0 blanks and 1 valid
7.7034 	DEBUG 	Uploading Texture Font fontname to graphics card
7.7061 	DEBUG 	Upload of Texture Font fontname complete
7.7135 	DEBUG 	TextBox2 loaded 1 chars with 0 blanks and 1 valid
7.7138 	DEBUG 	Uploading Texture Font fontname to graphics card
7.7182 	DEBUG 	Upload of Texture Font fontname complete
7.7238 	DEBUG 	TextBox2 loaded 1 chars with 0 blanks and 1 valid
7.7239 	DEBUG 	Uploading Texture Font fontname to graphics card
7.7275 	DEBUG 	Upload of Texture Font fontname complete
7.7330 	DEBUG 	TextBox2 loaded 1 chars with 0 blanks and 1 valid
7.7331 	DEBUG 	Uploading Texture Font fontname to graphics card
7.7369 	DEBUG 	Upload of Texture Font fontname complete
7.7424 	DEBUG 	TextBox2 loaded 1 chars with 0 blanks and 1 valid
7.7425 	DEBUG 	Uploading Texture Font fontname to graphics card
7.7469 	DEBUG 	Upload of Texture Font fontname complete
7.8793 	DEBUG 	TextBox2 loaded 1 chars with 0 blanks and 1 valid
7.8796 	DEBUG 	TextBox2 loaded 1 chars with 0 blanks and 1 valid
7.8799 	DEBUG 	TextBox2 loaded 1 chars with 0 blanks and 1 valid
7.8801 	DEBUG 	TextBox2 loaded 1 chars with 0 blanks and 1 valid
7.8804 	DEBUG 	TextBox2 loaded 1 chars with 0 blanks and 1 valid
7.8807 	DEBUG 	TextBox2 loaded 1 chars with 0 blanks and 1 valid
7.8809 	DEBUG 	TextBox2 loaded 1 chars with 0 blanks and 1 valid
7.8812 	DEBUG 	TextBox2 loaded 1 chars with 0 blanks and 1 valid
7.8814 	DEBUG 	TextBox2 loaded 1 chars with 0 blanks and 1 valid
7.8817 	DEBUG 	TextBox2 loaded 1 chars with 0 blanks and 1 valid
7.8820 	DEBUG 	TextBox2 loaded 1 chars with 0 blanks and 1 valid
7.8822 	DEBUG 	TextBox2 loaded 1 chars with 0 blanks and 1 valid
7.8823 	DEBUG 	Uploading Texture Font fontname to graphics card
7.8872 	DEBUG 	Upload of Texture Font fontname complete
7.8903 	DEBUG 	TextBox2 loaded 1 chars with 0 blanks and 1 valid
7.8907 	DEBUG 	TextBox2 loaded 1 chars with 0 blanks and 1 valid
7.8910 	DEBUG 	TextBox2 loaded 1 chars with 0 blanks and 1 valid
7.8914 	DEBUG 	TextBox2 loaded 1 chars with 0 blanks and 1 valid
7.8916 	DEBUG 	TextBox2 loaded 1 chars with 0 blanks and 1 valid
7.8917 	DEBUG 	Uploading Texture Font fontname to graphics card
7.8966 	DEBUG 	Upload of Texture Font fontname complete
7.8995 	DEBUG 	TextBox2 loaded 1 chars with 0 blanks and 1 valid
7.8997 	DEBUG 	Uploading Texture Font fontname to graphics card
7.9050 	DEBUG 	Upload of Texture Font fontname complete
7.9103 	DEBUG 	TextBox2 loaded 1 chars with 0 blanks and 1 valid
7.9107 	DEBUG 	TextBox2 loaded 1 chars with 0 blanks and 1 valid
7.9109 	DEBUG 	Uploading Texture Font fontname to graphics card
7.9162 	DEBUG 	Upload of Texture Font fontname complete
7.9212 	EXP 	Created text_instruction = TextStim(__class__=<class 'psychopy.visual.text.TextStim'>, alignHoriz=method-wrapper(...), alignText='center', alignVert=method-wrapper(...), anchorHoriz='center', anchorVert='center', antialias=True, autoDraw=False, autoLog=True, bold=False, color=array([1., 1., 1.]), colorSpace='rgb', contrast=1.0, depth=0.0, draggable=False, flipHoriz=False, flipVert=False, font='Arial', fontFiles=[], height=np.float64(0.05), italic=False, languageStyle='LTR', name='text_instruction', opacity=1, ori=0.0, pos=array([0., 0.]), rgb=UNKNOWN, text='Selectionner la réponse', units='height', win=Window(...), wrapWidth=1)
8.1565 	EXP 	Created text_instruction = TextStim(__class__=<class 'psychopy.visual.text.TextStim'>, alignHoriz=method-wrapper(...), alignText='center', alignVert=method-wrapper(...), anchorHoriz='center', anchorVert='center', antialias=True, autoDraw=False, autoLog=True, bold=False, color=array([1., 1., 1.]), colorSpace='rgb', contrast=1.0, depth=0.0, draggable=False, flipHoriz=False, flipVert=False, font='Arial', fontFiles=[], height=np.float64(0.05), italic=False, languageStyle='LTR', name='text_instruction', opacity=1, ori=0.0, pos=array([0., 0.]), rgb=UNKNOWN, text='Selectionner la réponse', units='height', win=Window(...), wrapWidth=1)
0.0365 	EXP 	text_instruction: autoDraw = True
1.0371 	EXP 	text_instruction: autoDraw = False
1.1795 	DATA 	Mouse: Left button down, pos=(270,352)
1.2214 	EXP 	text_instruction: autoDraw = False
1.2725 	DATA 	Mouse:  Left button up, pos=(270,352)
6.2384 	DATA 	Mouse: Left button down, pos=(351,89)
6.2703 	EXP 	text_instruction: autoDraw = True
6.3756 	DATA 	Mouse:  Left button up, pos=(351,89)
6.9848 	DATA 	Mouse: Left button down, pos=(347,138)
7.0211 	EXP 	text_instruction: autoDraw = False
7.1549 	DATA 	Mouse:  Left button up, pos=(347,138)
7.5890 	DATA 	Mouse: Left button down, pos=(347,121)
7.6208 	EXP 	text_instruction: autoDraw = True
7.7221 	DATA 	Mouse:  Left button up, pos=(347,121)
8.2067 	DATA 	Mouse: Left button down, pos=(347,151)
8.2213 	EXP 	text_instruction: autoDraw = False
8.3891 	DATA 	Mouse:  Left button up, pos=(347,151)
8.8379 	DATA 	Mouse: Left button down, pos=(354,122)
8.8542 	EXP 	CRM_Spat: status = STOPPED
8.8572 	INFO 	saved data to 'C:\\Users\\chamery\\Documents\\Spat_CRM_Protocol\\Spat_CRM_Protocol\\src\\data\\pilot_CRM_Spat_2026-07-02_09h57.21.766.csv'
8.8578 	INFO 	saved data to C:\Users\chamery\Documents\Spat_CRM_Protocol\Spat_CRM_Protocol\src\data\pilot_CRM_Spat_2026-07-02_09h57.21.766.psydat
9.0391 	DEBUG 	Saving data for CRM_Spat ExperimentHandler
9.0403 	INFO 	Stopping keyboard key buffers.
