9.5655 	DEBUG 	Fullscreen settings ignored as running in pilot mode.
9.5679 	INFO 	Loaded monitor calibration from ['2026_07_01 09:38']
9.9681 	INFO 	Using renderer 'Intel(R) Arc(TM) Pro 140T GPU (16GB)' for graphics
9.9681 	INFO 	OpenGL version supported by driver is 4..
10.0234 	EXP 	Created window1 = Window(allowGUI=False, allowStencil=False, autoLog=True, backendConf=UNKNOWN, backgroundFit=<method-wrapper '__getattribute__' of attributeSetter object at 0x000001B307DF6170>, backgroundImage=<method-wrapper '__getattribute__' of attributeSetter object at 0x000001B307DF79A0>, bitsMode=UNKNOWN, blendMode='avg', bpc=(8, 8, 8), color=array([0, 0, 0]), colorSpace='rgb', depthBits=8, fullscr=False, gamma=None, gammaErrorPolicy='raise', infoMsg=UNKNOWN, lms=UNKNOWN, monitor=<psychopy.monitors.calibTools.Monitor object at 0x000001B30048B490>, multiSample=False, name='window1', numSamples=2, pos=[np.float64(560.0), np.float64(300.0)], screen=0, size=array([800, 600]), stencilBits=0, stereo=False, title='PsychoPy', units='height', useFBO=True, useRetina=False, viewOri=0.0, viewPos=None, viewScale=None, waitBlanking=True, winType='pyglet')
10.0235 	EXP 	window1: backgroundImage = ''
10.0235 	EXP 	window1: backgroundFit = 'none'
10.0508 	DEBUG 	TextBox2 loaded 1 chars with 0 blanks and 1 valid
10.0681 	DEBUG 	TextBox2 loaded 1 chars with 0 blanks and 1 valid
10.0855 	DEBUG 	TextBox2 loaded 1 chars with 0 blanks and 1 valid
10.1039 	DEBUG 	TextBox2 loaded 1 chars with 0 blanks and 1 valid
10.1220 	DEBUG 	TextBox2 loaded 1 chars with 0 blanks and 1 valid
10.1404 	DEBUG 	TextBox2 loaded 1 chars with 0 blanks and 1 valid
10.1601 	DEBUG 	TextBox2 loaded 1 chars with 0 blanks and 1 valid
10.1794 	DEBUG 	TextBox2 loaded 1 chars with 0 blanks and 1 valid
10.1971 	DEBUG 	TextBox2 loaded 1 chars with 0 blanks and 1 valid
10.2114 	DEBUG 	TextBox2 loaded 1 chars with 0 blanks and 1 valid
10.2285 	DEBUG 	TextBox2 loaded 1 chars with 0 blanks and 1 valid
10.2420 	DEBUG 	TextBox2 loaded 1 chars with 0 blanks and 1 valid
10.2552 	DEBUG 	TextBox2 loaded 1 chars with 0 blanks and 1 valid
10.2689 	DEBUG 	TextBox2 loaded 1 chars with 0 blanks and 1 valid
10.2820 	DEBUG 	TextBox2 loaded 1 chars with 0 blanks and 1 valid
10.2951 	DEBUG 	TextBox2 loaded 1 chars with 0 blanks and 1 valid
10.3083 	DEBUG 	TextBox2 loaded 1 chars with 0 blanks and 1 valid
10.3213 	DEBUG 	TextBox2 loaded 1 chars with 0 blanks and 1 valid
10.3374 	DEBUG 	TextBox2 loaded 1 chars with 0 blanks and 1 valid
10.3531 	DEBUG 	TextBox2 loaded 1 chars with 0 blanks and 1 valid
10.3670 	DEBUG 	TextBox2 loaded 1 chars with 0 blanks and 1 valid
10.3675 	DEBUG 	Uploading Texture Font fontname to graphics card
10.3780 	DEBUG 	Upload of Texture Font fontname complete
10.3975 	DEBUG 	TextBox2 loaded 1 chars with 0 blanks and 1 valid
10.4111 	DEBUG 	TextBox2 loaded 1 chars with 0 blanks and 1 valid
10.4244 	DEBUG 	TextBox2 loaded 1 chars with 0 blanks and 1 valid
10.4247 	DEBUG 	Uploading Texture Font fontname to graphics card
10.4310 	DEBUG 	Upload of Texture Font fontname complete
10.4329 	EXP 	window1: Attempting to measure frame rate of screen (0) ...
10.4330 	EXP 	window1: recordFrameIntervals = False
10.6122 	EXP 	window1: recordFrameIntervals = True
10.7835 	WARNING 	t of last frame was 25.54ms (=1/39)
10.8088 	WARNING 	t of last frame was 25.29ms (=1/39)
10.8774 	WARNING 	t of last frame was 20.29ms (=1/49)
11.2604 	WARNING 	t of last frame was 20.39ms (=1/49)
11.6117 	WARNING 	Multiple dropped frames have occurred - I'll stop bothering you about them!
12.2916 	EXP 	window1: recordFrameIntervals = False
12.2917 	EXP 	Screen (0) actual frame rate measured at 59.94Hz
12.3306 	DEBUG 	TextBox2 loaded 1 chars with 0 blanks and 1 valid
12.3567 	DEBUG 	TextBox2 loaded 1 chars with 0 blanks and 1 valid
12.3797 	DEBUG 	TextBox2 loaded 1 chars with 0 blanks and 1 valid
12.3981 	DEBUG 	TextBox2 loaded 1 chars with 0 blanks and 1 valid
12.4214 	DEBUG 	TextBox2 loaded 1 chars with 0 blanks and 1 valid
12.4437 	DEBUG 	TextBox2 loaded 1 chars with 0 blanks and 1 valid
12.4620 	DEBUG 	TextBox2 loaded 1 chars with 0 blanks and 1 valid
12.4803 	DEBUG 	TextBox2 loaded 1 chars with 0 blanks and 1 valid
12.4980 	DEBUG 	TextBox2 loaded 1 chars with 0 blanks and 1 valid
12.5132 	DEBUG 	TextBox2 loaded 1 chars with 0 blanks and 1 valid
12.5138 	DEBUG 	Uploading Texture Font fontname to graphics card
12.5145 	DEBUG 	Upload of Texture Font fontname complete
12.7666 	INFO 	keyboard.Keyboard is using ptb backend.
12.7667 	EXP 	CRM_Spat: status = STARTED
12.8833 	EXP 	Created text_instruction = TextStim(__class__=<class 'psychopy.visual.text.TextStim'>, alignHoriz=method-wrapper(...), alignText='center', alignVert=method-wrapper(...), anchorHoriz='center', anchorVert='center', antialias=True, autoDraw=False, autoLog=True, bold=False, color=array([1., 1., 1.]), colorSpace='rgb', contrast=1.0, depth=0.0, draggable=False, flipHoriz=False, flipVert=False, font='Arial', fontFiles=[], height=np.float64(0.05), italic=False, languageStyle='LTR', name='text_instruction', opacity=1, ori=0.0, pos=array([0., 0.]), rgb=UNKNOWN, text='Selectionner la réponse', units='height', win=Window(...), wrapWidth=1)
12.8897 	DEBUG 	TextBox2 loaded 1 chars with 0 blanks and 1 valid
12.8900 	DEBUG 	Uploading Texture Font fontname to graphics card
12.8924 	DEBUG 	Upload of Texture Font fontname complete
12.8995 	DEBUG 	TextBox2 loaded 1 chars with 0 blanks and 1 valid
12.9006 	DEBUG 	TextBox2 loaded 1 chars with 0 blanks and 1 valid
12.9012 	DEBUG 	TextBox2 loaded 1 chars with 0 blanks and 1 valid
12.9024 	DEBUG 	TextBox2 loaded 1 chars with 0 blanks and 1 valid
12.9032 	DEBUG 	TextBox2 loaded 1 chars with 0 blanks and 1 valid
12.9038 	DEBUG 	TextBox2 loaded 1 chars with 0 blanks and 1 valid
12.9047 	DEBUG 	TextBox2 loaded 1 chars with 0 blanks and 1 valid
12.9060 	DEBUG 	TextBox2 loaded 1 chars with 0 blanks and 1 valid
12.9068 	DEBUG 	TextBox2 loaded 1 chars with 0 blanks and 1 valid
12.9073 	DEBUG 	TextBox2 loaded 1 chars with 0 blanks and 1 valid
12.9078 	DEBUG 	Uploading Texture Font fontname to graphics card
12.9086 	DEBUG 	Upload of Texture Font fontname complete
12.9156 	DEBUG 	TextBox2 loaded 1 chars with 0 blanks and 1 valid
12.9159 	DEBUG 	Uploading Texture Font fontname to graphics card
12.9188 	DEBUG 	Upload of Texture Font fontname complete
12.9304 	DEBUG 	TextBox2 loaded 1 chars with 0 blanks and 1 valid
12.9308 	DEBUG 	Uploading Texture Font fontname to graphics card
12.9338 	DEBUG 	Upload of Texture Font fontname complete
12.9516 	DEBUG 	TextBox2 loaded 1 chars with 0 blanks and 1 valid
12.9520 	DEBUG 	Uploading Texture Font fontname to graphics card
12.9562 	DEBUG 	Upload of Texture Font fontname complete
12.9753 	DEBUG 	TextBox2 loaded 1 chars with 0 blanks and 1 valid
12.9756 	DEBUG 	Uploading Texture Font fontname to graphics card
12.9791 	DEBUG 	Upload of Texture Font fontname complete
12.9916 	DEBUG 	TextBox2 loaded 1 chars with 0 blanks and 1 valid
12.9918 	DEBUG 	Uploading Texture Font fontname to graphics card
12.9946 	DEBUG 	Upload of Texture Font fontname complete
13.0061 	DEBUG 	TextBox2 loaded 1 chars with 0 blanks and 1 valid
13.0064 	DEBUG 	Uploading Texture Font fontname to graphics card
13.0092 	DEBUG 	Upload of Texture Font fontname complete
13.0209 	DEBUG 	TextBox2 loaded 1 chars with 0 blanks and 1 valid
13.0211 	DEBUG 	Uploading Texture Font fontname to graphics card
13.0248 	DEBUG 	Upload of Texture Font fontname complete
13.2383 	EXP 	Created text_instruction = TextStim(__class__=<class 'psychopy.visual.text.TextStim'>, alignHoriz=method-wrapper(...), alignText='center', alignVert=method-wrapper(...), anchorHoriz='center', anchorVert='center', antialias=True, autoDraw=False, autoLog=True, bold=False, color=array([1., 1., 1.]), colorSpace='rgb', contrast=1.0, depth=0.0, draggable=False, flipHoriz=False, flipVert=False, font='Arial', fontFiles=[], height=np.float64(0.05), italic=False, languageStyle='LTR', name='text_instruction', opacity=1, ori=0.0, pos=array([0., 0.]), rgb=UNKNOWN, text='Selectionner la réponse', units='height', win=Window(...), wrapWidth=1)
13.6925 	EXP 	Created text_instruction = TextStim(__class__=<class 'psychopy.visual.text.TextStim'>, alignHoriz=method-wrapper(...), alignText='center', alignVert=method-wrapper(...), anchorHoriz='center', anchorVert='center', antialias=True, autoDraw=False, autoLog=True, bold=False, color=array([1., 1., 1.]), colorSpace='rgb', contrast=1.0, depth=0.0, draggable=False, flipHoriz=False, flipVert=False, font='Arial', fontFiles=[], height=np.float64(0.05), italic=False, languageStyle='LTR', name='text_instruction', opacity=1, ori=0.0, pos=array([0., 0.]), rgb=UNKNOWN, text='Selectionner la réponse', units='height', win=Window(...), wrapWidth=1)
0.0758 	EXP 	text_instruction: autoDraw = True
1.1089 	EXP 	text_instruction: autoDraw = False
2.2992 	DATA 	Mouse: Left button down, pos=(102,161)
2.3416 	EXP 	text_instruction: autoDraw = False
2.3416 	EXP 	text_instruction: autoDraw = True
2.3791 	DATA 	Mouse:  Left button up, pos=(102,161)
2.4494 	DATA 	Mouse: Left button down, pos=(102,161)
2.5427 	EXP 	text_instruction: autoDraw = False
2.5427 	EXP 	text_instruction: autoDraw = True
2.6502 	DATA 	Mouse:  Left button up, pos=(102,161)
3.0007 	DATA 	Mouse: Left button down, pos=(102,161)
3.0625 	EXP 	text_instruction: autoDraw = False
3.0663 	EXP 	CRM_Spat: status = STOPPED
3.0767 	INFO 	saved data to 'C:\\Users\\chamery\\Documents\\Spat_CRM_Protocol\\Spat_CRM_Protocol\\src\\data\\pilot_CRM_Spat_2026-07-01_10h50.55.523.csv'
3.0800 	INFO 	saved data to C:\Users\chamery\Documents\Spat_CRM_Protocol\Spat_CRM_Protocol\src\data\pilot_CRM_Spat_2026-07-01_10h50.55.523.psydat
3.5473 	DEBUG 	Saving data for CRM_Spat ExperimentHandler
3.5498 	INFO 	Stopping keyboard key buffers.
