5.4540 	DEBUG 	Fullscreen settings ignored as running in pilot mode.
5.4546 	INFO 	Loaded monitor calibration from ['2026_07_01 09:38']
5.6116 	INFO 	Using renderer 'Intel(R) Arc(TM) Pro 140T GPU (16GB)' for graphics
5.6116 	INFO 	OpenGL version supported by driver is 4..
5.6366 	EXP 	Created window1 = Window(allowGUI=False, allowStencil=False, autoLog=True, backendConf=UNKNOWN, backgroundFit=<method-wrapper '__getattribute__' of attributeSetter object at 0x00000259DE4A6560>, backgroundImage=<method-wrapper '__getattribute__' of attributeSetter object at 0x00000259DE4A65C0>, bitsMode=UNKNOWN, blendMode='avg', bpc=(8, 8, 8), color=array([0, 0, 0]), colorSpace='rgb', depthBits=8, fullscr=False, gamma=None, gammaErrorPolicy='raise', infoMsg=UNKNOWN, lms=UNKNOWN, monitor=<psychopy.monitors.calibTools.Monitor object at 0x00000259D8768370>, multiSample=False, name='window1', numSamples=2, pos=[np.float64(560.0), np.float64(300.0)], screen=0, size=array([800, 600]), stencilBits=0, stereo=False, title='PsychoPy', units='height', useFBO=True, useRetina=False, viewOri=0.0, viewPos=None, viewScale=None, waitBlanking=True, winType='pyglet')
5.6366 	EXP 	window1: backgroundImage = ''
5.6366 	EXP 	window1: backgroundFit = 'none'
5.6516 	DEBUG 	TextBox2 loaded 1 chars with 0 blanks and 1 valid
5.6613 	DEBUG 	TextBox2 loaded 1 chars with 0 blanks and 1 valid
5.6696 	DEBUG 	TextBox2 loaded 1 chars with 0 blanks and 1 valid
5.6785 	DEBUG 	TextBox2 loaded 1 chars with 0 blanks and 1 valid
5.6868 	DEBUG 	TextBox2 loaded 1 chars with 0 blanks and 1 valid
5.6949 	DEBUG 	TextBox2 loaded 1 chars with 0 blanks and 1 valid
5.7030 	DEBUG 	TextBox2 loaded 1 chars with 0 blanks and 1 valid
5.7112 	DEBUG 	TextBox2 loaded 1 chars with 0 blanks and 1 valid
5.7191 	DEBUG 	TextBox2 loaded 1 chars with 0 blanks and 1 valid
5.7271 	DEBUG 	TextBox2 loaded 1 chars with 0 blanks and 1 valid
5.7354 	DEBUG 	TextBox2 loaded 1 chars with 0 blanks and 1 valid
5.7437 	DEBUG 	TextBox2 loaded 1 chars with 0 blanks and 1 valid
5.7518 	DEBUG 	TextBox2 loaded 1 chars with 0 blanks and 1 valid
5.7601 	DEBUG 	TextBox2 loaded 1 chars with 0 blanks and 1 valid
5.7684 	DEBUG 	TextBox2 loaded 1 chars with 0 blanks and 1 valid
5.7768 	DEBUG 	TextBox2 loaded 1 chars with 0 blanks and 1 valid
5.7851 	DEBUG 	TextBox2 loaded 1 chars with 0 blanks and 1 valid
5.7962 	DEBUG 	TextBox2 loaded 1 chars with 0 blanks and 1 valid
5.8046 	DEBUG 	TextBox2 loaded 1 chars with 0 blanks and 1 valid
5.8151 	DEBUG 	TextBox2 loaded 1 chars with 0 blanks and 1 valid
5.8233 	DEBUG 	TextBox2 loaded 1 chars with 0 blanks and 1 valid
5.8235 	DEBUG 	Uploading Texture Font fontname to graphics card
5.8284 	DEBUG 	Upload of Texture Font fontname complete
5.8403 	DEBUG 	TextBox2 loaded 1 chars with 0 blanks and 1 valid
5.8502 	DEBUG 	TextBox2 loaded 1 chars with 0 blanks and 1 valid
5.8586 	DEBUG 	TextBox2 loaded 1 chars with 0 blanks and 1 valid
5.8588 	DEBUG 	Uploading Texture Font fontname to graphics card
5.8622 	DEBUG 	Upload of Texture Font fontname complete
5.8633 	EXP 	window1: Attempting to measure frame rate of screen (0) ...
5.8633 	EXP 	window1: recordFrameIntervals = False
6.0199 	EXP 	window1: recordFrameIntervals = True
6.3238 	WARNING 	t of last frame was 20.21ms (=1/49)
7.6872 	EXP 	window1: recordFrameIntervals = False
7.6873 	EXP 	Screen (0) actual frame rate measured at 59.80Hz
7.7106 	DEBUG 	TextBox2 loaded 1 chars with 0 blanks and 1 valid
7.7187 	DEBUG 	TextBox2 loaded 1 chars with 0 blanks and 1 valid
7.7267 	DEBUG 	TextBox2 loaded 1 chars with 0 blanks and 1 valid
7.7351 	DEBUG 	TextBox2 loaded 1 chars with 0 blanks and 1 valid
7.7435 	DEBUG 	TextBox2 loaded 1 chars with 0 blanks and 1 valid
7.7517 	DEBUG 	TextBox2 loaded 1 chars with 0 blanks and 1 valid
7.7596 	DEBUG 	TextBox2 loaded 1 chars with 0 blanks and 1 valid
7.7677 	DEBUG 	TextBox2 loaded 1 chars with 0 blanks and 1 valid
7.7759 	DEBUG 	TextBox2 loaded 1 chars with 0 blanks and 1 valid
7.7841 	DEBUG 	TextBox2 loaded 1 chars with 0 blanks and 1 valid
7.7843 	DEBUG 	Uploading Texture Font fontname to graphics card
7.7847 	DEBUG 	Upload of Texture Font fontname complete
7.9026 	INFO 	keyboard.Keyboard is using ptb backend.
7.9027 	EXP 	CRM_Spat: status = STARTED
7.9528 	EXP 	Created text_instruction = TextStim(__class__=<class 'psychopy.visual.text.TextStim'>, alignHoriz=method-wrapper(...), alignText='center', alignVert=method-wrapper(...), anchorHoriz='center', anchorVert='center', antialias=True, autoDraw=False, autoLog=True, bold=False, color=array([1., 1., 1.]), colorSpace='rgb', contrast=1.0, depth=0.0, draggable=False, flipHoriz=False, flipVert=False, font='Arial', fontFiles=[], height=np.float64(0.05), italic=False, languageStyle='LTR', name='text_instruction', opacity=1, ori=0.0, pos=array([0., 0.]), rgb=UNKNOWN, text='Selectionner la réponse', units='height', win=Window(...), wrapWidth=1)
7.9578 	DEBUG 	TextBox2 loaded 1 chars with 0 blanks and 1 valid
7.9581 	DEBUG 	Uploading Texture Font fontname to graphics card
7.9594 	DEBUG 	Upload of Texture Font fontname complete
7.9627 	DEBUG 	TextBox2 loaded 1 chars with 0 blanks and 1 valid
7.9632 	DEBUG 	TextBox2 loaded 1 chars with 0 blanks and 1 valid
7.9634 	DEBUG 	TextBox2 loaded 1 chars with 0 blanks and 1 valid
7.9639 	DEBUG 	TextBox2 loaded 1 chars with 0 blanks and 1 valid
7.9644 	DEBUG 	TextBox2 loaded 1 chars with 0 blanks and 1 valid
7.9645 	DEBUG 	TextBox2 loaded 1 chars with 0 blanks and 1 valid
7.9648 	DEBUG 	TextBox2 loaded 1 chars with 0 blanks and 1 valid
7.9653 	DEBUG 	TextBox2 loaded 1 chars with 0 blanks and 1 valid
7.9657 	DEBUG 	TextBox2 loaded 1 chars with 0 blanks and 1 valid
7.9659 	DEBUG 	TextBox2 loaded 1 chars with 0 blanks and 1 valid
7.9661 	DEBUG 	Uploading Texture Font fontname to graphics card
7.9665 	DEBUG 	Upload of Texture Font fontname complete
7.9694 	DEBUG 	TextBox2 loaded 1 chars with 0 blanks and 1 valid
7.9695 	DEBUG 	Uploading Texture Font fontname to graphics card
7.9708 	DEBUG 	Upload of Texture Font fontname complete
7.9764 	DEBUG 	TextBox2 loaded 1 chars with 0 blanks and 1 valid
7.9765 	DEBUG 	Uploading Texture Font fontname to graphics card
7.9781 	DEBUG 	Upload of Texture Font fontname complete
7.9835 	DEBUG 	TextBox2 loaded 1 chars with 0 blanks and 1 valid
7.9837 	DEBUG 	Uploading Texture Font fontname to graphics card
7.9854 	DEBUG 	Upload of Texture Font fontname complete
7.9938 	DEBUG 	TextBox2 loaded 1 chars with 0 blanks and 1 valid
7.9939 	DEBUG 	Uploading Texture Font fontname to graphics card
7.9952 	DEBUG 	Upload of Texture Font fontname complete
8.0006 	DEBUG 	TextBox2 loaded 1 chars with 0 blanks and 1 valid
8.0007 	DEBUG 	Uploading Texture Font fontname to graphics card
8.0020 	DEBUG 	Upload of Texture Font fontname complete
8.0081 	DEBUG 	TextBox2 loaded 1 chars with 0 blanks and 1 valid
8.0082 	DEBUG 	Uploading Texture Font fontname to graphics card
8.0098 	DEBUG 	Upload of Texture Font fontname complete
8.0154 	DEBUG 	TextBox2 loaded 1 chars with 0 blanks and 1 valid
8.0155 	DEBUG 	Uploading Texture Font fontname to graphics card
8.0169 	DEBUG 	Upload of Texture Font fontname complete
8.1429 	DEBUG 	TextBox2 loaded 1 chars with 0 blanks and 1 valid
8.1435 	DEBUG 	TextBox2 loaded 1 chars with 0 blanks and 1 valid
8.1439 	DEBUG 	TextBox2 loaded 1 chars with 0 blanks and 1 valid
8.1444 	DEBUG 	TextBox2 loaded 1 chars with 0 blanks and 1 valid
8.1449 	DEBUG 	TextBox2 loaded 1 chars with 0 blanks and 1 valid
8.1451 	DEBUG 	TextBox2 loaded 1 chars with 0 blanks and 1 valid
8.1455 	DEBUG 	TextBox2 loaded 1 chars with 0 blanks and 1 valid
8.1460 	DEBUG 	TextBox2 loaded 1 chars with 0 blanks and 1 valid
8.1464 	DEBUG 	TextBox2 loaded 1 chars with 0 blanks and 1 valid
8.1465 	DEBUG 	Uploading Texture Font fontname to graphics card
8.1482 	DEBUG 	Upload of Texture Font fontname complete
8.1529 	EXP 	Created text_instruction = TextStim(__class__=<class 'psychopy.visual.text.TextStim'>, alignHoriz=method-wrapper(...), alignText='center', alignVert=method-wrapper(...), anchorHoriz='center', anchorVert='center', antialias=True, autoDraw=False, autoLog=True, bold=False, color=array([1., 1., 1.]), colorSpace='rgb', contrast=1.0, depth=0.0, draggable=False, flipHoriz=False, flipVert=False, font='Arial', fontFiles=[], height=np.float64(0.05), italic=False, languageStyle='LTR', name='text_instruction', opacity=1, ori=0.0, pos=array([0., 0.]), rgb=UNKNOWN, text='Selectionner la réponse', units='height', win=Window(...), wrapWidth=1)
8.3731 	EXP 	Created text_instruction = TextStim(__class__=<class 'psychopy.visual.text.TextStim'>, alignHoriz=method-wrapper(...), alignText='center', alignVert=method-wrapper(...), anchorHoriz='center', anchorVert='center', antialias=True, autoDraw=False, autoLog=True, bold=False, color=array([1., 1., 1.]), colorSpace='rgb', contrast=1.0, depth=0.0, draggable=False, flipHoriz=False, flipVert=False, font='Arial', fontFiles=[], height=np.float64(0.05), italic=False, languageStyle='LTR', name='text_instruction', opacity=1, ori=0.0, pos=array([0., 0.]), rgb=UNKNOWN, text='Selectionner la réponse', units='height', win=Window(...), wrapWidth=1)
0.0402 	EXP 	text_instruction: autoDraw = True
0.5414 	DATA 	Mouse: Left button down, pos=(339,274)
0.5577 	EXP 	text_instruction: autoDraw = False
0.6254 	DATA 	Mouse:  Left button up, pos=(339,274)
2.0753 	DATA 	Mouse: Left button down, pos=(404,20)
2.1067 	EXP 	text_instruction: autoDraw = True
2.1747 	DATA 	Mouse:  Left button up, pos=(404,20)
2.8416 	DATA 	Mouse: Left button down, pos=(364,159)
2.8583 	EXP 	text_instruction: autoDraw = False
2.9084 	DATA 	Mouse:  Left button up, pos=(364,159)
3.7753 	DATA 	Mouse: Left button down, pos=(386,14)
3.8071 	EXP 	text_instruction: autoDraw = True
3.8553 	DATA 	Mouse:  Left button up, pos=(386,14)
4.8394 	EXP 	text_instruction: autoDraw = False
6.9419 	DATA 	Mouse: Left button down, pos=(359,174)
6.9565 	EXP 	text_instruction: autoDraw = False
7.0920 	DATA 	Mouse:  Left button up, pos=(359,174)
7.8746 	DATA 	Mouse: Left button down, pos=(359,31)
7.9747 	DATA 	Mouse:  Left button up, pos=(359,31)
8.5757 	DATA 	Mouse: Left button down, pos=(358,17)
8.5913 	EXP 	CRM_Spat: status = STOPPED
8.5940 	INFO 	saved data to 'C:\\Users\\chamery\\Documents\\Spat_CRM_Protocol\\Spat_CRM_Protocol\\src\\data\\pilot_CRM_Spat_2026-07-02_09h48.27.508.csv'
8.5945 	INFO 	saved data to C:\Users\chamery\Documents\Spat_CRM_Protocol\Spat_CRM_Protocol\src\data\pilot_CRM_Spat_2026-07-02_09h48.27.508.psydat
8.7649 	DEBUG 	Saving data for CRM_Spat ExperimentHandler
8.7661 	INFO 	Stopping keyboard key buffers.
