10.4204 	DEBUG 	Fullscreen settings ignored as running in pilot mode.
10.4223 	INFO 	Loaded monitor calibration from ['2026_07_01 09:38']
10.8131 	INFO 	Using renderer 'Intel(R) Arc(TM) Pro 140T GPU (16GB)' for graphics
10.8131 	INFO 	OpenGL version supported by driver is 4..
10.8662 	EXP 	Created window1 = Window(allowGUI=False, allowStencil=False, autoLog=True, backendConf=UNKNOWN, backgroundFit=<method-wrapper '__getattribute__' of attributeSetter object at 0x000001FB0AB6F370>, backgroundImage=<method-wrapper '__getattribute__' of attributeSetter object at 0x000001FB0AB6F460>, bitsMode=UNKNOWN, blendMode='avg', bpc=(8, 8, 8), color=array([0, 0, 0]), colorSpace='rgb', depthBits=8, fullscr=False, gamma=None, gammaErrorPolicy='raise', infoMsg=UNKNOWN, lms=UNKNOWN, monitor=<psychopy.monitors.calibTools.Monitor object at 0x000001FB0A735600>, multiSample=False, name='window1', numSamples=2, pos=[np.float64(560.0), np.float64(300.0)], screen=0, size=array([800, 600]), stencilBits=0, stereo=False, title='PsychoPy', units='height', useFBO=True, useRetina=False, viewOri=0.0, viewPos=None, viewScale=None, waitBlanking=True, winType='pyglet')
10.8663 	EXP 	window1: backgroundImage = ''
10.8663 	EXP 	window1: backgroundFit = 'none'
10.8942 	DEBUG 	TextBox2 loaded 1 chars with 0 blanks and 1 valid
10.9107 	DEBUG 	TextBox2 loaded 1 chars with 0 blanks and 1 valid
10.9317 	DEBUG 	TextBox2 loaded 1 chars with 0 blanks and 1 valid
10.9521 	DEBUG 	TextBox2 loaded 1 chars with 0 blanks and 1 valid
10.9686 	DEBUG 	TextBox2 loaded 1 chars with 0 blanks and 1 valid
10.9846 	DEBUG 	TextBox2 loaded 1 chars with 0 blanks and 1 valid
11.0008 	DEBUG 	TextBox2 loaded 1 chars with 0 blanks and 1 valid
11.0212 	DEBUG 	TextBox2 loaded 1 chars with 0 blanks and 1 valid
11.0384 	DEBUG 	TextBox2 loaded 1 chars with 0 blanks and 1 valid
11.0590 	DEBUG 	TextBox2 loaded 1 chars with 0 blanks and 1 valid
11.0768 	DEBUG 	TextBox2 loaded 1 chars with 0 blanks and 1 valid
11.0933 	DEBUG 	TextBox2 loaded 1 chars with 0 blanks and 1 valid
11.1100 	DEBUG 	TextBox2 loaded 1 chars with 0 blanks and 1 valid
11.1265 	DEBUG 	TextBox2 loaded 1 chars with 0 blanks and 1 valid
11.1427 	DEBUG 	TextBox2 loaded 1 chars with 0 blanks and 1 valid
11.1589 	DEBUG 	TextBox2 loaded 1 chars with 0 blanks and 1 valid
11.1723 	DEBUG 	TextBox2 loaded 1 chars with 0 blanks and 1 valid
11.1854 	DEBUG 	TextBox2 loaded 1 chars with 0 blanks and 1 valid
11.2034 	DEBUG 	TextBox2 loaded 1 chars with 0 blanks and 1 valid
11.2216 	DEBUG 	TextBox2 loaded 1 chars with 0 blanks and 1 valid
11.2398 	DEBUG 	TextBox2 loaded 1 chars with 0 blanks and 1 valid
11.2404 	DEBUG 	Uploading Texture Font fontname to graphics card
11.2498 	DEBUG 	Upload of Texture Font fontname complete
11.2733 	DEBUG 	TextBox2 loaded 1 chars with 0 blanks and 1 valid
11.2900 	DEBUG 	TextBox2 loaded 1 chars with 0 blanks and 1 valid
11.3066 	DEBUG 	TextBox2 loaded 1 chars with 0 blanks and 1 valid
11.3070 	DEBUG 	Uploading Texture Font fontname to graphics card
11.3121 	DEBUG 	Upload of Texture Font fontname complete
11.3141 	EXP 	window1: Attempting to measure frame rate of screen (0) ...
11.3141 	EXP 	window1: recordFrameIntervals = False
11.4801 	EXP 	window1: recordFrameIntervals = True
11.9141 	WARNING 	t of last frame was 20.35ms (=1/49)
11.9634 	WARNING 	t of last frame was 20.69ms (=1/48)
12.2469 	WARNING 	t of last frame was 20.62ms (=1/48)
12.2713 	WARNING 	t of last frame was 24.32ms (=1/41)
12.2950 	WARNING 	Multiple dropped frames have occurred - I'll stop bothering you about them!
13.1596 	EXP 	window1: recordFrameIntervals = False
13.1597 	EXP 	Screen (0) actual frame rate measured at 59.67Hz
13.1979 	DEBUG 	TextBox2 loaded 1 chars with 0 blanks and 1 valid
13.2234 	DEBUG 	TextBox2 loaded 1 chars with 0 blanks and 1 valid
13.2465 	DEBUG 	TextBox2 loaded 1 chars with 0 blanks and 1 valid
13.2658 	DEBUG 	TextBox2 loaded 1 chars with 0 blanks and 1 valid
13.2860 	DEBUG 	TextBox2 loaded 1 chars with 0 blanks and 1 valid
13.3053 	DEBUG 	TextBox2 loaded 1 chars with 0 blanks and 1 valid
13.3253 	DEBUG 	TextBox2 loaded 1 chars with 0 blanks and 1 valid
13.3438 	DEBUG 	TextBox2 loaded 1 chars with 0 blanks and 1 valid
13.3742 	DEBUG 	TextBox2 loaded 1 chars with 0 blanks and 1 valid
13.3886 	DEBUG 	TextBox2 loaded 1 chars with 0 blanks and 1 valid
13.3892 	DEBUG 	Uploading Texture Font fontname to graphics card
13.3900 	DEBUG 	Upload of Texture Font fontname complete
13.6546 	INFO 	keyboard.Keyboard is using ptb backend.
13.6547 	EXP 	CRM_Spat: status = STARTED
13.7700 	EXP 	Created text_instruction = TextStim(__class__=<class 'psychopy.visual.text.TextStim'>, alignHoriz=method-wrapper(...), alignText='center', alignVert=method-wrapper(...), anchorHoriz='center', anchorVert='center', antialias=True, autoDraw=False, autoLog=True, bold=False, color=array([1., 1., 1.]), colorSpace='rgb', contrast=1.0, depth=0.0, draggable=False, flipHoriz=False, flipVert=False, font='Arial', fontFiles=[], height=np.float64(0.05), italic=False, languageStyle='LTR', name='text_instruction', opacity=1, ori=0.0, pos=array([0., 0.]), rgb=UNKNOWN, text='Selectionner la réponse', units='height', win=Window(...), wrapWidth=1)
13.7767 	DEBUG 	TextBox2 loaded 1 chars with 0 blanks and 1 valid
13.7769 	DEBUG 	Uploading Texture Font fontname to graphics card
13.7797 	DEBUG 	Upload of Texture Font fontname complete
13.7866 	DEBUG 	TextBox2 loaded 1 chars with 0 blanks and 1 valid
13.7878 	DEBUG 	TextBox2 loaded 1 chars with 0 blanks and 1 valid
13.7883 	DEBUG 	TextBox2 loaded 1 chars with 0 blanks and 1 valid
13.7894 	DEBUG 	TextBox2 loaded 1 chars with 0 blanks and 1 valid
13.7904 	DEBUG 	TextBox2 loaded 1 chars with 0 blanks and 1 valid
13.7908 	DEBUG 	TextBox2 loaded 1 chars with 0 blanks and 1 valid
13.7912 	DEBUG 	TextBox2 loaded 1 chars with 0 blanks and 1 valid
13.7927 	DEBUG 	TextBox2 loaded 1 chars with 0 blanks and 1 valid
13.7937 	DEBUG 	TextBox2 loaded 1 chars with 0 blanks and 1 valid
13.7943 	DEBUG 	TextBox2 loaded 1 chars with 0 blanks and 1 valid
13.7947 	DEBUG 	Uploading Texture Font fontname to graphics card
13.7955 	DEBUG 	Upload of Texture Font fontname complete
13.8023 	DEBUG 	TextBox2 loaded 1 chars with 0 blanks and 1 valid
13.8026 	DEBUG 	Uploading Texture Font fontname to graphics card
13.8053 	DEBUG 	Upload of Texture Font fontname complete
13.8178 	DEBUG 	TextBox2 loaded 1 chars with 0 blanks and 1 valid
13.8181 	DEBUG 	Uploading Texture Font fontname to graphics card
13.8216 	DEBUG 	Upload of Texture Font fontname complete
13.8347 	DEBUG 	TextBox2 loaded 1 chars with 0 blanks and 1 valid
13.8350 	DEBUG 	Uploading Texture Font fontname to graphics card
13.8384 	DEBUG 	Upload of Texture Font fontname complete
13.8518 	DEBUG 	TextBox2 loaded 1 chars with 0 blanks and 1 valid
13.8521 	DEBUG 	Uploading Texture Font fontname to graphics card
13.8551 	DEBUG 	Upload of Texture Font fontname complete
13.8677 	DEBUG 	TextBox2 loaded 1 chars with 0 blanks and 1 valid
13.8679 	DEBUG 	Uploading Texture Font fontname to graphics card
13.8712 	DEBUG 	Upload of Texture Font fontname complete
13.8833 	DEBUG 	TextBox2 loaded 1 chars with 0 blanks and 1 valid
13.8839 	DEBUG 	Uploading Texture Font fontname to graphics card
13.8873 	DEBUG 	Upload of Texture Font fontname complete
13.8998 	DEBUG 	TextBox2 loaded 1 chars with 0 blanks and 1 valid
13.9001 	DEBUG 	Uploading Texture Font fontname to graphics card
13.9038 	DEBUG 	Upload of Texture Font fontname complete
14.0171 	EXP 	Created text_instruction = TextStim(__class__=<class 'psychopy.visual.text.TextStim'>, alignHoriz=method-wrapper(...), alignText='center', alignVert=method-wrapper(...), anchorHoriz='center', anchorVert='center', antialias=True, autoDraw=False, autoLog=True, bold=False, color=array([1., 1., 1.]), colorSpace='rgb', contrast=1.0, depth=0.0, draggable=False, flipHoriz=False, flipVert=False, font='Arial', fontFiles=[], height=np.float64(0.05), italic=False, languageStyle='LTR', name='text_instruction', opacity=1, ori=0.0, pos=array([0., 0.]), rgb=UNKNOWN, text='Selectionner la réponse', units='height', win=Window(...), wrapWidth=1)
14.2099 	EXP 	Created text_instruction = TextStim(__class__=<class 'psychopy.visual.text.TextStim'>, alignHoriz=method-wrapper(...), alignText='center', alignVert=method-wrapper(...), anchorHoriz='center', anchorVert='center', antialias=True, autoDraw=False, autoLog=True, bold=False, color=array([1., 1., 1.]), colorSpace='rgb', contrast=1.0, depth=0.0, draggable=False, flipHoriz=False, flipVert=False, font='Arial', fontFiles=[], height=np.float64(0.05), italic=False, languageStyle='LTR', name='text_instruction', opacity=1, ori=0.0, pos=array([0., 0.]), rgb=UNKNOWN, text='Selectionner la réponse', units='height', win=Window(...), wrapWidth=1)
0.0601 	EXP 	text_instruction: autoDraw = True
0.8971 	DATA 	Mouse: Left button down, pos=(194,418)
0.9441 	EXP 	text_instruction: autoDraw = False
0.9441 	EXP 	text_instruction: autoDraw = True
1.0203 	DATA 	Mouse:  Left button up, pos=(194,418)
1.0913 	DATA 	Mouse: Left button down, pos=(194,418)
1.1610 	EXP 	text_instruction: autoDraw = False
1.1610 	EXP 	text_instruction: autoDraw = True
1.1921 	DATA 	Mouse:  Left button up, pos=(194,418)
1.2479 	DATA 	Mouse: Left button down, pos=(194,418)
1.2796 	EXP 	text_instruction: autoDraw = False
1.2832 	EXP 	CRM_Spat: status = STOPPED
1.2913 	INFO 	saved data to 'C:\\Users\\chamery\\Documents\\Spat_CRM_Protocol\\Spat_CRM_Protocol\\src\\data\\pilot_CRM_Spat_2026-07-01_10h41.52.390.csv'
1.2934 	INFO 	saved data to C:\Users\chamery\Documents\Spat_CRM_Protocol\Spat_CRM_Protocol\src\data\pilot_CRM_Spat_2026-07-01_10h41.52.390.psydat
2.0469 	DEBUG 	Saving data for CRM_Spat ExperimentHandler
2.0521 	INFO 	Stopping keyboard key buffers.
