4.9274 	DEBUG 	Fullscreen settings ignored as running in pilot mode.
4.9284 	INFO 	Loaded monitor calibration from ['2026_07_01 09:38']
5.0779 	INFO 	Using renderer 'Intel(R) Arc(TM) Pro 140T GPU (16GB)' for graphics
5.0779 	INFO 	OpenGL version supported by driver is 4..
5.1023 	EXP 	Created window1 = Window(allowGUI=False, allowStencil=False, autoLog=True, backendConf=UNKNOWN, backgroundFit=<method-wrapper '__getattribute__' of attributeSetter object at 0x00000210FEFD2440>, backgroundImage=<method-wrapper '__getattribute__' of attributeSetter object at 0x00000210FEFD2380>, bitsMode=UNKNOWN, blendMode='avg', bpc=(8, 8, 8), color=array([0, 0, 0]), colorSpace='rgb', depthBits=8, fullscr=False, gamma=None, gammaErrorPolicy='raise', infoMsg=UNKNOWN, lms=UNKNOWN, monitor=<psychopy.monitors.calibTools.Monitor object at 0x00000210FD947B20>, multiSample=False, name='window1', numSamples=2, pos=[np.float64(560.0), np.float64(300.0)], screen=0, size=array([800, 600]), stencilBits=0, stereo=False, title='PsychoPy', units='height', useFBO=True, useRetina=False, viewOri=0.0, viewPos=None, viewScale=None, waitBlanking=True, winType='pyglet')
5.1023 	EXP 	window1: backgroundImage = ''
5.1023 	EXP 	window1: backgroundFit = 'none'
5.1182 	DEBUG 	TextBox2 loaded 1 chars with 0 blanks and 1 valid
5.1268 	DEBUG 	TextBox2 loaded 1 chars with 0 blanks and 1 valid
5.1348 	DEBUG 	TextBox2 loaded 1 chars with 0 blanks and 1 valid
5.1440 	DEBUG 	TextBox2 loaded 1 chars with 0 blanks and 1 valid
5.1520 	DEBUG 	TextBox2 loaded 1 chars with 0 blanks and 1 valid
5.1621 	DEBUG 	TextBox2 loaded 1 chars with 0 blanks and 1 valid
5.1701 	DEBUG 	TextBox2 loaded 1 chars with 0 blanks and 1 valid
5.1802 	DEBUG 	TextBox2 loaded 1 chars with 0 blanks and 1 valid
5.1879 	DEBUG 	TextBox2 loaded 1 chars with 0 blanks and 1 valid
5.1960 	DEBUG 	TextBox2 loaded 1 chars with 0 blanks and 1 valid
5.2040 	DEBUG 	TextBox2 loaded 1 chars with 0 blanks and 1 valid
5.2148 	DEBUG 	TextBox2 loaded 1 chars with 0 blanks and 1 valid
5.2229 	DEBUG 	TextBox2 loaded 1 chars with 0 blanks and 1 valid
5.2309 	DEBUG 	TextBox2 loaded 1 chars with 0 blanks and 1 valid
5.2389 	DEBUG 	TextBox2 loaded 1 chars with 0 blanks and 1 valid
5.2494 	DEBUG 	TextBox2 loaded 1 chars with 0 blanks and 1 valid
5.2576 	DEBUG 	TextBox2 loaded 1 chars with 0 blanks and 1 valid
5.2655 	DEBUG 	TextBox2 loaded 1 chars with 0 blanks and 1 valid
5.2736 	DEBUG 	TextBox2 loaded 1 chars with 0 blanks and 1 valid
5.2818 	DEBUG 	TextBox2 loaded 1 chars with 0 blanks and 1 valid
5.2910 	DEBUG 	TextBox2 loaded 1 chars with 0 blanks and 1 valid
5.2914 	DEBUG 	Uploading Texture Font fontname to graphics card
5.2962 	DEBUG 	Upload of Texture Font fontname complete
5.3101 	DEBUG 	TextBox2 loaded 1 chars with 0 blanks and 1 valid
5.3183 	DEBUG 	TextBox2 loaded 1 chars with 0 blanks and 1 valid
5.3272 	DEBUG 	TextBox2 loaded 1 chars with 0 blanks and 1 valid
5.3274 	DEBUG 	Uploading Texture Font fontname to graphics card
5.3305 	DEBUG 	Upload of Texture Font fontname complete
5.3316 	EXP 	window1: Attempting to measure frame rate of screen (0) ...
5.3316 	EXP 	window1: recordFrameIntervals = False
5.4906 	EXP 	window1: recordFrameIntervals = True
5.5433 	WARNING 	t of last frame was 20.16ms (=1/49)
6.6271 	WARNING 	t of last frame was 20.28ms (=1/49)
7.1570 	EXP 	window1: recordFrameIntervals = False
7.1571 	EXP 	Screen (0) actual frame rate measured at 59.94Hz
7.1819 	DEBUG 	TextBox2 loaded 1 chars with 0 blanks and 1 valid
7.1900 	DEBUG 	TextBox2 loaded 1 chars with 0 blanks and 1 valid
7.1980 	DEBUG 	TextBox2 loaded 1 chars with 0 blanks and 1 valid
7.2061 	DEBUG 	TextBox2 loaded 1 chars with 0 blanks and 1 valid
7.2143 	DEBUG 	TextBox2 loaded 1 chars with 0 blanks and 1 valid
7.2255 	DEBUG 	TextBox2 loaded 1 chars with 0 blanks and 1 valid
7.2336 	DEBUG 	TextBox2 loaded 1 chars with 0 blanks and 1 valid
7.2417 	DEBUG 	TextBox2 loaded 1 chars with 0 blanks and 1 valid
7.2528 	DEBUG 	TextBox2 loaded 1 chars with 0 blanks and 1 valid
7.2609 	DEBUG 	TextBox2 loaded 1 chars with 0 blanks and 1 valid
7.2611 	DEBUG 	Uploading Texture Font fontname to graphics card
7.2615 	DEBUG 	Upload of Texture Font fontname complete
7.3844 	INFO 	keyboard.Keyboard is using ptb backend.
7.3844 	EXP 	CRM_Spat: status = STARTED
7.4362 	EXP 	Created text_instruction = TextStim(__class__=<class 'psychopy.visual.text.TextStim'>, alignHoriz=method-wrapper(...), alignText='center', alignVert=method-wrapper(...), anchorHoriz='center', anchorVert='center', antialias=True, autoDraw=False, autoLog=True, bold=False, color=array([1., 1., 1.]), colorSpace='rgb', contrast=1.0, depth=0.0, draggable=False, flipHoriz=False, flipVert=False, font='Arial', fontFiles=[], height=np.float64(0.05), italic=False, languageStyle='LTR', name='text_instruction', opacity=1, ori=0.0, pos=array([0., 0.]), rgb=UNKNOWN, text='Selectionner la réponse', units='height', win=Window(...), wrapWidth=1)
7.4396 	DEBUG 	TextBox2 loaded 1 chars with 0 blanks and 1 valid
7.4398 	DEBUG 	Uploading Texture Font fontname to graphics card
7.4409 	DEBUG 	Upload of Texture Font fontname complete
7.4441 	DEBUG 	TextBox2 loaded 1 chars with 0 blanks and 1 valid
7.4446 	DEBUG 	TextBox2 loaded 1 chars with 0 blanks and 1 valid
7.4449 	DEBUG 	TextBox2 loaded 1 chars with 0 blanks and 1 valid
7.4454 	DEBUG 	TextBox2 loaded 1 chars with 0 blanks and 1 valid
7.4458 	DEBUG 	TextBox2 loaded 1 chars with 0 blanks and 1 valid
7.4460 	DEBUG 	TextBox2 loaded 1 chars with 0 blanks and 1 valid
7.4462 	DEBUG 	TextBox2 loaded 1 chars with 0 blanks and 1 valid
7.4468 	DEBUG 	TextBox2 loaded 1 chars with 0 blanks and 1 valid
7.4472 	DEBUG 	TextBox2 loaded 1 chars with 0 blanks and 1 valid
7.4474 	DEBUG 	TextBox2 loaded 1 chars with 0 blanks and 1 valid
7.4476 	DEBUG 	Uploading Texture Font fontname to graphics card
7.4480 	DEBUG 	Upload of Texture Font fontname complete
7.4510 	DEBUG 	TextBox2 loaded 1 chars with 0 blanks and 1 valid
7.4511 	DEBUG 	Uploading Texture Font fontname to graphics card
7.4528 	DEBUG 	Upload of Texture Font fontname complete
7.4583 	DEBUG 	TextBox2 loaded 1 chars with 0 blanks and 1 valid
7.4584 	DEBUG 	Uploading Texture Font fontname to graphics card
7.4601 	DEBUG 	Upload of Texture Font fontname complete
7.4655 	DEBUG 	TextBox2 loaded 1 chars with 0 blanks and 1 valid
7.4656 	DEBUG 	Uploading Texture Font fontname to graphics card
7.4676 	DEBUG 	Upload of Texture Font fontname complete
7.4734 	DEBUG 	TextBox2 loaded 1 chars with 0 blanks and 1 valid
7.4735 	DEBUG 	Uploading Texture Font fontname to graphics card
7.4751 	DEBUG 	Upload of Texture Font fontname complete
7.4805 	DEBUG 	TextBox2 loaded 1 chars with 0 blanks and 1 valid
7.4806 	DEBUG 	Uploading Texture Font fontname to graphics card
7.4821 	DEBUG 	Upload of Texture Font fontname complete
7.4877 	DEBUG 	TextBox2 loaded 1 chars with 0 blanks and 1 valid
7.4878 	DEBUG 	Uploading Texture Font fontname to graphics card
7.4910 	DEBUG 	Upload of Texture Font fontname complete
7.4969 	DEBUG 	TextBox2 loaded 1 chars with 0 blanks and 1 valid
7.4970 	DEBUG 	Uploading Texture Font fontname to graphics card
7.4986 	DEBUG 	Upload of Texture Font fontname complete
7.6274 	DEBUG 	TextBox2 loaded 1 chars with 0 blanks and 1 valid
7.6279 	DEBUG 	TextBox2 loaded 1 chars with 0 blanks and 1 valid
7.6283 	DEBUG 	TextBox2 loaded 1 chars with 0 blanks and 1 valid
7.6288 	DEBUG 	TextBox2 loaded 1 chars with 0 blanks and 1 valid
7.6293 	DEBUG 	TextBox2 loaded 1 chars with 0 blanks and 1 valid
7.6296 	DEBUG 	TextBox2 loaded 1 chars with 0 blanks and 1 valid
7.6300 	DEBUG 	TextBox2 loaded 1 chars with 0 blanks and 1 valid
7.6305 	DEBUG 	TextBox2 loaded 1 chars with 0 blanks and 1 valid
7.6308 	DEBUG 	TextBox2 loaded 1 chars with 0 blanks and 1 valid
7.6310 	DEBUG 	Uploading Texture Font fontname to graphics card
7.6326 	DEBUG 	Upload of Texture Font fontname complete
7.6374 	EXP 	Created text_instruction = TextStim(__class__=<class 'psychopy.visual.text.TextStim'>, alignHoriz=method-wrapper(...), alignText='center', alignVert=method-wrapper(...), anchorHoriz='center', anchorVert='center', antialias=True, autoDraw=False, autoLog=True, bold=False, color=array([1., 1., 1.]), colorSpace='rgb', contrast=1.0, depth=0.0, draggable=False, flipHoriz=False, flipVert=False, font='Arial', fontFiles=[], height=np.float64(0.05), italic=False, languageStyle='LTR', name='text_instruction', opacity=1, ori=0.0, pos=array([0., 0.]), rgb=UNKNOWN, text='Selectionner la réponse', units='height', win=Window(...), wrapWidth=1)
7.8592 	EXP 	Created text_instruction = TextStim(__class__=<class 'psychopy.visual.text.TextStim'>, alignHoriz=method-wrapper(...), alignText='center', alignVert=method-wrapper(...), anchorHoriz='center', anchorVert='center', antialias=True, autoDraw=False, autoLog=True, bold=False, color=array([1., 1., 1.]), colorSpace='rgb', contrast=1.0, depth=0.0, draggable=False, flipHoriz=False, flipVert=False, font='Arial', fontFiles=[], height=np.float64(0.05), italic=False, languageStyle='LTR', name='text_instruction', opacity=1, ori=0.0, pos=array([0., 0.]), rgb=UNKNOWN, text='Selectionner la réponse', units='height', win=Window(...), wrapWidth=1)
0.0365 	EXP 	text_instruction: autoDraw = True
0.7549 	DATA 	Mouse: Left button down, pos=(271,265)
0.7882 	EXP 	text_instruction: autoDraw = False
0.8573 	DATA 	Mouse:  Left button up, pos=(271,265)
1.7607 	DATA 	Mouse: Left button down, pos=(303,71)
1.8044 	EXP 	text_instruction: autoDraw = True
1.9382 	DATA 	Mouse:  Left button up, pos=(303,71)
2.5550 	DATA 	Mouse: Left button down, pos=(264,263)
2.5711 	EXP 	text_instruction: autoDraw = False
2.6550 	DATA 	Mouse:  Left button up, pos=(264,263)
3.1218 	DATA 	Mouse: Left button down, pos=(269,40)
3.1543 	EXP 	text_instruction: autoDraw = True
3.1893 	DATA 	Mouse:  Left button up, pos=(269,40)
3.7719 	DATA 	Mouse: Left button down, pos=(256,273)
3.7880 	EXP 	text_instruction: autoDraw = False
3.8717 	DATA 	Mouse:  Left button up, pos=(256,273)
4.3385 	DATA 	Mouse: Left button down, pos=(246,53)
4.3551 	EXP 	CRM_Spat: status = STOPPED
4.3577 	INFO 	saved data to 'C:\\Users\\chamery\\Documents\\Spat_CRM_Protocol\\Spat_CRM_Protocol\\src\\data\\pilot_CRM_Spat_2026-07-02_09h51.58.538.csv'
4.3582 	INFO 	saved data to C:\Users\chamery\Documents\Spat_CRM_Protocol\Spat_CRM_Protocol\src\data\pilot_CRM_Spat_2026-07-02_09h51.58.538.psydat
4.5525 	DEBUG 	Saving data for CRM_Spat ExperimentHandler
4.5540 	INFO 	Stopping keyboard key buffers.
