4.4961 	DEBUG 	Fullscreen settings ignored as running in pilot mode.
4.4966 	INFO 	Loaded monitor calibration from ['2026_07_01 09:38']
4.6418 	INFO 	Using renderer 'Intel(R) Arc(TM) Pro 140T GPU (16GB)' for graphics
4.6418 	INFO 	OpenGL version supported by driver is 4..
4.6676 	EXP 	Created window1 = Window(allowGUI=False, allowStencil=False, autoLog=True, backendConf=UNKNOWN, backgroundFit=<method-wrapper '__getattribute__' of attributeSetter object at 0x000001FD474FD630>, backgroundImage=<method-wrapper '__getattribute__' of attributeSetter object at 0x000001FD474FE290>, bitsMode=UNKNOWN, blendMode='avg', bpc=(8, 8, 8), color=array([0, 0, 0]), colorSpace='rgb', depthBits=8, fullscr=False, gamma=None, gammaErrorPolicy='raise', infoMsg=UNKNOWN, lms=UNKNOWN, monitor=<psychopy.monitors.calibTools.Monitor object at 0x000001FD4736CB50>, multiSample=False, name='window1', numSamples=2, pos=[np.float64(560.0), np.float64(300.0)], screen=0, size=array([800, 600]), stencilBits=0, stereo=False, title='PsychoPy', units='height', useFBO=True, useRetina=False, viewOri=0.0, viewPos=None, viewScale=None, waitBlanking=True, winType='pyglet')
4.6677 	EXP 	window1: backgroundImage = ''
4.6677 	EXP 	window1: backgroundFit = 'none'
4.6804 	DEBUG 	TextBox2 loaded 1 chars with 0 blanks and 1 valid
4.6880 	DEBUG 	TextBox2 loaded 1 chars with 0 blanks and 1 valid
4.6957 	DEBUG 	TextBox2 loaded 1 chars with 0 blanks and 1 valid
4.7034 	DEBUG 	TextBox2 loaded 1 chars with 0 blanks and 1 valid
4.7111 	DEBUG 	TextBox2 loaded 1 chars with 0 blanks and 1 valid
4.7185 	DEBUG 	TextBox2 loaded 1 chars with 0 blanks and 1 valid
4.7281 	DEBUG 	TextBox2 loaded 1 chars with 0 blanks and 1 valid
4.7383 	DEBUG 	TextBox2 loaded 1 chars with 0 blanks and 1 valid
4.7464 	DEBUG 	TextBox2 loaded 1 chars with 0 blanks and 1 valid
4.7561 	DEBUG 	TextBox2 loaded 1 chars with 0 blanks and 1 valid
4.7639 	DEBUG 	TextBox2 loaded 1 chars with 0 blanks and 1 valid
4.7715 	DEBUG 	TextBox2 loaded 1 chars with 0 blanks and 1 valid
4.7791 	DEBUG 	TextBox2 loaded 1 chars with 0 blanks and 1 valid
4.7867 	DEBUG 	TextBox2 loaded 1 chars with 0 blanks and 1 valid
4.7943 	DEBUG 	TextBox2 loaded 1 chars with 0 blanks and 1 valid
4.8019 	DEBUG 	TextBox2 loaded 1 chars with 0 blanks and 1 valid
4.8096 	DEBUG 	TextBox2 loaded 1 chars with 0 blanks and 1 valid
4.8170 	DEBUG 	TextBox2 loaded 1 chars with 0 blanks and 1 valid
4.8245 	DEBUG 	TextBox2 loaded 1 chars with 0 blanks and 1 valid
4.8323 	DEBUG 	TextBox2 loaded 1 chars with 0 blanks and 1 valid
4.8398 	DEBUG 	TextBox2 loaded 1 chars with 0 blanks and 1 valid
4.8401 	DEBUG 	Uploading Texture Font fontname to graphics card
4.8495 	DEBUG 	Upload of Texture Font fontname complete
4.8610 	DEBUG 	TextBox2 loaded 1 chars with 0 blanks and 1 valid
4.8688 	DEBUG 	TextBox2 loaded 1 chars with 0 blanks and 1 valid
4.8772 	DEBUG 	TextBox2 loaded 1 chars with 0 blanks and 1 valid
4.8774 	DEBUG 	Uploading Texture Font fontname to graphics card
4.8858 	DEBUG 	Upload of Texture Font fontname complete
4.8870 	EXP 	window1: Attempting to measure frame rate of screen (0) ...
4.8870 	EXP 	window1: recordFrameIntervals = False
5.0549 	EXP 	window1: recordFrameIntervals = True
6.7215 	EXP 	window1: recordFrameIntervals = False
6.7216 	EXP 	Screen (0) actual frame rate measured at 59.88Hz
6.7321 	DEBUG 	TextBox2 loaded 1 chars with 0 blanks and 1 valid
6.7397 	DEBUG 	TextBox2 loaded 1 chars with 0 blanks and 1 valid
6.7489 	DEBUG 	TextBox2 loaded 1 chars with 0 blanks and 1 valid
6.7568 	DEBUG 	TextBox2 loaded 1 chars with 0 blanks and 1 valid
6.7647 	DEBUG 	TextBox2 loaded 1 chars with 0 blanks and 1 valid
6.7725 	DEBUG 	TextBox2 loaded 1 chars with 0 blanks and 1 valid
6.7801 	DEBUG 	TextBox2 loaded 1 chars with 0 blanks and 1 valid
6.7878 	DEBUG 	TextBox2 loaded 1 chars with 0 blanks and 1 valid
6.7958 	DEBUG 	TextBox2 loaded 1 chars with 0 blanks and 1 valid
6.8059 	DEBUG 	TextBox2 loaded 1 chars with 0 blanks and 1 valid
6.8062 	DEBUG 	Uploading Texture Font fontname to graphics card
6.8066 	DEBUG 	Upload of Texture Font fontname complete
6.9189 	INFO 	keyboard.Keyboard is using ptb backend.
6.9190 	EXP 	CRM_Spat: status = STARTED
6.9707 	EXP 	Created text_instruction = TextStim(__class__=<class 'psychopy.visual.text.TextStim'>, alignHoriz=method-wrapper(...), alignText='center', alignVert=method-wrapper(...), anchorHoriz='center', anchorVert='center', antialias=True, autoDraw=False, autoLog=True, bold=False, color=array([1., 1., 1.]), colorSpace='rgb', contrast=1.0, depth=0.0, draggable=False, flipHoriz=False, flipVert=False, font='Arial', fontFiles=[], height=np.float64(0.05), italic=False, languageStyle='LTR', name='text_instruction', opacity=1, ori=0.0, pos=array([0., 0.]), rgb=UNKNOWN, text='Selectionner la réponse', units='height', win=Window(...), wrapWidth=1)
6.9736 	DEBUG 	TextBox2 loaded 1 chars with 0 blanks and 1 valid
6.9737 	DEBUG 	Uploading Texture Font fontname to graphics card
6.9752 	DEBUG 	Upload of Texture Font fontname complete
6.9782 	DEBUG 	TextBox2 loaded 1 chars with 0 blanks and 1 valid
6.9788 	DEBUG 	TextBox2 loaded 1 chars with 0 blanks and 1 valid
6.9790 	DEBUG 	TextBox2 loaded 1 chars with 0 blanks and 1 valid
6.9795 	DEBUG 	TextBox2 loaded 1 chars with 0 blanks and 1 valid
6.9799 	DEBUG 	TextBox2 loaded 1 chars with 0 blanks and 1 valid
6.9801 	DEBUG 	TextBox2 loaded 1 chars with 0 blanks and 1 valid
6.9803 	DEBUG 	TextBox2 loaded 1 chars with 0 blanks and 1 valid
6.9808 	DEBUG 	TextBox2 loaded 1 chars with 0 blanks and 1 valid
6.9812 	DEBUG 	TextBox2 loaded 1 chars with 0 blanks and 1 valid
6.9814 	DEBUG 	TextBox2 loaded 1 chars with 0 blanks and 1 valid
6.9816 	DEBUG 	Uploading Texture Font fontname to graphics card
6.9820 	DEBUG 	Upload of Texture Font fontname complete
6.9852 	DEBUG 	TextBox2 loaded 1 chars with 0 blanks and 1 valid
6.9853 	DEBUG 	Uploading Texture Font fontname to graphics card
6.9897 	DEBUG 	Upload of Texture Font fontname complete
6.9950 	DEBUG 	TextBox2 loaded 1 chars with 0 blanks and 1 valid
6.9951 	DEBUG 	Uploading Texture Font fontname to graphics card
6.9985 	DEBUG 	Upload of Texture Font fontname complete
7.0040 	DEBUG 	TextBox2 loaded 1 chars with 0 blanks and 1 valid
7.0041 	DEBUG 	Uploading Texture Font fontname to graphics card
7.0065 	DEBUG 	Upload of Texture Font fontname complete
7.0117 	DEBUG 	TextBox2 loaded 1 chars with 0 blanks and 1 valid
7.0118 	DEBUG 	Uploading Texture Font fontname to graphics card
7.0165 	DEBUG 	Upload of Texture Font fontname complete
7.0221 	DEBUG 	TextBox2 loaded 1 chars with 0 blanks and 1 valid
7.0222 	DEBUG 	Uploading Texture Font fontname to graphics card
7.0259 	DEBUG 	Upload of Texture Font fontname complete
7.0312 	DEBUG 	TextBox2 loaded 1 chars with 0 blanks and 1 valid
7.0313 	DEBUG 	Uploading Texture Font fontname to graphics card
7.0351 	DEBUG 	Upload of Texture Font fontname complete
7.0410 	DEBUG 	TextBox2 loaded 1 chars with 0 blanks and 1 valid
7.0411 	DEBUG 	Uploading Texture Font fontname to graphics card
7.0452 	DEBUG 	Upload of Texture Font fontname complete
7.1651 	DEBUG 	TextBox2 loaded 1 chars with 0 blanks and 1 valid
7.1655 	DEBUG 	TextBox2 loaded 1 chars with 0 blanks and 1 valid
7.1657 	DEBUG 	TextBox2 loaded 1 chars with 0 blanks and 1 valid
7.1659 	DEBUG 	TextBox2 loaded 1 chars with 0 blanks and 1 valid
7.1662 	DEBUG 	TextBox2 loaded 1 chars with 0 blanks and 1 valid
7.1666 	DEBUG 	TextBox2 loaded 1 chars with 0 blanks and 1 valid
7.1668 	DEBUG 	TextBox2 loaded 1 chars with 0 blanks and 1 valid
7.1671 	DEBUG 	TextBox2 loaded 1 chars with 0 blanks and 1 valid
7.1674 	DEBUG 	TextBox2 loaded 1 chars with 0 blanks and 1 valid
7.1676 	DEBUG 	TextBox2 loaded 1 chars with 0 blanks and 1 valid
7.1679 	DEBUG 	TextBox2 loaded 1 chars with 0 blanks and 1 valid
7.1682 	DEBUG 	TextBox2 loaded 1 chars with 0 blanks and 1 valid
7.1683 	DEBUG 	Uploading Texture Font fontname to graphics card
7.1735 	DEBUG 	Upload of Texture Font fontname complete
7.1766 	DEBUG 	TextBox2 loaded 1 chars with 0 blanks and 1 valid
7.1769 	DEBUG 	TextBox2 loaded 1 chars with 0 blanks and 1 valid
7.1772 	DEBUG 	TextBox2 loaded 1 chars with 0 blanks and 1 valid
7.1776 	DEBUG 	TextBox2 loaded 1 chars with 0 blanks and 1 valid
7.1778 	DEBUG 	TextBox2 loaded 1 chars with 0 blanks and 1 valid
7.1779 	DEBUG 	Uploading Texture Font fontname to graphics card
7.1844 	DEBUG 	Upload of Texture Font fontname complete
7.1873 	DEBUG 	TextBox2 loaded 1 chars with 0 blanks and 1 valid
7.1874 	DEBUG 	Uploading Texture Font fontname to graphics card
7.1931 	DEBUG 	Upload of Texture Font fontname complete
7.1985 	DEBUG 	TextBox2 loaded 1 chars with 0 blanks and 1 valid
7.1988 	DEBUG 	TextBox2 loaded 1 chars with 0 blanks and 1 valid
7.1989 	DEBUG 	Uploading Texture Font fontname to graphics card
7.2041 	DEBUG 	Upload of Texture Font fontname complete
7.2245 	DEBUG 	TextBox2 loaded 1 chars with 0 blanks and 1 valid
7.2249 	DEBUG 	TextBox2 loaded 1 chars with 0 blanks and 1 valid
7.2253 	DEBUG 	TextBox2 loaded 1 chars with 0 blanks and 1 valid
7.2254 	DEBUG 	Uploading Texture Font fontname to graphics card
7.2292 	DEBUG 	Upload of Texture Font fontname complete
7.2932 	DEBUG 	TextBox2 loaded 1 chars with 0 blanks and 1 valid
7.2935 	DEBUG 	TextBox2 loaded 1 chars with 0 blanks and 1 valid
7.2938 	DEBUG 	TextBox2 loaded 1 chars with 0 blanks and 1 valid
7.2942 	DEBUG 	TextBox2 loaded 1 chars with 0 blanks and 1 valid
7.2944 	DEBUG 	TextBox2 loaded 1 chars with 0 blanks and 1 valid
7.2945 	DEBUG 	Uploading Texture Font fontname to graphics card
7.3004 	DEBUG 	Upload of Texture Font fontname complete
7.3104 	DEBUG 	TextBox2 loaded 1 chars with 0 blanks and 1 valid
7.3105 	DEBUG 	Uploading Texture Font fontname to graphics card
7.3153 	DEBUG 	Upload of Texture Font fontname complete
7.3206 	DEBUG 	TextBox2 loaded 1 chars with 0 blanks and 1 valid
7.3207 	DEBUG 	Uploading Texture Font fontname to graphics card
7.3241 	DEBUG 	Upload of Texture Font fontname complete
7.3287 	EXP 	Created text_instruction = TextStim(__class__=<class 'psychopy.visual.text.TextStim'>, alignHoriz=method-wrapper(...), alignText='center', alignVert=method-wrapper(...), anchorHoriz='center', anchorVert='center', antialias=True, autoDraw=False, autoLog=True, bold=False, color=array([1., 1., 1.]), colorSpace='rgb', contrast=1.0, depth=0.0, draggable=False, flipHoriz=False, flipVert=False, font='Arial', fontFiles=[], height=np.float64(0.05), italic=False, languageStyle='LTR', name='text_instruction', opacity=1, ori=0.0, pos=array([0., 0.]), rgb=UNKNOWN, text='Selectionner la réponse', units='height', win=Window(...), wrapWidth=1)
7.5465 	EXP 	Created text_instruction = TextStim(__class__=<class 'psychopy.visual.text.TextStim'>, alignHoriz=method-wrapper(...), alignText='center', alignVert=method-wrapper(...), anchorHoriz='center', anchorVert='center', antialias=True, autoDraw=False, autoLog=True, bold=False, color=array([1., 1., 1.]), colorSpace='rgb', contrast=1.0, depth=0.0, draggable=False, flipHoriz=False, flipVert=False, font='Arial', fontFiles=[], height=np.float64(0.05), italic=False, languageStyle='LTR', name='text_instruction', opacity=1, ori=0.0, pos=array([0., 0.]), rgb=UNKNOWN, text='Selectionner la réponse', units='height', win=Window(...), wrapWidth=1)
0.0421 	EXP 	text_instruction: autoDraw = True
0.6600 	DATA 	Mouse: Left button down, pos=(265,343)
0.6768 	EXP 	text_instruction: autoDraw = False
0.7772 	DATA 	Mouse:  Left button up, pos=(265,343)
19.0671 	DATA 	Mouse: Left button down, pos=(314,132)
19.1094 	EXP 	text_instruction: autoDraw = True
19.1769 	DATA 	Mouse:  Left button up, pos=(314,132)
19.4107 	DATA 	Mouse: Left button down, pos=(314,132)
19.5110 	DATA 	Mouse:  Left button up, pos=(314,132)
19.7599 	DATA 	Mouse: Left button down, pos=(353,153)
19.7944 	EXP 	text_instruction: autoDraw = False
19.8445 	DATA 	Mouse:  Left button up, pos=(353,153)
20.4269 	DATA 	Mouse: Left button down, pos=(352,169)
20.4595 	EXP 	text_instruction: autoDraw = True
20.5275 	DATA 	Mouse:  Left button up, pos=(352,169)
20.8051 	DATA 	Mouse: Left button down, pos=(354,178)
20.8434 	EXP 	text_instruction: autoDraw = False
20.8950 	DATA 	Mouse:  Left button up, pos=(354,178)
21.1443 	DATA 	Mouse: Left button down, pos=(354,178)
21.1607 	EXP 	CRM_Spat: status = STOPPED
21.1638 	INFO 	saved data to 'C:\\Users\\chamery\\Documents\\Spat_CRM_Protocol\\Spat_CRM_Protocol\\src\\data\\pilot_CRM_Spat_2026-07-02_10h24.16.835.csv'
21.1644 	INFO 	saved data to C:\Users\chamery\Documents\Spat_CRM_Protocol\Spat_CRM_Protocol\src\data\pilot_CRM_Spat_2026-07-02_10h24.16.835.psydat
21.3319 	DEBUG 	Saving data for CRM_Spat ExperimentHandler
21.3334 	INFO 	Stopping keyboard key buffers.
