5.0852 	DEBUG 	Fullscreen settings ignored as running in pilot mode.
5.0860 	INFO 	Loaded monitor calibration from ['2026_07_01 09:38']
5.2327 	INFO 	Using renderer 'Intel(R) Arc(TM) Pro 140T GPU (16GB)' for graphics
5.2328 	INFO 	OpenGL version supported by driver is 4..
5.2604 	EXP 	Created window1 = Window(allowGUI=False, allowStencil=False, autoLog=True, backendConf=UNKNOWN, backgroundFit=<method-wrapper '__getattribute__' of attributeSetter object at 0x000002240FF4B8E0>, backgroundImage=<method-wrapper '__getattribute__' of attributeSetter object at 0x000002240FF4B880>, bitsMode=UNKNOWN, blendMode='avg', bpc=(8, 8, 8), color=array([0, 0, 0]), colorSpace='rgb', depthBits=8, fullscr=False, gamma=None, gammaErrorPolicy='raise', infoMsg=UNKNOWN, lms=UNKNOWN, monitor=<psychopy.monitors.calibTools.Monitor object at 0x000002240F030BB0>, multiSample=False, name='window1', numSamples=2, pos=[np.float64(560.0), np.float64(300.0)], screen=0, size=array([800, 600]), stencilBits=0, stereo=False, title='PsychoPy', units='height', useFBO=True, useRetina=False, viewOri=0.0, viewPos=None, viewScale=None, waitBlanking=True, winType='pyglet')
5.2605 	EXP 	window1: backgroundImage = ''
5.2605 	EXP 	window1: backgroundFit = 'none'
5.2735 	DEBUG 	TextBox2 loaded 1 chars with 0 blanks and 1 valid
5.2823 	DEBUG 	TextBox2 loaded 1 chars with 0 blanks and 1 valid
5.2904 	DEBUG 	TextBox2 loaded 1 chars with 0 blanks and 1 valid
5.2986 	DEBUG 	TextBox2 loaded 1 chars with 0 blanks and 1 valid
5.3067 	DEBUG 	TextBox2 loaded 1 chars with 0 blanks and 1 valid
5.3145 	DEBUG 	TextBox2 loaded 1 chars with 0 blanks and 1 valid
5.3232 	DEBUG 	TextBox2 loaded 1 chars with 0 blanks and 1 valid
5.3319 	DEBUG 	TextBox2 loaded 1 chars with 0 blanks and 1 valid
5.3397 	DEBUG 	TextBox2 loaded 1 chars with 0 blanks and 1 valid
5.3476 	DEBUG 	TextBox2 loaded 1 chars with 0 blanks and 1 valid
5.3573 	DEBUG 	TextBox2 loaded 1 chars with 0 blanks and 1 valid
5.3663 	DEBUG 	TextBox2 loaded 1 chars with 0 blanks and 1 valid
5.3742 	DEBUG 	TextBox2 loaded 1 chars with 0 blanks and 1 valid
5.3822 	DEBUG 	TextBox2 loaded 1 chars with 0 blanks and 1 valid
5.3927 	DEBUG 	TextBox2 loaded 1 chars with 0 blanks and 1 valid
5.4007 	DEBUG 	TextBox2 loaded 1 chars with 0 blanks and 1 valid
5.4086 	DEBUG 	TextBox2 loaded 1 chars with 0 blanks and 1 valid
5.4164 	DEBUG 	TextBox2 loaded 1 chars with 0 blanks and 1 valid
5.4264 	DEBUG 	TextBox2 loaded 1 chars with 0 blanks and 1 valid
5.4355 	DEBUG 	TextBox2 loaded 1 chars with 0 blanks and 1 valid
5.4434 	DEBUG 	TextBox2 loaded 1 chars with 0 blanks and 1 valid
5.4437 	DEBUG 	Uploading Texture Font fontname to graphics card
5.4484 	DEBUG 	Upload of Texture Font fontname complete
5.4598 	DEBUG 	TextBox2 loaded 1 chars with 0 blanks and 1 valid
5.4680 	DEBUG 	TextBox2 loaded 1 chars with 0 blanks and 1 valid
5.4761 	DEBUG 	TextBox2 loaded 1 chars with 0 blanks and 1 valid
5.4763 	DEBUG 	Uploading Texture Font fontname to graphics card
5.4796 	DEBUG 	Upload of Texture Font fontname complete
5.4807 	EXP 	window1: Attempting to measure frame rate of screen (0) ...
5.4808 	EXP 	window1: recordFrameIntervals = False
5.6478 	EXP 	window1: recordFrameIntervals = True
6.7010 	WARNING 	t of last frame was 20.20ms (=1/49)
7.3135 	EXP 	window1: recordFrameIntervals = False
7.3135 	EXP 	Screen (0) actual frame rate measured at 60.41Hz
7.3427 	DEBUG 	TextBox2 loaded 1 chars with 0 blanks and 1 valid
7.3534 	DEBUG 	TextBox2 loaded 1 chars with 0 blanks and 1 valid
7.3646 	DEBUG 	TextBox2 loaded 1 chars with 0 blanks and 1 valid
7.3728 	DEBUG 	TextBox2 loaded 1 chars with 0 blanks and 1 valid
7.3809 	DEBUG 	TextBox2 loaded 1 chars with 0 blanks and 1 valid
7.3890 	DEBUG 	TextBox2 loaded 1 chars with 0 blanks and 1 valid
7.3971 	DEBUG 	TextBox2 loaded 1 chars with 0 blanks and 1 valid
7.4052 	DEBUG 	TextBox2 loaded 1 chars with 0 blanks and 1 valid
7.4134 	DEBUG 	TextBox2 loaded 1 chars with 0 blanks and 1 valid
7.4216 	DEBUG 	TextBox2 loaded 1 chars with 0 blanks and 1 valid
7.4219 	DEBUG 	Uploading Texture Font fontname to graphics card
7.4226 	DEBUG 	Upload of Texture Font fontname complete
7.5427 	INFO 	keyboard.Keyboard is using ptb backend.
7.5428 	EXP 	CRM_Spat: status = STARTED
7.5990 	EXP 	Created text_instruction = TextStim(__class__=<class 'psychopy.visual.text.TextStim'>, alignHoriz=method-wrapper(...), alignText='center', alignVert=method-wrapper(...), anchorHoriz='center', anchorVert='center', antialias=True, autoDraw=False, autoLog=True, bold=False, color=array([1., 1., 1.]), colorSpace='rgb', contrast=1.0, depth=0.0, draggable=False, flipHoriz=False, flipVert=False, font='Arial', fontFiles=[], height=np.float64(0.05), italic=False, languageStyle='LTR', name='text_instruction', opacity=1, ori=0.0, pos=array([0., 0.]), rgb=UNKNOWN, text='Selectionner la réponse', units='height', win=Window(...), wrapWidth=1)
7.6018 	DEBUG 	TextBox2 loaded 1 chars with 0 blanks and 1 valid
7.6019 	DEBUG 	Uploading Texture Font fontname to graphics card
7.6031 	DEBUG 	Upload of Texture Font fontname complete
7.6062 	DEBUG 	TextBox2 loaded 1 chars with 0 blanks and 1 valid
7.6068 	DEBUG 	TextBox2 loaded 1 chars with 0 blanks and 1 valid
7.6070 	DEBUG 	TextBox2 loaded 1 chars with 0 blanks and 1 valid
7.6076 	DEBUG 	TextBox2 loaded 1 chars with 0 blanks and 1 valid
7.6080 	DEBUG 	TextBox2 loaded 1 chars with 0 blanks and 1 valid
7.6082 	DEBUG 	TextBox2 loaded 1 chars with 0 blanks and 1 valid
7.6084 	DEBUG 	TextBox2 loaded 1 chars with 0 blanks and 1 valid
7.6090 	DEBUG 	TextBox2 loaded 1 chars with 0 blanks and 1 valid
7.6093 	DEBUG 	TextBox2 loaded 1 chars with 0 blanks and 1 valid
7.6096 	DEBUG 	TextBox2 loaded 1 chars with 0 blanks and 1 valid
7.6098 	DEBUG 	Uploading Texture Font fontname to graphics card
7.6102 	DEBUG 	Upload of Texture Font fontname complete
7.6133 	DEBUG 	TextBox2 loaded 1 chars with 0 blanks and 1 valid
7.6134 	DEBUG 	Uploading Texture Font fontname to graphics card
7.6149 	DEBUG 	Upload of Texture Font fontname complete
7.6206 	DEBUG 	TextBox2 loaded 1 chars with 0 blanks and 1 valid
7.6207 	DEBUG 	Uploading Texture Font fontname to graphics card
7.6223 	DEBUG 	Upload of Texture Font fontname complete
7.6279 	DEBUG 	TextBox2 loaded 1 chars with 0 blanks and 1 valid
7.6282 	DEBUG 	Uploading Texture Font fontname to graphics card
7.6298 	DEBUG 	Upload of Texture Font fontname complete
7.6360 	DEBUG 	TextBox2 loaded 1 chars with 0 blanks and 1 valid
7.6361 	DEBUG 	Uploading Texture Font fontname to graphics card
7.6375 	DEBUG 	Upload of Texture Font fontname complete
7.6431 	DEBUG 	TextBox2 loaded 1 chars with 0 blanks and 1 valid
7.6433 	DEBUG 	Uploading Texture Font fontname to graphics card
7.6449 	DEBUG 	Upload of Texture Font fontname complete
7.6507 	DEBUG 	TextBox2 loaded 1 chars with 0 blanks and 1 valid
7.6508 	DEBUG 	Uploading Texture Font fontname to graphics card
7.6521 	DEBUG 	Upload of Texture Font fontname complete
7.6577 	DEBUG 	TextBox2 loaded 1 chars with 0 blanks and 1 valid
7.6579 	DEBUG 	Uploading Texture Font fontname to graphics card
7.6594 	DEBUG 	Upload of Texture Font fontname complete
7.7910 	DEBUG 	TextBox2 loaded 1 chars with 0 blanks and 1 valid
7.7915 	DEBUG 	TextBox2 loaded 1 chars with 0 blanks and 1 valid
7.7919 	DEBUG 	TextBox2 loaded 1 chars with 0 blanks and 1 valid
7.7924 	DEBUG 	TextBox2 loaded 1 chars with 0 blanks and 1 valid
7.7927 	DEBUG 	TextBox2 loaded 1 chars with 0 blanks and 1 valid
7.7931 	DEBUG 	TextBox2 loaded 1 chars with 0 blanks and 1 valid
7.7936 	DEBUG 	TextBox2 loaded 1 chars with 0 blanks and 1 valid
7.7940 	DEBUG 	TextBox2 loaded 1 chars with 0 blanks and 1 valid
7.7941 	DEBUG 	Uploading Texture Font fontname to graphics card
7.7958 	DEBUG 	Upload of Texture Font fontname complete
7.8012 	DEBUG 	TextBox2 loaded 1 chars with 0 blanks and 1 valid
7.8017 	DEBUG 	TextBox2 loaded 1 chars with 0 blanks and 1 valid
7.8018 	DEBUG 	Uploading Texture Font fontname to graphics card
7.8035 	DEBUG 	Upload of Texture Font fontname complete
7.8084 	EXP 	Created text_instruction = TextStim(__class__=<class 'psychopy.visual.text.TextStim'>, alignHoriz=method-wrapper(...), alignText='center', alignVert=method-wrapper(...), anchorHoriz='center', anchorVert='center', antialias=True, autoDraw=False, autoLog=True, bold=False, color=array([1., 1., 1.]), colorSpace='rgb', contrast=1.0, depth=0.0, draggable=False, flipHoriz=False, flipVert=False, font='Arial', fontFiles=[], height=np.float64(0.05), italic=False, languageStyle='LTR', name='text_instruction', opacity=1, ori=0.0, pos=array([0., 0.]), rgb=UNKNOWN, text='Selectionner la réponse', units='height', win=Window(...), wrapWidth=1)
8.0336 	EXP 	Created text_instruction = TextStim(__class__=<class 'psychopy.visual.text.TextStim'>, alignHoriz=method-wrapper(...), alignText='center', alignVert=method-wrapper(...), anchorHoriz='center', anchorVert='center', antialias=True, autoDraw=False, autoLog=True, bold=False, color=array([1., 1., 1.]), colorSpace='rgb', contrast=1.0, depth=0.0, draggable=False, flipHoriz=False, flipVert=False, font='Arial', fontFiles=[], height=np.float64(0.05), italic=False, languageStyle='LTR', name='text_instruction', opacity=1, ori=0.0, pos=array([0., 0.]), rgb=UNKNOWN, text='Selectionner la réponse', units='height', win=Window(...), wrapWidth=1)
0.0457 	EXP 	text_instruction: autoDraw = True
0.7375 	DATA 	Mouse: Left button down, pos=(251,416)
0.7813 	EXP 	text_instruction: autoDraw = False
0.8315 	DATA 	Mouse:  Left button up, pos=(251,416)
1.7156 	DATA 	Mouse: Left button down, pos=(345,186)
1.7461 	EXP 	text_instruction: autoDraw = True
1.8476 	DATA 	Mouse:  Left button up, pos=(345,186)
2.4223 	DATA 	Mouse: Left button down, pos=(267,440)
2.4635 	EXP 	text_instruction: autoDraw = False
2.5149 	DATA 	Mouse:  Left button up, pos=(267,440)
4.2810 	DATA 	Mouse: Left button down, pos=(328,204)
4.3128 	EXP 	text_instruction: autoDraw = True
4.3614 	DATA 	Mouse:  Left button up, pos=(328,204)
4.8812 	DATA 	Mouse: Left button down, pos=(263,453)
4.8969 	EXP 	text_instruction: autoDraw = False
4.9987 	DATA 	Mouse:  Left button up, pos=(263,453)
5.6654 	DATA 	Mouse: Left button down, pos=(352,159)
5.6812 	EXP 	CRM_Spat: status = STOPPED
5.6837 	INFO 	saved data to 'C:\\Users\\chamery\\Documents\\Spat_CRM_Protocol\\Spat_CRM_Protocol\\src\\data\\pilot_CRM_Spat_2026-07-02_09h54.11.888.csv'
5.6842 	INFO 	saved data to C:\Users\chamery\Documents\Spat_CRM_Protocol\Spat_CRM_Protocol\src\data\pilot_CRM_Spat_2026-07-02_09h54.11.888.psydat
5.8710 	DEBUG 	Saving data for CRM_Spat ExperimentHandler
5.8720 	INFO 	Stopping keyboard key buffers.
