5.2032 	DEBUG 	Fullscreen settings ignored as running in pilot mode.
5.2046 	INFO 	Loaded monitor calibration from ['2026_07_01 09:38']
5.3585 	INFO 	Using renderer 'Intel(R) Arc(TM) Pro 140T GPU (16GB)' for graphics
5.3585 	INFO 	OpenGL version supported by driver is 4..
5.3835 	EXP 	Created window1 = Window(allowGUI=False, allowStencil=False, autoLog=True, backendConf=UNKNOWN, backgroundFit=<method-wrapper '__getattribute__' of attributeSetter object at 0x000001F582267040>, backgroundImage=<method-wrapper '__getattribute__' of attributeSetter object at 0x000001F5822670A0>, bitsMode=UNKNOWN, blendMode='avg', bpc=(8, 8, 8), color=array([0, 0, 0]), colorSpace='rgb', depthBits=8, fullscr=False, gamma=None, gammaErrorPolicy='raise', infoMsg=UNKNOWN, lms=UNKNOWN, monitor=<psychopy.monitors.calibTools.Monitor object at 0x000001F589C2EA70>, multiSample=False, name='window1', numSamples=2, pos=[np.float64(560.0), np.float64(300.0)], screen=0, size=array([800, 600]), stencilBits=0, stereo=False, title='PsychoPy', units='height', useFBO=True, useRetina=False, viewOri=0.0, viewPos=None, viewScale=None, waitBlanking=True, winType='pyglet')
5.3835 	EXP 	window1: backgroundImage = ''
5.3835 	EXP 	window1: backgroundFit = 'none'
5.3970 	DEBUG 	TextBox2 loaded 1 chars with 0 blanks and 1 valid
5.4051 	DEBUG 	TextBox2 loaded 1 chars with 0 blanks and 1 valid
5.4133 	DEBUG 	TextBox2 loaded 1 chars with 0 blanks and 1 valid
5.4228 	DEBUG 	TextBox2 loaded 1 chars with 0 blanks and 1 valid
5.4318 	DEBUG 	TextBox2 loaded 1 chars with 0 blanks and 1 valid
5.4399 	DEBUG 	TextBox2 loaded 1 chars with 0 blanks and 1 valid
5.4483 	DEBUG 	TextBox2 loaded 1 chars with 0 blanks and 1 valid
5.4590 	DEBUG 	TextBox2 loaded 1 chars with 0 blanks and 1 valid
5.4671 	DEBUG 	TextBox2 loaded 1 chars with 0 blanks and 1 valid
5.4753 	DEBUG 	TextBox2 loaded 1 chars with 0 blanks and 1 valid
5.4834 	DEBUG 	TextBox2 loaded 1 chars with 0 blanks and 1 valid
5.4919 	DEBUG 	TextBox2 loaded 1 chars with 0 blanks and 1 valid
5.5002 	DEBUG 	TextBox2 loaded 1 chars with 0 blanks and 1 valid
5.5108 	DEBUG 	TextBox2 loaded 1 chars with 0 blanks and 1 valid
5.5241 	DEBUG 	TextBox2 loaded 1 chars with 0 blanks and 1 valid
5.5328 	DEBUG 	TextBox2 loaded 1 chars with 0 blanks and 1 valid
5.5415 	DEBUG 	TextBox2 loaded 1 chars with 0 blanks and 1 valid
5.5502 	DEBUG 	TextBox2 loaded 1 chars with 0 blanks and 1 valid
5.5580 	DEBUG 	TextBox2 loaded 1 chars with 0 blanks and 1 valid
5.5670 	DEBUG 	TextBox2 loaded 1 chars with 0 blanks and 1 valid
5.5749 	DEBUG 	TextBox2 loaded 1 chars with 0 blanks and 1 valid
5.5751 	DEBUG 	Uploading Texture Font fontname to graphics card
5.5811 	DEBUG 	Upload of Texture Font fontname complete
5.5925 	DEBUG 	TextBox2 loaded 1 chars with 0 blanks and 1 valid
5.6007 	DEBUG 	TextBox2 loaded 1 chars with 0 blanks and 1 valid
5.6086 	DEBUG 	TextBox2 loaded 1 chars with 0 blanks and 1 valid
5.6088 	DEBUG 	Uploading Texture Font fontname to graphics card
5.6130 	DEBUG 	Upload of Texture Font fontname complete
5.6141 	EXP 	window1: Attempting to measure frame rate of screen (0) ...
5.6141 	EXP 	window1: recordFrameIntervals = False
5.7758 	EXP 	window1: recordFrameIntervals = True
7.4431 	EXP 	window1: recordFrameIntervals = False
7.4432 	EXP 	Screen (0) actual frame rate measured at 60.28Hz
7.4720 	DEBUG 	TextBox2 loaded 1 chars with 0 blanks and 1 valid
7.4854 	DEBUG 	TextBox2 loaded 1 chars with 0 blanks and 1 valid
7.4935 	DEBUG 	TextBox2 loaded 1 chars with 0 blanks and 1 valid
7.5018 	DEBUG 	TextBox2 loaded 1 chars with 0 blanks and 1 valid
7.5101 	DEBUG 	TextBox2 loaded 1 chars with 0 blanks and 1 valid
7.5182 	DEBUG 	TextBox2 loaded 1 chars with 0 blanks and 1 valid
7.5266 	DEBUG 	TextBox2 loaded 1 chars with 0 blanks and 1 valid
7.5347 	DEBUG 	TextBox2 loaded 1 chars with 0 blanks and 1 valid
7.5429 	DEBUG 	TextBox2 loaded 1 chars with 0 blanks and 1 valid
7.5509 	DEBUG 	TextBox2 loaded 1 chars with 0 blanks and 1 valid
7.5512 	DEBUG 	Uploading Texture Font fontname to graphics card
7.5518 	DEBUG 	Upload of Texture Font fontname complete
7.6694 	INFO 	keyboard.Keyboard is using ptb backend.
7.6695 	EXP 	CRM_Spat: status = STARTED
7.7213 	EXP 	Created text_instruction = TextStim(__class__=<class 'psychopy.visual.text.TextStim'>, alignHoriz=method-wrapper(...), alignText='center', alignVert=method-wrapper(...), anchorHoriz='center', anchorVert='center', antialias=True, autoDraw=False, autoLog=True, bold=False, color=array([1., 1., 1.]), colorSpace='rgb', contrast=1.0, depth=0.0, draggable=False, flipHoriz=False, flipVert=False, font='Arial', fontFiles=[], height=np.float64(0.05), italic=False, languageStyle='LTR', name='text_instruction', opacity=1, ori=0.0, pos=array([0., 0.]), rgb=UNKNOWN, text='Selectionner la réponse', units='height', win=Window(...), wrapWidth=1)
7.7243 	DEBUG 	TextBox2 loaded 1 chars with 0 blanks and 1 valid
7.7245 	DEBUG 	Uploading Texture Font fontname to graphics card
7.7260 	DEBUG 	Upload of Texture Font fontname complete
7.7295 	DEBUG 	TextBox2 loaded 1 chars with 0 blanks and 1 valid
7.7300 	DEBUG 	TextBox2 loaded 1 chars with 0 blanks and 1 valid
7.7302 	DEBUG 	TextBox2 loaded 1 chars with 0 blanks and 1 valid
7.7308 	DEBUG 	TextBox2 loaded 1 chars with 0 blanks and 1 valid
7.7312 	DEBUG 	TextBox2 loaded 1 chars with 0 blanks and 1 valid
7.7314 	DEBUG 	TextBox2 loaded 1 chars with 0 blanks and 1 valid
7.7316 	DEBUG 	TextBox2 loaded 1 chars with 0 blanks and 1 valid
7.7321 	DEBUG 	TextBox2 loaded 1 chars with 0 blanks and 1 valid
7.7325 	DEBUG 	TextBox2 loaded 1 chars with 0 blanks and 1 valid
7.7328 	DEBUG 	TextBox2 loaded 1 chars with 0 blanks and 1 valid
7.7330 	DEBUG 	Uploading Texture Font fontname to graphics card
7.7334 	DEBUG 	Upload of Texture Font fontname complete
7.7372 	DEBUG 	TextBox2 loaded 1 chars with 0 blanks and 1 valid
7.7373 	DEBUG 	Uploading Texture Font fontname to graphics card
7.7420 	DEBUG 	Upload of Texture Font fontname complete
7.7477 	DEBUG 	TextBox2 loaded 1 chars with 0 blanks and 1 valid
7.7478 	DEBUG 	Uploading Texture Font fontname to graphics card
7.7525 	DEBUG 	Upload of Texture Font fontname complete
7.7582 	DEBUG 	TextBox2 loaded 1 chars with 0 blanks and 1 valid
7.7583 	DEBUG 	Uploading Texture Font fontname to graphics card
7.7629 	DEBUG 	Upload of Texture Font fontname complete
7.7682 	DEBUG 	TextBox2 loaded 1 chars with 0 blanks and 1 valid
7.7684 	DEBUG 	Uploading Texture Font fontname to graphics card
7.7734 	DEBUG 	Upload of Texture Font fontname complete
7.7792 	DEBUG 	TextBox2 loaded 1 chars with 0 blanks and 1 valid
7.7793 	DEBUG 	Uploading Texture Font fontname to graphics card
7.7840 	DEBUG 	Upload of Texture Font fontname complete
7.7896 	DEBUG 	TextBox2 loaded 1 chars with 0 blanks and 1 valid
7.7898 	DEBUG 	Uploading Texture Font fontname to graphics card
7.7958 	DEBUG 	Upload of Texture Font fontname complete
7.8014 	DEBUG 	TextBox2 loaded 1 chars with 0 blanks and 1 valid
7.8015 	DEBUG 	Uploading Texture Font fontname to graphics card
7.8079 	DEBUG 	Upload of Texture Font fontname complete
7.9368 	DEBUG 	TextBox2 loaded 1 chars with 0 blanks and 1 valid
7.9371 	DEBUG 	TextBox2 loaded 1 chars with 0 blanks and 1 valid
7.9374 	DEBUG 	TextBox2 loaded 1 chars with 0 blanks and 1 valid
7.9376 	DEBUG 	TextBox2 loaded 1 chars with 0 blanks and 1 valid
7.9378 	DEBUG 	TextBox2 loaded 1 chars with 0 blanks and 1 valid
7.9382 	DEBUG 	TextBox2 loaded 1 chars with 0 blanks and 1 valid
7.9384 	DEBUG 	TextBox2 loaded 1 chars with 0 blanks and 1 valid
7.9387 	DEBUG 	TextBox2 loaded 1 chars with 0 blanks and 1 valid
7.9390 	DEBUG 	TextBox2 loaded 1 chars with 0 blanks and 1 valid
7.9392 	DEBUG 	TextBox2 loaded 1 chars with 0 blanks and 1 valid
7.9395 	DEBUG 	TextBox2 loaded 1 chars with 0 blanks and 1 valid
7.9398 	DEBUG 	TextBox2 loaded 1 chars with 0 blanks and 1 valid
7.9399 	DEBUG 	Uploading Texture Font fontname to graphics card
7.9455 	DEBUG 	Upload of Texture Font fontname complete
7.9485 	DEBUG 	TextBox2 loaded 1 chars with 0 blanks and 1 valid
7.9490 	DEBUG 	TextBox2 loaded 1 chars with 0 blanks and 1 valid
7.9493 	DEBUG 	TextBox2 loaded 1 chars with 0 blanks and 1 valid
7.9497 	DEBUG 	TextBox2 loaded 1 chars with 0 blanks and 1 valid
7.9499 	DEBUG 	TextBox2 loaded 1 chars with 0 blanks and 1 valid
7.9500 	DEBUG 	Uploading Texture Font fontname to graphics card
7.9578 	DEBUG 	Upload of Texture Font fontname complete
7.9624 	DEBUG 	TextBox2 loaded 1 chars with 0 blanks and 1 valid
7.9627 	DEBUG 	Uploading Texture Font fontname to graphics card
7.9682 	DEBUG 	Upload of Texture Font fontname complete
7.9734 	DEBUG 	TextBox2 loaded 1 chars with 0 blanks and 1 valid
7.9738 	DEBUG 	TextBox2 loaded 1 chars with 0 blanks and 1 valid
7.9739 	DEBUG 	Uploading Texture Font fontname to graphics card
7.9782 	DEBUG 	Upload of Texture Font fontname complete
7.9986 	DEBUG 	TextBox2 loaded 1 chars with 0 blanks and 1 valid
7.9990 	DEBUG 	TextBox2 loaded 1 chars with 0 blanks and 1 valid
7.9993 	DEBUG 	TextBox2 loaded 1 chars with 0 blanks and 1 valid
7.9995 	DEBUG 	Uploading Texture Font fontname to graphics card
8.0046 	DEBUG 	Upload of Texture Font fontname complete
8.0622 	DEBUG 	TextBox2 loaded 1 chars with 0 blanks and 1 valid
8.0625 	DEBUG 	TextBox2 loaded 1 chars with 0 blanks and 1 valid
8.0628 	DEBUG 	TextBox2 loaded 1 chars with 0 blanks and 1 valid
8.0632 	DEBUG 	TextBox2 loaded 1 chars with 0 blanks and 1 valid
8.0635 	DEBUG 	TextBox2 loaded 1 chars with 0 blanks and 1 valid
8.0636 	DEBUG 	Uploading Texture Font fontname to graphics card
8.0689 	DEBUG 	Upload of Texture Font fontname complete
8.0795 	DEBUG 	TextBox2 loaded 1 chars with 0 blanks and 1 valid
8.0797 	DEBUG 	Uploading Texture Font fontname to graphics card
8.0835 	DEBUG 	Upload of Texture Font fontname complete
8.0890 	DEBUG 	TextBox2 loaded 1 chars with 0 blanks and 1 valid
8.0891 	DEBUG 	Uploading Texture Font fontname to graphics card
8.0935 	DEBUG 	Upload of Texture Font fontname complete
8.0983 	EXP 	Created text_instruction = TextStim(__class__=<class 'psychopy.visual.text.TextStim'>, alignHoriz=method-wrapper(...), alignText='center', alignVert=method-wrapper(...), anchorHoriz='center', anchorVert='center', antialias=True, autoDraw=False, autoLog=True, bold=False, color=array([1., 1., 1.]), colorSpace='rgb', contrast=1.0, depth=0.0, draggable=False, flipHoriz=False, flipVert=False, font='Arial', fontFiles=[], height=np.float64(0.05), italic=False, languageStyle='LTR', name='text_instruction', opacity=1, ori=0.0, pos=array([0., 0.]), rgb=UNKNOWN, text='Selectionner la réponse', units='height', win=Window(...), wrapWidth=1)
8.3316 	EXP 	Created text_instruction = TextStim(__class__=<class 'psychopy.visual.text.TextStim'>, alignHoriz=method-wrapper(...), alignText='center', alignVert=method-wrapper(...), anchorHoriz='center', anchorVert='center', antialias=True, autoDraw=False, autoLog=True, bold=False, color=array([1., 1., 1.]), colorSpace='rgb', contrast=1.0, depth=0.0, draggable=False, flipHoriz=False, flipVert=False, font='Arial', fontFiles=[], height=np.float64(0.05), italic=False, languageStyle='LTR', name='text_instruction', opacity=1, ori=0.0, pos=array([0., 0.]), rgb=UNKNOWN, text='Selectionner la réponse', units='height', win=Window(...), wrapWidth=1)
0.0673 	EXP 	text_instruction: autoDraw = True
0.8020 	DATA 	Mouse: Left button down, pos=(275,355)
0.8177 	EXP 	text_instruction: autoDraw = False
0.9020 	DATA 	Mouse:  Left button up, pos=(275,355)
1.3022 	DATA 	Mouse: Left button down, pos=(291,354)
1.3335 	EXP 	text_instruction: autoDraw = True
1.3688 	DATA 	Mouse:  Left button up, pos=(291,354)
1.7632 	DATA 	Mouse: Left button down, pos=(281,373)
1.8020 	EXP 	text_instruction: autoDraw = False
1.8618 	DATA 	Mouse:  Left button up, pos=(281,373)
2.3853 	DATA 	Mouse: Left button down, pos=(282,361)
2.4199 	EXP 	text_instruction: autoDraw = True
2.4519 	DATA 	Mouse:  Left button up, pos=(282,361)
2.8185 	DATA 	Mouse: Left button down, pos=(280,361)
2.8354 	EXP 	text_instruction: autoDraw = False
2.8856 	DATA 	Mouse:  Left button up, pos=(280,361)
3.2200 	DATA 	Mouse: Left button down, pos=(282,357)
3.2352 	EXP 	CRM_Spat: status = STOPPED
3.2380 	INFO 	saved data to 'C:\\Users\\chamery\\Documents\\Spat_CRM_Protocol\\Spat_CRM_Protocol\\src\\data\\pilot_CRM_Spat_2026-07-02_10h30.14.248.csv'
3.2386 	INFO 	saved data to C:\Users\chamery\Documents\Spat_CRM_Protocol\Spat_CRM_Protocol\src\data\pilot_CRM_Spat_2026-07-02_10h30.14.248.psydat
3.4133 	DEBUG 	Saving data for CRM_Spat ExperimentHandler
3.4147 	INFO 	Stopping keyboard key buffers.
