10.8317 	DEBUG 	Fullscreen settings ignored as running in pilot mode.
10.8334 	INFO 	Loaded monitor calibration from ['2026_07_01 09:38']
11.2104 	INFO 	Using renderer 'Intel(R) Arc(TM) Pro 140T GPU (16GB)' for graphics
11.2105 	INFO 	OpenGL version supported by driver is 4..
11.2667 	EXP 	Created window1 = Window(allowGUI=False, allowStencil=False, autoLog=True, backendConf=UNKNOWN, backgroundFit=<method-wrapper '__getattribute__' of attributeSetter object at 0x000001AC49780A90>, backgroundImage=<method-wrapper '__getattribute__' of attributeSetter object at 0x000001AC49780A30>, bitsMode=UNKNOWN, blendMode='avg', bpc=(8, 8, 8), color=array([0, 0, 0]), colorSpace='rgb', depthBits=8, fullscr=False, gamma=None, gammaErrorPolicy='raise', infoMsg=UNKNOWN, lms=UNKNOWN, monitor=<psychopy.monitors.calibTools.Monitor object at 0x000001AC41DD6830>, multiSample=False, name='window1', numSamples=2, pos=[np.float64(560.0), np.float64(300.0)], screen=0, size=array([800, 600]), stencilBits=0, stereo=False, title='PsychoPy', units='height', useFBO=True, useRetina=False, viewOri=0.0, viewPos=None, viewScale=None, waitBlanking=True, winType='pyglet')
11.2667 	EXP 	window1: backgroundImage = ''
11.2668 	EXP 	window1: backgroundFit = 'none'
11.2998 	DEBUG 	TextBox2 loaded 1 chars with 0 blanks and 1 valid
11.3171 	DEBUG 	TextBox2 loaded 1 chars with 0 blanks and 1 valid
11.3338 	DEBUG 	TextBox2 loaded 1 chars with 0 blanks and 1 valid
11.3512 	DEBUG 	TextBox2 loaded 1 chars with 0 blanks and 1 valid
11.3692 	DEBUG 	TextBox2 loaded 1 chars with 0 blanks and 1 valid
11.3861 	DEBUG 	TextBox2 loaded 1 chars with 0 blanks and 1 valid
11.4034 	DEBUG 	TextBox2 loaded 1 chars with 0 blanks and 1 valid
11.4232 	DEBUG 	TextBox2 loaded 1 chars with 0 blanks and 1 valid
11.4433 	DEBUG 	TextBox2 loaded 1 chars with 0 blanks and 1 valid
11.4600 	DEBUG 	TextBox2 loaded 1 chars with 0 blanks and 1 valid
11.4785 	DEBUG 	TextBox2 loaded 1 chars with 0 blanks and 1 valid
11.4966 	DEBUG 	TextBox2 loaded 1 chars with 0 blanks and 1 valid
11.5159 	DEBUG 	TextBox2 loaded 1 chars with 0 blanks and 1 valid
11.5372 	DEBUG 	TextBox2 loaded 1 chars with 0 blanks and 1 valid
11.5541 	DEBUG 	TextBox2 loaded 1 chars with 0 blanks and 1 valid
11.5724 	DEBUG 	TextBox2 loaded 1 chars with 0 blanks and 1 valid
11.5912 	DEBUG 	TextBox2 loaded 1 chars with 0 blanks and 1 valid
11.6078 	DEBUG 	TextBox2 loaded 1 chars with 0 blanks and 1 valid
11.6260 	DEBUG 	TextBox2 loaded 1 chars with 0 blanks and 1 valid
11.6430 	DEBUG 	TextBox2 loaded 1 chars with 0 blanks and 1 valid
11.6587 	DEBUG 	TextBox2 loaded 1 chars with 0 blanks and 1 valid
11.6595 	DEBUG 	Uploading Texture Font fontname to graphics card
11.6688 	DEBUG 	Upload of Texture Font fontname complete
11.6888 	DEBUG 	TextBox2 loaded 1 chars with 0 blanks and 1 valid
11.7029 	DEBUG 	TextBox2 loaded 1 chars with 0 blanks and 1 valid
11.7164 	DEBUG 	TextBox2 loaded 1 chars with 0 blanks and 1 valid
11.7169 	DEBUG 	Uploading Texture Font fontname to graphics card
11.7219 	DEBUG 	Upload of Texture Font fontname complete
11.7237 	EXP 	window1: Attempting to measure frame rate of screen (0) ...
11.7237 	EXP 	window1: recordFrameIntervals = False
11.8885 	EXP 	window1: recordFrameIntervals = True
13.5542 	EXP 	window1: recordFrameIntervals = False
13.5543 	EXP 	Screen (0) actual frame rate measured at 60.35Hz
13.5898 	DEBUG 	TextBox2 loaded 1 chars with 0 blanks and 1 valid
13.6191 	DEBUG 	TextBox2 loaded 1 chars with 0 blanks and 1 valid
13.6434 	DEBUG 	TextBox2 loaded 1 chars with 0 blanks and 1 valid
13.6662 	DEBUG 	TextBox2 loaded 1 chars with 0 blanks and 1 valid
13.6837 	DEBUG 	TextBox2 loaded 1 chars with 0 blanks and 1 valid
13.7009 	DEBUG 	TextBox2 loaded 1 chars with 0 blanks and 1 valid
13.7179 	DEBUG 	TextBox2 loaded 1 chars with 0 blanks and 1 valid
13.7352 	DEBUG 	TextBox2 loaded 1 chars with 0 blanks and 1 valid
13.7520 	DEBUG 	TextBox2 loaded 1 chars with 0 blanks and 1 valid
13.7657 	DEBUG 	TextBox2 loaded 1 chars with 0 blanks and 1 valid
13.7662 	DEBUG 	Uploading Texture Font fontname to graphics card
13.7670 	DEBUG 	Upload of Texture Font fontname complete
14.0190 	INFO 	keyboard.Keyboard is using ptb backend.
14.0191 	EXP 	CRM_Spat: status = STARTED
14.1290 	EXP 	Created text_instruction = TextStim(__class__=<class 'psychopy.visual.text.TextStim'>, alignHoriz=method-wrapper(...), alignText='center', alignVert=method-wrapper(...), anchorHoriz='center', anchorVert='center', antialias=True, autoDraw=False, autoLog=True, bold=False, color=array([1., 1., 1.]), colorSpace='rgb', contrast=1.0, depth=0.0, draggable=False, flipHoriz=False, flipVert=False, font='Arial', fontFiles=[], height=np.float64(0.05), italic=False, languageStyle='LTR', name='text_instruction', opacity=1, ori=0.0, pos=array([0., 0.]), rgb=UNKNOWN, text='Selectionner la réponse', units='height', win=Window(...), wrapWidth=1)
14.1339 	DEBUG 	TextBox2 loaded 1 chars with 0 blanks and 1 valid
14.1342 	DEBUG 	Uploading Texture Font fontname to graphics card
14.1366 	DEBUG 	Upload of Texture Font fontname complete
14.1452 	DEBUG 	TextBox2 loaded 1 chars with 0 blanks and 1 valid
14.1465 	DEBUG 	TextBox2 loaded 1 chars with 0 blanks and 1 valid
14.1471 	DEBUG 	TextBox2 loaded 1 chars with 0 blanks and 1 valid
14.1484 	DEBUG 	TextBox2 loaded 1 chars with 0 blanks and 1 valid
14.1494 	DEBUG 	TextBox2 loaded 1 chars with 0 blanks and 1 valid
14.1498 	DEBUG 	TextBox2 loaded 1 chars with 0 blanks and 1 valid
14.1505 	DEBUG 	TextBox2 loaded 1 chars with 0 blanks and 1 valid
14.1516 	DEBUG 	TextBox2 loaded 1 chars with 0 blanks and 1 valid
14.1525 	DEBUG 	TextBox2 loaded 1 chars with 0 blanks and 1 valid
14.1530 	DEBUG 	TextBox2 loaded 1 chars with 0 blanks and 1 valid
14.1536 	DEBUG 	Uploading Texture Font fontname to graphics card
14.1544 	DEBUG 	Upload of Texture Font fontname complete
14.1609 	DEBUG 	TextBox2 loaded 1 chars with 0 blanks and 1 valid
14.1612 	DEBUG 	Uploading Texture Font fontname to graphics card
14.1642 	DEBUG 	Upload of Texture Font fontname complete
14.1764 	DEBUG 	TextBox2 loaded 1 chars with 0 blanks and 1 valid
14.1766 	DEBUG 	Uploading Texture Font fontname to graphics card
14.1796 	DEBUG 	Upload of Texture Font fontname complete
14.1924 	DEBUG 	TextBox2 loaded 1 chars with 0 blanks and 1 valid
14.1926 	DEBUG 	Uploading Texture Font fontname to graphics card
14.1961 	DEBUG 	Upload of Texture Font fontname complete
14.2072 	DEBUG 	TextBox2 loaded 1 chars with 0 blanks and 1 valid
14.2074 	DEBUG 	Uploading Texture Font fontname to graphics card
14.2104 	DEBUG 	Upload of Texture Font fontname complete
14.2203 	DEBUG 	TextBox2 loaded 1 chars with 0 blanks and 1 valid
14.2205 	DEBUG 	Uploading Texture Font fontname to graphics card
14.2233 	DEBUG 	Upload of Texture Font fontname complete
14.2330 	DEBUG 	TextBox2 loaded 1 chars with 0 blanks and 1 valid
14.2332 	DEBUG 	Uploading Texture Font fontname to graphics card
14.2369 	DEBUG 	Upload of Texture Font fontname complete
14.2465 	DEBUG 	TextBox2 loaded 1 chars with 0 blanks and 1 valid
14.2466 	DEBUG 	Uploading Texture Font fontname to graphics card
14.2501 	DEBUG 	Upload of Texture Font fontname complete
14.4423 	EXP 	Created text_instruction = TextStim(__class__=<class 'psychopy.visual.text.TextStim'>, alignHoriz=method-wrapper(...), alignText='center', alignVert=method-wrapper(...), anchorHoriz='center', anchorVert='center', antialias=True, autoDraw=False, autoLog=True, bold=False, color=array([1., 1., 1.]), colorSpace='rgb', contrast=1.0, depth=0.0, draggable=False, flipHoriz=False, flipVert=False, font='Arial', fontFiles=[], height=np.float64(0.05), italic=False, languageStyle='LTR', name='text_instruction', opacity=1, ori=0.0, pos=array([0., 0.]), rgb=UNKNOWN, text='Selectionner la réponse', units='height', win=Window(...), wrapWidth=1)
14.8285 	EXP 	Created text_instruction = TextStim(__class__=<class 'psychopy.visual.text.TextStim'>, alignHoriz=method-wrapper(...), alignText='center', alignVert=method-wrapper(...), anchorHoriz='center', anchorVert='center', antialias=True, autoDraw=False, autoLog=True, bold=False, color=array([1., 1., 1.]), colorSpace='rgb', contrast=1.0, depth=0.0, draggable=False, flipHoriz=False, flipVert=False, font='Arial', fontFiles=[], height=np.float64(0.05), italic=False, languageStyle='LTR', name='text_instruction', opacity=1, ori=0.0, pos=array([0., 0.]), rgb=UNKNOWN, text='Selectionner la réponse', units='height', win=Window(...), wrapWidth=1)
0.0791 	EXP 	text_instruction: autoDraw = True
1.1788 	EXP 	text_instruction: autoDraw = False
26.4657 	DATA 	Mouse: Left button down, pos=(358,175)
26.5124 	EXP 	text_instruction: autoDraw = False
26.5124 	EXP 	text_instruction: autoDraw = True
26.5859 	DATA 	Mouse:  Left button up, pos=(358,175)
26.9964 	DATA 	Mouse: Left button down, pos=(358,175)
27.0952 	EXP 	text_instruction: autoDraw = False
27.0952 	EXP 	text_instruction: autoDraw = True
27.0983 	DATA 	Mouse:  Left button up, pos=(358,175)
27.3204 	DATA 	Mouse: Left button down, pos=(358,175)
27.3628 	EXP 	text_instruction: autoDraw = False
27.3656 	EXP 	CRM_Spat: status = STOPPED
27.3721 	INFO 	saved data to 'C:\\Users\\chamery\\Documents\\Spat_CRM_Protocol\\Spat_CRM_Protocol\\src\\data\\pilot_CRM_Spat_2026-07-01_10h46.22.149.csv'
27.3741 	INFO 	saved data to C:\Users\chamery\Documents\Spat_CRM_Protocol\Spat_CRM_Protocol\src\data\pilot_CRM_Spat_2026-07-01_10h46.22.149.psydat
27.8170 	DEBUG 	Saving data for CRM_Spat ExperimentHandler
27.8190 	INFO 	Stopping keyboard key buffers.
