5.2731 	DEBUG 	Fullscreen settings ignored as running in pilot mode.
5.2736 	INFO 	Loaded monitor calibration from ['2026_07_01 09:38']
5.4567 	INFO 	Using renderer 'Intel(R) Arc(TM) Pro 140T GPU (16GB)' for graphics
5.4568 	INFO 	OpenGL version supported by driver is 4..
6.1574 	EXP 	Created window1 = Window(allowGUI=False, allowStencil=False, autoLog=True, backendConf=UNKNOWN, backgroundFit=<method-wrapper '__getattribute__' of attributeSetter object at 0x0000029024296650>, backgroundImage=<method-wrapper '__getattribute__' of attributeSetter object at 0x00000290242966B0>, bitsMode=UNKNOWN, blendMode='avg', bpc=(8, 8, 8), color=array([0, 0, 0]), colorSpace='rgb', depthBits=8, fullscr=False, gamma=None, gammaErrorPolicy='raise', infoMsg=UNKNOWN, lms=UNKNOWN, monitor=<psychopy.monitors.calibTools.Monitor object at 0x00000290245FCBB0>, multiSample=False, name='window1', numSamples=2, pos=[np.float64(560.0), np.float64(300.0)], screen=0, size=array([800, 600]), stencilBits=0, stereo=False, title='PsychoPy', units='height', useFBO=True, useRetina=False, viewOri=0.0, viewPos=None, viewScale=None, waitBlanking=True, winType='pyglet')
6.1575 	EXP 	window1: backgroundImage = ''
6.1575 	EXP 	window1: backgroundFit = 'none'
6.1809 	DEBUG 	TextBox2 loaded 1 chars with 0 blanks and 1 valid
6.1889 	DEBUG 	TextBox2 loaded 1 chars with 0 blanks and 1 valid
6.1970 	DEBUG 	TextBox2 loaded 1 chars with 0 blanks and 1 valid
6.2052 	DEBUG 	TextBox2 loaded 1 chars with 0 blanks and 1 valid
6.2132 	DEBUG 	TextBox2 loaded 1 chars with 0 blanks and 1 valid
6.2215 	DEBUG 	TextBox2 loaded 1 chars with 0 blanks and 1 valid
6.2304 	DEBUG 	TextBox2 loaded 1 chars with 0 blanks and 1 valid
6.2385 	DEBUG 	TextBox2 loaded 1 chars with 0 blanks and 1 valid
6.2462 	DEBUG 	TextBox2 loaded 1 chars with 0 blanks and 1 valid
6.2540 	DEBUG 	TextBox2 loaded 1 chars with 0 blanks and 1 valid
6.2619 	DEBUG 	TextBox2 loaded 1 chars with 0 blanks and 1 valid
6.2698 	DEBUG 	TextBox2 loaded 1 chars with 0 blanks and 1 valid
6.2779 	DEBUG 	TextBox2 loaded 1 chars with 0 blanks and 1 valid
6.2858 	DEBUG 	TextBox2 loaded 1 chars with 0 blanks and 1 valid
6.2957 	DEBUG 	TextBox2 loaded 1 chars with 0 blanks and 1 valid
6.3038 	DEBUG 	TextBox2 loaded 1 chars with 0 blanks and 1 valid
6.3117 	DEBUG 	TextBox2 loaded 1 chars with 0 blanks and 1 valid
6.3194 	DEBUG 	TextBox2 loaded 1 chars with 0 blanks and 1 valid
6.3273 	DEBUG 	TextBox2 loaded 1 chars with 0 blanks and 1 valid
6.3354 	DEBUG 	TextBox2 loaded 1 chars with 0 blanks and 1 valid
6.3432 	DEBUG 	TextBox2 loaded 1 chars with 0 blanks and 1 valid
6.3435 	DEBUG 	Uploading Texture Font fontname to graphics card
6.3582 	DEBUG 	Upload of Texture Font fontname complete
6.3701 	DEBUG 	TextBox2 loaded 1 chars with 0 blanks and 1 valid
6.3782 	DEBUG 	TextBox2 loaded 1 chars with 0 blanks and 1 valid
6.3865 	DEBUG 	TextBox2 loaded 1 chars with 0 blanks and 1 valid
6.3867 	DEBUG 	Uploading Texture Font fontname to graphics card
6.3983 	DEBUG 	Upload of Texture Font fontname complete
6.3998 	EXP 	window1: Attempting to measure frame rate of screen (0) ...
6.3998 	EXP 	window1: recordFrameIntervals = False
6.5720 	EXP 	window1: recordFrameIntervals = True
8.2387 	EXP 	window1: recordFrameIntervals = False
8.2387 	EXP 	Screen (0) actual frame rate measured at 60.92Hz
8.2535 	DEBUG 	TextBox2 loaded 1 chars with 0 blanks and 1 valid
8.2612 	DEBUG 	TextBox2 loaded 1 chars with 0 blanks and 1 valid
8.2689 	DEBUG 	TextBox2 loaded 1 chars with 0 blanks and 1 valid
8.2767 	DEBUG 	TextBox2 loaded 1 chars with 0 blanks and 1 valid
8.2844 	DEBUG 	TextBox2 loaded 1 chars with 0 blanks and 1 valid
8.2922 	DEBUG 	TextBox2 loaded 1 chars with 0 blanks and 1 valid
8.2997 	DEBUG 	TextBox2 loaded 1 chars with 0 blanks and 1 valid
8.3074 	DEBUG 	TextBox2 loaded 1 chars with 0 blanks and 1 valid
8.3152 	DEBUG 	TextBox2 loaded 1 chars with 0 blanks and 1 valid
8.3229 	DEBUG 	TextBox2 loaded 1 chars with 0 blanks and 1 valid
8.3232 	DEBUG 	Uploading Texture Font fontname to graphics card
8.3239 	DEBUG 	Upload of Texture Font fontname complete
8.4354 	INFO 	keyboard.Keyboard is using ptb backend.
8.4355 	EXP 	CRM_Spat: status = STARTED
8.4963 	EXP 	Created text_instruction = TextStim(__class__=<class 'psychopy.visual.text.TextStim'>, alignHoriz=method-wrapper(...), alignText='center', alignVert=method-wrapper(...), anchorHoriz='center', anchorVert='center', antialias=True, autoDraw=False, autoLog=True, bold=False, color=array([1., 1., 1.]), colorSpace='rgb', contrast=1.0, depth=0.0, draggable=False, flipHoriz=False, flipVert=False, font='Arial', fontFiles=[], height=np.float64(0.05), italic=False, languageStyle='LTR', name='text_instruction', opacity=1, ori=0.0, pos=array([0., 0.]), rgb=UNKNOWN, text='Selectionner la réponse', units='height', win=Window(...), wrapWidth=1)
8.4991 	DEBUG 	TextBox2 loaded 1 chars with 0 blanks and 1 valid
8.4992 	DEBUG 	Uploading Texture Font fontname to graphics card
8.5005 	DEBUG 	Upload of Texture Font fontname complete
8.5035 	DEBUG 	TextBox2 loaded 1 chars with 0 blanks and 1 valid
8.5041 	DEBUG 	TextBox2 loaded 1 chars with 0 blanks and 1 valid
8.5044 	DEBUG 	TextBox2 loaded 1 chars with 0 blanks and 1 valid
8.5049 	DEBUG 	TextBox2 loaded 1 chars with 0 blanks and 1 valid
8.5053 	DEBUG 	TextBox2 loaded 1 chars with 0 blanks and 1 valid
8.5055 	DEBUG 	TextBox2 loaded 1 chars with 0 blanks and 1 valid
8.5057 	DEBUG 	TextBox2 loaded 1 chars with 0 blanks and 1 valid
8.5062 	DEBUG 	TextBox2 loaded 1 chars with 0 blanks and 1 valid
8.5066 	DEBUG 	TextBox2 loaded 1 chars with 0 blanks and 1 valid
8.5068 	DEBUG 	TextBox2 loaded 1 chars with 0 blanks and 1 valid
8.5070 	DEBUG 	Uploading Texture Font fontname to graphics card
8.5075 	DEBUG 	Upload of Texture Font fontname complete
8.5118 	DEBUG 	TextBox2 loaded 1 chars with 0 blanks and 1 valid
8.5121 	DEBUG 	Uploading Texture Font fontname to graphics card
8.5180 	DEBUG 	Upload of Texture Font fontname complete
8.5246 	DEBUG 	TextBox2 loaded 1 chars with 0 blanks and 1 valid
8.5247 	DEBUG 	Uploading Texture Font fontname to graphics card
8.5297 	DEBUG 	Upload of Texture Font fontname complete
8.5348 	DEBUG 	TextBox2 loaded 1 chars with 0 blanks and 1 valid
8.5350 	DEBUG 	Uploading Texture Font fontname to graphics card
8.5391 	DEBUG 	Upload of Texture Font fontname complete
8.5445 	DEBUG 	TextBox2 loaded 1 chars with 0 blanks and 1 valid
8.5446 	DEBUG 	Uploading Texture Font fontname to graphics card
8.5489 	DEBUG 	Upload of Texture Font fontname complete
8.5541 	DEBUG 	TextBox2 loaded 1 chars with 0 blanks and 1 valid
8.5542 	DEBUG 	Uploading Texture Font fontname to graphics card
8.5594 	DEBUG 	Upload of Texture Font fontname complete
8.5650 	DEBUG 	TextBox2 loaded 1 chars with 0 blanks and 1 valid
8.5651 	DEBUG 	Uploading Texture Font fontname to graphics card
8.5693 	DEBUG 	Upload of Texture Font fontname complete
8.5745 	DEBUG 	TextBox2 loaded 1 chars with 0 blanks and 1 valid
8.5746 	DEBUG 	Uploading Texture Font fontname to graphics card
8.5802 	DEBUG 	Upload of Texture Font fontname complete
8.7006 	DEBUG 	TextBox2 loaded 1 chars with 0 blanks and 1 valid
8.7010 	DEBUG 	TextBox2 loaded 1 chars with 0 blanks and 1 valid
8.7015 	DEBUG 	TextBox2 loaded 1 chars with 0 blanks and 1 valid
8.7020 	DEBUG 	TextBox2 loaded 1 chars with 0 blanks and 1 valid
8.7024 	DEBUG 	TextBox2 loaded 1 chars with 0 blanks and 1 valid
8.7027 	DEBUG 	TextBox2 loaded 1 chars with 0 blanks and 1 valid
8.7031 	DEBUG 	TextBox2 loaded 1 chars with 0 blanks and 1 valid
8.7035 	DEBUG 	TextBox2 loaded 1 chars with 0 blanks and 1 valid
8.7039 	DEBUG 	TextBox2 loaded 1 chars with 0 blanks and 1 valid
8.7040 	DEBUG 	Uploading Texture Font fontname to graphics card
8.7090 	DEBUG 	Upload of Texture Font fontname complete
8.7136 	EXP 	Created text_instruction = TextStim(__class__=<class 'psychopy.visual.text.TextStim'>, alignHoriz=method-wrapper(...), alignText='center', alignVert=method-wrapper(...), anchorHoriz='center', anchorVert='center', antialias=True, autoDraw=False, autoLog=True, bold=False, color=array([1., 1., 1.]), colorSpace='rgb', contrast=1.0, depth=0.0, draggable=False, flipHoriz=False, flipVert=False, font='Arial', fontFiles=[], height=np.float64(0.05), italic=False, languageStyle='LTR', name='text_instruction', opacity=1, ori=0.0, pos=array([0., 0.]), rgb=UNKNOWN, text='Selectionner la réponse', units='height', win=Window(...), wrapWidth=1)
8.9259 	EXP 	Created text_instruction = TextStim(__class__=<class 'psychopy.visual.text.TextStim'>, alignHoriz=method-wrapper(...), alignText='center', alignVert=method-wrapper(...), anchorHoriz='center', anchorVert='center', antialias=True, autoDraw=False, autoLog=True, bold=False, color=array([1., 1., 1.]), colorSpace='rgb', contrast=1.0, depth=0.0, draggable=False, flipHoriz=False, flipVert=False, font='Arial', fontFiles=[], height=np.float64(0.05), italic=False, languageStyle='LTR', name='text_instruction', opacity=1, ori=0.0, pos=array([0., 0.]), rgb=UNKNOWN, text='Selectionner la réponse', units='height', win=Window(...), wrapWidth=1)
0.0518 	EXP 	text_instruction: autoDraw = True
1.0678 	EXP 	text_instruction: autoDraw = False
1.2035 	DATA 	Mouse: Left button down, pos=(345,345)
1.2187 	EXP 	text_instruction: autoDraw = False
1.3040 	DATA 	Mouse:  Left button up, pos=(345,345)
2.1373 	DATA 	Mouse: Left button down, pos=(345,345)
2.1676 	EXP 	text_instruction: autoDraw = True
2.2497 	DATA 	Mouse:  Left button up, pos=(345,345)
2.6856 	DATA 	Mouse: Left button down, pos=(345,345)
2.7171 	EXP 	text_instruction: autoDraw = False
2.7171 	EXP 	text_instruction: autoDraw = True
2.7858 	DATA 	Mouse:  Left button up, pos=(345,345)
3.3689 	DATA 	Mouse: Left button down, pos=(373,324)
3.3846 	EXP 	text_instruction: autoDraw = False
3.3857 	EXP 	CRM_Spat: status = STOPPED
3.3883 	INFO 	saved data to 'C:\\Users\\chamery\\Documents\\Spat_CRM_Protocol\\Spat_CRM_Protocol\\src\\data\\pilot_CRM_Spat_2026-07-02_09h45.56.272.csv'
3.3888 	INFO 	saved data to C:\Users\chamery\Documents\Spat_CRM_Protocol\Spat_CRM_Protocol\src\data\pilot_CRM_Spat_2026-07-02_09h45.56.272.psydat
3.5664 	DEBUG 	Saving data for CRM_Spat ExperimentHandler
3.5683 	INFO 	Stopping keyboard key buffers.
