11.0928 	DEBUG 	Fullscreen settings ignored as running in pilot mode.
11.0933 	INFO 	Loaded monitor calibration from ['2026_07_01 09:38']
11.2361 	INFO 	Using renderer 'Intel(R) Arc(TM) Pro 140T GPU (16GB)' for graphics
11.2361 	INFO 	OpenGL version supported by driver is 4..
11.2684 	EXP 	Created window1 = Window(allowGUI=False, allowStencil=False, autoLog=True, backendConf=UNKNOWN, backgroundFit=<method-wrapper '__getattribute__' of attributeSetter object at 0x000001745D067EB0>, backgroundImage=<method-wrapper '__getattribute__' of attributeSetter object at 0x000001745D067E50>, bitsMode=UNKNOWN, blendMode='avg', bpc=(8, 8, 8), color=array([0, 0, 0]), colorSpace='rgb', depthBits=8, fullscr=False, gamma=None, gammaErrorPolicy='raise', infoMsg=UNKNOWN, lms=UNKNOWN, monitor=<psychopy.monitors.calibTools.Monitor object at 0x000001745D054970>, multiSample=False, name='window1', numSamples=2, pos=[np.float64(560.0), np.float64(300.0)], screen=0, size=array([800, 600]), stencilBits=0, stereo=False, title='PsychoPy', units='height', useFBO=True, useRetina=False, viewOri=0.0, viewPos=None, viewScale=None, waitBlanking=True, winType='pyglet')
11.2685 	EXP 	window1: backgroundImage = ''
11.2685 	EXP 	window1: backgroundFit = 'none'
11.2816 	DEBUG 	TextBox2 loaded 1 chars with 0 blanks and 1 valid
11.2898 	DEBUG 	TextBox2 loaded 1 chars with 0 blanks and 1 valid
11.2975 	DEBUG 	TextBox2 loaded 1 chars with 0 blanks and 1 valid
11.3061 	DEBUG 	TextBox2 loaded 1 chars with 0 blanks and 1 valid
11.3138 	DEBUG 	TextBox2 loaded 1 chars with 0 blanks and 1 valid
11.3216 	DEBUG 	TextBox2 loaded 1 chars with 0 blanks and 1 valid
11.3294 	DEBUG 	TextBox2 loaded 1 chars with 0 blanks and 1 valid
11.3386 	DEBUG 	TextBox2 loaded 1 chars with 0 blanks and 1 valid
11.3467 	DEBUG 	TextBox2 loaded 1 chars with 0 blanks and 1 valid
11.3541 	DEBUG 	TextBox2 loaded 1 chars with 0 blanks and 1 valid
11.3618 	DEBUG 	TextBox2 loaded 1 chars with 0 blanks and 1 valid
11.3723 	DEBUG 	TextBox2 loaded 1 chars with 0 blanks and 1 valid
11.3801 	DEBUG 	TextBox2 loaded 1 chars with 0 blanks and 1 valid
11.3880 	DEBUG 	TextBox2 loaded 1 chars with 0 blanks and 1 valid
11.3957 	DEBUG 	TextBox2 loaded 1 chars with 0 blanks and 1 valid
11.4033 	DEBUG 	TextBox2 loaded 1 chars with 0 blanks and 1 valid
11.4109 	DEBUG 	TextBox2 loaded 1 chars with 0 blanks and 1 valid
11.4185 	DEBUG 	TextBox2 loaded 1 chars with 0 blanks and 1 valid
11.4262 	DEBUG 	TextBox2 loaded 1 chars with 0 blanks and 1 valid
11.4339 	DEBUG 	TextBox2 loaded 1 chars with 0 blanks and 1 valid
11.4414 	DEBUG 	TextBox2 loaded 1 chars with 0 blanks and 1 valid
11.4417 	DEBUG 	Uploading Texture Font fontname to graphics card
11.4488 	DEBUG 	Upload of Texture Font fontname complete
11.4597 	DEBUG 	TextBox2 loaded 1 chars with 0 blanks and 1 valid
11.4677 	DEBUG 	TextBox2 loaded 1 chars with 0 blanks and 1 valid
11.4755 	DEBUG 	TextBox2 loaded 1 chars with 0 blanks and 1 valid
11.4757 	DEBUG 	Uploading Texture Font fontname to graphics card
11.4825 	DEBUG 	Upload of Texture Font fontname complete
11.4840 	EXP 	window1: Attempting to measure frame rate of screen (0) ...
11.4841 	EXP 	window1: recordFrameIntervals = False
11.6538 	EXP 	window1: recordFrameIntervals = True
13.3207 	EXP 	window1: recordFrameIntervals = False
13.3207 	EXP 	Screen (0) actual frame rate measured at 59.90Hz
13.3315 	DEBUG 	TextBox2 loaded 1 chars with 0 blanks and 1 valid
13.3397 	DEBUG 	TextBox2 loaded 1 chars with 0 blanks and 1 valid
13.3475 	DEBUG 	TextBox2 loaded 1 chars with 0 blanks and 1 valid
13.3552 	DEBUG 	TextBox2 loaded 1 chars with 0 blanks and 1 valid
13.3630 	DEBUG 	TextBox2 loaded 1 chars with 0 blanks and 1 valid
13.3707 	DEBUG 	TextBox2 loaded 1 chars with 0 blanks and 1 valid
13.3782 	DEBUG 	TextBox2 loaded 1 chars with 0 blanks and 1 valid
13.3858 	DEBUG 	TextBox2 loaded 1 chars with 0 blanks and 1 valid
13.3935 	DEBUG 	TextBox2 loaded 1 chars with 0 blanks and 1 valid
13.4013 	DEBUG 	TextBox2 loaded 1 chars with 0 blanks and 1 valid
13.4015 	DEBUG 	Uploading Texture Font fontname to graphics card
13.4019 	DEBUG 	Upload of Texture Font fontname complete
13.5161 	INFO 	keyboard.Keyboard is using ptb backend.
13.5161 	EXP 	CRM_Spat: status = STARTED
13.5675 	EXP 	Created text_instruction = TextStim(__class__=<class 'psychopy.visual.text.TextStim'>, alignHoriz=method-wrapper(...), alignText='center', alignVert=method-wrapper(...), anchorHoriz='center', anchorVert='center', antialias=True, autoDraw=False, autoLog=True, bold=False, color=array([1., 1., 1.]), colorSpace='rgb', contrast=1.0, depth=0.0, draggable=False, flipHoriz=False, flipVert=False, font='Arial', fontFiles=[], height=np.float64(0.05), italic=False, languageStyle='LTR', name='text_instruction', opacity=1, ori=0.0, pos=array([0., 0.]), rgb=UNKNOWN, text='Selectionner la réponse', units='height', win=Window(...), wrapWidth=1)
13.5705 	DEBUG 	TextBox2 loaded 1 chars with 0 blanks and 1 valid
13.5706 	DEBUG 	Uploading Texture Font fontname to graphics card
13.5719 	DEBUG 	Upload of Texture Font fontname complete
13.5749 	DEBUG 	TextBox2 loaded 1 chars with 0 blanks and 1 valid
13.5755 	DEBUG 	TextBox2 loaded 1 chars with 0 blanks and 1 valid
13.5757 	DEBUG 	TextBox2 loaded 1 chars with 0 blanks and 1 valid
13.5762 	DEBUG 	TextBox2 loaded 1 chars with 0 blanks and 1 valid
13.5766 	DEBUG 	TextBox2 loaded 1 chars with 0 blanks and 1 valid
13.5768 	DEBUG 	TextBox2 loaded 1 chars with 0 blanks and 1 valid
13.5770 	DEBUG 	TextBox2 loaded 1 chars with 0 blanks and 1 valid
13.5776 	DEBUG 	TextBox2 loaded 1 chars with 0 blanks and 1 valid
13.5779 	DEBUG 	TextBox2 loaded 1 chars with 0 blanks and 1 valid
13.5782 	DEBUG 	TextBox2 loaded 1 chars with 0 blanks and 1 valid
13.5784 	DEBUG 	Uploading Texture Font fontname to graphics card
13.5788 	DEBUG 	Upload of Texture Font fontname complete
13.5830 	DEBUG 	TextBox2 loaded 1 chars with 0 blanks and 1 valid
13.5831 	DEBUG 	Uploading Texture Font fontname to graphics card
13.5870 	DEBUG 	Upload of Texture Font fontname complete
13.5923 	DEBUG 	TextBox2 loaded 1 chars with 0 blanks and 1 valid
13.5924 	DEBUG 	Uploading Texture Font fontname to graphics card
13.5982 	DEBUG 	Upload of Texture Font fontname complete
13.6058 	DEBUG 	TextBox2 loaded 1 chars with 0 blanks and 1 valid
13.6059 	DEBUG 	Uploading Texture Font fontname to graphics card
13.6105 	DEBUG 	Upload of Texture Font fontname complete
13.6159 	DEBUG 	TextBox2 loaded 1 chars with 0 blanks and 1 valid
13.6160 	DEBUG 	Uploading Texture Font fontname to graphics card
13.6207 	DEBUG 	Upload of Texture Font fontname complete
13.6263 	DEBUG 	TextBox2 loaded 1 chars with 0 blanks and 1 valid
13.6264 	DEBUG 	Uploading Texture Font fontname to graphics card
13.6314 	DEBUG 	Upload of Texture Font fontname complete
13.6368 	DEBUG 	TextBox2 loaded 1 chars with 0 blanks and 1 valid
13.6369 	DEBUG 	Uploading Texture Font fontname to graphics card
13.6414 	DEBUG 	Upload of Texture Font fontname complete
13.6467 	DEBUG 	TextBox2 loaded 1 chars with 0 blanks and 1 valid
13.6468 	DEBUG 	Uploading Texture Font fontname to graphics card
13.6515 	DEBUG 	Upload of Texture Font fontname complete
13.7758 	DEBUG 	TextBox2 loaded 1 chars with 0 blanks and 1 valid
13.7761 	DEBUG 	TextBox2 loaded 1 chars with 0 blanks and 1 valid
13.7764 	DEBUG 	TextBox2 loaded 1 chars with 0 blanks and 1 valid
13.7767 	DEBUG 	TextBox2 loaded 1 chars with 0 blanks and 1 valid
13.7769 	DEBUG 	TextBox2 loaded 1 chars with 0 blanks and 1 valid
13.7772 	DEBUG 	TextBox2 loaded 1 chars with 0 blanks and 1 valid
13.7774 	DEBUG 	TextBox2 loaded 1 chars with 0 blanks and 1 valid
13.7776 	DEBUG 	TextBox2 loaded 1 chars with 0 blanks and 1 valid
13.7779 	DEBUG 	TextBox2 loaded 1 chars with 0 blanks and 1 valid
13.7781 	DEBUG 	TextBox2 loaded 1 chars with 0 blanks and 1 valid
13.7784 	DEBUG 	TextBox2 loaded 1 chars with 0 blanks and 1 valid
13.7786 	DEBUG 	TextBox2 loaded 1 chars with 0 blanks and 1 valid
13.7788 	DEBUG 	Uploading Texture Font fontname to graphics card
13.7860 	DEBUG 	Upload of Texture Font fontname complete
13.7889 	DEBUG 	TextBox2 loaded 1 chars with 0 blanks and 1 valid
13.7893 	DEBUG 	TextBox2 loaded 1 chars with 0 blanks and 1 valid
13.7896 	DEBUG 	TextBox2 loaded 1 chars with 0 blanks and 1 valid
13.7899 	DEBUG 	TextBox2 loaded 1 chars with 0 blanks and 1 valid
13.7902 	DEBUG 	TextBox2 loaded 1 chars with 0 blanks and 1 valid
13.7903 	DEBUG 	Uploading Texture Font fontname to graphics card
13.8010 	DEBUG 	Upload of Texture Font fontname complete
13.8040 	DEBUG 	TextBox2 loaded 1 chars with 0 blanks and 1 valid
13.8041 	DEBUG 	Uploading Texture Font fontname to graphics card
13.8075 	DEBUG 	Upload of Texture Font fontname complete
13.8127 	DEBUG 	TextBox2 loaded 1 chars with 0 blanks and 1 valid
13.8130 	DEBUG 	TextBox2 loaded 1 chars with 0 blanks and 1 valid
13.8132 	DEBUG 	Uploading Texture Font fontname to graphics card
13.8196 	DEBUG 	Upload of Texture Font fontname complete
13.9151 	EXP 	Created text_instruction = TextStim(__class__=<class 'psychopy.visual.text.TextStim'>, alignHoriz=method-wrapper(...), alignText='center', alignVert=method-wrapper(...), anchorHoriz='center', anchorVert='center', antialias=True, autoDraw=False, autoLog=True, bold=False, color=array([1., 1., 1.]), colorSpace='rgb', contrast=1.0, depth=0.0, draggable=False, flipHoriz=False, flipVert=False, font='Arial', fontFiles=[], height=np.float64(0.05), italic=False, languageStyle='LTR', name='text_instruction', opacity=1, ori=0.0, pos=array([0., 0.]), rgb=UNKNOWN, text='Selectionner la réponse', units='height', win=Window(...), wrapWidth=1)
14.1392 	EXP 	Created text_instruction = TextStim(__class__=<class 'psychopy.visual.text.TextStim'>, alignHoriz=method-wrapper(...), alignText='center', alignVert=method-wrapper(...), anchorHoriz='center', anchorVert='center', antialias=True, autoDraw=False, autoLog=True, bold=False, color=array([1., 1., 1.]), colorSpace='rgb', contrast=1.0, depth=0.0, draggable=False, flipHoriz=False, flipVert=False, font='Arial', fontFiles=[], height=np.float64(0.05), italic=False, languageStyle='LTR', name='text_instruction', opacity=1, ori=0.0, pos=array([0., 0.]), rgb=UNKNOWN, text='Selectionner la réponse', units='height', win=Window(...), wrapWidth=1)
0.0440 	EXP 	text_instruction: autoDraw = True
0.6197 	DATA 	Mouse: Left button down, pos=(358,275)
0.6613 	EXP 	text_instruction: autoDraw = False
0.7182 	DATA 	Mouse:  Left button up, pos=(358,275)
7.5326 	DATA 	Mouse: Left button down, pos=(381,179)
7.5773 	EXP 	text_instruction: autoDraw = True
7.6121 	DATA 	Mouse:  Left button up, pos=(381,179)
8.0952 	DATA 	Mouse: Left button down, pos=(379,181)
8.1111 	EXP 	text_instruction: autoDraw = False
8.1796 	DATA 	Mouse:  Left button up, pos=(379,181)
8.3449 	DATA 	Mouse: Left button down, pos=(379,181)
8.3771 	EXP 	text_instruction: autoDraw = True
8.4780 	DATA 	Mouse:  Left button up, pos=(379,181)
8.5778 	DATA 	Mouse: Left button down, pos=(379,181)
8.5944 	EXP 	text_instruction: autoDraw = False
8.6787 	DATA 	Mouse:  Left button up, pos=(379,181)
8.8786 	DATA 	Mouse: Left button down, pos=(379,181)
8.8956 	EXP 	CRM_Spat: status = STOPPED
8.8984 	INFO 	saved data to 'C:\\Users\\chamery\\Documents\\Spat_CRM_Protocol\\Spat_CRM_Protocol\\src\\data\\pilot_CRM_Spat_2026-07-02_10h10.43.358.csv'
8.8991 	INFO 	saved data to C:\Users\chamery\Documents\Spat_CRM_Protocol\Spat_CRM_Protocol\src\data\pilot_CRM_Spat_2026-07-02_10h10.43.358.psydat
9.0690 	DEBUG 	Saving data for CRM_Spat ExperimentHandler
9.0702 	INFO 	Stopping keyboard key buffers.
