73.8531 	DEBUG 	Fullscreen settings ignored as running in pilot mode.
73.8538 	INFO 	Loaded monitor calibration from ['2026_07_01 09:38']
73.9998 	INFO 	Using renderer 'Intel(R) Arc(TM) Pro 140T GPU (16GB)' for graphics
73.9999 	INFO 	OpenGL version supported by driver is 4..
74.0241 	EXP 	Created window1 = Window(allowGUI=False, allowStencil=False, autoLog=True, backendConf=UNKNOWN, backgroundFit=<method-wrapper '__getattribute__' of attributeSetter object at 0x000001F258A0AE00>, backgroundImage=<method-wrapper '__getattribute__' of attributeSetter object at 0x000001F258A09E70>, bitsMode=UNKNOWN, blendMode='avg', bpc=(8, 8, 8), color=array([0, 0, 0]), colorSpace='rgb', depthBits=8, fullscr=False, gamma=None, gammaErrorPolicy='raise', infoMsg=UNKNOWN, lms=UNKNOWN, monitor=<psychopy.monitors.calibTools.Monitor object at 0x000001F25A1B6AA0>, multiSample=False, name='window1', numSamples=2, pos=[np.float64(560.0), np.float64(300.0)], screen=0, size=array([800, 600]), stencilBits=0, stereo=False, title='PsychoPy', units='height', useFBO=True, useRetina=False, viewOri=0.0, viewPos=None, viewScale=None, waitBlanking=True, winType='pyglet')
74.0242 	EXP 	window1: backgroundImage = ''
74.0242 	EXP 	window1: backgroundFit = 'none'
74.0366 	DEBUG 	TextBox2 loaded 1 chars with 0 blanks and 1 valid
74.0442 	DEBUG 	TextBox2 loaded 1 chars with 0 blanks and 1 valid
74.0518 	DEBUG 	TextBox2 loaded 1 chars with 0 blanks and 1 valid
74.0595 	DEBUG 	TextBox2 loaded 1 chars with 0 blanks and 1 valid
74.0682 	DEBUG 	TextBox2 loaded 1 chars with 0 blanks and 1 valid
74.0757 	DEBUG 	TextBox2 loaded 1 chars with 0 blanks and 1 valid
74.0836 	DEBUG 	TextBox2 loaded 1 chars with 0 blanks and 1 valid
74.0913 	DEBUG 	TextBox2 loaded 1 chars with 0 blanks and 1 valid
74.0991 	DEBUG 	TextBox2 loaded 1 chars with 0 blanks and 1 valid
74.1066 	DEBUG 	TextBox2 loaded 1 chars with 0 blanks and 1 valid
74.1147 	DEBUG 	TextBox2 loaded 1 chars with 0 blanks and 1 valid
74.1224 	DEBUG 	TextBox2 loaded 1 chars with 0 blanks and 1 valid
74.1322 	DEBUG 	TextBox2 loaded 1 chars with 0 blanks and 1 valid
74.1399 	DEBUG 	TextBox2 loaded 1 chars with 0 blanks and 1 valid
74.1477 	DEBUG 	TextBox2 loaded 1 chars with 0 blanks and 1 valid
74.1554 	DEBUG 	TextBox2 loaded 1 chars with 0 blanks and 1 valid
74.1632 	DEBUG 	TextBox2 loaded 1 chars with 0 blanks and 1 valid
74.1706 	DEBUG 	TextBox2 loaded 1 chars with 0 blanks and 1 valid
74.1782 	DEBUG 	TextBox2 loaded 1 chars with 0 blanks and 1 valid
74.1861 	DEBUG 	TextBox2 loaded 1 chars with 0 blanks and 1 valid
74.1938 	DEBUG 	TextBox2 loaded 1 chars with 0 blanks and 1 valid
74.1941 	DEBUG 	Uploading Texture Font fontname to graphics card
74.2013 	DEBUG 	Upload of Texture Font fontname complete
74.2123 	DEBUG 	TextBox2 loaded 1 chars with 0 blanks and 1 valid
74.2203 	DEBUG 	TextBox2 loaded 1 chars with 0 blanks and 1 valid
74.2282 	DEBUG 	TextBox2 loaded 1 chars with 0 blanks and 1 valid
74.2284 	DEBUG 	Uploading Texture Font fontname to graphics card
74.2336 	DEBUG 	Upload of Texture Font fontname complete
74.2352 	EXP 	window1: Attempting to measure frame rate of screen (0) ...
74.2352 	EXP 	window1: recordFrameIntervals = False
74.3975 	EXP 	window1: recordFrameIntervals = True
76.0643 	EXP 	window1: recordFrameIntervals = False
76.0643 	EXP 	Screen (0) actual frame rate measured at 60.04Hz
76.0753 	DEBUG 	TextBox2 loaded 1 chars with 0 blanks and 1 valid
76.0835 	DEBUG 	TextBox2 loaded 1 chars with 0 blanks and 1 valid
76.0915 	DEBUG 	TextBox2 loaded 1 chars with 0 blanks and 1 valid
76.0995 	DEBUG 	TextBox2 loaded 1 chars with 0 blanks and 1 valid
76.1078 	DEBUG 	TextBox2 loaded 1 chars with 0 blanks and 1 valid
76.1162 	DEBUG 	TextBox2 loaded 1 chars with 0 blanks and 1 valid
76.1241 	DEBUG 	TextBox2 loaded 1 chars with 0 blanks and 1 valid
76.1322 	DEBUG 	TextBox2 loaded 1 chars with 0 blanks and 1 valid
76.1404 	DEBUG 	TextBox2 loaded 1 chars with 0 blanks and 1 valid
76.1485 	DEBUG 	TextBox2 loaded 1 chars with 0 blanks and 1 valid
76.1488 	DEBUG 	Uploading Texture Font fontname to graphics card
76.1492 	DEBUG 	Upload of Texture Font fontname complete
76.2790 	INFO 	keyboard.Keyboard is using ptb backend.
76.2790 	EXP 	CRM_Spat: status = STARTED
76.3385 	EXP 	Created text_instruction = TextStim(__class__=<class 'psychopy.visual.text.TextStim'>, alignHoriz=method-wrapper(...), alignText='center', alignVert=method-wrapper(...), anchorHoriz='center', anchorVert='center', antialias=True, autoDraw=False, autoLog=True, bold=False, color=array([1., 1., 1.]), colorSpace='rgb', contrast=1.0, depth=0.0, draggable=False, flipHoriz=False, flipVert=False, font='Arial', fontFiles=[], height=np.float64(0.05), italic=False, languageStyle='LTR', name='text_instruction', opacity=1, ori=0.0, pos=array([0., 0.]), rgb=UNKNOWN, text='Selectionner la réponse', units='height', win=Window(...), wrapWidth=1)
76.3414 	DEBUG 	TextBox2 loaded 1 chars with 0 blanks and 1 valid
76.3416 	DEBUG 	Uploading Texture Font fontname to graphics card
76.3431 	DEBUG 	Upload of Texture Font fontname complete
76.3466 	DEBUG 	TextBox2 loaded 1 chars with 0 blanks and 1 valid
76.3472 	DEBUG 	TextBox2 loaded 1 chars with 0 blanks and 1 valid
76.3474 	DEBUG 	TextBox2 loaded 1 chars with 0 blanks and 1 valid
76.3479 	DEBUG 	TextBox2 loaded 1 chars with 0 blanks and 1 valid
76.3483 	DEBUG 	TextBox2 loaded 1 chars with 0 blanks and 1 valid
76.3485 	DEBUG 	TextBox2 loaded 1 chars with 0 blanks and 1 valid
76.3487 	DEBUG 	TextBox2 loaded 1 chars with 0 blanks and 1 valid
76.3492 	DEBUG 	TextBox2 loaded 1 chars with 0 blanks and 1 valid
76.3496 	DEBUG 	TextBox2 loaded 1 chars with 0 blanks and 1 valid
76.3499 	DEBUG 	TextBox2 loaded 1 chars with 0 blanks and 1 valid
76.3501 	DEBUG 	Uploading Texture Font fontname to graphics card
76.3506 	DEBUG 	Upload of Texture Font fontname complete
76.3547 	DEBUG 	TextBox2 loaded 1 chars with 0 blanks and 1 valid
76.3548 	DEBUG 	Uploading Texture Font fontname to graphics card
76.3589 	DEBUG 	Upload of Texture Font fontname complete
76.3648 	DEBUG 	TextBox2 loaded 1 chars with 0 blanks and 1 valid
76.3650 	DEBUG 	Uploading Texture Font fontname to graphics card
76.3690 	DEBUG 	Upload of Texture Font fontname complete
76.3748 	DEBUG 	TextBox2 loaded 1 chars with 0 blanks and 1 valid
76.3750 	DEBUG 	Uploading Texture Font fontname to graphics card
76.3784 	DEBUG 	Upload of Texture Font fontname complete
76.3841 	DEBUG 	TextBox2 loaded 1 chars with 0 blanks and 1 valid
76.3843 	DEBUG 	Uploading Texture Font fontname to graphics card
76.3899 	DEBUG 	Upload of Texture Font fontname complete
76.3959 	DEBUG 	TextBox2 loaded 1 chars with 0 blanks and 1 valid
76.3960 	DEBUG 	Uploading Texture Font fontname to graphics card
76.4010 	DEBUG 	Upload of Texture Font fontname complete
76.4071 	DEBUG 	TextBox2 loaded 1 chars with 0 blanks and 1 valid
76.4072 	DEBUG 	Uploading Texture Font fontname to graphics card
76.4130 	DEBUG 	Upload of Texture Font fontname complete
76.4210 	DEBUG 	TextBox2 loaded 1 chars with 0 blanks and 1 valid
76.4211 	DEBUG 	Uploading Texture Font fontname to graphics card
76.4270 	DEBUG 	Upload of Texture Font fontname complete
76.5613 	DEBUG 	TextBox2 loaded 1 chars with 0 blanks and 1 valid
76.5616 	DEBUG 	TextBox2 loaded 1 chars with 0 blanks and 1 valid
76.5619 	DEBUG 	TextBox2 loaded 1 chars with 0 blanks and 1 valid
76.5620 	DEBUG 	TextBox2 loaded 1 chars with 0 blanks and 1 valid
76.5622 	DEBUG 	TextBox2 loaded 1 chars with 0 blanks and 1 valid
76.5625 	DEBUG 	TextBox2 loaded 1 chars with 0 blanks and 1 valid
76.5627 	DEBUG 	TextBox2 loaded 1 chars with 0 blanks and 1 valid
76.5630 	DEBUG 	TextBox2 loaded 1 chars with 0 blanks and 1 valid
76.5633 	DEBUG 	TextBox2 loaded 1 chars with 0 blanks and 1 valid
76.5635 	DEBUG 	TextBox2 loaded 1 chars with 0 blanks and 1 valid
76.5638 	DEBUG 	TextBox2 loaded 1 chars with 0 blanks and 1 valid
76.5640 	DEBUG 	TextBox2 loaded 1 chars with 0 blanks and 1 valid
76.5642 	DEBUG 	Uploading Texture Font fontname to graphics card
76.5693 	DEBUG 	Upload of Texture Font fontname complete
76.5728 	DEBUG 	TextBox2 loaded 1 chars with 0 blanks and 1 valid
76.5732 	DEBUG 	TextBox2 loaded 1 chars with 0 blanks and 1 valid
76.5735 	DEBUG 	TextBox2 loaded 1 chars with 0 blanks and 1 valid
76.5738 	DEBUG 	TextBox2 loaded 1 chars with 0 blanks and 1 valid
76.5740 	DEBUG 	TextBox2 loaded 1 chars with 0 blanks and 1 valid
76.5742 	DEBUG 	Uploading Texture Font fontname to graphics card
76.5821 	DEBUG 	Upload of Texture Font fontname complete
76.5855 	DEBUG 	TextBox2 loaded 1 chars with 0 blanks and 1 valid
76.5857 	DEBUG 	Uploading Texture Font fontname to graphics card
76.5913 	DEBUG 	Upload of Texture Font fontname complete
76.5972 	DEBUG 	TextBox2 loaded 1 chars with 0 blanks and 1 valid
76.5976 	DEBUG 	TextBox2 loaded 1 chars with 0 blanks and 1 valid
76.5977 	DEBUG 	Uploading Texture Font fontname to graphics card
76.6018 	DEBUG 	Upload of Texture Font fontname complete
76.6222 	DEBUG 	TextBox2 loaded 1 chars with 0 blanks and 1 valid
76.6227 	DEBUG 	TextBox2 loaded 1 chars with 0 blanks and 1 valid
76.6230 	DEBUG 	TextBox2 loaded 1 chars with 0 blanks and 1 valid
76.6231 	DEBUG 	Uploading Texture Font fontname to graphics card
76.6276 	DEBUG 	Upload of Texture Font fontname complete
76.6931 	DEBUG 	TextBox2 loaded 1 chars with 0 blanks and 1 valid
76.6934 	DEBUG 	TextBox2 loaded 1 chars with 0 blanks and 1 valid
76.6937 	DEBUG 	TextBox2 loaded 1 chars with 0 blanks and 1 valid
76.6940 	DEBUG 	TextBox2 loaded 1 chars with 0 blanks and 1 valid
76.6943 	DEBUG 	TextBox2 loaded 1 chars with 0 blanks and 1 valid
76.6944 	DEBUG 	Uploading Texture Font fontname to graphics card
76.6975 	DEBUG 	Upload of Texture Font fontname complete
76.7083 	DEBUG 	TextBox2 loaded 1 chars with 0 blanks and 1 valid
76.7085 	DEBUG 	Uploading Texture Font fontname to graphics card
76.7131 	DEBUG 	Upload of Texture Font fontname complete
76.7192 	DEBUG 	TextBox2 loaded 1 chars with 0 blanks and 1 valid
76.7194 	DEBUG 	Uploading Texture Font fontname to graphics card
76.7235 	DEBUG 	Upload of Texture Font fontname complete
76.7286 	EXP 	Created text_instruction = TextStim(__class__=<class 'psychopy.visual.text.TextStim'>, alignHoriz=method-wrapper(...), alignText='center', alignVert=method-wrapper(...), anchorHoriz='center', anchorVert='center', antialias=True, autoDraw=False, autoLog=True, bold=False, color=array([1., 1., 1.]), colorSpace='rgb', contrast=1.0, depth=0.0, draggable=False, flipHoriz=False, flipVert=False, font='Arial', fontFiles=[], height=np.float64(0.05), italic=False, languageStyle='LTR', name='text_instruction', opacity=1, ori=0.0, pos=array([0., 0.]), rgb=UNKNOWN, text='Selectionner la réponse', units='height', win=Window(...), wrapWidth=1)
76.9598 	EXP 	Created text_instruction = TextStim(__class__=<class 'psychopy.visual.text.TextStim'>, alignHoriz=method-wrapper(...), alignText='center', alignVert=method-wrapper(...), anchorHoriz='center', anchorVert='center', antialias=True, autoDraw=False, autoLog=True, bold=False, color=array([1., 1., 1.]), colorSpace='rgb', contrast=1.0, depth=0.0, draggable=False, flipHoriz=False, flipVert=False, font='Arial', fontFiles=[], height=np.float64(0.05), italic=False, languageStyle='LTR', name='text_instruction', opacity=1, ori=0.0, pos=array([0., 0.]), rgb=UNKNOWN, text='Selectionner la réponse', units='height', win=Window(...), wrapWidth=1)
0.0559 	EXP 	text_instruction: autoDraw = True
1.0893 	EXP 	text_instruction: autoDraw = False
1.1654 	DATA 	Mouse: Left button down, pos=(368,335)
1.2074 	EXP 	text_instruction: autoDraw = False
1.3087 	DATA 	Mouse:  Left button up, pos=(368,335)
2.4421 	DATA 	Mouse: Left button down, pos=(368,335)
2.4726 	EXP 	text_instruction: autoDraw = True
2.6493 	DATA 	Mouse:  Left button up, pos=(368,335)
2.8191 	DATA 	Mouse: Left button down, pos=(368,335)
2.8573 	EXP 	text_instruction: autoDraw = False
2.9460 	DATA 	Mouse:  Left button up, pos=(368,335)
3.3134 	DATA 	Mouse: Left button down, pos=(368,335)
3.3566 	EXP 	text_instruction: autoDraw = True
3.4244 	DATA 	Mouse:  Left button up, pos=(368,335)
3.6754 	DATA 	Mouse: Left button down, pos=(368,335)
3.6901 	EXP 	text_instruction: autoDraw = False
3.7747 	DATA 	Mouse:  Left button up, pos=(368,335)
4.0917 	DATA 	Mouse: Left button down, pos=(368,335)
4.1080 	EXP 	CRM_Spat: status = STOPPED
4.1111 	INFO 	saved data to 'C:\\Users\\chamery\\Documents\\Spat_CRM_Protocol\\Spat_CRM_Protocol\\src\\data\\pilot_CRM_Spat_2026-07-02_10h16.45.967.csv'
4.1118 	INFO 	saved data to C:\Users\chamery\Documents\Spat_CRM_Protocol\Spat_CRM_Protocol\src\data\pilot_CRM_Spat_2026-07-02_10h16.45.967.psydat
4.2961 	DEBUG 	Saving data for CRM_Spat ExperimentHandler
4.2975 	INFO 	Stopping keyboard key buffers.
