9.9971 	DEBUG 	Fullscreen settings ignored as running in pilot mode.
9.9998 	INFO 	Loaded monitor calibration from ['2026_07_01 09:38']
10.4309 	INFO 	Using renderer 'Intel(R) Arc(TM) Pro 140T GPU (16GB)' for graphics
10.4310 	INFO 	OpenGL version supported by driver is 4..
10.4894 	EXP 	Created window1 = Window(allowGUI=False, allowStencil=False, autoLog=True, backendConf=UNKNOWN, backgroundFit=<method-wrapper '__getattribute__' of attributeSetter object at 0x00000224DF90D720>, backgroundImage=<method-wrapper '__getattribute__' of attributeSetter object at 0x00000224DF90D780>, bitsMode=UNKNOWN, blendMode='avg', bpc=(8, 8, 8), color=array([0, 0, 0]), colorSpace='rgb', depthBits=8, fullscr=False, gamma=None, gammaErrorPolicy='raise', infoMsg=UNKNOWN, lms=UNKNOWN, monitor=<psychopy.monitors.calibTools.Monitor object at 0x00000224D9331A50>, multiSample=False, name='window1', numSamples=2, pos=[np.float64(560.0), np.float64(300.0)], screen=0, size=array([800, 600]), stencilBits=0, stereo=False, title='PsychoPy', units='height', useFBO=True, useRetina=False, viewOri=0.0, viewPos=None, viewScale=None, waitBlanking=True, winType='pyglet')
10.4895 	EXP 	window1: backgroundImage = ''
10.4895 	EXP 	window1: backgroundFit = 'none'
10.5167 	DEBUG 	TextBox2 loaded 1 chars with 0 blanks and 1 valid
10.5336 	DEBUG 	TextBox2 loaded 1 chars with 0 blanks and 1 valid
10.5522 	DEBUG 	TextBox2 loaded 1 chars with 0 blanks and 1 valid
10.5692 	DEBUG 	TextBox2 loaded 1 chars with 0 blanks and 1 valid
10.5865 	DEBUG 	TextBox2 loaded 1 chars with 0 blanks and 1 valid
10.6069 	DEBUG 	TextBox2 loaded 1 chars with 0 blanks and 1 valid
10.6244 	DEBUG 	TextBox2 loaded 1 chars with 0 blanks and 1 valid
10.6426 	DEBUG 	TextBox2 loaded 1 chars with 0 blanks and 1 valid
10.6622 	DEBUG 	TextBox2 loaded 1 chars with 0 blanks and 1 valid
10.6788 	DEBUG 	TextBox2 loaded 1 chars with 0 blanks and 1 valid
10.6992 	DEBUG 	TextBox2 loaded 1 chars with 0 blanks and 1 valid
10.7164 	DEBUG 	TextBox2 loaded 1 chars with 0 blanks and 1 valid
10.7331 	DEBUG 	TextBox2 loaded 1 chars with 0 blanks and 1 valid
10.7500 	DEBUG 	TextBox2 loaded 1 chars with 0 blanks and 1 valid
10.7704 	DEBUG 	TextBox2 loaded 1 chars with 0 blanks and 1 valid
10.7873 	DEBUG 	TextBox2 loaded 1 chars with 0 blanks and 1 valid
10.8047 	DEBUG 	TextBox2 loaded 1 chars with 0 blanks and 1 valid
10.8240 	DEBUG 	TextBox2 loaded 1 chars with 0 blanks and 1 valid
10.8405 	DEBUG 	TextBox2 loaded 1 chars with 0 blanks and 1 valid
10.8592 	DEBUG 	TextBox2 loaded 1 chars with 0 blanks and 1 valid
10.8803 	DEBUG 	TextBox2 loaded 1 chars with 0 blanks and 1 valid
10.8810 	DEBUG 	Uploading Texture Font fontname to graphics card
10.8925 	DEBUG 	Upload of Texture Font fontname complete
10.9203 	DEBUG 	TextBox2 loaded 1 chars with 0 blanks and 1 valid
10.9372 	DEBUG 	TextBox2 loaded 1 chars with 0 blanks and 1 valid
10.9541 	DEBUG 	TextBox2 loaded 1 chars with 0 blanks and 1 valid
10.9546 	DEBUG 	Uploading Texture Font fontname to graphics card
10.9624 	DEBUG 	Upload of Texture Font fontname complete
10.9648 	EXP 	window1: Attempting to measure frame rate of screen (0) ...
10.9648 	EXP 	window1: recordFrameIntervals = False
11.1389 	EXP 	window1: recordFrameIntervals = True
11.9261 	WARNING 	t of last frame was 21.59ms (=1/46)
11.9563 	WARNING 	t of last frame was 30.15ms (=1/33)
11.9784 	WARNING 	t of last frame was 22.12ms (=1/45)
12.0076 	WARNING 	t of last frame was 29.27ms (=1/34)
12.8245 	WARNING 	Multiple dropped frames have occurred - I'll stop bothering you about them!
12.8450 	EXP 	window1: recordFrameIntervals = False
12.8451 	EXP 	Screen (0) actual frame rate measured at 60.19Hz
12.9266 	DEBUG 	TextBox2 loaded 1 chars with 0 blanks and 1 valid
12.9565 	DEBUG 	TextBox2 loaded 1 chars with 0 blanks and 1 valid
12.9788 	DEBUG 	TextBox2 loaded 1 chars with 0 blanks and 1 valid
13.0037 	DEBUG 	TextBox2 loaded 1 chars with 0 blanks and 1 valid
13.0220 	DEBUG 	TextBox2 loaded 1 chars with 0 blanks and 1 valid
13.0409 	DEBUG 	TextBox2 loaded 1 chars with 0 blanks and 1 valid
13.0605 	DEBUG 	TextBox2 loaded 1 chars with 0 blanks and 1 valid
13.0798 	DEBUG 	TextBox2 loaded 1 chars with 0 blanks and 1 valid
13.0966 	DEBUG 	TextBox2 loaded 1 chars with 0 blanks and 1 valid
13.1132 	DEBUG 	TextBox2 loaded 1 chars with 0 blanks and 1 valid
13.1137 	DEBUG 	Uploading Texture Font fontname to graphics card
13.1145 	DEBUG 	Upload of Texture Font fontname complete
13.4639 	INFO 	keyboard.Keyboard is using ptb backend.
13.4640 	EXP 	CRM_Spat: status = STARTED
13.5813 	EXP 	Created text_instruction = TextStim(__class__=<class 'psychopy.visual.text.TextStim'>, alignHoriz=method-wrapper(...), alignText='center', alignVert=method-wrapper(...), anchorHoriz='center', anchorVert='center', antialias=True, autoDraw=False, autoLog=True, bold=False, color=array([1., 1., 1.]), colorSpace='rgb', contrast=1.0, depth=0.0, draggable=False, flipHoriz=False, flipVert=False, font='Arial', fontFiles=[], height=np.float64(0.05), italic=False, languageStyle='LTR', name='text_instruction', opacity=1, ori=0.0, pos=array([0., 0.]), rgb=UNKNOWN, text='Selectionner la réponse', units='height', win=Window(...), wrapWidth=1)
13.5876 	DEBUG 	TextBox2 loaded 1 chars with 0 blanks and 1 valid
13.5879 	DEBUG 	Uploading Texture Font fontname to graphics card
13.5902 	DEBUG 	Upload of Texture Font fontname complete
13.5970 	DEBUG 	TextBox2 loaded 1 chars with 0 blanks and 1 valid
13.5981 	DEBUG 	TextBox2 loaded 1 chars with 0 blanks and 1 valid
13.5985 	DEBUG 	TextBox2 loaded 1 chars with 0 blanks and 1 valid
13.5996 	DEBUG 	TextBox2 loaded 1 chars with 0 blanks and 1 valid
13.6004 	DEBUG 	TextBox2 loaded 1 chars with 0 blanks and 1 valid
13.6007 	DEBUG 	TextBox2 loaded 1 chars with 0 blanks and 1 valid
13.6011 	DEBUG 	TextBox2 loaded 1 chars with 0 blanks and 1 valid
13.6029 	DEBUG 	TextBox2 loaded 1 chars with 0 blanks and 1 valid
13.6041 	DEBUG 	TextBox2 loaded 1 chars with 0 blanks and 1 valid
13.6048 	DEBUG 	TextBox2 loaded 1 chars with 0 blanks and 1 valid
13.6054 	DEBUG 	Uploading Texture Font fontname to graphics card
13.6063 	DEBUG 	Upload of Texture Font fontname complete
13.6147 	DEBUG 	TextBox2 loaded 1 chars with 0 blanks and 1 valid
13.6150 	DEBUG 	Uploading Texture Font fontname to graphics card
13.6184 	DEBUG 	Upload of Texture Font fontname complete
13.6326 	DEBUG 	TextBox2 loaded 1 chars with 0 blanks and 1 valid
13.6329 	DEBUG 	Uploading Texture Font fontname to graphics card
13.6369 	DEBUG 	Upload of Texture Font fontname complete
13.6500 	DEBUG 	TextBox2 loaded 1 chars with 0 blanks and 1 valid
13.6502 	DEBUG 	Uploading Texture Font fontname to graphics card
13.6545 	DEBUG 	Upload of Texture Font fontname complete
13.6677 	DEBUG 	TextBox2 loaded 1 chars with 0 blanks and 1 valid
13.6680 	DEBUG 	Uploading Texture Font fontname to graphics card
13.6707 	DEBUG 	Upload of Texture Font fontname complete
13.6817 	DEBUG 	TextBox2 loaded 1 chars with 0 blanks and 1 valid
13.6819 	DEBUG 	Uploading Texture Font fontname to graphics card
13.6846 	DEBUG 	Upload of Texture Font fontname complete
13.7006 	DEBUG 	TextBox2 loaded 1 chars with 0 blanks and 1 valid
13.7009 	DEBUG 	Uploading Texture Font fontname to graphics card
13.7053 	DEBUG 	Upload of Texture Font fontname complete
13.7197 	DEBUG 	TextBox2 loaded 1 chars with 0 blanks and 1 valid
13.7201 	DEBUG 	Uploading Texture Font fontname to graphics card
13.7238 	DEBUG 	Upload of Texture Font fontname complete
14.0007 	EXP 	Created text_instruction = TextStim(__class__=<class 'psychopy.visual.text.TextStim'>, alignHoriz=method-wrapper(...), alignText='center', alignVert=method-wrapper(...), anchorHoriz='center', anchorVert='center', antialias=True, autoDraw=False, autoLog=True, bold=False, color=array([1., 1., 1.]), colorSpace='rgb', contrast=1.0, depth=0.0, draggable=False, flipHoriz=False, flipVert=False, font='Arial', fontFiles=[], height=np.float64(0.05), italic=False, languageStyle='LTR', name='text_instruction', opacity=1, ori=0.0, pos=array([0., 0.]), rgb=UNKNOWN, text='Selectionner la réponse', units='height', win=Window(...), wrapWidth=1)
14.5427 	EXP 	Created text_instruction = TextStim(__class__=<class 'psychopy.visual.text.TextStim'>, alignHoriz=method-wrapper(...), alignText='center', alignVert=method-wrapper(...), anchorHoriz='center', anchorVert='center', antialias=True, autoDraw=False, autoLog=True, bold=False, color=array([1., 1., 1.]), colorSpace='rgb', contrast=1.0, depth=0.0, draggable=False, flipHoriz=False, flipVert=False, font='Arial', fontFiles=[], height=np.float64(0.05), italic=False, languageStyle='LTR', name='text_instruction', opacity=1, ori=0.0, pos=array([0., 0.]), rgb=UNKNOWN, text='Selectionner la réponse', units='height', win=Window(...), wrapWidth=1)
0.0780 	EXP 	text_instruction: autoDraw = True
1.1612 	EXP 	text_instruction: autoDraw = False
1.3138 	DATA 	Mouse: Left button down, pos=(361,352)
1.3775 	EXP 	text_instruction: autoDraw = False
1.3775 	EXP 	text_instruction: autoDraw = True
1.3967 	DATA 	Mouse:  Left button up, pos=(361,352)
1.5820 	DATA 	Mouse: Left button down, pos=(361,352)
1.6452 	EXP 	text_instruction: autoDraw = False
1.6452 	EXP 	text_instruction: autoDraw = True
1.6802 	DATA 	Mouse:  Left button up, pos=(361,352)
1.8141 	DATA 	Mouse: Left button down, pos=(361,352)
1.8290 	EXP 	text_instruction: autoDraw = False
1.8310 	EXP 	CRM_Spat: status = STOPPED
1.8362 	INFO 	saved data to 'C:\\Users\\chamery\\Documents\\Spat_CRM_Protocol\\Spat_CRM_Protocol\\src\\data\\pilot_CRM_Spat_2026-07-01_10h56.44.476.csv'
1.8371 	INFO 	saved data to C:\Users\chamery\Documents\Spat_CRM_Protocol\Spat_CRM_Protocol\src\data\pilot_CRM_Spat_2026-07-01_10h56.44.476.psydat
2.2725 	DEBUG 	Saving data for CRM_Spat ExperimentHandler
2.2753 	INFO 	Stopping keyboard key buffers.
