4.9781 	DEBUG 	Fullscreen settings ignored as running in pilot mode.
4.9796 	INFO 	Loaded monitor calibration from ['2026_07_01 09:38']
5.1432 	INFO 	Using renderer 'Intel(R) Arc(TM) Pro 140T GPU (16GB)' for graphics
5.1432 	INFO 	OpenGL version supported by driver is 4..
5.1709 	EXP 	Created window1 = Window(allowGUI=False, allowStencil=False, autoLog=True, backendConf=UNKNOWN, backgroundFit=<method-wrapper '__getattribute__' of attributeSetter object at 0x000002C4C3E2AF20>, backgroundImage=<method-wrapper '__getattribute__' of attributeSetter object at 0x000002C4C3E2AF80>, bitsMode=UNKNOWN, blendMode='avg', bpc=(8, 8, 8), color=array([0, 0, 0]), colorSpace='rgb', depthBits=8, fullscr=False, gamma=None, gammaErrorPolicy='raise', infoMsg=UNKNOWN, lms=UNKNOWN, monitor=<psychopy.monitors.calibTools.Monitor object at 0x000002C4C2E48640>, multiSample=False, name='window1', numSamples=2, pos=[np.float64(560.0), np.float64(300.0)], screen=0, size=array([800, 600]), stencilBits=0, stereo=False, title='PsychoPy', units='height', useFBO=True, useRetina=False, viewOri=0.0, viewPos=None, viewScale=None, waitBlanking=True, winType='pyglet')
5.1709 	EXP 	window1: backgroundImage = ''
5.1709 	EXP 	window1: backgroundFit = 'none'
5.1848 	DEBUG 	TextBox2 loaded 1 chars with 0 blanks and 1 valid
5.1935 	DEBUG 	TextBox2 loaded 1 chars with 0 blanks and 1 valid
5.2022 	DEBUG 	TextBox2 loaded 1 chars with 0 blanks and 1 valid
5.2130 	DEBUG 	TextBox2 loaded 1 chars with 0 blanks and 1 valid
5.2226 	DEBUG 	TextBox2 loaded 1 chars with 0 blanks and 1 valid
5.2310 	DEBUG 	TextBox2 loaded 1 chars with 0 blanks and 1 valid
5.2395 	DEBUG 	TextBox2 loaded 1 chars with 0 blanks and 1 valid
5.2489 	DEBUG 	TextBox2 loaded 1 chars with 0 blanks and 1 valid
5.2572 	DEBUG 	TextBox2 loaded 1 chars with 0 blanks and 1 valid
5.2678 	DEBUG 	TextBox2 loaded 1 chars with 0 blanks and 1 valid
5.2764 	DEBUG 	TextBox2 loaded 1 chars with 0 blanks and 1 valid
5.2855 	DEBUG 	TextBox2 loaded 1 chars with 0 blanks and 1 valid
5.2941 	DEBUG 	TextBox2 loaded 1 chars with 0 blanks and 1 valid
5.3049 	DEBUG 	TextBox2 loaded 1 chars with 0 blanks and 1 valid
5.3136 	DEBUG 	TextBox2 loaded 1 chars with 0 blanks and 1 valid
5.3222 	DEBUG 	TextBox2 loaded 1 chars with 0 blanks and 1 valid
5.3318 	DEBUG 	TextBox2 loaded 1 chars with 0 blanks and 1 valid
5.3402 	DEBUG 	TextBox2 loaded 1 chars with 0 blanks and 1 valid
5.3486 	DEBUG 	TextBox2 loaded 1 chars with 0 blanks and 1 valid
5.3572 	DEBUG 	TextBox2 loaded 1 chars with 0 blanks and 1 valid
5.3657 	DEBUG 	TextBox2 loaded 1 chars with 0 blanks and 1 valid
5.3659 	DEBUG 	Uploading Texture Font fontname to graphics card
5.3706 	DEBUG 	Upload of Texture Font fontname complete
5.3846 	DEBUG 	TextBox2 loaded 1 chars with 0 blanks and 1 valid
5.3932 	DEBUG 	TextBox2 loaded 1 chars with 0 blanks and 1 valid
5.4018 	DEBUG 	TextBox2 loaded 1 chars with 0 blanks and 1 valid
5.4020 	DEBUG 	Uploading Texture Font fontname to graphics card
5.4048 	DEBUG 	Upload of Texture Font fontname complete
5.4059 	EXP 	window1: Attempting to measure frame rate of screen (0) ...
5.4059 	EXP 	window1: recordFrameIntervals = False
5.5653 	EXP 	window1: recordFrameIntervals = True
6.1351 	WARNING 	t of last frame was 20.24ms (=1/49)
7.2309 	EXP 	window1: recordFrameIntervals = False
7.2310 	EXP 	Screen (0) actual frame rate measured at 60.35Hz
7.2433 	DEBUG 	TextBox2 loaded 1 chars with 0 blanks and 1 valid
7.2531 	DEBUG 	TextBox2 loaded 1 chars with 0 blanks and 1 valid
7.2618 	DEBUG 	TextBox2 loaded 1 chars with 0 blanks and 1 valid
7.2704 	DEBUG 	TextBox2 loaded 1 chars with 0 blanks and 1 valid
7.2815 	DEBUG 	TextBox2 loaded 1 chars with 0 blanks and 1 valid
7.2902 	DEBUG 	TextBox2 loaded 1 chars with 0 blanks and 1 valid
7.2985 	DEBUG 	TextBox2 loaded 1 chars with 0 blanks and 1 valid
7.3071 	DEBUG 	TextBox2 loaded 1 chars with 0 blanks and 1 valid
7.3157 	DEBUG 	TextBox2 loaded 1 chars with 0 blanks and 1 valid
7.3244 	DEBUG 	TextBox2 loaded 1 chars with 0 blanks and 1 valid
7.3247 	DEBUG 	Uploading Texture Font fontname to graphics card
7.3254 	DEBUG 	Upload of Texture Font fontname complete
7.4424 	INFO 	keyboard.Keyboard is using ptb backend.
7.4425 	EXP 	CRM_Spat: status = STARTED
7.4981 	EXP 	Created text_instruction = TextStim(__class__=<class 'psychopy.visual.text.TextStim'>, alignHoriz=method-wrapper(...), alignText='center', alignVert=method-wrapper(...), anchorHoriz='center', anchorVert='center', antialias=True, autoDraw=False, autoLog=True, bold=False, color=array([1., 1., 1.]), colorSpace='rgb', contrast=1.0, depth=0.0, draggable=False, flipHoriz=False, flipVert=False, font='Arial', fontFiles=[], height=np.float64(0.05), italic=False, languageStyle='LTR', name='text_instruction', opacity=1, ori=0.0, pos=array([0., 0.]), rgb=UNKNOWN, text='Selectionner la réponse', units='height', win=Window(...), wrapWidth=1)
7.5012 	DEBUG 	TextBox2 loaded 1 chars with 0 blanks and 1 valid
7.5013 	DEBUG 	Uploading Texture Font fontname to graphics card
7.5025 	DEBUG 	Upload of Texture Font fontname complete
7.5059 	DEBUG 	TextBox2 loaded 1 chars with 0 blanks and 1 valid
7.5064 	DEBUG 	TextBox2 loaded 1 chars with 0 blanks and 1 valid
7.5067 	DEBUG 	TextBox2 loaded 1 chars with 0 blanks and 1 valid
7.5073 	DEBUG 	TextBox2 loaded 1 chars with 0 blanks and 1 valid
7.5077 	DEBUG 	TextBox2 loaded 1 chars with 0 blanks and 1 valid
7.5079 	DEBUG 	TextBox2 loaded 1 chars with 0 blanks and 1 valid
7.5082 	DEBUG 	TextBox2 loaded 1 chars with 0 blanks and 1 valid
7.5087 	DEBUG 	TextBox2 loaded 1 chars with 0 blanks and 1 valid
7.5092 	DEBUG 	TextBox2 loaded 1 chars with 0 blanks and 1 valid
7.5094 	DEBUG 	TextBox2 loaded 1 chars with 0 blanks and 1 valid
7.5096 	DEBUG 	Uploading Texture Font fontname to graphics card
7.5100 	DEBUG 	Upload of Texture Font fontname complete
7.5133 	DEBUG 	TextBox2 loaded 1 chars with 0 blanks and 1 valid
7.5134 	DEBUG 	Uploading Texture Font fontname to graphics card
7.5152 	DEBUG 	Upload of Texture Font fontname complete
7.5210 	DEBUG 	TextBox2 loaded 1 chars with 0 blanks and 1 valid
7.5211 	DEBUG 	Uploading Texture Font fontname to graphics card
7.5231 	DEBUG 	Upload of Texture Font fontname complete
7.5290 	DEBUG 	TextBox2 loaded 1 chars with 0 blanks and 1 valid
7.5291 	DEBUG 	Uploading Texture Font fontname to graphics card
7.5306 	DEBUG 	Upload of Texture Font fontname complete
7.5365 	DEBUG 	TextBox2 loaded 1 chars with 0 blanks and 1 valid
7.5366 	DEBUG 	Uploading Texture Font fontname to graphics card
7.5387 	DEBUG 	Upload of Texture Font fontname complete
7.5446 	DEBUG 	TextBox2 loaded 1 chars with 0 blanks and 1 valid
7.5447 	DEBUG 	Uploading Texture Font fontname to graphics card
7.5461 	DEBUG 	Upload of Texture Font fontname complete
7.5520 	DEBUG 	TextBox2 loaded 1 chars with 0 blanks and 1 valid
7.5521 	DEBUG 	Uploading Texture Font fontname to graphics card
7.5540 	DEBUG 	Upload of Texture Font fontname complete
7.5599 	DEBUG 	TextBox2 loaded 1 chars with 0 blanks and 1 valid
7.5600 	DEBUG 	Uploading Texture Font fontname to graphics card
7.5615 	DEBUG 	Upload of Texture Font fontname complete
7.6995 	DEBUG 	TextBox2 loaded 1 chars with 0 blanks and 1 valid
7.6998 	DEBUG 	TextBox2 loaded 1 chars with 0 blanks and 1 valid
7.7001 	DEBUG 	TextBox2 loaded 1 chars with 0 blanks and 1 valid
7.7004 	DEBUG 	TextBox2 loaded 1 chars with 0 blanks and 1 valid
7.7006 	DEBUG 	TextBox2 loaded 1 chars with 0 blanks and 1 valid
7.7009 	DEBUG 	TextBox2 loaded 1 chars with 0 blanks and 1 valid
7.7012 	DEBUG 	TextBox2 loaded 1 chars with 0 blanks and 1 valid
7.7014 	DEBUG 	TextBox2 loaded 1 chars with 0 blanks and 1 valid
7.7017 	DEBUG 	TextBox2 loaded 1 chars with 0 blanks and 1 valid
7.7020 	DEBUG 	TextBox2 loaded 1 chars with 0 blanks and 1 valid
7.7023 	DEBUG 	TextBox2 loaded 1 chars with 0 blanks and 1 valid
7.7026 	DEBUG 	TextBox2 loaded 1 chars with 0 blanks and 1 valid
7.7027 	DEBUG 	Uploading Texture Font fontname to graphics card
7.7050 	DEBUG 	Upload of Texture Font fontname complete
7.7098 	DEBUG 	TextBox2 loaded 1 chars with 0 blanks and 1 valid
7.7107 	DEBUG 	TextBox2 loaded 1 chars with 0 blanks and 1 valid
7.7114 	DEBUG 	TextBox2 loaded 1 chars with 0 blanks and 1 valid
7.7120 	DEBUG 	TextBox2 loaded 1 chars with 0 blanks and 1 valid
7.7123 	DEBUG 	TextBox2 loaded 1 chars with 0 blanks and 1 valid
7.7125 	DEBUG 	Uploading Texture Font fontname to graphics card
7.7159 	DEBUG 	Upload of Texture Font fontname complete
7.7193 	DEBUG 	TextBox2 loaded 1 chars with 0 blanks and 1 valid
7.7196 	DEBUG 	TextBox2 loaded 1 chars with 0 blanks and 1 valid
7.7198 	DEBUG 	Uploading Texture Font fontname to graphics card
7.7228 	DEBUG 	Upload of Texture Font fontname complete
7.7278 	EXP 	Created text_instruction = TextStim(__class__=<class 'psychopy.visual.text.TextStim'>, alignHoriz=method-wrapper(...), alignText='center', alignVert=method-wrapper(...), anchorHoriz='center', anchorVert='center', antialias=True, autoDraw=False, autoLog=True, bold=False, color=array([1., 1., 1.]), colorSpace='rgb', contrast=1.0, depth=0.0, draggable=False, flipHoriz=False, flipVert=False, font='Arial', fontFiles=[], height=np.float64(0.05), italic=False, languageStyle='LTR', name='text_instruction', opacity=1, ori=0.0, pos=array([0., 0.]), rgb=UNKNOWN, text='Selectionner la réponse', units='height', win=Window(...), wrapWidth=1)
7.9667 	EXP 	Created text_instruction = TextStim(__class__=<class 'psychopy.visual.text.TextStim'>, alignHoriz=method-wrapper(...), alignText='center', alignVert=method-wrapper(...), anchorHoriz='center', anchorVert='center', antialias=True, autoDraw=False, autoLog=True, bold=False, color=array([1., 1., 1.]), colorSpace='rgb', contrast=1.0, depth=0.0, draggable=False, flipHoriz=False, flipVert=False, font='Arial', fontFiles=[], height=np.float64(0.05), italic=False, languageStyle='LTR', name='text_instruction', opacity=1, ori=0.0, pos=array([0., 0.]), rgb=UNKNOWN, text='Selectionner la réponse', units='height', win=Window(...), wrapWidth=1)
0.0442 	EXP 	text_instruction: autoDraw = True
0.5964 	DATA 	Mouse: Left button down, pos=(278,340)
0.6283 	EXP 	text_instruction: autoDraw = False
0.6964 	DATA 	Mouse:  Left button up, pos=(278,340)
1.3983 	DATA 	Mouse: Left button down, pos=(301,174)
1.4276 	EXP 	text_instruction: autoDraw = True
1.4889 	DATA 	Mouse:  Left button up, pos=(301,174)
1.9453 	DATA 	Mouse: Left button down, pos=(271,344)
1.9616 	EXP 	text_instruction: autoDraw = False
2.0294 	DATA 	Mouse:  Left button up, pos=(271,344)
2.6820 	DATA 	Mouse: Left button down, pos=(293,187)
2.7109 	EXP 	text_instruction: autoDraw = True
2.7634 	DATA 	Mouse:  Left button up, pos=(293,187)
3.2449 	DATA 	Mouse: Left button down, pos=(278,285)
3.2612 	EXP 	text_instruction: autoDraw = False
3.3301 	DATA 	Mouse:  Left button up, pos=(278,285)
4.0147 	DATA 	Mouse: Left button down, pos=(309,181)
4.0314 	EXP 	CRM_Spat: status = STOPPED
4.0378 	INFO 	saved data to 'C:\\Users\\chamery\\Documents\\Spat_CRM_Protocol\\Spat_CRM_Protocol\\src\\data\\pilot_CRM_Spat_2026-07-02_09h54.56.764.csv'
4.0388 	INFO 	saved data to C:\Users\chamery\Documents\Spat_CRM_Protocol\Spat_CRM_Protocol\src\data\pilot_CRM_Spat_2026-07-02_09h54.56.764.psydat
4.2216 	DEBUG 	Saving data for CRM_Spat ExperimentHandler
4.2227 	INFO 	Stopping keyboard key buffers.
