4.9881 	DEBUG 	Fullscreen settings ignored as running in pilot mode.
4.9901 	INFO 	Loaded monitor calibration from ['2026_07_01 09:38']
5.1470 	INFO 	Using renderer 'Intel(R) Arc(TM) Pro 140T GPU (16GB)' for graphics
5.1470 	INFO 	OpenGL version supported by driver is 4..
5.1748 	EXP 	Created window1 = Window(allowGUI=False, allowStencil=False, autoLog=True, backendConf=UNKNOWN, backgroundFit=<method-wrapper '__getattribute__' of attributeSetter object at 0x0000017EDAA06530>, backgroundImage=<method-wrapper '__getattribute__' of attributeSetter object at 0x0000017EDAA06440>, bitsMode=UNKNOWN, blendMode='avg', bpc=(8, 8, 8), color=array([0, 0, 0]), colorSpace='rgb', depthBits=8, fullscr=False, gamma=None, gammaErrorPolicy='raise', infoMsg=UNKNOWN, lms=UNKNOWN, monitor=<psychopy.monitors.calibTools.Monitor object at 0x0000017EDA8F5390>, multiSample=False, name='window1', numSamples=2, pos=[np.float64(560.0), np.float64(300.0)], screen=0, size=array([800, 600]), stencilBits=0, stereo=False, title='PsychoPy', units='height', useFBO=True, useRetina=False, viewOri=0.0, viewPos=None, viewScale=None, waitBlanking=True, winType='pyglet')
5.1748 	EXP 	window1: backgroundImage = ''
5.1749 	EXP 	window1: backgroundFit = 'none'
5.1890 	DEBUG 	TextBox2 loaded 1 chars with 0 blanks and 1 valid
5.2004 	DEBUG 	TextBox2 loaded 1 chars with 0 blanks and 1 valid
5.2086 	DEBUG 	TextBox2 loaded 1 chars with 0 blanks and 1 valid
5.2167 	DEBUG 	TextBox2 loaded 1 chars with 0 blanks and 1 valid
5.2248 	DEBUG 	TextBox2 loaded 1 chars with 0 blanks and 1 valid
5.2346 	DEBUG 	TextBox2 loaded 1 chars with 0 blanks and 1 valid
5.2426 	DEBUG 	TextBox2 loaded 1 chars with 0 blanks and 1 valid
5.2508 	DEBUG 	TextBox2 loaded 1 chars with 0 blanks and 1 valid
5.2593 	DEBUG 	TextBox2 loaded 1 chars with 0 blanks and 1 valid
5.2690 	DEBUG 	TextBox2 loaded 1 chars with 0 blanks and 1 valid
5.2770 	DEBUG 	TextBox2 loaded 1 chars with 0 blanks and 1 valid
5.2850 	DEBUG 	TextBox2 loaded 1 chars with 0 blanks and 1 valid
5.2930 	DEBUG 	TextBox2 loaded 1 chars with 0 blanks and 1 valid
5.3009 	DEBUG 	TextBox2 loaded 1 chars with 0 blanks and 1 valid
5.3096 	DEBUG 	TextBox2 loaded 1 chars with 0 blanks and 1 valid
5.3186 	DEBUG 	TextBox2 loaded 1 chars with 0 blanks and 1 valid
5.3269 	DEBUG 	TextBox2 loaded 1 chars with 0 blanks and 1 valid
5.3347 	DEBUG 	TextBox2 loaded 1 chars with 0 blanks and 1 valid
5.3430 	DEBUG 	TextBox2 loaded 1 chars with 0 blanks and 1 valid
5.3510 	DEBUG 	TextBox2 loaded 1 chars with 0 blanks and 1 valid
5.3591 	DEBUG 	TextBox2 loaded 1 chars with 0 blanks and 1 valid
5.3593 	DEBUG 	Uploading Texture Font fontname to graphics card
5.3656 	DEBUG 	Upload of Texture Font fontname complete
5.3774 	DEBUG 	TextBox2 loaded 1 chars with 0 blanks and 1 valid
5.3856 	DEBUG 	TextBox2 loaded 1 chars with 0 blanks and 1 valid
5.3938 	DEBUG 	TextBox2 loaded 1 chars with 0 blanks and 1 valid
5.3940 	DEBUG 	Uploading Texture Font fontname to graphics card
5.3985 	DEBUG 	Upload of Texture Font fontname complete
5.3996 	EXP 	window1: Attempting to measure frame rate of screen (0) ...
5.3996 	EXP 	window1: recordFrameIntervals = False
5.5589 	EXP 	window1: recordFrameIntervals = True
7.2268 	EXP 	window1: recordFrameIntervals = False
7.2268 	EXP 	Screen (0) actual frame rate measured at 60.33Hz
7.2469 	DEBUG 	TextBox2 loaded 1 chars with 0 blanks and 1 valid
7.2552 	DEBUG 	TextBox2 loaded 1 chars with 0 blanks and 1 valid
7.2656 	DEBUG 	TextBox2 loaded 1 chars with 0 blanks and 1 valid
7.2738 	DEBUG 	TextBox2 loaded 1 chars with 0 blanks and 1 valid
7.2822 	DEBUG 	TextBox2 loaded 1 chars with 0 blanks and 1 valid
7.2931 	DEBUG 	TextBox2 loaded 1 chars with 0 blanks and 1 valid
7.3010 	DEBUG 	TextBox2 loaded 1 chars with 0 blanks and 1 valid
7.3095 	DEBUG 	TextBox2 loaded 1 chars with 0 blanks and 1 valid
7.3179 	DEBUG 	TextBox2 loaded 1 chars with 0 blanks and 1 valid
7.3260 	DEBUG 	TextBox2 loaded 1 chars with 0 blanks and 1 valid
7.3263 	DEBUG 	Uploading Texture Font fontname to graphics card
7.3269 	DEBUG 	Upload of Texture Font fontname complete
7.4536 	INFO 	keyboard.Keyboard is using ptb backend.
7.4537 	EXP 	CRM_Spat: status = STARTED
7.5097 	EXP 	Created text_instruction = TextStim(__class__=<class 'psychopy.visual.text.TextStim'>, alignHoriz=method-wrapper(...), alignText='center', alignVert=method-wrapper(...), anchorHoriz='center', anchorVert='center', antialias=True, autoDraw=False, autoLog=True, bold=False, color=array([1., 1., 1.]), colorSpace='rgb', contrast=1.0, depth=0.0, draggable=False, flipHoriz=False, flipVert=False, font='Arial', fontFiles=[], height=np.float64(0.05), italic=False, languageStyle='LTR', name='text_instruction', opacity=1, ori=0.0, pos=array([0., 0.]), rgb=UNKNOWN, text='Selectionner la réponse', units='height', win=Window(...), wrapWidth=1)
7.5126 	DEBUG 	TextBox2 loaded 1 chars with 0 blanks and 1 valid
7.5128 	DEBUG 	Uploading Texture Font fontname to graphics card
7.5143 	DEBUG 	Upload of Texture Font fontname complete
7.5175 	DEBUG 	TextBox2 loaded 1 chars with 0 blanks and 1 valid
7.5180 	DEBUG 	TextBox2 loaded 1 chars with 0 blanks and 1 valid
7.5182 	DEBUG 	TextBox2 loaded 1 chars with 0 blanks and 1 valid
7.5188 	DEBUG 	TextBox2 loaded 1 chars with 0 blanks and 1 valid
7.5192 	DEBUG 	TextBox2 loaded 1 chars with 0 blanks and 1 valid
7.5194 	DEBUG 	TextBox2 loaded 1 chars with 0 blanks and 1 valid
7.5196 	DEBUG 	TextBox2 loaded 1 chars with 0 blanks and 1 valid
7.5202 	DEBUG 	TextBox2 loaded 1 chars with 0 blanks and 1 valid
7.5206 	DEBUG 	TextBox2 loaded 1 chars with 0 blanks and 1 valid
7.5208 	DEBUG 	TextBox2 loaded 1 chars with 0 blanks and 1 valid
7.5210 	DEBUG 	Uploading Texture Font fontname to graphics card
7.5214 	DEBUG 	Upload of Texture Font fontname complete
7.5246 	DEBUG 	TextBox2 loaded 1 chars with 0 blanks and 1 valid
7.5247 	DEBUG 	Uploading Texture Font fontname to graphics card
7.5300 	DEBUG 	Upload of Texture Font fontname complete
7.5357 	DEBUG 	TextBox2 loaded 1 chars with 0 blanks and 1 valid
7.5358 	DEBUG 	Uploading Texture Font fontname to graphics card
7.5416 	DEBUG 	Upload of Texture Font fontname complete
7.5472 	DEBUG 	TextBox2 loaded 1 chars with 0 blanks and 1 valid
7.5473 	DEBUG 	Uploading Texture Font fontname to graphics card
7.5516 	DEBUG 	Upload of Texture Font fontname complete
7.5573 	DEBUG 	TextBox2 loaded 1 chars with 0 blanks and 1 valid
7.5575 	DEBUG 	Uploading Texture Font fontname to graphics card
7.5635 	DEBUG 	Upload of Texture Font fontname complete
7.5690 	DEBUG 	TextBox2 loaded 1 chars with 0 blanks and 1 valid
7.5692 	DEBUG 	Uploading Texture Font fontname to graphics card
7.5736 	DEBUG 	Upload of Texture Font fontname complete
7.5795 	DEBUG 	TextBox2 loaded 1 chars with 0 blanks and 1 valid
7.5796 	DEBUG 	Uploading Texture Font fontname to graphics card
7.5849 	DEBUG 	Upload of Texture Font fontname complete
7.5907 	DEBUG 	TextBox2 loaded 1 chars with 0 blanks and 1 valid
7.5910 	DEBUG 	Uploading Texture Font fontname to graphics card
7.5957 	DEBUG 	Upload of Texture Font fontname complete
7.7271 	DEBUG 	TextBox2 loaded 1 chars with 0 blanks and 1 valid
7.7276 	DEBUG 	TextBox2 loaded 1 chars with 0 blanks and 1 valid
7.7281 	DEBUG 	TextBox2 loaded 1 chars with 0 blanks and 1 valid
7.7286 	DEBUG 	TextBox2 loaded 1 chars with 0 blanks and 1 valid
7.7291 	DEBUG 	TextBox2 loaded 1 chars with 0 blanks and 1 valid
7.7293 	DEBUG 	TextBox2 loaded 1 chars with 0 blanks and 1 valid
7.7297 	DEBUG 	TextBox2 loaded 1 chars with 0 blanks and 1 valid
7.7302 	DEBUG 	TextBox2 loaded 1 chars with 0 blanks and 1 valid
7.7305 	DEBUG 	TextBox2 loaded 1 chars with 0 blanks and 1 valid
7.7310 	DEBUG 	TextBox2 loaded 1 chars with 0 blanks and 1 valid
7.7312 	DEBUG 	Uploading Texture Font fontname to graphics card
7.7354 	DEBUG 	Upload of Texture Font fontname complete
7.7402 	EXP 	Created text_instruction = TextStim(__class__=<class 'psychopy.visual.text.TextStim'>, alignHoriz=method-wrapper(...), alignText='center', alignVert=method-wrapper(...), anchorHoriz='center', anchorVert='center', antialias=True, autoDraw=False, autoLog=True, bold=False, color=array([1., 1., 1.]), colorSpace='rgb', contrast=1.0, depth=0.0, draggable=False, flipHoriz=False, flipVert=False, font='Arial', fontFiles=[], height=np.float64(0.05), italic=False, languageStyle='LTR', name='text_instruction', opacity=1, ori=0.0, pos=array([0., 0.]), rgb=UNKNOWN, text='Selectionner la réponse', units='height', win=Window(...), wrapWidth=1)
7.9676 	EXP 	Created text_instruction = TextStim(__class__=<class 'psychopy.visual.text.TextStim'>, alignHoriz=method-wrapper(...), alignText='center', alignVert=method-wrapper(...), anchorHoriz='center', anchorVert='center', antialias=True, autoDraw=False, autoLog=True, bold=False, color=array([1., 1., 1.]), colorSpace='rgb', contrast=1.0, depth=0.0, draggable=False, flipHoriz=False, flipVert=False, font='Arial', fontFiles=[], height=np.float64(0.05), italic=False, languageStyle='LTR', name='text_instruction', opacity=1, ori=0.0, pos=array([0., 0.]), rgb=UNKNOWN, text='Selectionner la réponse', units='height', win=Window(...), wrapWidth=1)
0.0463 	EXP 	text_instruction: autoDraw = True
0.8317 	DATA 	Mouse: Left button down, pos=(346,359)
0.8806 	EXP 	text_instruction: autoDraw = False
0.9639 	DATA 	Mouse:  Left button up, pos=(346,359)
2.7811 	DATA 	Mouse: Left button down, pos=(369,51)
2.8125 	EXP 	text_instruction: autoDraw = True
2.9471 	DATA 	Mouse:  Left button up, pos=(369,51)
3.6802 	DATA 	Mouse: Left button down, pos=(363,148)
3.6961 	EXP 	text_instruction: autoDraw = False
3.8138 	DATA 	Mouse:  Left button up, pos=(363,148)
4.2807 	DATA 	Mouse: Left button down, pos=(367,69)
4.3130 	EXP 	text_instruction: autoDraw = True
4.3982 	DATA 	Mouse:  Left button up, pos=(367,69)
4.7803 	DATA 	Mouse: Left button down, pos=(349,183)
4.8292 	EXP 	text_instruction: autoDraw = False
4.9316 	DATA 	Mouse:  Left button up, pos=(349,183)
5.4475 	DATA 	Mouse: Left button down, pos=(367,34)
5.4636 	EXP 	CRM_Spat: status = STOPPED
5.4662 	INFO 	saved data to 'C:\\Users\\chamery\\Documents\\Spat_CRM_Protocol\\Spat_CRM_Protocol\\src\\data\\pilot_CRM_Spat_2026-07-02_09h51.23.166.csv'
5.4670 	INFO 	saved data to C:\Users\chamery\Documents\Spat_CRM_Protocol\Spat_CRM_Protocol\src\data\pilot_CRM_Spat_2026-07-02_09h51.23.166.psydat
5.6391 	DEBUG 	Saving data for CRM_Spat ExperimentHandler
5.6403 	INFO 	Stopping keyboard key buffers.
