4.6336 	DEBUG 	Fullscreen settings ignored as running in pilot mode.
4.6351 	INFO 	Loaded monitor calibration from ['2026_07_01 09:38']
4.7829 	INFO 	Using renderer 'Intel(R) Arc(TM) Pro 140T GPU (16GB)' for graphics
4.7829 	INFO 	OpenGL version supported by driver is 4..
4.8095 	EXP 	Created window1 = Window(allowGUI=False, allowStencil=False, autoLog=True, backendConf=UNKNOWN, backgroundFit=<method-wrapper '__getattribute__' of attributeSetter object at 0x0000018815CE83A0>, backgroundImage=<method-wrapper '__getattribute__' of attributeSetter object at 0x0000018815CE8940>, bitsMode=UNKNOWN, blendMode='avg', bpc=(8, 8, 8), color=array([0, 0, 0]), colorSpace='rgb', depthBits=8, fullscr=False, gamma=None, gammaErrorPolicy='raise', infoMsg=UNKNOWN, lms=UNKNOWN, monitor=<psychopy.monitors.calibTools.Monitor object at 0x0000018815971210>, multiSample=False, name='window1', numSamples=2, pos=[np.float64(560.0), np.float64(300.0)], screen=0, size=array([800, 600]), stencilBits=0, stereo=False, title='PsychoPy', units='height', useFBO=True, useRetina=False, viewOri=0.0, viewPos=None, viewScale=None, waitBlanking=True, winType='pyglet')
4.8095 	EXP 	window1: backgroundImage = ''
4.8096 	EXP 	window1: backgroundFit = 'none'
4.8239 	DEBUG 	TextBox2 loaded 1 chars with 0 blanks and 1 valid
4.8321 	DEBUG 	TextBox2 loaded 1 chars with 0 blanks and 1 valid
4.8430 	DEBUG 	TextBox2 loaded 1 chars with 0 blanks and 1 valid
4.8515 	DEBUG 	TextBox2 loaded 1 chars with 0 blanks and 1 valid
4.8598 	DEBUG 	TextBox2 loaded 1 chars with 0 blanks and 1 valid
4.8679 	DEBUG 	TextBox2 loaded 1 chars with 0 blanks and 1 valid
4.8802 	DEBUG 	TextBox2 loaded 1 chars with 0 blanks and 1 valid
4.8911 	DEBUG 	TextBox2 loaded 1 chars with 0 blanks and 1 valid
4.8992 	DEBUG 	TextBox2 loaded 1 chars with 0 blanks and 1 valid
4.9073 	DEBUG 	TextBox2 loaded 1 chars with 0 blanks and 1 valid
4.9153 	DEBUG 	TextBox2 loaded 1 chars with 0 blanks and 1 valid
4.9235 	DEBUG 	TextBox2 loaded 1 chars with 0 blanks and 1 valid
4.9315 	DEBUG 	TextBox2 loaded 1 chars with 0 blanks and 1 valid
4.9395 	DEBUG 	TextBox2 loaded 1 chars with 0 blanks and 1 valid
4.9478 	DEBUG 	TextBox2 loaded 1 chars with 0 blanks and 1 valid
4.9563 	DEBUG 	TextBox2 loaded 1 chars with 0 blanks and 1 valid
4.9645 	DEBUG 	TextBox2 loaded 1 chars with 0 blanks and 1 valid
4.9726 	DEBUG 	TextBox2 loaded 1 chars with 0 blanks and 1 valid
4.9806 	DEBUG 	TextBox2 loaded 1 chars with 0 blanks and 1 valid
4.9904 	DEBUG 	TextBox2 loaded 1 chars with 0 blanks and 1 valid
4.9983 	DEBUG 	TextBox2 loaded 1 chars with 0 blanks and 1 valid
4.9986 	DEBUG 	Uploading Texture Font fontname to graphics card
5.0034 	DEBUG 	Upload of Texture Font fontname complete
5.0153 	DEBUG 	TextBox2 loaded 1 chars with 0 blanks and 1 valid
5.0253 	DEBUG 	TextBox2 loaded 1 chars with 0 blanks and 1 valid
5.0333 	DEBUG 	TextBox2 loaded 1 chars with 0 blanks and 1 valid
5.0335 	DEBUG 	Uploading Texture Font fontname to graphics card
5.0371 	DEBUG 	Upload of Texture Font fontname complete
5.0381 	EXP 	window1: Attempting to measure frame rate of screen (0) ...
5.0382 	EXP 	window1: recordFrameIntervals = False
5.2043 	EXP 	window1: recordFrameIntervals = True
6.8714 	EXP 	window1: recordFrameIntervals = False
6.8715 	EXP 	Screen (0) actual frame rate measured at 60.01Hz
6.8934 	DEBUG 	TextBox2 loaded 1 chars with 0 blanks and 1 valid
6.9017 	DEBUG 	TextBox2 loaded 1 chars with 0 blanks and 1 valid
6.9102 	DEBUG 	TextBox2 loaded 1 chars with 0 blanks and 1 valid
6.9184 	DEBUG 	TextBox2 loaded 1 chars with 0 blanks and 1 valid
6.9287 	DEBUG 	TextBox2 loaded 1 chars with 0 blanks and 1 valid
6.9385 	DEBUG 	TextBox2 loaded 1 chars with 0 blanks and 1 valid
6.9465 	DEBUG 	TextBox2 loaded 1 chars with 0 blanks and 1 valid
6.9547 	DEBUG 	TextBox2 loaded 1 chars with 0 blanks and 1 valid
6.9628 	DEBUG 	TextBox2 loaded 1 chars with 0 blanks and 1 valid
6.9715 	DEBUG 	TextBox2 loaded 1 chars with 0 blanks and 1 valid
6.9717 	DEBUG 	Uploading Texture Font fontname to graphics card
6.9721 	DEBUG 	Upload of Texture Font fontname complete
7.0926 	INFO 	keyboard.Keyboard is using ptb backend.
7.0926 	EXP 	CRM_Spat: status = STARTED
7.1434 	EXP 	Created text_instruction = TextStim(__class__=<class 'psychopy.visual.text.TextStim'>, alignHoriz=method-wrapper(...), alignText='center', alignVert=method-wrapper(...), anchorHoriz='center', anchorVert='center', antialias=True, autoDraw=False, autoLog=True, bold=False, color=array([1., 1., 1.]), colorSpace='rgb', contrast=1.0, depth=0.0, draggable=False, flipHoriz=False, flipVert=False, font='Arial', fontFiles=[], height=np.float64(0.05), italic=False, languageStyle='LTR', name='text_instruction', opacity=1, ori=0.0, pos=array([0., 0.]), rgb=UNKNOWN, text='Selectionner la réponse', units='height', win=Window(...), wrapWidth=1)
7.1462 	DEBUG 	TextBox2 loaded 1 chars with 0 blanks and 1 valid
7.1464 	DEBUG 	Uploading Texture Font fontname to graphics card
7.1475 	DEBUG 	Upload of Texture Font fontname complete
7.1530 	DEBUG 	TextBox2 loaded 1 chars with 0 blanks and 1 valid
7.1535 	DEBUG 	TextBox2 loaded 1 chars with 0 blanks and 1 valid
7.1537 	DEBUG 	TextBox2 loaded 1 chars with 0 blanks and 1 valid
7.1543 	DEBUG 	TextBox2 loaded 1 chars with 0 blanks and 1 valid
7.1547 	DEBUG 	TextBox2 loaded 1 chars with 0 blanks and 1 valid
7.1549 	DEBUG 	TextBox2 loaded 1 chars with 0 blanks and 1 valid
7.1551 	DEBUG 	TextBox2 loaded 1 chars with 0 blanks and 1 valid
7.1557 	DEBUG 	TextBox2 loaded 1 chars with 0 blanks and 1 valid
7.1561 	DEBUG 	TextBox2 loaded 1 chars with 0 blanks and 1 valid
7.1564 	DEBUG 	TextBox2 loaded 1 chars with 0 blanks and 1 valid
7.1566 	DEBUG 	Uploading Texture Font fontname to graphics card
7.1571 	DEBUG 	Upload of Texture Font fontname complete
7.1600 	DEBUG 	TextBox2 loaded 1 chars with 0 blanks and 1 valid
7.1601 	DEBUG 	Uploading Texture Font fontname to graphics card
7.1614 	DEBUG 	Upload of Texture Font fontname complete
7.1670 	DEBUG 	TextBox2 loaded 1 chars with 0 blanks and 1 valid
7.1672 	DEBUG 	Uploading Texture Font fontname to graphics card
7.1689 	DEBUG 	Upload of Texture Font fontname complete
7.1748 	DEBUG 	TextBox2 loaded 1 chars with 0 blanks and 1 valid
7.1750 	DEBUG 	Uploading Texture Font fontname to graphics card
7.1763 	DEBUG 	Upload of Texture Font fontname complete
7.1820 	DEBUG 	TextBox2 loaded 1 chars with 0 blanks and 1 valid
7.1822 	DEBUG 	Uploading Texture Font fontname to graphics card
7.1838 	DEBUG 	Upload of Texture Font fontname complete
7.1896 	DEBUG 	TextBox2 loaded 1 chars with 0 blanks and 1 valid
7.1897 	DEBUG 	Uploading Texture Font fontname to graphics card
7.1915 	DEBUG 	Upload of Texture Font fontname complete
7.1970 	DEBUG 	TextBox2 loaded 1 chars with 0 blanks and 1 valid
7.1971 	DEBUG 	Uploading Texture Font fontname to graphics card
7.1990 	DEBUG 	Upload of Texture Font fontname complete
7.2048 	DEBUG 	TextBox2 loaded 1 chars with 0 blanks and 1 valid
7.2049 	DEBUG 	Uploading Texture Font fontname to graphics card
7.2068 	DEBUG 	Upload of Texture Font fontname complete
7.3387 	DEBUG 	TextBox2 loaded 1 chars with 0 blanks and 1 valid
7.3392 	DEBUG 	TextBox2 loaded 1 chars with 0 blanks and 1 valid
7.3397 	DEBUG 	TextBox2 loaded 1 chars with 0 blanks and 1 valid
7.3403 	DEBUG 	TextBox2 loaded 1 chars with 0 blanks and 1 valid
7.3406 	DEBUG 	TextBox2 loaded 1 chars with 0 blanks and 1 valid
7.3412 	DEBUG 	TextBox2 loaded 1 chars with 0 blanks and 1 valid
7.3416 	DEBUG 	TextBox2 loaded 1 chars with 0 blanks and 1 valid
7.3420 	DEBUG 	TextBox2 loaded 1 chars with 0 blanks and 1 valid
7.3422 	DEBUG 	Uploading Texture Font fontname to graphics card
7.3439 	DEBUG 	Upload of Texture Font fontname complete
7.3499 	DEBUG 	TextBox2 loaded 1 chars with 0 blanks and 1 valid
7.3505 	DEBUG 	TextBox2 loaded 1 chars with 0 blanks and 1 valid
7.3506 	DEBUG 	Uploading Texture Font fontname to graphics card
7.3521 	DEBUG 	Upload of Texture Font fontname complete
7.3575 	EXP 	Created text_instruction = TextStim(__class__=<class 'psychopy.visual.text.TextStim'>, alignHoriz=method-wrapper(...), alignText='center', alignVert=method-wrapper(...), anchorHoriz='center', anchorVert='center', antialias=True, autoDraw=False, autoLog=True, bold=False, color=array([1., 1., 1.]), colorSpace='rgb', contrast=1.0, depth=0.0, draggable=False, flipHoriz=False, flipVert=False, font='Arial', fontFiles=[], height=np.float64(0.05), italic=False, languageStyle='LTR', name='text_instruction', opacity=1, ori=0.0, pos=array([0., 0.]), rgb=UNKNOWN, text='Selectionner la réponse', units='height', win=Window(...), wrapWidth=1)
7.5979 	EXP 	Created text_instruction = TextStim(__class__=<class 'psychopy.visual.text.TextStim'>, alignHoriz=method-wrapper(...), alignText='center', alignVert=method-wrapper(...), anchorHoriz='center', anchorVert='center', antialias=True, autoDraw=False, autoLog=True, bold=False, color=array([1., 1., 1.]), colorSpace='rgb', contrast=1.0, depth=0.0, draggable=False, flipHoriz=False, flipVert=False, font='Arial', fontFiles=[], height=np.float64(0.05), italic=False, languageStyle='LTR', name='text_instruction', opacity=1, ori=0.0, pos=array([0., 0.]), rgb=UNKNOWN, text='Selectionner la réponse', units='height', win=Window(...), wrapWidth=1)
0.0659 	EXP 	text_instruction: autoDraw = True
0.8643 	DATA 	Mouse: Left button down, pos=(344,320)
0.9010 	EXP 	text_instruction: autoDraw = False
0.9694 	DATA 	Mouse:  Left button up, pos=(344,320)
1.6508 	DATA 	Mouse: Left button down, pos=(384,101)
1.6827 	EXP 	text_instruction: autoDraw = True
1.7174 	DATA 	Mouse:  Left button up, pos=(384,101)
2.1947 	DATA 	Mouse: Left button down, pos=(372,362)
2.2334 	EXP 	text_instruction: autoDraw = False
2.2684 	DATA 	Mouse:  Left button up, pos=(372,362)
2.8191 	DATA 	Mouse: Left button down, pos=(387,107)
2.8494 	EXP 	text_instruction: autoDraw = True
2.8889 	DATA 	Mouse:  Left button up, pos=(387,107)
3.3553 	DATA 	Mouse: Left button down, pos=(358,347)
3.3996 	EXP 	text_instruction: autoDraw = False
3.4508 	DATA 	Mouse:  Left button up, pos=(358,347)
3.9527 	DATA 	Mouse: Left button down, pos=(386,106)
3.9679 	EXP 	CRM_Spat: status = STOPPED
3.9709 	INFO 	saved data to 'C:\\Users\\chamery\\Documents\\Spat_CRM_Protocol\\Spat_CRM_Protocol\\src\\data\\pilot_CRM_Spat_2026-07-02_09h53.47.535.csv'
3.9721 	INFO 	saved data to C:\Users\chamery\Documents\Spat_CRM_Protocol\Spat_CRM_Protocol\src\data\pilot_CRM_Spat_2026-07-02_09h53.47.535.psydat
4.1632 	DEBUG 	Saving data for CRM_Spat ExperimentHandler
4.1644 	INFO 	Stopping keyboard key buffers.
