8.1517 	DEBUG 	Fullscreen settings ignored as running in pilot mode.
8.1533 	INFO 	Loaded monitor calibration from ['2026_07_01 09:38']
8.4856 	INFO 	Using renderer 'Intel(R) Arc(TM) Pro 140T GPU (16GB)' for graphics
8.4856 	INFO 	OpenGL version supported by driver is 4..
8.5326 	EXP 	Created window1 = Window(allowGUI=False, allowStencil=False, autoLog=True, backendConf=UNKNOWN, backgroundFit=<method-wrapper '__getattribute__' of attributeSetter object at 0x000001F34F102F80>, backgroundImage=<method-wrapper '__getattribute__' of attributeSetter object at 0x000001F34F102EF0>, bitsMode=UNKNOWN, blendMode='avg', bpc=(8, 8, 8), color=array([0, 0, 0]), colorSpace='rgb', depthBits=8, fullscr=False, gamma=None, gammaErrorPolicy='raise', infoMsg=UNKNOWN, lms=UNKNOWN, monitor=<psychopy.monitors.calibTools.Monitor object at 0x000001F351CE8F40>, multiSample=False, name='window1', numSamples=2, pos=[np.float64(560.0), np.float64(300.0)], screen=0, size=array([800, 600]), stencilBits=0, stereo=False, title='PsychoPy', units='height', useFBO=True, useRetina=False, viewOri=0.0, viewPos=None, viewScale=None, waitBlanking=True, winType='pyglet')
8.5328 	EXP 	window1: backgroundImage = ''
8.5329 	EXP 	window1: backgroundFit = 'none'
8.5656 	DEBUG 	TextBox2 loaded 1 chars with 0 blanks and 1 valid
8.5753 	DEBUG 	TextBox2 loaded 1 chars with 0 blanks and 1 valid
8.5851 	DEBUG 	TextBox2 loaded 1 chars with 0 blanks and 1 valid
8.6010 	DEBUG 	TextBox2 loaded 1 chars with 0 blanks and 1 valid
8.6111 	DEBUG 	TextBox2 loaded 1 chars with 0 blanks and 1 valid
8.6213 	DEBUG 	TextBox2 loaded 1 chars with 0 blanks and 1 valid
8.6310 	DEBUG 	TextBox2 loaded 1 chars with 0 blanks and 1 valid
8.6411 	DEBUG 	TextBox2 loaded 1 chars with 0 blanks and 1 valid
8.6509 	DEBUG 	TextBox2 loaded 1 chars with 0 blanks and 1 valid
8.6611 	DEBUG 	TextBox2 loaded 1 chars with 0 blanks and 1 valid
8.6709 	DEBUG 	TextBox2 loaded 1 chars with 0 blanks and 1 valid
8.6807 	DEBUG 	TextBox2 loaded 1 chars with 0 blanks and 1 valid
8.6902 	DEBUG 	TextBox2 loaded 1 chars with 0 blanks and 1 valid
8.7033 	DEBUG 	TextBox2 loaded 1 chars with 0 blanks and 1 valid
8.7152 	DEBUG 	TextBox2 loaded 1 chars with 0 blanks and 1 valid
8.7254 	DEBUG 	TextBox2 loaded 1 chars with 0 blanks and 1 valid
8.7354 	DEBUG 	TextBox2 loaded 1 chars with 0 blanks and 1 valid
8.7475 	DEBUG 	TextBox2 loaded 1 chars with 0 blanks and 1 valid
8.7577 	DEBUG 	TextBox2 loaded 1 chars with 0 blanks and 1 valid
8.7678 	DEBUG 	TextBox2 loaded 1 chars with 0 blanks and 1 valid
8.7777 	DEBUG 	TextBox2 loaded 1 chars with 0 blanks and 1 valid
8.7781 	DEBUG 	Uploading Texture Font fontname to graphics card
8.7937 	DEBUG 	Upload of Texture Font fontname complete
8.8086 	DEBUG 	TextBox2 loaded 1 chars with 0 blanks and 1 valid
8.8199 	DEBUG 	TextBox2 loaded 1 chars with 0 blanks and 1 valid
8.8304 	DEBUG 	TextBox2 loaded 1 chars with 0 blanks and 1 valid
8.8307 	DEBUG 	Uploading Texture Font fontname to graphics card
8.8481 	DEBUG 	Upload of Texture Font fontname complete
8.8498 	EXP 	window1: Attempting to measure frame rate of screen (0) ...
8.8498 	EXP 	window1: recordFrameIntervals = False
9.0206 	EXP 	window1: recordFrameIntervals = True
9.5075 	WARNING 	t of last frame was 20.98ms (=1/47)
10.1399 	WARNING 	t of last frame was 20.37ms (=1/49)
10.6874 	EXP 	window1: recordFrameIntervals = False
10.6874 	EXP 	Screen (0) actual frame rate measured at 60.62Hz
10.7049 	DEBUG 	TextBox2 loaded 1 chars with 0 blanks and 1 valid
10.7147 	DEBUG 	TextBox2 loaded 1 chars with 0 blanks and 1 valid
10.7246 	DEBUG 	TextBox2 loaded 1 chars with 0 blanks and 1 valid
10.7346 	DEBUG 	TextBox2 loaded 1 chars with 0 blanks and 1 valid
10.7445 	DEBUG 	TextBox2 loaded 1 chars with 0 blanks and 1 valid
10.7544 	DEBUG 	TextBox2 loaded 1 chars with 0 blanks and 1 valid
10.7639 	DEBUG 	TextBox2 loaded 1 chars with 0 blanks and 1 valid
10.7738 	DEBUG 	TextBox2 loaded 1 chars with 0 blanks and 1 valid
10.7838 	DEBUG 	TextBox2 loaded 1 chars with 0 blanks and 1 valid
10.7936 	DEBUG 	TextBox2 loaded 1 chars with 0 blanks and 1 valid
10.7939 	DEBUG 	Uploading Texture Font fontname to graphics card
10.7946 	DEBUG 	Upload of Texture Font fontname complete
10.9935 	INFO 	keyboard.Keyboard is using ptb backend.
10.9935 	EXP 	CRM_Spat: status = STARTED
11.1166 	EXP 	Created text_instruction = TextStim(__class__=<class 'psychopy.visual.text.TextStim'>, alignHoriz=method-wrapper(...), alignText='center', alignVert=method-wrapper(...), anchorHoriz='center', anchorVert='center', antialias=True, autoDraw=False, autoLog=True, bold=False, color=array([1., 1., 1.]), colorSpace='rgb', contrast=1.0, depth=0.0, draggable=False, flipHoriz=False, flipVert=False, font='Arial', fontFiles=[], height=np.float64(0.05), italic=False, languageStyle='LTR', name='text_instruction', opacity=1, ori=0.0, pos=array([0., 0.]), rgb=UNKNOWN, text='Selectionner la réponse', units='height', win=Window(...), wrapWidth=1)
11.1214 	DEBUG 	TextBox2 loaded 1 chars with 0 blanks and 1 valid
11.1216 	DEBUG 	Uploading Texture Font fontname to graphics card
11.1240 	DEBUG 	Upload of Texture Font fontname complete
11.1285 	DEBUG 	TextBox2 loaded 1 chars with 0 blanks and 1 valid
11.1291 	DEBUG 	TextBox2 loaded 1 chars with 0 blanks and 1 valid
11.1294 	DEBUG 	TextBox2 loaded 1 chars with 0 blanks and 1 valid
11.1301 	DEBUG 	TextBox2 loaded 1 chars with 0 blanks and 1 valid
11.1305 	DEBUG 	TextBox2 loaded 1 chars with 0 blanks and 1 valid
11.1308 	DEBUG 	TextBox2 loaded 1 chars with 0 blanks and 1 valid
11.1310 	DEBUG 	TextBox2 loaded 1 chars with 0 blanks and 1 valid
11.1317 	DEBUG 	TextBox2 loaded 1 chars with 0 blanks and 1 valid
11.1322 	DEBUG 	TextBox2 loaded 1 chars with 0 blanks and 1 valid
11.1324 	DEBUG 	TextBox2 loaded 1 chars with 0 blanks and 1 valid
11.1329 	DEBUG 	Uploading Texture Font fontname to graphics card
11.1344 	DEBUG 	Upload of Texture Font fontname complete
11.1432 	DEBUG 	TextBox2 loaded 1 chars with 0 blanks and 1 valid
11.1435 	DEBUG 	Uploading Texture Font fontname to graphics card
11.1490 	DEBUG 	Upload of Texture Font fontname complete
11.1578 	DEBUG 	TextBox2 loaded 1 chars with 0 blanks and 1 valid
11.1580 	DEBUG 	Uploading Texture Font fontname to graphics card
11.1640 	DEBUG 	Upload of Texture Font fontname complete
11.1720 	DEBUG 	TextBox2 loaded 1 chars with 0 blanks and 1 valid
11.1721 	DEBUG 	Uploading Texture Font fontname to graphics card
11.1760 	DEBUG 	Upload of Texture Font fontname complete
11.1830 	DEBUG 	TextBox2 loaded 1 chars with 0 blanks and 1 valid
11.1832 	DEBUG 	Uploading Texture Font fontname to graphics card
11.1882 	DEBUG 	Upload of Texture Font fontname complete
11.1953 	DEBUG 	TextBox2 loaded 1 chars with 0 blanks and 1 valid
11.1955 	DEBUG 	Uploading Texture Font fontname to graphics card
11.1989 	DEBUG 	Upload of Texture Font fontname complete
11.2098 	DEBUG 	TextBox2 loaded 1 chars with 0 blanks and 1 valid
11.2101 	DEBUG 	Uploading Texture Font fontname to graphics card
11.2172 	DEBUG 	Upload of Texture Font fontname complete
11.2254 	DEBUG 	TextBox2 loaded 1 chars with 0 blanks and 1 valid
11.2255 	DEBUG 	Uploading Texture Font fontname to graphics card
11.2304 	DEBUG 	Upload of Texture Font fontname complete
11.5447 	INFO 	Loaded psychtoolbox audio version 3.0.19.696976569
11.7226 	WARNING 	No default speaker specified in Preferences / Hardware, using first speaker found: Haut-parleurs (2- Cirrus Logic XU (with APO Extensions))
11.7227 	DEBUG 	Found speaker device: Haut-parleurs (2- Cirrus Logic XU (with APO Extensions)) (4.0)
12.2174 	INFO 	Created stream for speaker device: Haut-parleurs (2- Cirrus Logic XU (with APO Extensions)) (4.0)
12.2202 	EXP 	Target: sampleRate = 48000
12.2202 	EXP 	Target: channels = None
12.2334 	DEBUG 	Converted audio clip from mono to stereo
12.2402 	EXP 	Sound Target set volume 1.000
12.2453 	DEBUG 	TextBox2 loaded 1 chars with 0 blanks and 1 valid
12.2457 	DEBUG 	TextBox2 loaded 1 chars with 0 blanks and 1 valid
12.2460 	DEBUG 	TextBox2 loaded 1 chars with 0 blanks and 1 valid
12.2463 	DEBUG 	TextBox2 loaded 1 chars with 0 blanks and 1 valid
12.2466 	DEBUG 	TextBox2 loaded 1 chars with 0 blanks and 1 valid
12.2470 	DEBUG 	TextBox2 loaded 1 chars with 0 blanks and 1 valid
12.2472 	DEBUG 	TextBox2 loaded 1 chars with 0 blanks and 1 valid
12.2476 	DEBUG 	TextBox2 loaded 1 chars with 0 blanks and 1 valid
12.2479 	DEBUG 	TextBox2 loaded 1 chars with 0 blanks and 1 valid
12.2483 	DEBUG 	TextBox2 loaded 1 chars with 0 blanks and 1 valid
12.2486 	DEBUG 	TextBox2 loaded 1 chars with 0 blanks and 1 valid
12.2489 	DEBUG 	TextBox2 loaded 1 chars with 0 blanks and 1 valid
12.2491 	DEBUG 	Uploading Texture Font fontname to graphics card
12.2536 	DEBUG 	Upload of Texture Font fontname complete
12.2581 	DEBUG 	TextBox2 loaded 1 chars with 0 blanks and 1 valid
12.2585 	DEBUG 	TextBox2 loaded 1 chars with 0 blanks and 1 valid
12.2589 	DEBUG 	TextBox2 loaded 1 chars with 0 blanks and 1 valid
12.2593 	DEBUG 	TextBox2 loaded 1 chars with 0 blanks and 1 valid
12.2596 	DEBUG 	TextBox2 loaded 1 chars with 0 blanks and 1 valid
12.2598 	DEBUG 	Uploading Texture Font fontname to graphics card
12.2672 	DEBUG 	Upload of Texture Font fontname complete
12.2751 	DEBUG 	TextBox2 loaded 1 chars with 0 blanks and 1 valid
12.2753 	DEBUG 	Uploading Texture Font fontname to graphics card
12.2819 	DEBUG 	Upload of Texture Font fontname complete
12.2895 	DEBUG 	TextBox2 loaded 1 chars with 0 blanks and 1 valid
12.2899 	DEBUG 	TextBox2 loaded 1 chars with 0 blanks and 1 valid
12.2901 	DEBUG 	Uploading Texture Font fontname to graphics card
12.2957 	DEBUG 	Upload of Texture Font fontname complete
12.3231 	DEBUG 	TextBox2 loaded 1 chars with 0 blanks and 1 valid
12.3237 	DEBUG 	TextBox2 loaded 1 chars with 0 blanks and 1 valid
12.3241 	DEBUG 	TextBox2 loaded 1 chars with 0 blanks and 1 valid
12.3242 	DEBUG 	Uploading Texture Font fontname to graphics card
12.3289 	DEBUG 	Upload of Texture Font fontname complete
12.4371 	DEBUG 	TextBox2 loaded 1 chars with 0 blanks and 1 valid
12.4376 	DEBUG 	TextBox2 loaded 1 chars with 0 blanks and 1 valid
12.4379 	DEBUG 	TextBox2 loaded 1 chars with 0 blanks and 1 valid
12.4384 	DEBUG 	TextBox2 loaded 1 chars with 0 blanks and 1 valid
12.4387 	DEBUG 	TextBox2 loaded 1 chars with 0 blanks and 1 valid
12.4389 	DEBUG 	Uploading Texture Font fontname to graphics card
12.4429 	DEBUG 	Upload of Texture Font fontname complete
12.4565 	DEBUG 	TextBox2 loaded 1 chars with 0 blanks and 1 valid
12.4567 	DEBUG 	Uploading Texture Font fontname to graphics card
12.4650 	DEBUG 	Upload of Texture Font fontname complete
12.4745 	DEBUG 	TextBox2 loaded 1 chars with 0 blanks and 1 valid
12.4747 	DEBUG 	Uploading Texture Font fontname to graphics card
12.4829 	DEBUG 	Upload of Texture Font fontname complete
0.0299 	DEBUG 	Read excel file with openpyxl: conditions/conditions_2loc.xlsx
0.0301 	EXP 	Imported conditions/conditions_2loc.xlsx as conditions, 3 conditions, 4 params
0.0309 	EXP 	New trial (rep=0, index=0): <Trial 0 (0 in rep 0) data={'Targ': 'E:\\ACERI\\LE_EF_EEG\\LE_EF\\CRMLE\\external_files\\sound\\FR\\T2_M_Delta_Vert_3', 'Mask': 'E:\\ACERI\\LE_EF_EEG\\LE_EF\\CRMLE\\external_files\\sound\\FR\\T0_M_Alpha_Rouge_1', 'AnglTarg': 30, 'AnglMask': -30, 'thisN': 0, 'thisTrialN': 0, 'thisRepN': 0}>
10.0594 	EXP 	Target: sampleRate = 44100
10.0737 	INFO 	Resampled audio from 44100Hz to 48000Hz using method 'default'.
10.0738 	DEBUG 	Converted audio clip from mono to stereo
10.0801 	EXP 	Sound Target reached end of file
10.0905 	EXP 	Playing sound Target on speaker Haut-parleurs (2- Cirrus Logic XU (with APO Extensions))
10.0803 	WARNING 	Keypress was given unknown key code (176)
10.0883 	EXP 	Device response: <KeyPress from None: t=4.969696399988607, value=unknown, duration=None>
10.0883 	EXP 	Device response: <KeyPress from None: t=4.969696399988607, value=unknown, duration=0.14830469992011786>
10.0883 	WARNING 	Keypress was given unknown key code (174)
10.0883 	EXP 	Device response: <KeyPress from None: t=5.598064299905673, value=unknown, duration=None>
10.0884 	EXP 	Device response: <KeyPress from None: t=5.598064299905673, value=unknown, duration=0.19274320011027157>
10.0884 	WARNING 	Keypress was given unknown key code (176)
10.0884 	EXP 	Device response: <KeyPress from None: t=5.935197399929166, value=unknown, duration=None>
10.0884 	EXP 	Device response: <KeyPress from None: t=5.935197399929166, value=unknown, duration=0.1751902000978589>
10.1312 	EXP 	text_instruction: autoDraw = True
11.1365 	WARNING 	Keypress was given unknown key code (176)
11.1366 	EXP 	Device response: <KeyPress from None: t=11.099760500015691, value=unknown, duration=None>
11.1657 	EXP 	text_instruction: autoDraw = False
11.2033 	EXP 	Device response: <KeyPress from None: t=11.099760500015691, value=unknown, duration=0.09935449995100498>
11.3352 	WARNING 	Keypress was given unknown key code (176)
11.3352 	EXP 	Device response: <KeyPress from None: t=11.289406499825418, value=unknown, duration=None>
11.4190 	EXP 	Device response: <KeyPress from None: t=11.289406499825418, value=unknown, duration=0.09917570021934807>
11.4850 	WARNING 	Keypress was given unknown key code (176)
11.4851 	EXP 	Device response: <KeyPress from None: t=11.457568599842489, value=unknown, duration=None>
11.5858 	EXP 	Device response: <KeyPress from None: t=11.457568599842489, value=unknown, duration=0.09319030004553497>
11.6703 	WARNING 	Keypress was given unknown key code (176)
11.6704 	EXP 	Device response: <KeyPress from None: t=11.636818900005892, value=unknown, duration=None>
11.7675 	EXP 	Device response: <KeyPress from None: t=11.636818900005892, value=unknown, duration=0.1213446999900043>
12.1124 	EXP 	Sound Target reached end of file
12.1514 	EXP 	Sound Target reached end of file
12.2185 	WARNING 	Keypress was given unknown key code (174)
12.2186 	EXP 	Device response: <KeyPress from None: t=12.184910099953413, value=unknown, duration=None>
12.3527 	EXP 	Device response: <KeyPress from None: t=12.184910099953413, value=unknown, duration=0.16455069999210536>
12.7597 	DATA 	Mouse: Left button down, pos=(535,423)
12.8320 	EXP 	text_instruction: autoDraw = False
12.8505 	DATA 	Mouse:  Left button up, pos=(535,423)
13.2890 	DATA 	Mouse: Left button down, pos=(483,423)
13.3597 	DATA 	Mouse:  Left button up, pos=(483,423)
13.6852 	DATA 	Mouse: Left button down, pos=(480,430)
13.7010 	EXP 	New trial (rep=0, index=1): <Trial 1 (1 in rep 0) data={'Targ': 'E:\\ACERI\\LE_EF_EEG\\LE_EF\\CRMLE\\external_files\\sound\\FR\\T1_M_Delta_Vert_3', 'Mask': 'E:\\ACERI\\LE_EF_EEG\\LE_EF\\CRMLE\\external_files\\sound\\FR\\T0_M_Alpha_Rouge_1', 'AnglTarg': 30, 'AnglMask': -30, 'thisN': 1, 'thisTrialN': 1, 'thisRepN': 0}>
13.7164 	EXP 	Target: sampleRate = 44100
13.7212 	INFO 	Resampled audio from 44100Hz to 48000Hz using method 'default'.
13.7212 	DEBUG 	Converted audio clip from mono to stereo
13.7249 	EXP 	Sound Target reached end of file
13.7312 	EXP 	Playing sound Target on speaker Haut-parleurs (2- Cirrus Logic XU (with APO Extensions))
13.7642 	EXP 	text_instruction: autoDraw = True
13.7703 	DATA 	Mouse:  Left button up, pos=(480,430)
13.9690 	WARNING 	Keypress was given unknown key code (176)
13.9690 	EXP 	Device response: <KeyPress from None: t=13.950834000017494, value=unknown, duration=None>
14.0663 	EXP 	Device response: <KeyPress from None: t=13.950834000017494, value=unknown, duration=0.09867469989694655>
14.7810 	EXP 	text_instruction: autoDraw = False
15.7748 	EXP 	Sound Target reached end of file
15.8008 	EXP 	Sound Target reached end of file
17.5330 	DATA 	Keypress: escape
17.5504 	EXP 	Device response: <KeyPress from None: t=17.532259200001135, value=escape, duration=None>
17.7508 	EXP 	Device response: <KeyPress from None: t=17.532259200001135, value=escape, duration=0.2072638999670744>
17.7508 	EXP 	CRM_Spat: status = STOPPED
17.7676 	EXP 	CRM_Spat: status = STOPPED
17.7722 	INFO 	saved data to 'C:\\Users\\chamery\\Documents\\Spat_CRM_Protocol\\Spat_CRM_Protocol\\src\\data\\pilot_CRM_Spat_2026-07-07_14h10.40.402.csv'
17.7733 	INFO 	saved data to C:\Users\chamery\Documents\Spat_CRM_Protocol\Spat_CRM_Protocol\src\data\pilot_CRM_Spat_2026-07-07_14h10.40.402.psydat
18.2072 	DEBUG 	Saving data for CRM_Spat ExperimentHandler
18.2095 	INFO 	Stopping keyboard key buffers.
