6.7091 	DEBUG 	Fullscreen settings ignored as running in pilot mode.
6.7098 	INFO 	Loaded monitor calibration from ['2026_07_01 09:38']
6.8866 	INFO 	Using renderer 'Intel(R) Arc(TM) Pro 140T GPU (16GB)' for graphics
6.8866 	INFO 	OpenGL version supported by driver is 4..
6.9162 	EXP 	Created window1 = Window(allowGUI=False, allowStencil=False, autoLog=True, backendConf=UNKNOWN, backgroundFit=<method-wrapper '__getattribute__' of attributeSetter object at 0x000001E2CF56D570>, backgroundImage=<method-wrapper '__getattribute__' of attributeSetter object at 0x000001E2CF56D510>, bitsMode=UNKNOWN, blendMode='avg', bpc=(8, 8, 8), color=array([1., 1., 1.]), colorSpace='rgb', depthBits=8, fullscr=False, gamma=None, gammaErrorPolicy='raise', infoMsg=UNKNOWN, lms=UNKNOWN, monitor=<psychopy.monitors.calibTools.Monitor object at 0x000001E2C8210640>, multiSample=False, name='window1', numSamples=2, pos=[np.float64(560.0), np.float64(300.0)], screen=0, size=array([800, 600]), stencilBits=0, stereo=False, title='PsychoPy', units='height', useFBO=True, useRetina=False, viewOri=0.0, viewPos=None, viewScale=None, waitBlanking=True, winType='pyglet')
6.9163 	EXP 	window1: backgroundImage = ''
6.9163 	EXP 	window1: backgroundFit = 'none'
6.9309 	DEBUG 	TextBox2 loaded 1 chars with 0 blanks and 1 valid
6.9397 	DEBUG 	TextBox2 loaded 1 chars with 0 blanks and 1 valid
6.9492 	DEBUG 	TextBox2 loaded 1 chars with 0 blanks and 1 valid
6.9579 	DEBUG 	TextBox2 loaded 1 chars with 0 blanks and 1 valid
6.9696 	DEBUG 	TextBox2 loaded 1 chars with 0 blanks and 1 valid
6.9781 	DEBUG 	TextBox2 loaded 1 chars with 0 blanks and 1 valid
6.9867 	DEBUG 	TextBox2 loaded 1 chars with 0 blanks and 1 valid
6.9954 	DEBUG 	TextBox2 loaded 1 chars with 0 blanks and 1 valid
7.0041 	DEBUG 	TextBox2 loaded 1 chars with 0 blanks and 1 valid
7.0126 	DEBUG 	TextBox2 loaded 1 chars with 0 blanks and 1 valid
7.0213 	DEBUG 	TextBox2 loaded 1 chars with 0 blanks and 1 valid
7.0301 	DEBUG 	TextBox2 loaded 1 chars with 0 blanks and 1 valid
7.0391 	DEBUG 	TextBox2 loaded 1 chars with 0 blanks and 1 valid
7.0484 	DEBUG 	TextBox2 loaded 1 chars with 0 blanks and 1 valid
7.0569 	DEBUG 	TextBox2 loaded 1 chars with 0 blanks and 1 valid
7.0655 	DEBUG 	TextBox2 loaded 1 chars with 0 blanks and 1 valid
7.0741 	DEBUG 	TextBox2 loaded 1 chars with 0 blanks and 1 valid
7.0832 	DEBUG 	TextBox2 loaded 1 chars with 0 blanks and 1 valid
7.0916 	DEBUG 	TextBox2 loaded 1 chars with 0 blanks and 1 valid
7.1011 	DEBUG 	TextBox2 loaded 1 chars with 0 blanks and 1 valid
7.1094 	DEBUG 	TextBox2 loaded 1 chars with 0 blanks and 1 valid
7.1099 	DEBUG 	Uploading Texture Font fontname to graphics card
7.1173 	DEBUG 	Upload of Texture Font fontname complete
7.1295 	DEBUG 	TextBox2 loaded 1 chars with 0 blanks and 1 valid
7.1382 	DEBUG 	TextBox2 loaded 1 chars with 0 blanks and 1 valid
7.1468 	DEBUG 	TextBox2 loaded 1 chars with 0 blanks and 1 valid
7.1470 	DEBUG 	Uploading Texture Font fontname to graphics card
7.1504 	DEBUG 	Upload of Texture Font fontname complete
7.1517 	EXP 	window1: Attempting to measure frame rate of screen (0) ...
7.1517 	EXP 	window1: recordFrameIntervals = False
7.3152 	EXP 	window1: recordFrameIntervals = True
8.9837 	EXP 	window1: recordFrameIntervals = False
8.9837 	EXP 	Screen (0) actual frame rate measured at 59.69Hz
8.9953 	DEBUG 	TextBox2 loaded 1 chars with 0 blanks and 1 valid
9.0042 	DEBUG 	TextBox2 loaded 1 chars with 0 blanks and 1 valid
9.0129 	DEBUG 	TextBox2 loaded 1 chars with 0 blanks and 1 valid
9.0217 	DEBUG 	TextBox2 loaded 1 chars with 0 blanks and 1 valid
9.0305 	DEBUG 	TextBox2 loaded 1 chars with 0 blanks and 1 valid
9.0391 	DEBUG 	TextBox2 loaded 1 chars with 0 blanks and 1 valid
9.0477 	DEBUG 	TextBox2 loaded 1 chars with 0 blanks and 1 valid
9.0565 	DEBUG 	TextBox2 loaded 1 chars with 0 blanks and 1 valid
9.0655 	DEBUG 	TextBox2 loaded 1 chars with 0 blanks and 1 valid
9.0744 	DEBUG 	TextBox2 loaded 1 chars with 0 blanks and 1 valid
9.0747 	DEBUG 	Uploading Texture Font fontname to graphics card
9.0751 	DEBUG 	Upload of Texture Font fontname complete
9.3818 	INFO 	keyboard.Keyboard is using ptb backend.
9.3819 	EXP 	CRM_Spat: status = STARTED
9.4389 	EXP 	Created text_instruction = TextStim(__class__=<class 'psychopy.visual.text.TextStim'>, alignHoriz=method-wrapper(...), alignText='center', alignVert=method-wrapper(...), anchorHoriz='center', anchorVert='center', antialias=True, autoDraw=False, autoLog=True, bold=False, color=array([-1., -1., -1.]), colorSpace='rgb', contrast=1.0, depth=0.0, draggable=False, flipHoriz=False, flipVert=False, font='Arial', fontFiles=[], height=np.float64(0.05), italic=False, languageStyle='LTR', name='text_instruction', opacity=1, ori=0.0, pos=array([0., 0.]), rgb=UNKNOWN, text='Ecouter', units='height', win=Window(...), wrapWidth=1)
9.4421 	DEBUG 	TextBox2 loaded 1 chars with 0 blanks and 1 valid
9.4423 	DEBUG 	Uploading Texture Font fontname to graphics card
9.4435 	DEBUG 	Upload of Texture Font fontname complete
9.4475 	DEBUG 	TextBox2 loaded 1 chars with 0 blanks and 1 valid
9.4481 	DEBUG 	TextBox2 loaded 1 chars with 0 blanks and 1 valid
9.4483 	DEBUG 	TextBox2 loaded 1 chars with 0 blanks and 1 valid
9.4489 	DEBUG 	TextBox2 loaded 1 chars with 0 blanks and 1 valid
9.4493 	DEBUG 	TextBox2 loaded 1 chars with 0 blanks and 1 valid
9.4495 	DEBUG 	TextBox2 loaded 1 chars with 0 blanks and 1 valid
9.4498 	DEBUG 	TextBox2 loaded 1 chars with 0 blanks and 1 valid
9.4504 	DEBUG 	TextBox2 loaded 1 chars with 0 blanks and 1 valid
9.4508 	DEBUG 	TextBox2 loaded 1 chars with 0 blanks and 1 valid
9.4510 	DEBUG 	TextBox2 loaded 1 chars with 0 blanks and 1 valid
9.4513 	DEBUG 	Uploading Texture Font fontname to graphics card
9.4518 	DEBUG 	Upload of Texture Font fontname complete
9.4553 	DEBUG 	TextBox2 loaded 1 chars with 0 blanks and 1 valid
9.4555 	DEBUG 	Uploading Texture Font fontname to graphics card
9.4573 	DEBUG 	Upload of Texture Font fontname complete
9.4638 	DEBUG 	TextBox2 loaded 1 chars with 0 blanks and 1 valid
9.4639 	DEBUG 	Uploading Texture Font fontname to graphics card
9.4658 	DEBUG 	Upload of Texture Font fontname complete
9.4723 	DEBUG 	TextBox2 loaded 1 chars with 0 blanks and 1 valid
9.4724 	DEBUG 	Uploading Texture Font fontname to graphics card
9.4747 	DEBUG 	Upload of Texture Font fontname complete
9.4820 	DEBUG 	TextBox2 loaded 1 chars with 0 blanks and 1 valid
9.4824 	DEBUG 	Uploading Texture Font fontname to graphics card
9.4857 	DEBUG 	Upload of Texture Font fontname complete
9.4922 	DEBUG 	TextBox2 loaded 1 chars with 0 blanks and 1 valid
9.4923 	DEBUG 	Uploading Texture Font fontname to graphics card
9.4946 	DEBUG 	Upload of Texture Font fontname complete
9.5008 	DEBUG 	TextBox2 loaded 1 chars with 0 blanks and 1 valid
9.5009 	DEBUG 	Uploading Texture Font fontname to graphics card
9.5027 	DEBUG 	Upload of Texture Font fontname complete
9.5087 	DEBUG 	TextBox2 loaded 1 chars with 0 blanks and 1 valid
9.5088 	DEBUG 	Uploading Texture Font fontname to graphics card
9.5112 	DEBUG 	Upload of Texture Font fontname complete
9.7908 	INFO 	Loaded psychtoolbox audio version 3.0.19.696976569
9.9495 	WARNING 	No default speaker specified in Preferences / Hardware, using first speaker found: Haut-parleurs (2- Cirrus Logic XU (with APO Extensions))
9.9496 	DEBUG 	Found speaker device: Haut-parleurs (2- Cirrus Logic XU (with APO Extensions)) (4.0)
10.2012 	INFO 	Created stream for speaker device: Haut-parleurs (2- Cirrus Logic XU (with APO Extensions)) (4.0)
10.2043 	EXP 	Target: sampleRate = 48000
10.2043 	EXP 	Target: channels = None
10.2122 	DEBUG 	Converted audio clip from mono to stereo
10.2175 	EXP 	Sound Target set volume 1.000
10.2298 	WARNING 	No default speaker specified in Preferences / Hardware, using first speaker found: Haut-parleurs (2- Cirrus Logic XU (with APO Extensions))
10.2298 	DEBUG 	Found speaker device: Haut-parleurs (2- Cirrus Logic XU (with APO Extensions)) (4.0)
10.2845 	INFO 	Created stream for speaker device: Haut-parleurs (2- Cirrus Logic XU (with APO Extensions)) (4.0)
10.2894 	EXP 	Markser: sampleRate = 48000
10.2894 	EXP 	Markser: channels = None
10.2993 	DEBUG 	Converted audio clip from mono to stereo
10.3054 	EXP 	Sound Markser set volume 1.000
10.3095 	DEBUG 	TextBox2 loaded 1 chars with 0 blanks and 1 valid
10.3098 	DEBUG 	TextBox2 loaded 1 chars with 0 blanks and 1 valid
10.3102 	DEBUG 	TextBox2 loaded 1 chars with 0 blanks and 1 valid
10.3104 	DEBUG 	TextBox2 loaded 1 chars with 0 blanks and 1 valid
10.3106 	DEBUG 	TextBox2 loaded 1 chars with 0 blanks and 1 valid
10.3109 	DEBUG 	TextBox2 loaded 1 chars with 0 blanks and 1 valid
10.3114 	DEBUG 	TextBox2 loaded 1 chars with 0 blanks and 1 valid
10.3118 	DEBUG 	TextBox2 loaded 1 chars with 0 blanks and 1 valid
10.3121 	DEBUG 	TextBox2 loaded 1 chars with 0 blanks and 1 valid
10.3125 	DEBUG 	TextBox2 loaded 1 chars with 0 blanks and 1 valid
10.3128 	DEBUG 	TextBox2 loaded 1 chars with 0 blanks and 1 valid
10.3132 	DEBUG 	TextBox2 loaded 1 chars with 0 blanks and 1 valid
10.3134 	DEBUG 	Uploading Texture Font fontname to graphics card
10.3171 	DEBUG 	Upload of Texture Font fontname complete
10.3212 	DEBUG 	TextBox2 loaded 1 chars with 0 blanks and 1 valid
10.3216 	DEBUG 	TextBox2 loaded 1 chars with 0 blanks and 1 valid
10.3220 	DEBUG 	TextBox2 loaded 1 chars with 0 blanks and 1 valid
10.3224 	DEBUG 	TextBox2 loaded 1 chars with 0 blanks and 1 valid
10.3226 	DEBUG 	TextBox2 loaded 1 chars with 0 blanks and 1 valid
10.3227 	DEBUG 	Uploading Texture Font fontname to graphics card
10.3276 	DEBUG 	Upload of Texture Font fontname complete
10.3315 	DEBUG 	TextBox2 loaded 1 chars with 0 blanks and 1 valid
10.3317 	DEBUG 	Uploading Texture Font fontname to graphics card
10.3363 	DEBUG 	Upload of Texture Font fontname complete
10.3469 	DEBUG 	TextBox2 loaded 1 chars with 0 blanks and 1 valid
10.3473 	DEBUG 	TextBox2 loaded 1 chars with 0 blanks and 1 valid
10.3475 	DEBUG 	Uploading Texture Font fontname to graphics card
10.3516 	DEBUG 	Upload of Texture Font fontname complete
10.4567 	DEBUG 	TextBox2 loaded 1 chars with 0 blanks and 1 valid
10.4572 	DEBUG 	TextBox2 loaded 1 chars with 0 blanks and 1 valid
10.4576 	DEBUG 	TextBox2 loaded 1 chars with 0 blanks and 1 valid
10.4577 	DEBUG 	Uploading Texture Font fontname to graphics card
10.4613 	DEBUG 	Upload of Texture Font fontname complete
10.4728 	DEBUG 	TextBox2 loaded 1 chars with 0 blanks and 1 valid
10.4732 	DEBUG 	TextBox2 loaded 1 chars with 0 blanks and 1 valid
10.4735 	DEBUG 	TextBox2 loaded 1 chars with 0 blanks and 1 valid
10.4740 	DEBUG 	TextBox2 loaded 1 chars with 0 blanks and 1 valid
10.4743 	DEBUG 	TextBox2 loaded 1 chars with 0 blanks and 1 valid
10.4744 	DEBUG 	Uploading Texture Font fontname to graphics card
10.4772 	DEBUG 	Upload of Texture Font fontname complete
10.4883 	DEBUG 	TextBox2 loaded 1 chars with 0 blanks and 1 valid
10.4884 	DEBUG 	Uploading Texture Font fontname to graphics card
10.4951 	DEBUG 	Upload of Texture Font fontname complete
10.5014 	DEBUG 	TextBox2 loaded 1 chars with 0 blanks and 1 valid
10.5016 	DEBUG 	Uploading Texture Font fontname to graphics card
10.5050 	DEBUG 	Upload of Texture Font fontname complete
0.0202 	DEBUG 	Read excel file with openpyxl: conditions/conditions_2loc.xlsx
0.0205 	EXP 	Imported conditions/conditions_2loc.xlsx as conditions, 3 conditions, 4 params
0.0207 	EXP 	New trial (rep=0, index=0): <Trial 0 (0 in rep 0) data={'Targ': 'E:\\ACERI\\LE_EF_EEG\\LE_EF\\CRMLE\\external_files\\sound\\FR\\T0_M_Delta_Vert_3', 'Mask': 'E:\\ACERI\\LE_EF_EEG\\LE_EF\\CRMLE\\external_files\\sound\\FR\\T0_M_Alpha_Rouge_1', 'AnglTarg': 30, 'AnglMask': -30, 'thisN': 0, 'thisTrialN': 0, 'thisRepN': 0}>
0.0242 	EXP 	Target: sampleRate = 44100
0.0356 	INFO 	Resampled audio from 44100Hz to 48000Hz using method 'default'.
0.0356 	DEBUG 	Converted audio clip from mono to stereo
0.0367 	EXP 	Markser: sampleRate = 44100
0.0525 	INFO 	Resampled audio from 44100Hz to 48000Hz using method 'default'.
0.0525 	DEBUG 	Converted audio clip from mono to stereo
0.0714 	EXP 	text_instruction: autoDraw = True
0.4892 	EXP 	Sound Target reached end of file
0.5045 	EXP 	Playing sound Target on speaker Haut-parleurs (2- Cirrus Logic XU (with APO Extensions))
0.4892 	EXP 	Sound Markser reached end of file
0.5045 	EXP 	Playing sound Markser on speaker Haut-parleurs (2- Cirrus Logic XU (with APO Extensions))
0.5714 	EXP 	text_instruction: autoDraw = False
2.5562 	EXP 	Sound Markser reached end of file
2.5896 	EXP 	Sound Markser reached end of file
2.6406 	EXP 	Sound Target reached end of file
2.6416 	DATA 	Mouse: Left button down, pos=(442,336)
2.6745 	EXP 	Sound Target reached end of file
2.6888 	EXP 	text_instruction: autoDraw = False
2.7397 	DATA 	Mouse:  Left button up, pos=(442,336)
3.3220 	DATA 	Mouse: Left button down, pos=(438,348)
3.3235 	EXP 	New trial (rep=0, index=1): <Trial 1 (1 in rep 0) data={'Targ': 'E:\\ACERI\\LE_EF_EEG\\LE_EF\\CRMLE\\external_files\\sound\\FR\\T1_M_Delta_Vert_3', 'Mask': 'E:\\ACERI\\LE_EF_EEG\\LE_EF\\CRMLE\\external_files\\sound\\FR\\T0_M_Alpha_Rouge_1', 'AnglTarg': 30, 'AnglMask': -30, 'thisN': 1, 'thisTrialN': 1, 'thisRepN': 0}>
3.3250 	EXP 	Target: sampleRate = 44100
3.3315 	INFO 	Resampled audio from 44100Hz to 48000Hz using method 'default'.
3.3315 	DEBUG 	Converted audio clip from mono to stereo
3.3322 	EXP 	Markser: sampleRate = 44100
3.3346 	INFO 	Resampled audio from 44100Hz to 48000Hz using method 'default'.
3.3346 	DEBUG 	Converted audio clip from mono to stereo
3.3544 	EXP 	text_instruction: autoDraw = True
3.4397 	DATA 	Mouse:  Left button up, pos=(438,348)
3.8221 	EXP 	Sound Target reached end of file
3.8375 	EXP 	Playing sound Target on speaker Haut-parleurs (2- Cirrus Logic XU (with APO Extensions))
3.8222 	EXP 	Sound Markser reached end of file
3.8375 	EXP 	Playing sound Markser on speaker Haut-parleurs (2- Cirrus Logic XU (with APO Extensions))
3.8548 	EXP 	text_instruction: autoDraw = False
5.6223 	DATA 	Mouse: Left button down, pos=(438,355)
5.6394 	EXP 	Sound Target paused
5.6489 	EXP 	Sound Markser paused
5.6723 	EXP 	text_instruction: autoDraw = False
5.7090 	DATA 	Mouse:  Left button up, pos=(438,355)
6.0484 	DATA 	Mouse: Left button down, pos=(438,355)
6.0583 	EXP 	New trial (rep=0, index=2): <Trial 2 (2 in rep 0) data={'Targ': 'E:\\ACERI\\LE_EF_EEG\\LE_EF\\CRMLE\\external_files\\sound\\FR\\T2_M_Delta_Vert_3', 'Mask': 'E:\\ACERI\\LE_EF_EEG\\LE_EF\\CRMLE\\external_files\\sound\\FR\\T0_M_Alpha_Rouge_1', 'AnglTarg': 30, 'AnglMask': -30, 'thisN': 2, 'thisTrialN': 2, 'thisRepN': 0}>
6.0600 	EXP 	Target: sampleRate = 44100
6.0675 	INFO 	Resampled audio from 44100Hz to 48000Hz using method 'default'.
6.0676 	DEBUG 	Converted audio clip from mono to stereo
6.0683 	EXP 	Markser: sampleRate = 44100
6.0791 	INFO 	Resampled audio from 44100Hz to 48000Hz using method 'default'.
6.0792 	DEBUG 	Converted audio clip from mono to stereo
6.0887 	EXP 	text_instruction: autoDraw = True
6.1581 	DATA 	Mouse:  Left button up, pos=(438,355)
6.5580 	EXP 	Sound Target reached end of file
6.5720 	EXP 	Playing sound Target on speaker Haut-parleurs (2- Cirrus Logic XU (with APO Extensions))
6.5580 	EXP 	Sound Markser reached end of file
6.5720 	EXP 	Playing sound Markser on speaker Haut-parleurs (2- Cirrus Logic XU (with APO Extensions))
6.5888 	EXP 	text_instruction: autoDraw = False
8.4951 	DATA 	Mouse: Left button down, pos=(553,270)
8.5388 	EXP 	Sound Target paused
8.5506 	EXP 	Sound Markser paused
8.5712 	EXP 	text_instruction: autoDraw = False
8.5801 	DATA 	Mouse:  Left button up, pos=(553,270)
9.1899 	DATA 	Mouse: Left button down, pos=(505,132)
9.1912 	EXP 	New trial (rep=1, index=0): <Trial 3 (0 in rep 1) data={'Targ': 'E:\\ACERI\\LE_EF_EEG\\LE_EF\\CRMLE\\external_files\\sound\\FR\\T0_M_Delta_Vert_3', 'Mask': 'E:\\ACERI\\LE_EF_EEG\\LE_EF\\CRMLE\\external_files\\sound\\FR\\T0_M_Alpha_Rouge_1', 'AnglTarg': 30, 'AnglMask': -30, 'thisN': 3, 'thisTrialN': 0, 'thisRepN': 1}>
9.1924 	EXP 	Target: sampleRate = 44100
9.1987 	INFO 	Resampled audio from 44100Hz to 48000Hz using method 'default'.
9.1987 	DEBUG 	Converted audio clip from mono to stereo
9.1992 	EXP 	Markser: sampleRate = 44100
9.2075 	INFO 	Resampled audio from 44100Hz to 48000Hz using method 'default'.
9.2075 	DEBUG 	Converted audio clip from mono to stereo
9.2211 	EXP 	text_instruction: autoDraw = True
9.2899 	DATA 	Mouse:  Left button up, pos=(505,132)
9.6896 	EXP 	Sound Target reached end of file
9.7047 	EXP 	Playing sound Target on speaker Haut-parleurs (2- Cirrus Logic XU (with APO Extensions))
9.6896 	EXP 	Sound Markser reached end of file
9.7047 	EXP 	Playing sound Markser on speaker Haut-parleurs (2- Cirrus Logic XU (with APO Extensions))
9.7215 	EXP 	text_instruction: autoDraw = False
11.7339 	DATA 	Mouse: Left button down, pos=(347,161)
11.7800 	EXP 	Sound Target paused
11.7904 	EXP 	Sound Markser paused
11.8043 	EXP 	text_instruction: autoDraw = False
11.8233 	DATA 	Mouse:  Left button up, pos=(347,161)
12.3223 	DATA 	Mouse: Left button down, pos=(375,100)
12.3236 	EXP 	New trial (rep=1, index=1): <Trial 4 (1 in rep 1) data={'Targ': 'E:\\ACERI\\LE_EF_EEG\\LE_EF\\CRMLE\\external_files\\sound\\FR\\T1_M_Delta_Vert_3', 'Mask': 'E:\\ACERI\\LE_EF_EEG\\LE_EF\\CRMLE\\external_files\\sound\\FR\\T0_M_Alpha_Rouge_1', 'AnglTarg': 30, 'AnglMask': -30, 'thisN': 4, 'thisTrialN': 1, 'thisRepN': 1}>
12.3249 	EXP 	Target: sampleRate = 44100
12.3307 	INFO 	Resampled audio from 44100Hz to 48000Hz using method 'default'.
12.3308 	DEBUG 	Converted audio clip from mono to stereo
12.3314 	EXP 	Markser: sampleRate = 44100
12.3336 	INFO 	Resampled audio from 44100Hz to 48000Hz using method 'default'.
12.3336 	DEBUG 	Converted audio clip from mono to stereo
12.3385 	EXP 	text_instruction: autoDraw = True
12.4238 	DATA 	Mouse:  Left button up, pos=(375,100)
12.8229 	EXP 	Sound Target reached end of file
12.8381 	EXP 	Playing sound Target on speaker Haut-parleurs (2- Cirrus Logic XU (with APO Extensions))
12.8229 	EXP 	Sound Markser reached end of file
12.8381 	EXP 	Playing sound Markser on speaker Haut-parleurs (2- Cirrus Logic XU (with APO Extensions))
12.8381 	EXP 	text_instruction: autoDraw = False
14.7233 	DATA 	Mouse: Left button down, pos=(623,161)
14.7398 	EXP 	Sound Target paused
14.7515 	EXP 	Sound Markser paused
14.7714 	EXP 	text_instruction: autoDraw = False
14.8318 	DATA 	Mouse:  Left button up, pos=(623,161)
15.1569 	DATA 	Mouse: Left button down, pos=(503,142)
15.1740 	EXP 	New trial (rep=1, index=2): <Trial 5 (2 in rep 1) data={'Targ': 'E:\\ACERI\\LE_EF_EEG\\LE_EF\\CRMLE\\external_files\\sound\\FR\\T2_M_Delta_Vert_3', 'Mask': 'E:\\ACERI\\LE_EF_EEG\\LE_EF\\CRMLE\\external_files\\sound\\FR\\T0_M_Alpha_Rouge_1', 'AnglTarg': 30, 'AnglMask': -30, 'thisN': 5, 'thisTrialN': 2, 'thisRepN': 1}>
15.1753 	EXP 	Target: sampleRate = 44100
15.1811 	INFO 	Resampled audio from 44100Hz to 48000Hz using method 'default'.
15.1811 	DEBUG 	Converted audio clip from mono to stereo
15.1817 	EXP 	Markser: sampleRate = 44100
15.1874 	INFO 	Resampled audio from 44100Hz to 48000Hz using method 'default'.
15.1874 	DEBUG 	Converted audio clip from mono to stereo
15.2046 	EXP 	text_instruction: autoDraw = True
15.2900 	DATA 	Mouse:  Left button up, pos=(503,142)
15.6730 	EXP 	Sound Target reached end of file
15.6880 	EXP 	Playing sound Target on speaker Haut-parleurs (2- Cirrus Logic XU (with APO Extensions))
15.6731 	EXP 	Sound Markser reached end of file
15.6880 	EXP 	Playing sound Markser on speaker Haut-parleurs (2- Cirrus Logic XU (with APO Extensions))
15.7047 	EXP 	text_instruction: autoDraw = False
17.5392 	DATA 	Mouse: Left button down, pos=(716,148)
17.5613 	EXP 	Sound Target paused
17.5778 	EXP 	Sound Markser paused
17.6051 	EXP 	text_instruction: autoDraw = False
17.6398 	DATA 	Mouse:  Left button up, pos=(716,148)
17.9721 	DATA 	Mouse: Left button down, pos=(557,170)
18.0729 	DATA 	Mouse:  Left button up, pos=(557,170)
18.3903 	DATA 	Mouse: Left button down, pos=(557,193)
18.3921 	EXP 	New trial (rep=2, index=0): <Trial 6 (0 in rep 2) data={'Targ': 'E:\\ACERI\\LE_EF_EEG\\LE_EF\\CRMLE\\external_files\\sound\\FR\\T0_M_Delta_Vert_3', 'Mask': 'E:\\ACERI\\LE_EF_EEG\\LE_EF\\CRMLE\\external_files\\sound\\FR\\T0_M_Alpha_Rouge_1', 'AnglTarg': 30, 'AnglMask': -30, 'thisN': 6, 'thisTrialN': 0, 'thisRepN': 2}>
18.3934 	EXP 	Target: sampleRate = 44100
18.3992 	INFO 	Resampled audio from 44100Hz to 48000Hz using method 'default'.
18.3993 	DEBUG 	Converted audio clip from mono to stereo
18.3998 	EXP 	Markser: sampleRate = 44100
18.4080 	INFO 	Resampled audio from 44100Hz to 48000Hz using method 'default'.
18.4080 	DEBUG 	Converted audio clip from mono to stereo
18.4214 	EXP 	text_instruction: autoDraw = True
18.5065 	DATA 	Mouse:  Left button up, pos=(557,193)
18.8894 	EXP 	Sound Target reached end of file
18.9048 	EXP 	Playing sound Target on speaker Haut-parleurs (2- Cirrus Logic XU (with APO Extensions))
18.8894 	EXP 	Sound Markser reached end of file
18.9048 	EXP 	Playing sound Markser on speaker Haut-parleurs (2- Cirrus Logic XU (with APO Extensions))
18.9217 	EXP 	text_instruction: autoDraw = False
20.9558 	EXP 	Sound Markser reached end of file
20.9888 	DATA 	Mouse: Left button down, pos=(627,168)
20.9906 	EXP 	Sound Markser reached end of file
21.0014 	EXP 	Sound Target paused
21.0213 	EXP 	text_instruction: autoDraw = False
21.0579 	DATA 	Mouse:  Left button up, pos=(627,168)
21.4729 	DATA 	Mouse: Left button down, pos=(550,224)
21.4745 	EXP 	New trial (rep=2, index=1): <Trial 7 (1 in rep 2) data={'Targ': 'E:\\ACERI\\LE_EF_EEG\\LE_EF\\CRMLE\\external_files\\sound\\FR\\T1_M_Delta_Vert_3', 'Mask': 'E:\\ACERI\\LE_EF_EEG\\LE_EF\\CRMLE\\external_files\\sound\\FR\\T0_M_Alpha_Rouge_1', 'AnglTarg': 30, 'AnglMask': -30, 'thisN': 7, 'thisTrialN': 1, 'thisRepN': 2}>
21.4758 	EXP 	Target: sampleRate = 44100
21.4821 	INFO 	Resampled audio from 44100Hz to 48000Hz using method 'default'.
21.4822 	DEBUG 	Converted audio clip from mono to stereo
21.4828 	EXP 	Markser: sampleRate = 44100
21.4850 	INFO 	Resampled audio from 44100Hz to 48000Hz using method 'default'.
21.4850 	DEBUG 	Converted audio clip from mono to stereo
21.5046 	EXP 	text_instruction: autoDraw = True
21.5734 	DATA 	Mouse:  Left button up, pos=(550,224)
21.9735 	EXP 	Sound Target reached end of file
21.9885 	EXP 	Playing sound Target on speaker Haut-parleurs (2- Cirrus Logic XU (with APO Extensions))
21.9735 	EXP 	Sound Markser reached end of file
21.9885 	EXP 	Playing sound Markser on speaker Haut-parleurs (2- Cirrus Logic XU (with APO Extensions))
22.0046 	EXP 	text_instruction: autoDraw = False
24.0397 	EXP 	Sound Markser reached end of file
24.0566 	DATA 	Mouse: Left button down, pos=(646,162)
24.0757 	EXP 	Sound Markser reached end of file
24.0895 	EXP 	Sound Target paused
24.1046 	EXP 	text_instruction: autoDraw = False
24.1726 	DATA 	Mouse:  Left button up, pos=(646,162)
24.5562 	DATA 	Mouse: Left button down, pos=(547,250)
24.6728 	DATA 	Mouse:  Left button up, pos=(547,250)
25.0223 	DATA 	Mouse: Left button down, pos=(554,226)
25.0236 	EXP 	New trial (rep=2, index=2): <Trial 8 (2 in rep 2) data={'Targ': 'E:\\ACERI\\LE_EF_EEG\\LE_EF\\CRMLE\\external_files\\sound\\FR\\T2_M_Delta_Vert_3', 'Mask': 'E:\\ACERI\\LE_EF_EEG\\LE_EF\\CRMLE\\external_files\\sound\\FR\\T0_M_Alpha_Rouge_1', 'AnglTarg': 30, 'AnglMask': -30, 'thisN': 8, 'thisTrialN': 2, 'thisRepN': 2}>
25.0252 	EXP 	Target: sampleRate = 44100
25.0314 	INFO 	Resampled audio from 44100Hz to 48000Hz using method 'default'.
25.0314 	DEBUG 	Converted audio clip from mono to stereo
25.0320 	EXP 	Markser: sampleRate = 44100
25.0373 	INFO 	Resampled audio from 44100Hz to 48000Hz using method 'default'.
25.0373 	DEBUG 	Converted audio clip from mono to stereo
25.0544 	EXP 	text_instruction: autoDraw = True
25.1233 	DATA 	Mouse:  Left button up, pos=(554,226)
25.5225 	EXP 	Sound Target reached end of file
25.5377 	EXP 	Playing sound Target on speaker Haut-parleurs (2- Cirrus Logic XU (with APO Extensions))
25.5226 	EXP 	Sound Markser reached end of file
25.5377 	EXP 	Playing sound Markser on speaker Haut-parleurs (2- Cirrus Logic XU (with APO Extensions))
25.5547 	EXP 	text_instruction: autoDraw = False
27.5064 	DATA 	Mouse: Left button down, pos=(632,152)
27.5207 	EXP 	Sound Target paused
27.5312 	EXP 	Sound Markser paused
27.5552 	EXP 	text_instruction: autoDraw = False
27.5931 	DATA 	Mouse:  Left button up, pos=(632,152)
28.2895 	DATA 	Mouse: Left button down, pos=(541,238)
28.2908 	EXP 	New trial (rep=3, index=0): <Trial 9 (0 in rep 3) data={'Targ': 'E:\\ACERI\\LE_EF_EEG\\LE_EF\\CRMLE\\external_files\\sound\\FR\\T0_M_Delta_Vert_3', 'Mask': 'E:\\ACERI\\LE_EF_EEG\\LE_EF\\CRMLE\\external_files\\sound\\FR\\T0_M_Alpha_Rouge_1', 'AnglTarg': 30, 'AnglMask': -30, 'thisN': 9, 'thisTrialN': 0, 'thisRepN': 3}>
28.2925 	EXP 	Target: sampleRate = 44100
28.2987 	INFO 	Resampled audio from 44100Hz to 48000Hz using method 'default'.
28.2987 	DEBUG 	Converted audio clip from mono to stereo
28.2993 	EXP 	Markser: sampleRate = 44100
28.3080 	INFO 	Resampled audio from 44100Hz to 48000Hz using method 'default'.
28.3080 	DEBUG 	Converted audio clip from mono to stereo
28.3217 	EXP 	text_instruction: autoDraw = True
28.4066 	DATA 	Mouse:  Left button up, pos=(541,238)
28.7898 	EXP 	Sound Target reached end of file
28.8050 	EXP 	Playing sound Target on speaker Haut-parleurs (2- Cirrus Logic XU (with APO Extensions))
28.7898 	EXP 	Sound Markser reached end of file
28.8050 	EXP 	Playing sound Markser on speaker Haut-parleurs (2- Cirrus Logic XU (with APO Extensions))
28.8210 	EXP 	text_instruction: autoDraw = False
30.8605 	EXP 	Sound Markser reached end of file
30.8901 	EXP 	Sound Markser reached end of file
30.9243 	DATA 	Mouse: Left button down, pos=(631,155)
30.9396 	EXP 	Sound Target reached end of file
30.9549 	EXP 	text_instruction: autoDraw = False
30.9895 	DATA 	Mouse:  Left button up, pos=(631,155)
31.5897 	DATA 	Mouse: Left button down, pos=(519,243)
31.5910 	EXP 	New trial (rep=3, index=1): <Trial 10 (1 in rep 3) data={'Targ': 'E:\\ACERI\\LE_EF_EEG\\LE_EF\\CRMLE\\external_files\\sound\\FR\\T1_M_Delta_Vert_3', 'Mask': 'E:\\ACERI\\LE_EF_EEG\\LE_EF\\CRMLE\\external_files\\sound\\FR\\T0_M_Alpha_Rouge_1', 'AnglTarg': 30, 'AnglMask': -30, 'thisN': 10, 'thisTrialN': 1, 'thisRepN': 3}>
31.5925 	EXP 	Target: sampleRate = 44100
31.5986 	INFO 	Resampled audio from 44100Hz to 48000Hz using method 'default'.
31.5987 	DEBUG 	Converted audio clip from mono to stereo
31.5993 	EXP 	Markser: sampleRate = 44100
31.6016 	INFO 	Resampled audio from 44100Hz to 48000Hz using method 'default'.
31.6016 	DEBUG 	Converted audio clip from mono to stereo
31.6212 	EXP 	text_instruction: autoDraw = True
31.7070 	DATA 	Mouse:  Left button up, pos=(519,243)
32.0934 	EXP 	Sound Target reached end of file
32.1057 	EXP 	Playing sound Target on speaker Haut-parleurs (2- Cirrus Logic XU (with APO Extensions))
32.0935 	EXP 	Sound Markser reached end of file
32.1057 	EXP 	Playing sound Markser on speaker Haut-parleurs (2- Cirrus Logic XU (with APO Extensions))
32.1218 	EXP 	text_instruction: autoDraw = False
34.1230 	DATA 	Mouse: Left button down, pos=(625,166)
34.1378 	EXP 	Sound Target paused
34.1435 	EXP 	Sound Markser paused
34.1554 	EXP 	text_instruction: autoDraw = False
34.1897 	DATA 	Mouse:  Left button up, pos=(625,166)
34.5783 	DATA 	Mouse: Left button down, pos=(523,232)
34.5919 	EXP 	New trial (rep=3, index=2): <Trial 11 (2 in rep 3) data={'Targ': 'E:\\ACERI\\LE_EF_EEG\\LE_EF\\CRMLE\\external_files\\sound\\FR\\T2_M_Delta_Vert_3', 'Mask': 'E:\\ACERI\\LE_EF_EEG\\LE_EF\\CRMLE\\external_files\\sound\\FR\\T0_M_Alpha_Rouge_1', 'AnglTarg': 30, 'AnglMask': -30, 'thisN': 11, 'thisTrialN': 2, 'thisRepN': 3}>
34.5936 	EXP 	Target: sampleRate = 44100
34.6011 	INFO 	Resampled audio from 44100Hz to 48000Hz using method 'default'.
34.6011 	DEBUG 	Converted audio clip from mono to stereo
34.6016 	EXP 	Markser: sampleRate = 44100
34.6069 	INFO 	Resampled audio from 44100Hz to 48000Hz using method 'default'.
34.6069 	DEBUG 	Converted audio clip from mono to stereo
34.6221 	EXP 	text_instruction: autoDraw = True
34.6916 	DATA 	Mouse:  Left button up, pos=(523,232)
35.0916 	EXP 	Sound Target reached end of file
35.1053 	EXP 	Playing sound Target on speaker Haut-parleurs (2- Cirrus Logic XU (with APO Extensions))
35.0917 	EXP 	Sound Markser reached end of file
35.1053 	EXP 	Playing sound Markser on speaker Haut-parleurs (2- Cirrus Logic XU (with APO Extensions))
35.1217 	EXP 	text_instruction: autoDraw = False
36.8893 	DATA 	Mouse: Left button down, pos=(633,135)
36.9963 	DATA 	Mouse:  Left button up, pos=(633,135)
37.1245 	EXP 	Sound Markser reached end of file
37.1561 	DATA 	Mouse: Left button down, pos=(629,140)
37.1581 	EXP 	Sound Markser reached end of file
37.1697 	EXP 	Sound Target paused
37.1880 	EXP 	text_instruction: autoDraw = False
37.2661 	DATA 	Mouse:  Left button up, pos=(629,140)
37.6610 	DATA 	Mouse: Left button down, pos=(546,213)
37.7744 	DATA 	Mouse:  Left button up, pos=(546,213)
38.1068 	DATA 	Mouse: Left button down, pos=(542,229)
38.1234 	EXP 	CRM_Spat: status = STOPPED
38.1303 	INFO 	saved data to 'C:\\Users\\chamery\\Documents\\Spat_CRM_Protocol\\Spat_CRM_Protocol\\src\\data\\pilot2_CRM_Spat_2026-07-07_14h28.33.992.csv'
38.1314 	INFO 	saved data to C:\Users\chamery\Documents\Spat_CRM_Protocol\Spat_CRM_Protocol\src\data\pilot2_CRM_Spat_2026-07-07_14h28.33.992.psydat
38.4428 	DEBUG 	Saving data for CRM_Spat ExperimentHandler
38.4446 	INFO 	Stopping keyboard key buffers.
