4.8618 	DEBUG 	Fullscreen settings ignored as running in pilot mode.
4.8631 	INFO 	Loaded monitor calibration from ['2026_07_01 09:38']
5.0163 	INFO 	Using renderer 'Intel(R) Arc(TM) Pro 140T GPU (16GB)' for graphics
5.0163 	INFO 	OpenGL version supported by driver is 4..
5.0430 	EXP 	Created window1 = Window(allowGUI=False, allowStencil=False, autoLog=True, backendConf=UNKNOWN, backgroundFit=<method-wrapper '__getattribute__' of attributeSetter object at 0x00000284C2D13850>, backgroundImage=<method-wrapper '__getattribute__' of attributeSetter object at 0x00000284C2D137F0>, bitsMode=UNKNOWN, blendMode='avg', bpc=(8, 8, 8), color=array([0, 0, 0]), colorSpace='rgb', depthBits=8, fullscr=False, gamma=None, gammaErrorPolicy='raise', infoMsg=UNKNOWN, lms=UNKNOWN, monitor=<psychopy.monitors.calibTools.Monitor object at 0x00000284C1FF9BA0>, multiSample=False, name='window1', numSamples=2, pos=[np.float64(560.0), np.float64(300.0)], screen=0, size=array([800, 600]), stencilBits=0, stereo=False, title='PsychoPy', units='height', useFBO=True, useRetina=False, viewOri=0.0, viewPos=None, viewScale=None, waitBlanking=True, winType='pyglet')
5.0431 	EXP 	window1: backgroundImage = ''
5.0431 	EXP 	window1: backgroundFit = 'none'
5.0565 	DEBUG 	TextBox2 loaded 1 chars with 0 blanks and 1 valid
5.0646 	DEBUG 	TextBox2 loaded 1 chars with 0 blanks and 1 valid
5.0726 	DEBUG 	TextBox2 loaded 1 chars with 0 blanks and 1 valid
5.0808 	DEBUG 	TextBox2 loaded 1 chars with 0 blanks and 1 valid
5.0888 	DEBUG 	TextBox2 loaded 1 chars with 0 blanks and 1 valid
5.0966 	DEBUG 	TextBox2 loaded 1 chars with 0 blanks and 1 valid
5.1046 	DEBUG 	TextBox2 loaded 1 chars with 0 blanks and 1 valid
5.1133 	DEBUG 	TextBox2 loaded 1 chars with 0 blanks and 1 valid
5.1233 	DEBUG 	TextBox2 loaded 1 chars with 0 blanks and 1 valid
5.1317 	DEBUG 	TextBox2 loaded 1 chars with 0 blanks and 1 valid
5.1397 	DEBUG 	TextBox2 loaded 1 chars with 0 blanks and 1 valid
5.1495 	DEBUG 	TextBox2 loaded 1 chars with 0 blanks and 1 valid
5.1577 	DEBUG 	TextBox2 loaded 1 chars with 0 blanks and 1 valid
5.1665 	DEBUG 	TextBox2 loaded 1 chars with 0 blanks and 1 valid
5.1746 	DEBUG 	TextBox2 loaded 1 chars with 0 blanks and 1 valid
5.1826 	DEBUG 	TextBox2 loaded 1 chars with 0 blanks and 1 valid
5.1906 	DEBUG 	TextBox2 loaded 1 chars with 0 blanks and 1 valid
5.1988 	DEBUG 	TextBox2 loaded 1 chars with 0 blanks and 1 valid
5.2070 	DEBUG 	TextBox2 loaded 1 chars with 0 blanks and 1 valid
5.2154 	DEBUG 	TextBox2 loaded 1 chars with 0 blanks and 1 valid
5.2236 	DEBUG 	TextBox2 loaded 1 chars with 0 blanks and 1 valid
5.2239 	DEBUG 	Uploading Texture Font fontname to graphics card
5.2320 	DEBUG 	Upload of Texture Font fontname complete
5.2433 	DEBUG 	TextBox2 loaded 1 chars with 0 blanks and 1 valid
5.2514 	DEBUG 	TextBox2 loaded 1 chars with 0 blanks and 1 valid
5.2596 	DEBUG 	TextBox2 loaded 1 chars with 0 blanks and 1 valid
5.2598 	DEBUG 	Uploading Texture Font fontname to graphics card
5.2659 	DEBUG 	Upload of Texture Font fontname complete
5.2674 	EXP 	window1: Attempting to measure frame rate of screen (0) ...
5.2674 	EXP 	window1: recordFrameIntervals = False
5.4295 	EXP 	window1: recordFrameIntervals = True
5.9014 	WARNING 	t of last frame was 20.22ms (=1/49)
6.6508 	WARNING 	t of last frame was 20.07ms (=1/49)
7.0973 	EXP 	window1: recordFrameIntervals = False
7.0974 	EXP 	Screen (0) actual frame rate measured at 60.02Hz
7.1264 	DEBUG 	TextBox2 loaded 1 chars with 0 blanks and 1 valid
7.1418 	DEBUG 	TextBox2 loaded 1 chars with 0 blanks and 1 valid
7.1499 	DEBUG 	TextBox2 loaded 1 chars with 0 blanks and 1 valid
7.1580 	DEBUG 	TextBox2 loaded 1 chars with 0 blanks and 1 valid
7.1680 	DEBUG 	TextBox2 loaded 1 chars with 0 blanks and 1 valid
7.1761 	DEBUG 	TextBox2 loaded 1 chars with 0 blanks and 1 valid
7.1852 	DEBUG 	TextBox2 loaded 1 chars with 0 blanks and 1 valid
7.1937 	DEBUG 	TextBox2 loaded 1 chars with 0 blanks and 1 valid
7.2021 	DEBUG 	TextBox2 loaded 1 chars with 0 blanks and 1 valid
7.2101 	DEBUG 	TextBox2 loaded 1 chars with 0 blanks and 1 valid
7.2104 	DEBUG 	Uploading Texture Font fontname to graphics card
7.2110 	DEBUG 	Upload of Texture Font fontname complete
7.3416 	INFO 	keyboard.Keyboard is using ptb backend.
7.3417 	EXP 	CRM_Spat: status = STARTED
7.3959 	EXP 	Created text_instruction = TextStim(__class__=<class 'psychopy.visual.text.TextStim'>, alignHoriz=method-wrapper(...), alignText='center', alignVert=method-wrapper(...), anchorHoriz='center', anchorVert='center', antialias=True, autoDraw=False, autoLog=True, bold=False, color=array([1., 1., 1.]), colorSpace='rgb', contrast=1.0, depth=0.0, draggable=False, flipHoriz=False, flipVert=False, font='Arial', fontFiles=[], height=np.float64(0.05), italic=False, languageStyle='LTR', name='text_instruction', opacity=1, ori=0.0, pos=array([0., 0.]), rgb=UNKNOWN, text='Selectionner la réponse', units='height', win=Window(...), wrapWidth=1)
7.3988 	DEBUG 	TextBox2 loaded 1 chars with 0 blanks and 1 valid
7.3989 	DEBUG 	Uploading Texture Font fontname to graphics card
7.4005 	DEBUG 	Upload of Texture Font fontname complete
7.4037 	DEBUG 	TextBox2 loaded 1 chars with 0 blanks and 1 valid
7.4042 	DEBUG 	TextBox2 loaded 1 chars with 0 blanks and 1 valid
7.4044 	DEBUG 	TextBox2 loaded 1 chars with 0 blanks and 1 valid
7.4050 	DEBUG 	TextBox2 loaded 1 chars with 0 blanks and 1 valid
7.4054 	DEBUG 	TextBox2 loaded 1 chars with 0 blanks and 1 valid
7.4056 	DEBUG 	TextBox2 loaded 1 chars with 0 blanks and 1 valid
7.4058 	DEBUG 	TextBox2 loaded 1 chars with 0 blanks and 1 valid
7.4064 	DEBUG 	TextBox2 loaded 1 chars with 0 blanks and 1 valid
7.4068 	DEBUG 	TextBox2 loaded 1 chars with 0 blanks and 1 valid
7.4071 	DEBUG 	TextBox2 loaded 1 chars with 0 blanks and 1 valid
7.4073 	DEBUG 	Uploading Texture Font fontname to graphics card
7.4077 	DEBUG 	Upload of Texture Font fontname complete
7.4124 	DEBUG 	TextBox2 loaded 1 chars with 0 blanks and 1 valid
7.4125 	DEBUG 	Uploading Texture Font fontname to graphics card
7.4172 	DEBUG 	Upload of Texture Font fontname complete
7.4226 	DEBUG 	TextBox2 loaded 1 chars with 0 blanks and 1 valid
7.4227 	DEBUG 	Uploading Texture Font fontname to graphics card
7.4296 	DEBUG 	Upload of Texture Font fontname complete
7.4370 	DEBUG 	TextBox2 loaded 1 chars with 0 blanks and 1 valid
7.4371 	DEBUG 	Uploading Texture Font fontname to graphics card
7.4413 	DEBUG 	Upload of Texture Font fontname complete
7.4471 	DEBUG 	TextBox2 loaded 1 chars with 0 blanks and 1 valid
7.4472 	DEBUG 	Uploading Texture Font fontname to graphics card
7.4513 	DEBUG 	Upload of Texture Font fontname complete
7.4568 	DEBUG 	TextBox2 loaded 1 chars with 0 blanks and 1 valid
7.4569 	DEBUG 	Uploading Texture Font fontname to graphics card
7.4626 	DEBUG 	Upload of Texture Font fontname complete
7.4686 	DEBUG 	TextBox2 loaded 1 chars with 0 blanks and 1 valid
7.4688 	DEBUG 	Uploading Texture Font fontname to graphics card
7.4728 	DEBUG 	Upload of Texture Font fontname complete
7.4786 	DEBUG 	TextBox2 loaded 1 chars with 0 blanks and 1 valid
7.4788 	DEBUG 	Uploading Texture Font fontname to graphics card
7.4831 	DEBUG 	Upload of Texture Font fontname complete
7.6090 	DEBUG 	TextBox2 loaded 1 chars with 0 blanks and 1 valid
7.6093 	DEBUG 	TextBox2 loaded 1 chars with 0 blanks and 1 valid
7.6096 	DEBUG 	TextBox2 loaded 1 chars with 0 blanks and 1 valid
7.6098 	DEBUG 	TextBox2 loaded 1 chars with 0 blanks and 1 valid
7.6100 	DEBUG 	TextBox2 loaded 1 chars with 0 blanks and 1 valid
7.6103 	DEBUG 	TextBox2 loaded 1 chars with 0 blanks and 1 valid
7.6105 	DEBUG 	TextBox2 loaded 1 chars with 0 blanks and 1 valid
7.6108 	DEBUG 	TextBox2 loaded 1 chars with 0 blanks and 1 valid
7.6111 	DEBUG 	TextBox2 loaded 1 chars with 0 blanks and 1 valid
7.6113 	DEBUG 	TextBox2 loaded 1 chars with 0 blanks and 1 valid
7.6117 	DEBUG 	TextBox2 loaded 1 chars with 0 blanks and 1 valid
7.6121 	DEBUG 	TextBox2 loaded 1 chars with 0 blanks and 1 valid
7.6122 	DEBUG 	Uploading Texture Font fontname to graphics card
7.6172 	DEBUG 	Upload of Texture Font fontname complete
7.6202 	DEBUG 	TextBox2 loaded 1 chars with 0 blanks and 1 valid
7.6205 	DEBUG 	TextBox2 loaded 1 chars with 0 blanks and 1 valid
7.6209 	DEBUG 	TextBox2 loaded 1 chars with 0 blanks and 1 valid
7.6212 	DEBUG 	TextBox2 loaded 1 chars with 0 blanks and 1 valid
7.6215 	DEBUG 	TextBox2 loaded 1 chars with 0 blanks and 1 valid
7.6216 	DEBUG 	Uploading Texture Font fontname to graphics card
7.6261 	DEBUG 	Upload of Texture Font fontname complete
7.6301 	DEBUG 	TextBox2 loaded 1 chars with 0 blanks and 1 valid
7.6303 	DEBUG 	Uploading Texture Font fontname to graphics card
7.6346 	DEBUG 	Upload of Texture Font fontname complete
7.6399 	DEBUG 	TextBox2 loaded 1 chars with 0 blanks and 1 valid
7.6402 	DEBUG 	TextBox2 loaded 1 chars with 0 blanks and 1 valid
7.6404 	DEBUG 	Uploading Texture Font fontname to graphics card
7.6455 	DEBUG 	Upload of Texture Font fontname complete
7.6689 	DEBUG 	TextBox2 loaded 1 chars with 0 blanks and 1 valid
7.6693 	DEBUG 	TextBox2 loaded 1 chars with 0 blanks and 1 valid
7.6697 	DEBUG 	TextBox2 loaded 1 chars with 0 blanks and 1 valid
7.6698 	DEBUG 	Uploading Texture Font fontname to graphics card
7.6745 	DEBUG 	Upload of Texture Font fontname complete
7.7293 	DEBUG 	TextBox2 loaded 1 chars with 0 blanks and 1 valid
7.7296 	DEBUG 	TextBox2 loaded 1 chars with 0 blanks and 1 valid
7.7299 	DEBUG 	TextBox2 loaded 1 chars with 0 blanks and 1 valid
7.7303 	DEBUG 	TextBox2 loaded 1 chars with 0 blanks and 1 valid
7.7306 	DEBUG 	TextBox2 loaded 1 chars with 0 blanks and 1 valid
7.7307 	DEBUG 	Uploading Texture Font fontname to graphics card
7.7354 	DEBUG 	Upload of Texture Font fontname complete
7.7456 	DEBUG 	TextBox2 loaded 1 chars with 0 blanks and 1 valid
7.7458 	DEBUG 	Uploading Texture Font fontname to graphics card
7.7498 	DEBUG 	Upload of Texture Font fontname complete
7.7552 	DEBUG 	TextBox2 loaded 1 chars with 0 blanks and 1 valid
7.7553 	DEBUG 	Uploading Texture Font fontname to graphics card
7.7597 	DEBUG 	Upload of Texture Font fontname complete
7.7644 	EXP 	Created text_instruction = TextStim(__class__=<class 'psychopy.visual.text.TextStim'>, alignHoriz=method-wrapper(...), alignText='center', alignVert=method-wrapper(...), anchorHoriz='center', anchorVert='center', antialias=True, autoDraw=False, autoLog=True, bold=False, color=array([1., 1., 1.]), colorSpace='rgb', contrast=1.0, depth=0.0, draggable=False, flipHoriz=False, flipVert=False, font='Arial', fontFiles=[], height=np.float64(0.05), italic=False, languageStyle='LTR', name='text_instruction', opacity=1, ori=0.0, pos=array([0., 0.]), rgb=UNKNOWN, text='Selectionner la réponse', units='height', win=Window(...), wrapWidth=1)
7.9955 	EXP 	Created text_instruction = TextStim(__class__=<class 'psychopy.visual.text.TextStim'>, alignHoriz=method-wrapper(...), alignText='center', alignVert=method-wrapper(...), anchorHoriz='center', anchorVert='center', antialias=True, autoDraw=False, autoLog=True, bold=False, color=array([1., 1., 1.]), colorSpace='rgb', contrast=1.0, depth=0.0, draggable=False, flipHoriz=False, flipVert=False, font='Arial', fontFiles=[], height=np.float64(0.05), italic=False, languageStyle='LTR', name='text_instruction', opacity=1, ori=0.0, pos=array([0., 0.]), rgb=UNKNOWN, text='Selectionner la réponse', units='height', win=Window(...), wrapWidth=1)
0.0420 	EXP 	text_instruction: autoDraw = True
0.7991 	DATA 	Mouse: Left button down, pos=(361,354)
0.8430 	EXP 	text_instruction: autoDraw = False
0.9112 	DATA 	Mouse:  Left button up, pos=(361,354)
4.2609 	DATA 	Mouse: Left button down, pos=(361,354)
4.2924 	EXP 	text_instruction: autoDraw = True
4.3619 	DATA 	Mouse:  Left button up, pos=(361,354)
4.7100 	DATA 	Mouse: Left button down, pos=(361,354)
4.7422 	EXP 	text_instruction: autoDraw = False
4.8119 	DATA 	Mouse:  Left button up, pos=(361,354)
5.0801 	DATA 	Mouse: Left button down, pos=(361,354)
5.1258 	EXP 	text_instruction: autoDraw = True
5.2266 	DATA 	Mouse:  Left button up, pos=(361,354)
5.5044 	DATA 	Mouse: Left button down, pos=(361,354)
5.5429 	EXP 	text_instruction: autoDraw = False
5.6268 	DATA 	Mouse:  Left button up, pos=(361,354)
5.9607 	DATA 	Mouse: Left button down, pos=(361,354)
5.9773 	EXP 	CRM_Spat: status = STOPPED
5.9829 	INFO 	saved data to 'C:\\Users\\chamery\\Documents\\Spat_CRM_Protocol\\Spat_CRM_Protocol\\src\\data\\pilot_CRM_Spat_2026-07-02_10h28.26.644.csv'
5.9835 	INFO 	saved data to C:\Users\chamery\Documents\Spat_CRM_Protocol\Spat_CRM_Protocol\src\data\pilot_CRM_Spat_2026-07-02_10h28.26.644.psydat
6.1728 	DEBUG 	Saving data for CRM_Spat ExperimentHandler
6.1739 	INFO 	Stopping keyboard key buffers.
