7.4153 	DEBUG 	Fullscreen settings ignored as running in pilot mode.
7.4164 	INFO 	Loaded monitor calibration from ['2026_07_01 09:38']
7.6467 	INFO 	Using renderer 'Intel(R) Arc(TM) Pro 140T GPU (16GB)' for graphics
7.6468 	INFO 	OpenGL version supported by driver is 4..
7.6801 	EXP 	Created window1 = Window(allowGUI=False, allowStencil=False, autoLog=True, backendConf=UNKNOWN, backgroundFit=<method-wrapper '__getattribute__' of attributeSetter object at 0x00000269D8118BE0>, backgroundImage=<method-wrapper '__getattribute__' of attributeSetter object at 0x00000269D8118C40>, bitsMode=UNKNOWN, blendMode='avg', bpc=(8, 8, 8), color=array([1., 1., 1.]), colorSpace='rgb', depthBits=8, fullscr=False, gamma=None, gammaErrorPolicy='raise', infoMsg=UNKNOWN, lms=UNKNOWN, monitor=<psychopy.monitors.calibTools.Monitor object at 0x00000269D82CFFA0>, multiSample=False, name='window1', numSamples=2, pos=[np.float64(560.0), np.float64(300.0)], screen=0, size=array([800, 600]), stencilBits=0, stereo=False, title='PsychoPy', units='height', useFBO=True, useRetina=False, viewOri=0.0, viewPos=None, viewScale=None, waitBlanking=True, winType='pyglet')
7.6801 	EXP 	window1: backgroundImage = ''
7.6802 	EXP 	window1: backgroundFit = 'none'
7.6973 	DEBUG 	TextBox2 loaded 1 chars with 0 blanks and 1 valid
7.7074 	DEBUG 	TextBox2 loaded 1 chars with 0 blanks and 1 valid
7.7175 	DEBUG 	TextBox2 loaded 1 chars with 0 blanks and 1 valid
7.7330 	DEBUG 	TextBox2 loaded 1 chars with 0 blanks and 1 valid
7.7455 	DEBUG 	TextBox2 loaded 1 chars with 0 blanks and 1 valid
7.7581 	DEBUG 	TextBox2 loaded 1 chars with 0 blanks and 1 valid
7.7682 	DEBUG 	TextBox2 loaded 1 chars with 0 blanks and 1 valid
7.7787 	DEBUG 	TextBox2 loaded 1 chars with 0 blanks and 1 valid
7.7971 	DEBUG 	TextBox2 loaded 1 chars with 0 blanks and 1 valid
7.8071 	DEBUG 	TextBox2 loaded 1 chars with 0 blanks and 1 valid
7.8209 	DEBUG 	TextBox2 loaded 1 chars with 0 blanks and 1 valid
7.8312 	DEBUG 	TextBox2 loaded 1 chars with 0 blanks and 1 valid
7.8418 	DEBUG 	TextBox2 loaded 1 chars with 0 blanks and 1 valid
7.8519 	DEBUG 	TextBox2 loaded 1 chars with 0 blanks and 1 valid
7.8626 	DEBUG 	TextBox2 loaded 1 chars with 0 blanks and 1 valid
7.8732 	DEBUG 	TextBox2 loaded 1 chars with 0 blanks and 1 valid
7.8860 	DEBUG 	TextBox2 loaded 1 chars with 0 blanks and 1 valid
7.8955 	DEBUG 	TextBox2 loaded 1 chars with 0 blanks and 1 valid
7.9053 	DEBUG 	TextBox2 loaded 1 chars with 0 blanks and 1 valid
7.9153 	DEBUG 	TextBox2 loaded 1 chars with 0 blanks and 1 valid
7.9254 	DEBUG 	TextBox2 loaded 1 chars with 0 blanks and 1 valid
7.9259 	DEBUG 	Uploading Texture Font fontname to graphics card
7.9324 	DEBUG 	Upload of Texture Font fontname complete
7.9476 	DEBUG 	TextBox2 loaded 1 chars with 0 blanks and 1 valid
7.9577 	DEBUG 	TextBox2 loaded 1 chars with 0 blanks and 1 valid
7.9675 	DEBUG 	TextBox2 loaded 1 chars with 0 blanks and 1 valid
7.9678 	DEBUG 	Uploading Texture Font fontname to graphics card
7.9747 	DEBUG 	Upload of Texture Font fontname complete
7.9764 	EXP 	window1: Attempting to measure frame rate of screen (0) ...
7.9764 	EXP 	window1: recordFrameIntervals = False
8.1392 	EXP 	window1: recordFrameIntervals = True
9.5929 	WARNING 	t of last frame was 20.40ms (=1/49)
9.8091 	EXP 	window1: recordFrameIntervals = False
9.8091 	EXP 	Screen (0) actual frame rate measured at 60.51Hz
9.8327 	DEBUG 	TextBox2 loaded 1 chars with 0 blanks and 1 valid
9.8423 	DEBUG 	TextBox2 loaded 1 chars with 0 blanks and 1 valid
9.8519 	DEBUG 	TextBox2 loaded 1 chars with 0 blanks and 1 valid
9.8683 	DEBUG 	TextBox2 loaded 1 chars with 0 blanks and 1 valid
9.8783 	DEBUG 	TextBox2 loaded 1 chars with 0 blanks and 1 valid
9.8883 	DEBUG 	TextBox2 loaded 1 chars with 0 blanks and 1 valid
9.8980 	DEBUG 	TextBox2 loaded 1 chars with 0 blanks and 1 valid
9.9078 	DEBUG 	TextBox2 loaded 1 chars with 0 blanks and 1 valid
9.9177 	DEBUG 	TextBox2 loaded 1 chars with 0 blanks and 1 valid
9.9277 	DEBUG 	TextBox2 loaded 1 chars with 0 blanks and 1 valid
9.9280 	DEBUG 	Uploading Texture Font fontname to graphics card
9.9286 	DEBUG 	Upload of Texture Font fontname complete
10.1220 	INFO 	keyboard.Keyboard is using ptb backend.
10.1221 	EXP 	CRM_Spat: status = STARTED
10.1944 	EXP 	Created text_instruction = TextStim(__class__=<class 'psychopy.visual.text.TextStim'>, alignHoriz=method-wrapper(...), alignText='center', alignVert=method-wrapper(...), anchorHoriz='center', anchorVert='center', antialias=True, autoDraw=False, autoLog=True, bold=False, color=array([-1., -1., -1.]), colorSpace='rgb', contrast=1.0, depth=0.0, draggable=False, flipHoriz=False, flipVert=False, font='Arial', fontFiles=[], height=np.float64(0.05), italic=False, languageStyle='LTR', name='text_instruction', opacity=1, ori=0.0, pos=array([0., 0.]), rgb=UNKNOWN, text='Ecouter', units='height', win=Window(...), wrapWidth=1)
10.2017 	DEBUG 	TextBox2 loaded 1 chars with 0 blanks and 1 valid
10.2021 	DEBUG 	Uploading Texture Font fontname to graphics card
10.2045 	DEBUG 	Upload of Texture Font fontname complete
10.2086 	DEBUG 	TextBox2 loaded 1 chars with 0 blanks and 1 valid
10.2093 	DEBUG 	TextBox2 loaded 1 chars with 0 blanks and 1 valid
10.2096 	DEBUG 	TextBox2 loaded 1 chars with 0 blanks and 1 valid
10.2102 	DEBUG 	TextBox2 loaded 1 chars with 0 blanks and 1 valid
10.2107 	DEBUG 	TextBox2 loaded 1 chars with 0 blanks and 1 valid
10.2109 	DEBUG 	TextBox2 loaded 1 chars with 0 blanks and 1 valid
10.2112 	DEBUG 	TextBox2 loaded 1 chars with 0 blanks and 1 valid
10.2127 	DEBUG 	TextBox2 loaded 1 chars with 0 blanks and 1 valid
10.2140 	DEBUG 	TextBox2 loaded 1 chars with 0 blanks and 1 valid
10.2148 	DEBUG 	TextBox2 loaded 1 chars with 0 blanks and 1 valid
10.2153 	DEBUG 	Uploading Texture Font fontname to graphics card
10.2162 	DEBUG 	Upload of Texture Font fontname complete
10.2222 	DEBUG 	TextBox2 loaded 1 chars with 0 blanks and 1 valid
10.2223 	DEBUG 	Uploading Texture Font fontname to graphics card
10.2240 	DEBUG 	Upload of Texture Font fontname complete
10.2345 	DEBUG 	TextBox2 loaded 1 chars with 0 blanks and 1 valid
10.2348 	DEBUG 	Uploading Texture Font fontname to graphics card
10.2375 	DEBUG 	Upload of Texture Font fontname complete
10.2469 	DEBUG 	TextBox2 loaded 1 chars with 0 blanks and 1 valid
10.2472 	DEBUG 	Uploading Texture Font fontname to graphics card
10.2511 	DEBUG 	Upload of Texture Font fontname complete
10.2594 	DEBUG 	TextBox2 loaded 1 chars with 0 blanks and 1 valid
10.2595 	DEBUG 	Uploading Texture Font fontname to graphics card
10.2612 	DEBUG 	Upload of Texture Font fontname complete
10.2680 	DEBUG 	TextBox2 loaded 1 chars with 0 blanks and 1 valid
10.2682 	DEBUG 	Uploading Texture Font fontname to graphics card
10.2703 	DEBUG 	Upload of Texture Font fontname complete
10.2773 	DEBUG 	TextBox2 loaded 1 chars with 0 blanks and 1 valid
10.2775 	DEBUG 	Uploading Texture Font fontname to graphics card
10.2796 	DEBUG 	Upload of Texture Font fontname complete
10.2919 	DEBUG 	TextBox2 loaded 1 chars with 0 blanks and 1 valid
10.2920 	DEBUG 	Uploading Texture Font fontname to graphics card
10.2943 	DEBUG 	Upload of Texture Font fontname complete
10.6555 	INFO 	Loaded psychtoolbox audio version 3.0.19.696976569
10.8327 	WARNING 	No default speaker specified in Preferences / Hardware, using first speaker found: Haut-parleurs (2- Cirrus Logic XU (with APO Extensions))
10.8328 	DEBUG 	Found speaker device: Haut-parleurs (2- Cirrus Logic XU (with APO Extensions)) (4.0)
11.1455 	INFO 	Created stream for speaker device: Haut-parleurs (2- Cirrus Logic XU (with APO Extensions)) (4.0)
11.1554 	EXP 	Target: sampleRate = 48000
11.1555 	EXP 	Target: channels = None
11.1671 	DEBUG 	Converted audio clip from mono to stereo
11.1728 	EXP 	Sound Target set volume 1.000
11.1837 	WARNING 	No default speaker specified in Preferences / Hardware, using first speaker found: Haut-parleurs (2- Cirrus Logic XU (with APO Extensions))
11.1838 	DEBUG 	Found speaker device: Haut-parleurs (2- Cirrus Logic XU (with APO Extensions)) (4.0)
11.2531 	INFO 	Created stream for speaker device: Haut-parleurs (2- Cirrus Logic XU (with APO Extensions)) (4.0)
11.2555 	EXP 	Markser: sampleRate = 48000
11.2556 	EXP 	Markser: channels = None
11.2660 	DEBUG 	Converted audio clip from mono to stereo
11.2718 	EXP 	Sound Markser set volume 1.000
11.2768 	DEBUG 	TextBox2 loaded 1 chars with 0 blanks and 1 valid
11.2774 	DEBUG 	TextBox2 loaded 1 chars with 0 blanks and 1 valid
11.2777 	DEBUG 	TextBox2 loaded 1 chars with 0 blanks and 1 valid
11.2780 	DEBUG 	TextBox2 loaded 1 chars with 0 blanks and 1 valid
11.2782 	DEBUG 	TextBox2 loaded 1 chars with 0 blanks and 1 valid
11.2787 	DEBUG 	TextBox2 loaded 1 chars with 0 blanks and 1 valid
11.2790 	DEBUG 	TextBox2 loaded 1 chars with 0 blanks and 1 valid
11.2793 	DEBUG 	TextBox2 loaded 1 chars with 0 blanks and 1 valid
11.2796 	DEBUG 	TextBox2 loaded 1 chars with 0 blanks and 1 valid
11.2800 	DEBUG 	TextBox2 loaded 1 chars with 0 blanks and 1 valid
11.2803 	DEBUG 	TextBox2 loaded 1 chars with 0 blanks and 1 valid
11.2806 	DEBUG 	TextBox2 loaded 1 chars with 0 blanks and 1 valid
11.2808 	DEBUG 	Uploading Texture Font fontname to graphics card
11.2844 	DEBUG 	Upload of Texture Font fontname complete
11.2908 	DEBUG 	TextBox2 loaded 1 chars with 0 blanks and 1 valid
11.2917 	DEBUG 	TextBox2 loaded 1 chars with 0 blanks and 1 valid
11.2924 	DEBUG 	TextBox2 loaded 1 chars with 0 blanks and 1 valid
11.2930 	DEBUG 	TextBox2 loaded 1 chars with 0 blanks and 1 valid
11.2933 	DEBUG 	TextBox2 loaded 1 chars with 0 blanks and 1 valid
11.2934 	DEBUG 	Uploading Texture Font fontname to graphics card
11.2961 	DEBUG 	Upload of Texture Font fontname complete
11.3023 	DEBUG 	TextBox2 loaded 1 chars with 0 blanks and 1 valid
11.3024 	DEBUG 	Uploading Texture Font fontname to graphics card
11.3049 	DEBUG 	Upload of Texture Font fontname complete
11.3140 	DEBUG 	TextBox2 loaded 1 chars with 0 blanks and 1 valid
11.3144 	DEBUG 	TextBox2 loaded 1 chars with 0 blanks and 1 valid
11.3146 	DEBUG 	Uploading Texture Font fontname to graphics card
11.3179 	DEBUG 	Upload of Texture Font fontname complete
11.3438 	DEBUG 	TextBox2 loaded 1 chars with 0 blanks and 1 valid
11.3442 	DEBUG 	TextBox2 loaded 1 chars with 0 blanks and 1 valid
11.3446 	DEBUG 	TextBox2 loaded 1 chars with 0 blanks and 1 valid
11.3447 	DEBUG 	Uploading Texture Font fontname to graphics card
11.3467 	DEBUG 	Upload of Texture Font fontname complete
11.4497 	DEBUG 	TextBox2 loaded 1 chars with 0 blanks and 1 valid
11.4500 	DEBUG 	TextBox2 loaded 1 chars with 0 blanks and 1 valid
11.4503 	DEBUG 	TextBox2 loaded 1 chars with 0 blanks and 1 valid
11.4508 	DEBUG 	TextBox2 loaded 1 chars with 0 blanks and 1 valid
11.4511 	DEBUG 	TextBox2 loaded 1 chars with 0 blanks and 1 valid
11.4512 	DEBUG 	Uploading Texture Font fontname to graphics card
11.4538 	DEBUG 	Upload of Texture Font fontname complete
11.4645 	DEBUG 	TextBox2 loaded 1 chars with 0 blanks and 1 valid
11.4647 	DEBUG 	Uploading Texture Font fontname to graphics card
11.4670 	DEBUG 	Upload of Texture Font fontname complete
11.4732 	DEBUG 	TextBox2 loaded 1 chars with 0 blanks and 1 valid
11.4734 	DEBUG 	Uploading Texture Font fontname to graphics card
11.4751 	DEBUG 	Upload of Texture Font fontname complete
0.0251 	DEBUG 	Read excel file with openpyxl: conditions/conditions_2loc.xlsx
0.0253 	EXP 	Imported conditions/conditions_2loc.xlsx as conditions, 3 conditions, 4 params
0.0256 	EXP 	New trial (rep=0, index=0): <Trial 0 (0 in rep 0) data={'Targ': 'E:\\ACERI\\LE_EF_EEG\\LE_EF\\CRMLE\\external_files\\sound\\FR\\T2_M_Delta_Vert_3', 'Mask': 'E:\\ACERI\\LE_EF_EEG\\LE_EF\\CRMLE\\external_files\\sound\\FR\\T0_M_Alpha_Rouge_1', 'AnglTarg': 30, 'AnglMask': -30, 'thisN': 0, 'thisTrialN': 0, 'thisRepN': 0}>
0.0301 	EXP 	Target: sampleRate = 44100
0.0447 	INFO 	Resampled audio from 44100Hz to 48000Hz using method 'default'.
0.0447 	DEBUG 	Converted audio clip from mono to stereo
0.0457 	EXP 	Markser: sampleRate = 44100
0.0557 	INFO 	Resampled audio from 44100Hz to 48000Hz using method 'default'.
0.0558 	DEBUG 	Converted audio clip from mono to stereo
0.0760 	EXP 	text_instruction: autoDraw = True
0.4951 	EXP 	Sound Target reached end of file
0.5103 	EXP 	Playing sound Target on speaker Haut-parleurs (2- Cirrus Logic XU (with APO Extensions))
0.4951 	EXP 	Sound Markser reached end of file
0.5103 	EXP 	Playing sound Markser on speaker Haut-parleurs (2- Cirrus Logic XU (with APO Extensions))
0.5769 	EXP 	text_instruction: autoDraw = False
2.5281 	EXP 	Sound Markser reached end of file
2.5630 	EXP 	Sound Markser reached end of file
2.6456 	EXP 	Sound Target reached end of file
2.6794 	EXP 	Sound Target reached end of file
2.8126 	DATA 	Mouse: Left button down, pos=(283,428)
2.8439 	EXP 	text_instruction: autoDraw = False
2.9179 	DATA 	Mouse:  Left button up, pos=(283,428)
3.4449 	DATA 	Mouse: Left button down, pos=(368,414)
3.5473 	DATA 	Mouse:  Left button up, pos=(368,414)
3.8122 	DATA 	Mouse: Left button down, pos=(368,409)
3.8138 	EXP 	New trial (rep=0, index=1): <Trial 1 (1 in rep 0) data={'Targ': 'E:\\ACERI\\LE_EF_EEG\\LE_EF\\CRMLE\\external_files\\sound\\FR\\T0_M_Delta_Vert_3', 'Mask': 'E:\\ACERI\\LE_EF_EEG\\LE_EF\\CRMLE\\external_files\\sound\\FR\\T0_M_Alpha_Rouge_1', 'AnglTarg': 30, 'AnglMask': -30, 'thisN': 1, 'thisTrialN': 1, 'thisRepN': 0}>
3.8153 	EXP 	Target: sampleRate = 44100
3.8229 	INFO 	Resampled audio from 44100Hz to 48000Hz using method 'default'.
3.8229 	DEBUG 	Converted audio clip from mono to stereo
3.8238 	EXP 	Markser: sampleRate = 44100
3.8436 	INFO 	Resampled audio from 44100Hz to 48000Hz using method 'default'.
3.8436 	DEBUG 	Converted audio clip from mono to stereo
3.8595 	EXP 	text_instruction: autoDraw = True
3.9308 	DATA 	Mouse:  Left button up, pos=(368,409)
4.3127 	EXP 	Sound Target reached end of file
4.3276 	EXP 	Playing sound Target on speaker Haut-parleurs (2- Cirrus Logic XU (with APO Extensions))
4.3127 	EXP 	Sound Markser reached end of file
4.3276 	EXP 	Playing sound Markser on speaker Haut-parleurs (2- Cirrus Logic XU (with APO Extensions))
4.3609 	EXP 	text_instruction: autoDraw = False
6.1860 	DATA 	Mouse: Left button down, pos=(276,451)
6.2334 	EXP 	Sound Target paused
6.2498 	EXP 	Sound Markser paused
6.2769 	EXP 	text_instruction: autoDraw = False
6.2802 	DATA 	Mouse:  Left button up, pos=(276,451)
6.7963 	DATA 	Mouse: Left button down, pos=(370,396)
6.7977 	EXP 	New trial (rep=0, index=2): <Trial 2 (2 in rep 0) data={'Targ': 'E:\\ACERI\\LE_EF_EEG\\LE_EF\\CRMLE\\external_files\\sound\\FR\\T1_M_Delta_Vert_3', 'Mask': 'E:\\ACERI\\LE_EF_EEG\\LE_EF\\CRMLE\\external_files\\sound\\FR\\T0_M_Alpha_Rouge_1', 'AnglTarg': 30, 'AnglMask': -30, 'thisN': 2, 'thisTrialN': 2, 'thisRepN': 0}>
6.7996 	EXP 	Target: sampleRate = 44100
6.8072 	INFO 	Resampled audio from 44100Hz to 48000Hz using method 'default'.
6.8072 	DEBUG 	Converted audio clip from mono to stereo
6.8089 	EXP 	Markser: sampleRate = 44100
6.8119 	INFO 	Resampled audio from 44100Hz to 48000Hz using method 'default'.
6.8119 	DEBUG 	Converted audio clip from mono to stereo
6.8270 	EXP 	text_instruction: autoDraw = True
6.9309 	DATA 	Mouse:  Left button up, pos=(370,396)
7.2974 	EXP 	Sound Target reached end of file
7.3119 	EXP 	Playing sound Target on speaker Haut-parleurs (2- Cirrus Logic XU (with APO Extensions))
7.2974 	EXP 	Sound Markser reached end of file
7.3119 	EXP 	Playing sound Markser on speaker Haut-parleurs (2- Cirrus Logic XU (with APO Extensions))
7.3284 	EXP 	text_instruction: autoDraw = False
9.3479 	EXP 	Sound Markser reached end of file
9.3789 	EXP 	Sound Markser reached end of file
9.4475 	EXP 	Sound Target reached end of file
9.4796 	EXP 	Sound Target reached end of file
9.8793 	DATA 	Mouse: Left button down, pos=(439,253)
9.9107 	EXP 	text_instruction: autoDraw = False
9.9821 	DATA 	Mouse:  Left button up, pos=(439,253)
10.4294 	DATA 	Mouse: Left button down, pos=(405,181)
10.4489 	EXP 	New trial (rep=1, index=0): <Trial 3 (0 in rep 1) data={'Targ': 'E:\\ACERI\\LE_EF_EEG\\LE_EF\\CRMLE\\external_files\\sound\\FR\\T1_M_Delta_Vert_3', 'Mask': 'E:\\ACERI\\LE_EF_EEG\\LE_EF\\CRMLE\\external_files\\sound\\FR\\T0_M_Alpha_Rouge_1', 'AnglTarg': 30, 'AnglMask': -30, 'thisN': 3, 'thisTrialN': 0, 'thisRepN': 1}>
10.4510 	EXP 	Target: sampleRate = 44100
10.4576 	INFO 	Resampled audio from 44100Hz to 48000Hz using method 'default'.
10.4576 	DEBUG 	Converted audio clip from mono to stereo
10.4597 	EXP 	Markser: sampleRate = 44100
10.4637 	INFO 	Resampled audio from 44100Hz to 48000Hz using method 'default'.
10.4637 	DEBUG 	Converted audio clip from mono to stereo
10.4766 	EXP 	text_instruction: autoDraw = True
10.5468 	DATA 	Mouse:  Left button up, pos=(405,181)
10.9476 	EXP 	Sound Target reached end of file
10.9619 	EXP 	Playing sound Target on speaker Haut-parleurs (2- Cirrus Logic XU (with APO Extensions))
10.9477 	EXP 	Sound Markser reached end of file
10.9619 	EXP 	Playing sound Markser on speaker Haut-parleurs (2- Cirrus Logic XU (with APO Extensions))
10.9782 	EXP 	text_instruction: autoDraw = False
12.8819 	DATA 	Mouse: Left button down, pos=(293,346)
12.9015 	EXP 	Sound Target paused
12.9124 	EXP 	Sound Markser paused
12.9440 	EXP 	text_instruction: autoDraw = False
12.9948 	DATA 	Mouse:  Left button up, pos=(293,346)
16.0878 	DATA 	Mouse: Left button down, pos=(322,180)
16.0976 	EXP 	New trial (rep=1, index=1): <Trial 4 (1 in rep 1) data={'Targ': 'E:\\ACERI\\LE_EF_EEG\\LE_EF\\CRMLE\\external_files\\sound\\FR\\T2_M_Delta_Vert_3', 'Mask': 'E:\\ACERI\\LE_EF_EEG\\LE_EF\\CRMLE\\external_files\\sound\\FR\\T0_M_Alpha_Rouge_1', 'AnglTarg': 30, 'AnglMask': -30, 'thisN': 4, 'thisTrialN': 1, 'thisRepN': 1}>
16.0992 	EXP 	Target: sampleRate = 44100
16.1061 	INFO 	Resampled audio from 44100Hz to 48000Hz using method 'default'.
16.1061 	DEBUG 	Converted audio clip from mono to stereo
16.1069 	EXP 	Markser: sampleRate = 44100
16.1139 	INFO 	Resampled audio from 44100Hz to 48000Hz using method 'default'.
16.1139 	DEBUG 	Converted audio clip from mono to stereo
16.1269 	EXP 	text_instruction: autoDraw = True
16.1968 	DATA 	Mouse:  Left button up, pos=(322,180)
16.5976 	EXP 	Sound Target reached end of file
16.6117 	EXP 	Playing sound Target on speaker Haut-parleurs (2- Cirrus Logic XU (with APO Extensions))
16.5977 	EXP 	Sound Markser reached end of file
16.6117 	EXP 	Playing sound Markser on speaker Haut-parleurs (2- Cirrus Logic XU (with APO Extensions))
16.6274 	EXP 	text_instruction: autoDraw = False
18.6298 	EXP 	Sound Markser reached end of file
18.6627 	EXP 	Sound Markser reached end of file
18.6773 	DATA 	Mouse: Left button down, pos=(277,340)
18.7106 	EXP 	Sound Target paused
18.7274 	EXP 	text_instruction: autoDraw = False
18.7664 	DATA 	Mouse:  Left button up, pos=(277,340)
19.4970 	DATA 	Mouse: Left button down, pos=(542,200)
19.5130 	EXP 	New trial (rep=1, index=2): <Trial 5 (2 in rep 1) data={'Targ': 'E:\\ACERI\\LE_EF_EEG\\LE_EF\\CRMLE\\external_files\\sound\\FR\\T0_M_Delta_Vert_3', 'Mask': 'E:\\ACERI\\LE_EF_EEG\\LE_EF\\CRMLE\\external_files\\sound\\FR\\T0_M_Alpha_Rouge_1', 'AnglTarg': 30, 'AnglMask': -30, 'thisN': 5, 'thisTrialN': 2, 'thisRepN': 1}>
19.5146 	EXP 	Target: sampleRate = 44100
19.5212 	INFO 	Resampled audio from 44100Hz to 48000Hz using method 'default'.
19.5212 	DEBUG 	Converted audio clip from mono to stereo
19.5220 	EXP 	Markser: sampleRate = 44100
19.5308 	INFO 	Resampled audio from 44100Hz to 48000Hz using method 'default'.
19.5308 	DEBUG 	Converted audio clip from mono to stereo
19.5435 	EXP 	text_instruction: autoDraw = True
19.6306 	DATA 	Mouse:  Left button up, pos=(542,200)
20.0130 	EXP 	Sound Target reached end of file
20.0273 	EXP 	Playing sound Target on speaker Haut-parleurs (2- Cirrus Logic XU (with APO Extensions))
20.0130 	EXP 	Sound Markser reached end of file
20.0273 	EXP 	Playing sound Markser on speaker Haut-parleurs (2- Cirrus Logic XU (with APO Extensions))
20.0450 	EXP 	text_instruction: autoDraw = False
22.0869 	EXP 	Sound Markser reached end of file
22.1307 	DATA 	Mouse: Left button down, pos=(645,360)
22.1329 	EXP 	Sound Markser reached end of file
22.1521 	EXP 	Sound Target paused
22.1781 	EXP 	text_instruction: autoDraw = False
22.2324 	DATA 	Mouse:  Left button up, pos=(645,360)
23.0469 	DATA 	Mouse: Left button down, pos=(448,238)
23.0485 	EXP 	New trial (rep=2, index=0): <Trial 6 (0 in rep 2) data={'Targ': 'E:\\ACERI\\LE_EF_EEG\\LE_EF\\CRMLE\\external_files\\sound\\FR\\T0_M_Delta_Vert_3', 'Mask': 'E:\\ACERI\\LE_EF_EEG\\LE_EF\\CRMLE\\external_files\\sound\\FR\\T0_M_Alpha_Rouge_1', 'AnglTarg': 30, 'AnglMask': -30, 'thisN': 6, 'thisTrialN': 0, 'thisRepN': 2}>
23.0503 	EXP 	Target: sampleRate = 44100
23.0569 	INFO 	Resampled audio from 44100Hz to 48000Hz using method 'default'.
23.0569 	DEBUG 	Converted audio clip from mono to stereo
23.0577 	EXP 	Markser: sampleRate = 44100
23.0676 	INFO 	Resampled audio from 44100Hz to 48000Hz using method 'default'.
23.0676 	DEBUG 	Converted audio clip from mono to stereo
23.0775 	EXP 	text_instruction: autoDraw = True
23.1663 	DATA 	Mouse:  Left button up, pos=(448,238)
23.5475 	EXP 	Sound Target reached end of file
23.5616 	EXP 	Playing sound Target on speaker Haut-parleurs (2- Cirrus Logic XU (with APO Extensions))
23.5476 	EXP 	Sound Markser reached end of file
23.5616 	EXP 	Playing sound Markser on speaker Haut-parleurs (2- Cirrus Logic XU (with APO Extensions))
23.5793 	EXP 	text_instruction: autoDraw = False
25.6190 	EXP 	Sound Markser reached end of file
25.6200 	DATA 	Mouse: Left button down, pos=(352,328)
25.6461 	EXP 	Sound Markser reached end of file
25.6609 	EXP 	Sound Target paused
25.6773 	EXP 	text_instruction: autoDraw = False
25.7120 	DATA 	Mouse:  Left button up, pos=(352,328)
26.3287 	DATA 	Mouse: Left button down, pos=(392,233)
26.3305 	EXP 	New trial (rep=2, index=1): <Trial 7 (1 in rep 2) data={'Targ': 'E:\\ACERI\\LE_EF_EEG\\LE_EF\\CRMLE\\external_files\\sound\\FR\\T1_M_Delta_Vert_3', 'Mask': 'E:\\ACERI\\LE_EF_EEG\\LE_EF\\CRMLE\\external_files\\sound\\FR\\T0_M_Alpha_Rouge_1', 'AnglTarg': 30, 'AnglMask': -30, 'thisN': 7, 'thisTrialN': 1, 'thisRepN': 2}>
26.3326 	EXP 	Target: sampleRate = 44100
26.3395 	INFO 	Resampled audio from 44100Hz to 48000Hz using method 'default'.
26.3395 	DEBUG 	Converted audio clip from mono to stereo
26.3402 	EXP 	Markser: sampleRate = 44100
26.3427 	INFO 	Resampled audio from 44100Hz to 48000Hz using method 'default'.
26.3427 	DEBUG 	Converted audio clip from mono to stereo
26.3600 	EXP 	text_instruction: autoDraw = True
26.4284 	DATA 	Mouse:  Left button up, pos=(392,233)
26.8308 	EXP 	Sound Target reached end of file
26.8451 	EXP 	Playing sound Target on speaker Haut-parleurs (2- Cirrus Logic XU (with APO Extensions))
26.8309 	EXP 	Sound Markser reached end of file
26.8451 	EXP 	Playing sound Markser on speaker Haut-parleurs (2- Cirrus Logic XU (with APO Extensions))
26.8626 	EXP 	text_instruction: autoDraw = False
28.6613 	DATA 	Mouse: Left button down, pos=(211,337)
28.7309 	DATA 	Mouse:  Left button up, pos=(211,337)
28.8763 	EXP 	Sound Markser reached end of file
28.9114 	EXP 	Sound Markser reached end of file
28.9570 	DATA 	Mouse: Left button down, pos=(198,337)
28.9802 	EXP 	Sound Target reached end of file
28.9943 	EXP 	text_instruction: autoDraw = False
29.0788 	DATA 	Mouse:  Left button up, pos=(198,337)
29.4666 	DATA 	Mouse: Left button down, pos=(323,301)
29.4802 	EXP 	New trial (rep=2, index=2): <Trial 8 (2 in rep 2) data={'Targ': 'E:\\ACERI\\LE_EF_EEG\\LE_EF\\CRMLE\\external_files\\sound\\FR\\T2_M_Delta_Vert_3', 'Mask': 'E:\\ACERI\\LE_EF_EEG\\LE_EF\\CRMLE\\external_files\\sound\\FR\\T0_M_Alpha_Rouge_1', 'AnglTarg': 30, 'AnglMask': -30, 'thisN': 8, 'thisTrialN': 2, 'thisRepN': 2}>
29.4819 	EXP 	Target: sampleRate = 44100
29.4887 	INFO 	Resampled audio from 44100Hz to 48000Hz using method 'default'.
29.4887 	DEBUG 	Converted audio clip from mono to stereo
29.4894 	EXP 	Markser: sampleRate = 44100
29.4956 	INFO 	Resampled audio from 44100Hz to 48000Hz using method 'default'.
29.4956 	DEBUG 	Converted audio clip from mono to stereo
29.5101 	EXP 	text_instruction: autoDraw = True
29.5964 	DATA 	Mouse:  Left button up, pos=(323,301)
29.9643 	EXP 	Sound Target reached end of file
29.9789 	EXP 	Playing sound Target on speaker Haut-parleurs (2- Cirrus Logic XU (with APO Extensions))
29.9643 	EXP 	Sound Markser reached end of file
29.9789 	EXP 	Playing sound Markser on speaker Haut-parleurs (2- Cirrus Logic XU (with APO Extensions))
30.0103 	EXP 	text_instruction: autoDraw = False
32.0131 	EXP 	Sound Markser reached end of file
32.0443 	EXP 	Sound Markser reached end of file
32.1202 	EXP 	Sound Target reached end of file
32.1444 	EXP 	Sound Target reached end of file
32.2123 	DATA 	Mouse: Left button down, pos=(353,333)
32.2276 	EXP 	text_instruction: autoDraw = False
32.3287 	DATA 	Mouse:  Left button up, pos=(353,333)
33.0319 	DATA 	Mouse: Left button down, pos=(353,339)
33.1308 	DATA 	Mouse:  Left button up, pos=(353,339)
33.3949 	DATA 	Mouse: Left button down, pos=(353,339)
33.5129 	DATA 	Mouse:  Left button up, pos=(353,339)
33.7676 	DATA 	Mouse: Left button down, pos=(353,340)
33.7795 	EXP 	New trial (rep=3, index=0): <Trial 9 (0 in rep 3) data={'Targ': 'E:\\ACERI\\LE_EF_EEG\\LE_EF\\CRMLE\\external_files\\sound\\FR\\T0_M_Delta_Vert_3', 'Mask': 'E:\\ACERI\\LE_EF_EEG\\LE_EF\\CRMLE\\external_files\\sound\\FR\\T0_M_Alpha_Rouge_1', 'AnglTarg': 30, 'AnglMask': -30, 'thisN': 9, 'thisTrialN': 0, 'thisRepN': 3}>
33.7812 	EXP 	Target: sampleRate = 44100
33.7882 	INFO 	Resampled audio from 44100Hz to 48000Hz using method 'default'.
33.7882 	DEBUG 	Converted audio clip from mono to stereo
33.7890 	EXP 	Markser: sampleRate = 44100
33.8014 	INFO 	Resampled audio from 44100Hz to 48000Hz using method 'default'.
33.8014 	DEBUG 	Converted audio clip from mono to stereo
33.8102 	EXP 	text_instruction: autoDraw = True
33.8998 	DATA 	Mouse:  Left button up, pos=(353,340)
34.2630 	EXP 	Sound Target reached end of file
34.2781 	EXP 	Playing sound Target on speaker Haut-parleurs (2- Cirrus Logic XU (with APO Extensions))
34.2630 	EXP 	Sound Markser reached end of file
34.2781 	EXP 	Playing sound Markser on speaker Haut-parleurs (2- Cirrus Logic XU (with APO Extensions))
34.3107 	EXP 	text_instruction: autoDraw = False
36.0638 	DATA 	Mouse: Left button down, pos=(357,346)
36.0802 	EXP 	Sound Target paused
36.0985 	EXP 	Sound Markser paused
36.1267 	EXP 	text_instruction: autoDraw = False
36.2006 	DATA 	Mouse:  Left button up, pos=(357,346)
36.3993 	DATA 	Mouse: Left button down, pos=(357,346)
36.4125 	EXP 	New trial (rep=3, index=1): <Trial 10 (1 in rep 3) data={'Targ': 'E:\\ACERI\\LE_EF_EEG\\LE_EF\\CRMLE\\external_files\\sound\\FR\\T2_M_Delta_Vert_3', 'Mask': 'E:\\ACERI\\LE_EF_EEG\\LE_EF\\CRMLE\\external_files\\sound\\FR\\T0_M_Alpha_Rouge_1', 'AnglTarg': 30, 'AnglMask': -30, 'thisN': 10, 'thisTrialN': 1, 'thisRepN': 3}>
36.4141 	EXP 	Target: sampleRate = 44100
36.4218 	INFO 	Resampled audio from 44100Hz to 48000Hz using method 'default'.
36.4219 	DEBUG 	Converted audio clip from mono to stereo
36.4227 	EXP 	Markser: sampleRate = 44100
36.4326 	INFO 	Resampled audio from 44100Hz to 48000Hz using method 'default'.
36.4327 	DEBUG 	Converted audio clip from mono to stereo
36.4436 	EXP 	text_instruction: autoDraw = True
36.4976 	DATA 	Mouse:  Left button up, pos=(357,346)
36.5962 	DATA 	Mouse: Left button down, pos=(357,346)
36.6791 	DATA 	Mouse:  Left button up, pos=(357,346)
36.7469 	DATA 	Mouse: Left button down, pos=(357,346)
36.7987 	DATA 	Mouse:  Left button up, pos=(357,346)
36.8968 	EXP 	Sound Target reached end of file
36.9116 	EXP 	Playing sound Target on speaker Haut-parleurs (2- Cirrus Logic XU (with APO Extensions))
36.8969 	EXP 	Sound Markser reached end of file
36.9116 	EXP 	Playing sound Markser on speaker Haut-parleurs (2- Cirrus Logic XU (with APO Extensions))
36.9453 	EXP 	text_instruction: autoDraw = False
38.7125 	DATA 	Mouse: Left button down, pos=(357,346)
38.7294 	EXP 	Sound Target paused
38.7400 	EXP 	Sound Markser paused
38.7606 	EXP 	text_instruction: autoDraw = False
38.8466 	DATA 	Mouse:  Left button up, pos=(357,346)
39.0980 	DATA 	Mouse: Left button down, pos=(357,346)
39.0997 	EXP 	New trial (rep=3, index=2): <Trial 11 (2 in rep 3) data={'Targ': 'E:\\ACERI\\LE_EF_EEG\\LE_EF\\CRMLE\\external_files\\sound\\FR\\T1_M_Delta_Vert_3', 'Mask': 'E:\\ACERI\\LE_EF_EEG\\LE_EF\\CRMLE\\external_files\\sound\\FR\\T0_M_Alpha_Rouge_1', 'AnglTarg': 30, 'AnglMask': -30, 'thisN': 11, 'thisTrialN': 2, 'thisRepN': 3}>
39.1014 	EXP 	Target: sampleRate = 44100
39.1084 	INFO 	Resampled audio from 44100Hz to 48000Hz using method 'default'.
39.1085 	DEBUG 	Converted audio clip from mono to stereo
39.1093 	EXP 	Markser: sampleRate = 44100
39.1130 	INFO 	Resampled audio from 44100Hz to 48000Hz using method 'default'.
39.1130 	DEBUG 	Converted audio clip from mono to stereo
39.1267 	EXP 	text_instruction: autoDraw = True
39.2156 	DATA 	Mouse:  Left button up, pos=(357,346)
39.4816 	DATA 	Mouse: Left button down, pos=(357,346)
39.5984 	EXP 	Sound Target reached end of file
39.6119 	EXP 	Playing sound Target on speaker Haut-parleurs (2- Cirrus Logic XU (with APO Extensions))
39.5984 	EXP 	Sound Markser reached end of file
39.6119 	EXP 	Playing sound Markser on speaker Haut-parleurs (2- Cirrus Logic XU (with APO Extensions))
39.6146 	DATA 	Mouse:  Left button up, pos=(357,346)
39.6272 	EXP 	text_instruction: autoDraw = False
41.3508 	DATA 	Mouse: Left button down, pos=(357,346)
41.3822 	EXP 	Sound Target paused
41.4021 	EXP 	Sound Markser paused
41.4274 	EXP 	text_instruction: autoDraw = False
41.4781 	DATA 	Mouse:  Left button up, pos=(357,346)
41.7331 	DATA 	Mouse: Left button down, pos=(357,346)
41.7626 	EXP 	CRM_Spat: status = STOPPED
41.7716 	INFO 	saved data to 'C:\\Users\\chamery\\Documents\\Spat_CRM_Protocol\\Spat_CRM_Protocol\\src\\data\\pilot_CRM_Spat_2026-07-07_14h23.44.266.csv'
41.7731 	INFO 	saved data to C:\Users\chamery\Documents\Spat_CRM_Protocol\Spat_CRM_Protocol\src\data\pilot_CRM_Spat_2026-07-07_14h23.44.266.psydat
42.1229 	DEBUG 	Saving data for CRM_Spat ExperimentHandler
42.1252 	INFO 	Stopping keyboard key buffers.
