5.7139 	DEBUG 	Fullscreen settings ignored as running in pilot mode.
5.7147 	INFO 	Loaded monitor calibration from ['2026_07_01 09:38']
5.8645 	INFO 	Using renderer 'Intel(R) Arc(TM) Pro 140T GPU (16GB)' for graphics
5.8645 	INFO 	OpenGL version supported by driver is 4..
5.8876 	EXP 	Created window1 = Window(allowGUI=False, allowStencil=False, autoLog=True, backendConf=UNKNOWN, backgroundFit=<method-wrapper '__getattribute__' of attributeSetter object at 0x000001D8206DC220>, backgroundImage=<method-wrapper '__getattribute__' of attributeSetter object at 0x000001D8206DC400>, bitsMode=UNKNOWN, blendMode='avg', bpc=(8, 8, 8), color=array([0, 0, 0]), colorSpace='rgb', depthBits=8, fullscr=False, gamma=None, gammaErrorPolicy='raise', infoMsg=UNKNOWN, lms=UNKNOWN, monitor=<psychopy.monitors.calibTools.Monitor object at 0x000001D81A2D2D70>, multiSample=False, name='window1', numSamples=2, pos=[np.float64(560.0), np.float64(300.0)], screen=0, size=array([800, 600]), stencilBits=0, stereo=False, title='PsychoPy', units='height', useFBO=True, useRetina=False, viewOri=0.0, viewPos=None, viewScale=None, waitBlanking=True, winType='pyglet')
5.8877 	EXP 	window1: backgroundImage = ''
5.8877 	EXP 	window1: backgroundFit = 'none'
5.9005 	DEBUG 	TextBox2 loaded 1 chars with 0 blanks and 1 valid
5.9086 	DEBUG 	TextBox2 loaded 1 chars with 0 blanks and 1 valid
5.9174 	DEBUG 	TextBox2 loaded 1 chars with 0 blanks and 1 valid
5.9259 	DEBUG 	TextBox2 loaded 1 chars with 0 blanks and 1 valid
5.9343 	DEBUG 	TextBox2 loaded 1 chars with 0 blanks and 1 valid
5.9424 	DEBUG 	TextBox2 loaded 1 chars with 0 blanks and 1 valid
5.9504 	DEBUG 	TextBox2 loaded 1 chars with 0 blanks and 1 valid
5.9592 	DEBUG 	TextBox2 loaded 1 chars with 0 blanks and 1 valid
5.9672 	DEBUG 	TextBox2 loaded 1 chars with 0 blanks and 1 valid
5.9757 	DEBUG 	TextBox2 loaded 1 chars with 0 blanks and 1 valid
5.9845 	DEBUG 	TextBox2 loaded 1 chars with 0 blanks and 1 valid
5.9932 	DEBUG 	TextBox2 loaded 1 chars with 0 blanks and 1 valid
6.0013 	DEBUG 	TextBox2 loaded 1 chars with 0 blanks and 1 valid
6.0096 	DEBUG 	TextBox2 loaded 1 chars with 0 blanks and 1 valid
6.0177 	DEBUG 	TextBox2 loaded 1 chars with 0 blanks and 1 valid
6.0286 	DEBUG 	TextBox2 loaded 1 chars with 0 blanks and 1 valid
6.0366 	DEBUG 	TextBox2 loaded 1 chars with 0 blanks and 1 valid
6.0449 	DEBUG 	TextBox2 loaded 1 chars with 0 blanks and 1 valid
6.0527 	DEBUG 	TextBox2 loaded 1 chars with 0 blanks and 1 valid
6.0611 	DEBUG 	TextBox2 loaded 1 chars with 0 blanks and 1 valid
6.0694 	DEBUG 	TextBox2 loaded 1 chars with 0 blanks and 1 valid
6.0697 	DEBUG 	Uploading Texture Font fontname to graphics card
6.0743 	DEBUG 	Upload of Texture Font fontname complete
6.0860 	DEBUG 	TextBox2 loaded 1 chars with 0 blanks and 1 valid
6.0945 	DEBUG 	TextBox2 loaded 1 chars with 0 blanks and 1 valid
6.1027 	DEBUG 	TextBox2 loaded 1 chars with 0 blanks and 1 valid
6.1029 	DEBUG 	Uploading Texture Font fontname to graphics card
6.1064 	DEBUG 	Upload of Texture Font fontname complete
6.1075 	EXP 	window1: Attempting to measure frame rate of screen (0) ...
6.1075 	EXP 	window1: recordFrameIntervals = False
6.2724 	EXP 	window1: recordFrameIntervals = True
7.9410 	EXP 	window1: recordFrameIntervals = False
7.9410 	EXP 	Screen (0) actual frame rate measured at 60.18Hz
7.9624 	DEBUG 	TextBox2 loaded 1 chars with 0 blanks and 1 valid
7.9715 	DEBUG 	TextBox2 loaded 1 chars with 0 blanks and 1 valid
7.9797 	DEBUG 	TextBox2 loaded 1 chars with 0 blanks and 1 valid
7.9881 	DEBUG 	TextBox2 loaded 1 chars with 0 blanks and 1 valid
7.9963 	DEBUG 	TextBox2 loaded 1 chars with 0 blanks and 1 valid
8.0048 	DEBUG 	TextBox2 loaded 1 chars with 0 blanks and 1 valid
8.0127 	DEBUG 	TextBox2 loaded 1 chars with 0 blanks and 1 valid
8.0211 	DEBUG 	TextBox2 loaded 1 chars with 0 blanks and 1 valid
8.0298 	DEBUG 	TextBox2 loaded 1 chars with 0 blanks and 1 valid
8.0384 	DEBUG 	TextBox2 loaded 1 chars with 0 blanks and 1 valid
8.0387 	DEBUG 	Uploading Texture Font fontname to graphics card
8.0391 	DEBUG 	Upload of Texture Font fontname complete
8.1563 	INFO 	keyboard.Keyboard is using ptb backend.
8.1564 	EXP 	CRM_Spat: status = STARTED
8.2059 	EXP 	Created text_instruction = TextStim(__class__=<class 'psychopy.visual.text.TextStim'>, alignHoriz=method-wrapper(...), alignText='center', alignVert=method-wrapper(...), anchorHoriz='center', anchorVert='center', antialias=True, autoDraw=False, autoLog=True, bold=False, color=array([1., 1., 1.]), colorSpace='rgb', contrast=1.0, depth=0.0, draggable=False, flipHoriz=False, flipVert=False, font='Arial', fontFiles=[], height=np.float64(0.05), italic=False, languageStyle='LTR', name='text_instruction', opacity=1, ori=0.0, pos=array([0., 0.]), rgb=UNKNOWN, text='Selectionner la réponse', units='height', win=Window(...), wrapWidth=1)
8.2088 	DEBUG 	TextBox2 loaded 1 chars with 0 blanks and 1 valid
8.2090 	DEBUG 	Uploading Texture Font fontname to graphics card
8.2102 	DEBUG 	Upload of Texture Font fontname complete
8.2133 	DEBUG 	TextBox2 loaded 1 chars with 0 blanks and 1 valid
8.2139 	DEBUG 	TextBox2 loaded 1 chars with 0 blanks and 1 valid
8.2141 	DEBUG 	TextBox2 loaded 1 chars with 0 blanks and 1 valid
8.2146 	DEBUG 	TextBox2 loaded 1 chars with 0 blanks and 1 valid
8.2150 	DEBUG 	TextBox2 loaded 1 chars with 0 blanks and 1 valid
8.2152 	DEBUG 	TextBox2 loaded 1 chars with 0 blanks and 1 valid
8.2154 	DEBUG 	TextBox2 loaded 1 chars with 0 blanks and 1 valid
8.2160 	DEBUG 	TextBox2 loaded 1 chars with 0 blanks and 1 valid
8.2163 	DEBUG 	TextBox2 loaded 1 chars with 0 blanks and 1 valid
8.2166 	DEBUG 	TextBox2 loaded 1 chars with 0 blanks and 1 valid
8.2168 	DEBUG 	Uploading Texture Font fontname to graphics card
8.2172 	DEBUG 	Upload of Texture Font fontname complete
8.2200 	DEBUG 	TextBox2 loaded 1 chars with 0 blanks and 1 valid
8.2202 	DEBUG 	Uploading Texture Font fontname to graphics card
8.2218 	DEBUG 	Upload of Texture Font fontname complete
8.2274 	DEBUG 	TextBox2 loaded 1 chars with 0 blanks and 1 valid
8.2275 	DEBUG 	Uploading Texture Font fontname to graphics card
8.2289 	DEBUG 	Upload of Texture Font fontname complete
8.2344 	DEBUG 	TextBox2 loaded 1 chars with 0 blanks and 1 valid
8.2345 	DEBUG 	Uploading Texture Font fontname to graphics card
8.2358 	DEBUG 	Upload of Texture Font fontname complete
8.2412 	DEBUG 	TextBox2 loaded 1 chars with 0 blanks and 1 valid
8.2413 	DEBUG 	Uploading Texture Font fontname to graphics card
8.2426 	DEBUG 	Upload of Texture Font fontname complete
8.2480 	DEBUG 	TextBox2 loaded 1 chars with 0 blanks and 1 valid
8.2481 	DEBUG 	Uploading Texture Font fontname to graphics card
8.2498 	DEBUG 	Upload of Texture Font fontname complete
8.2557 	DEBUG 	TextBox2 loaded 1 chars with 0 blanks and 1 valid
8.2558 	DEBUG 	Uploading Texture Font fontname to graphics card
8.2572 	DEBUG 	Upload of Texture Font fontname complete
8.2627 	DEBUG 	TextBox2 loaded 1 chars with 0 blanks and 1 valid
8.2628 	DEBUG 	Uploading Texture Font fontname to graphics card
8.2645 	DEBUG 	Upload of Texture Font fontname complete
8.3934 	DEBUG 	TextBox2 loaded 1 chars with 0 blanks and 1 valid
8.3937 	DEBUG 	TextBox2 loaded 1 chars with 0 blanks and 1 valid
8.3940 	DEBUG 	TextBox2 loaded 1 chars with 0 blanks and 1 valid
8.3942 	DEBUG 	TextBox2 loaded 1 chars with 0 blanks and 1 valid
8.3944 	DEBUG 	TextBox2 loaded 1 chars with 0 blanks and 1 valid
8.3947 	DEBUG 	TextBox2 loaded 1 chars with 0 blanks and 1 valid
8.3949 	DEBUG 	TextBox2 loaded 1 chars with 0 blanks and 1 valid
8.3952 	DEBUG 	TextBox2 loaded 1 chars with 0 blanks and 1 valid
8.3954 	DEBUG 	TextBox2 loaded 1 chars with 0 blanks and 1 valid
8.3957 	DEBUG 	TextBox2 loaded 1 chars with 0 blanks and 1 valid
8.3960 	DEBUG 	TextBox2 loaded 1 chars with 0 blanks and 1 valid
8.3962 	DEBUG 	TextBox2 loaded 1 chars with 0 blanks and 1 valid
8.3963 	DEBUG 	Uploading Texture Font fontname to graphics card
8.3987 	DEBUG 	Upload of Texture Font fontname complete
8.4015 	DEBUG 	TextBox2 loaded 1 chars with 0 blanks and 1 valid
8.4018 	DEBUG 	TextBox2 loaded 1 chars with 0 blanks and 1 valid
8.4022 	DEBUG 	TextBox2 loaded 1 chars with 0 blanks and 1 valid
8.4025 	DEBUG 	TextBox2 loaded 1 chars with 0 blanks and 1 valid
8.4027 	DEBUG 	TextBox2 loaded 1 chars with 0 blanks and 1 valid
8.4029 	DEBUG 	Uploading Texture Font fontname to graphics card
8.4047 	DEBUG 	Upload of Texture Font fontname complete
8.4075 	DEBUG 	TextBox2 loaded 1 chars with 0 blanks and 1 valid
8.4076 	DEBUG 	Uploading Texture Font fontname to graphics card
8.4101 	DEBUG 	Upload of Texture Font fontname complete
8.4155 	DEBUG 	TextBox2 loaded 1 chars with 0 blanks and 1 valid
8.4158 	DEBUG 	TextBox2 loaded 1 chars with 0 blanks and 1 valid
8.4159 	DEBUG 	Uploading Texture Font fontname to graphics card
8.4205 	DEBUG 	Upload of Texture Font fontname complete
8.4251 	EXP 	Created text_instruction = TextStim(__class__=<class 'psychopy.visual.text.TextStim'>, alignHoriz=method-wrapper(...), alignText='center', alignVert=method-wrapper(...), anchorHoriz='center', anchorVert='center', antialias=True, autoDraw=False, autoLog=True, bold=False, color=array([1., 1., 1.]), colorSpace='rgb', contrast=1.0, depth=0.0, draggable=False, flipHoriz=False, flipVert=False, font='Arial', fontFiles=[], height=np.float64(0.05), italic=False, languageStyle='LTR', name='text_instruction', opacity=1, ori=0.0, pos=array([0., 0.]), rgb=UNKNOWN, text='Selectionner la réponse', units='height', win=Window(...), wrapWidth=1)
8.6565 	EXP 	Created text_instruction = TextStim(__class__=<class 'psychopy.visual.text.TextStim'>, alignHoriz=method-wrapper(...), alignText='center', alignVert=method-wrapper(...), anchorHoriz='center', anchorVert='center', antialias=True, autoDraw=False, autoLog=True, bold=False, color=array([1., 1., 1.]), colorSpace='rgb', contrast=1.0, depth=0.0, draggable=False, flipHoriz=False, flipVert=False, font='Arial', fontFiles=[], height=np.float64(0.05), italic=False, languageStyle='LTR', name='text_instruction', opacity=1, ori=0.0, pos=array([0., 0.]), rgb=UNKNOWN, text='Selectionner la réponse', units='height', win=Window(...), wrapWidth=1)
0.0351 	EXP 	text_instruction: autoDraw = True
0.8040 	DATA 	Mouse: Left button down, pos=(256,248)
0.8197 	EXP 	text_instruction: autoDraw = False
0.8875 	DATA 	Mouse:  Left button up, pos=(256,248)
1.9705 	DATA 	Mouse: Left button down, pos=(302,116)
2.0023 	EXP 	text_instruction: autoDraw = True
2.0486 	DATA 	Mouse:  Left button up, pos=(302,116)
2.6137 	DATA 	Mouse: Left button down, pos=(253,249)
2.6527 	EXP 	text_instruction: autoDraw = False
2.7211 	DATA 	Mouse:  Left button up, pos=(253,249)
3.3873 	DATA 	Mouse: Left button down, pos=(287,129)
3.4195 	EXP 	text_instruction: autoDraw = True
3.4919 	DATA 	Mouse:  Left button up, pos=(287,129)
4.1204 	DATA 	Mouse: Left button down, pos=(286,279)
4.1369 	EXP 	text_instruction: autoDraw = False
4.2206 	DATA 	Mouse:  Left button up, pos=(286,279)
4.9876 	DATA 	Mouse: Left button down, pos=(320,104)
5.1041 	DATA 	Mouse:  Left button up, pos=(320,104)
5.6376 	DATA 	Mouse: Left button down, pos=(312,120)
5.6534 	EXP 	CRM_Spat: status = STOPPED
5.6562 	INFO 	saved data to 'C:\\Users\\chamery\\Documents\\Spat_CRM_Protocol\\Spat_CRM_Protocol\\src\\data\\pilot_CRM_Spat_2026-07-02_09h56.40.492.csv'
5.6570 	INFO 	saved data to C:\Users\chamery\Documents\Spat_CRM_Protocol\Spat_CRM_Protocol\src\data\pilot_CRM_Spat_2026-07-02_09h56.40.492.psydat
5.8433 	DEBUG 	Saving data for CRM_Spat ExperimentHandler
5.8451 	INFO 	Stopping keyboard key buffers.
