5.3282 	DEBUG 	Fullscreen settings ignored as running in pilot mode.
5.3288 	INFO 	Loaded monitor calibration from ['2026_07_01 09:38']
5.5114 	INFO 	Using renderer 'Intel(R) Arc(TM) Pro 140T GPU (16GB)' for graphics
5.5114 	INFO 	OpenGL version supported by driver is 4..
5.5437 	EXP 	Created window1 = Window(allowGUI=False, allowStencil=False, autoLog=True, backendConf=UNKNOWN, backgroundFit=<method-wrapper '__getattribute__' of attributeSetter object at 0x000001D29E779C30>, backgroundImage=<method-wrapper '__getattribute__' of attributeSetter object at 0x000001D29E779C90>, bitsMode=UNKNOWN, blendMode='avg', bpc=(8, 8, 8), color=array([1., 1., 1.]), colorSpace='rgb', depthBits=8, fullscr=False, gamma=None, gammaErrorPolicy='raise', infoMsg=UNKNOWN, lms=UNKNOWN, monitor=<psychopy.monitors.calibTools.Monitor object at 0x000001D295E409A0>, multiSample=False, name='window1', numSamples=2, pos=[np.float64(560.0), np.float64(300.0)], screen=0, size=array([800, 600]), stencilBits=0, stereo=False, title='PsychoPy', units='height', useFBO=True, useRetina=False, viewOri=0.0, viewPos=None, viewScale=None, waitBlanking=True, winType='pyglet')
5.5438 	EXP 	window1: backgroundImage = ''
5.5438 	EXP 	window1: backgroundFit = 'none'
5.5590 	DEBUG 	TextBox2 loaded 1 chars with 0 blanks and 1 valid
5.5672 	DEBUG 	TextBox2 loaded 1 chars with 0 blanks and 1 valid
5.5752 	DEBUG 	TextBox2 loaded 1 chars with 0 blanks and 1 valid
5.5835 	DEBUG 	TextBox2 loaded 1 chars with 0 blanks and 1 valid
5.5917 	DEBUG 	TextBox2 loaded 1 chars with 0 blanks and 1 valid
5.6021 	DEBUG 	TextBox2 loaded 1 chars with 0 blanks and 1 valid
5.6101 	DEBUG 	TextBox2 loaded 1 chars with 0 blanks and 1 valid
5.6197 	DEBUG 	TextBox2 loaded 1 chars with 0 blanks and 1 valid
5.6275 	DEBUG 	TextBox2 loaded 1 chars with 0 blanks and 1 valid
5.6359 	DEBUG 	TextBox2 loaded 1 chars with 0 blanks and 1 valid
5.6440 	DEBUG 	TextBox2 loaded 1 chars with 0 blanks and 1 valid
5.6537 	DEBUG 	TextBox2 loaded 1 chars with 0 blanks and 1 valid
5.6618 	DEBUG 	TextBox2 loaded 1 chars with 0 blanks and 1 valid
5.6701 	DEBUG 	TextBox2 loaded 1 chars with 0 blanks and 1 valid
5.6781 	DEBUG 	TextBox2 loaded 1 chars with 0 blanks and 1 valid
5.6879 	DEBUG 	TextBox2 loaded 1 chars with 0 blanks and 1 valid
5.6960 	DEBUG 	TextBox2 loaded 1 chars with 0 blanks and 1 valid
5.7044 	DEBUG 	TextBox2 loaded 1 chars with 0 blanks and 1 valid
5.7125 	DEBUG 	TextBox2 loaded 1 chars with 0 blanks and 1 valid
5.7212 	DEBUG 	TextBox2 loaded 1 chars with 0 blanks and 1 valid
5.7291 	DEBUG 	TextBox2 loaded 1 chars with 0 blanks and 1 valid
5.7295 	DEBUG 	Uploading Texture Font fontname to graphics card
5.7422 	DEBUG 	Upload of Texture Font fontname complete
5.7536 	DEBUG 	TextBox2 loaded 1 chars with 0 blanks and 1 valid
5.7617 	DEBUG 	TextBox2 loaded 1 chars with 0 blanks and 1 valid
5.7700 	DEBUG 	TextBox2 loaded 1 chars with 0 blanks and 1 valid
5.7702 	DEBUG 	Uploading Texture Font fontname to graphics card
5.7789 	DEBUG 	Upload of Texture Font fontname complete
5.7804 	EXP 	window1: Attempting to measure frame rate of screen (0) ...
5.7804 	EXP 	window1: recordFrameIntervals = False
5.9489 	EXP 	window1: recordFrameIntervals = True
7.6020 	WARNING 	t of last frame was 20.01ms (=1/49)
7.6197 	EXP 	window1: recordFrameIntervals = False
7.6199 	EXP 	Screen (0) actual frame rate measured at 59.85Hz
7.6457 	DEBUG 	TextBox2 loaded 1 chars with 0 blanks and 1 valid
7.6537 	DEBUG 	TextBox2 loaded 1 chars with 0 blanks and 1 valid
7.6617 	DEBUG 	TextBox2 loaded 1 chars with 0 blanks and 1 valid
7.6704 	DEBUG 	TextBox2 loaded 1 chars with 0 blanks and 1 valid
7.6785 	DEBUG 	TextBox2 loaded 1 chars with 0 blanks and 1 valid
7.6866 	DEBUG 	TextBox2 loaded 1 chars with 0 blanks and 1 valid
7.6945 	DEBUG 	TextBox2 loaded 1 chars with 0 blanks and 1 valid
7.7048 	DEBUG 	TextBox2 loaded 1 chars with 0 blanks and 1 valid
7.7131 	DEBUG 	TextBox2 loaded 1 chars with 0 blanks and 1 valid
7.7213 	DEBUG 	TextBox2 loaded 1 chars with 0 blanks and 1 valid
7.7215 	DEBUG 	Uploading Texture Font fontname to graphics card
7.7222 	DEBUG 	Upload of Texture Font fontname complete
7.8523 	INFO 	keyboard.Keyboard is using ptb backend.
7.8523 	EXP 	CRM_Spat: status = STARTED
7.9381 	EXP 	Created text = TextStim(__class__=<class 'psychopy.visual.text.TextStim'>, alignHoriz=method-wrapper(...), alignText='center', alignVert=method-wrapper(...), anchorHoriz='center', anchorVert='center', antialias=True, autoDraw=False, autoLog=True, bold=False, color=array([-1., -1., -1.]), colorSpace='rgb', contrast=1.0, depth=0.0, draggable=False, flipHoriz=False, flipVert=False, font='Arial', fontFiles=[], height=np.float64(0.05), italic=False, languageStyle='LTR', name='text', opacity=1, ori=0.0, pos=array([0., 0.]), rgb=UNKNOWN, text=str(...), units='height', win=Window(...), wrapWidth=1)
7.9416 	DEBUG 	TextBox2 loaded 1 chars with 0 blanks and 1 valid
7.9421 	DEBUG 	TextBox2 loaded 1 chars with 0 blanks and 1 valid
7.9427 	DEBUG 	TextBox2 loaded 1 chars with 0 blanks and 1 valid
7.9431 	DEBUG 	TextBox2 loaded 1 chars with 0 blanks and 1 valid
7.9436 	DEBUG 	TextBox2 loaded 1 chars with 0 blanks and 1 valid
7.9440 	DEBUG 	TextBox2 loaded 1 chars with 0 blanks and 1 valid
7.9444 	DEBUG 	TextBox2 loaded 1 chars with 0 blanks and 1 valid
7.9446 	DEBUG 	TextBox2 loaded 1 chars with 0 blanks and 1 valid
7.9448 	DEBUG 	TextBox2 loaded 1 chars with 0 blanks and 1 valid
7.9452 	DEBUG 	TextBox2 loaded 1 chars with 0 blanks and 1 valid
7.9456 	DEBUG 	TextBox2 loaded 1 chars with 0 blanks and 1 valid
7.9460 	DEBUG 	TextBox2 loaded 1 chars with 0 blanks and 1 valid
7.9466 	DEBUG 	TextBox2 loaded 1 chars with 0 blanks and 1 valid
7.9471 	DEBUG 	TextBox2 loaded 1 chars with 0 blanks and 1 valid
7.9473 	DEBUG 	Uploading Texture Font fontname to graphics card
7.9490 	DEBUG 	Upload of Texture Font fontname complete
7.9523 	DEBUG 	TextBox2 loaded 1 chars with 0 blanks and 1 valid
7.9529 	DEBUG 	TextBox2 loaded 1 chars with 0 blanks and 1 valid
7.9534 	DEBUG 	TextBox2 loaded 1 chars with 0 blanks and 1 valid
7.9537 	DEBUG 	TextBox2 loaded 1 chars with 0 blanks and 1 valid
7.9538 	DEBUG 	Uploading Texture Font fontname to graphics card
7.9542 	DEBUG 	Upload of Texture Font fontname complete
7.9562 	EXP 	Created text_instruction = TextStim(__class__=<class 'psychopy.visual.text.TextStim'>, alignHoriz=method-wrapper(...), alignText='center', alignVert=method-wrapper(...), anchorHoriz='center', anchorVert='center', antialias=True, autoDraw=False, autoLog=True, bold=False, color=array([-1., -1., -1.]), colorSpace='rgb', contrast=1.0, depth=0.0, draggable=False, flipHoriz=False, flipVert=False, font='Arial', fontFiles=[], height=np.float64(0.05), italic=False, languageStyle='LTR', name='text_instruction', opacity=1, ori=0.0, pos=array([0., 0.]), rgb=UNKNOWN, text='Ecouter', units='height', win=Window(...), wrapWidth=1)
7.9585 	DEBUG 	TextBox2 loaded 1 chars with 0 blanks and 1 valid
7.9586 	DEBUG 	Uploading Texture Font fontname to graphics card
7.9619 	DEBUG 	Upload of Texture Font fontname complete
7.9674 	DEBUG 	TextBox2 loaded 1 chars with 0 blanks and 1 valid
7.9677 	DEBUG 	Uploading Texture Font fontname to graphics card
7.9721 	DEBUG 	Upload of Texture Font fontname complete
7.9770 	DEBUG 	TextBox2 loaded 1 chars with 0 blanks and 1 valid
7.9771 	DEBUG 	Uploading Texture Font fontname to graphics card
7.9819 	DEBUG 	Upload of Texture Font fontname complete
7.9883 	DEBUG 	TextBox2 loaded 1 chars with 0 blanks and 1 valid
7.9884 	DEBUG 	Uploading Texture Font fontname to graphics card
7.9948 	DEBUG 	Upload of Texture Font fontname complete
8.0015 	DEBUG 	TextBox2 loaded 1 chars with 0 blanks and 1 valid
8.0016 	DEBUG 	Uploading Texture Font fontname to graphics card
8.0060 	DEBUG 	Upload of Texture Font fontname complete
8.0153 	DEBUG 	TextBox2 loaded 1 chars with 0 blanks and 1 valid
8.0154 	DEBUG 	Uploading Texture Font fontname to graphics card
8.0216 	DEBUG 	Upload of Texture Font fontname complete
8.0280 	DEBUG 	TextBox2 loaded 1 chars with 0 blanks and 1 valid
8.0282 	DEBUG 	Uploading Texture Font fontname to graphics card
8.0317 	DEBUG 	Upload of Texture Font fontname complete
8.0375 	DEBUG 	TextBox2 loaded 1 chars with 0 blanks and 1 valid
8.0377 	DEBUG 	Uploading Texture Font fontname to graphics card
8.0419 	DEBUG 	Upload of Texture Font fontname complete
8.0476 	DEBUG 	TextBox2 loaded 1 chars with 0 blanks and 1 valid
8.0478 	DEBUG 	Uploading Texture Font fontname to graphics card
8.0521 	DEBUG 	Upload of Texture Font fontname complete
8.3213 	INFO 	Loaded psychtoolbox audio version 3.0.19.696976569
8.4494 	WARNING 	No default speaker specified in Preferences / Hardware, using first speaker found: Headphones (WH-1000XM4)
8.4495 	DEBUG 	Found speaker device: Headphones (WH-1000XM4) (5.0)
8.6121 	INFO 	Created stream for speaker device: Headphones (WH-1000XM4) (5.0)
8.6136 	EXP 	Target: sampleRate = 48000
8.6137 	EXP 	Target: channels = None
8.6210 	DEBUG 	Converted audio clip from mono to stereo
8.6259 	EXP 	Sound Target set volume 1.000
8.6340 	WARNING 	No default speaker specified in Preferences / Hardware, using first speaker found: Headphones (WH-1000XM4)
8.6340 	DEBUG 	Found speaker device: Headphones (WH-1000XM4) (5.0)
8.7519 	INFO 	Created stream for speaker device: Headphones (WH-1000XM4) (5.0)
8.7532 	EXP 	Markser: sampleRate = 48000
8.7532 	EXP 	Markser: channels = None
8.7603 	DEBUG 	Converted audio clip from mono to stereo
8.7649 	EXP 	Sound Markser set volume 1.000
8.7683 	DEBUG 	TextBox2 loaded 1 chars with 0 blanks and 1 valid
8.7686 	DEBUG 	TextBox2 loaded 1 chars with 0 blanks and 1 valid
8.7689 	DEBUG 	TextBox2 loaded 1 chars with 0 blanks and 1 valid
8.7692 	DEBUG 	TextBox2 loaded 1 chars with 0 blanks and 1 valid
8.7694 	DEBUG 	TextBox2 loaded 1 chars with 0 blanks and 1 valid
8.7698 	DEBUG 	TextBox2 loaded 1 chars with 0 blanks and 1 valid
8.7700 	DEBUG 	TextBox2 loaded 1 chars with 0 blanks and 1 valid
8.7702 	DEBUG 	TextBox2 loaded 1 chars with 0 blanks and 1 valid
8.7706 	DEBUG 	TextBox2 loaded 1 chars with 0 blanks and 1 valid
8.7708 	DEBUG 	TextBox2 loaded 1 chars with 0 blanks and 1 valid
8.7711 	DEBUG 	TextBox2 loaded 1 chars with 0 blanks and 1 valid
8.7714 	DEBUG 	TextBox2 loaded 1 chars with 0 blanks and 1 valid
8.7715 	DEBUG 	Uploading Texture Font fontname to graphics card
8.7759 	DEBUG 	Upload of Texture Font fontname complete
8.7794 	DEBUG 	TextBox2 loaded 1 chars with 0 blanks and 1 valid
8.7798 	DEBUG 	TextBox2 loaded 1 chars with 0 blanks and 1 valid
8.7801 	DEBUG 	TextBox2 loaded 1 chars with 0 blanks and 1 valid
8.7805 	DEBUG 	TextBox2 loaded 1 chars with 0 blanks and 1 valid
8.7807 	DEBUG 	TextBox2 loaded 1 chars with 0 blanks and 1 valid
8.7808 	DEBUG 	Uploading Texture Font fontname to graphics card
8.7890 	DEBUG 	Upload of Texture Font fontname complete
8.7927 	DEBUG 	TextBox2 loaded 1 chars with 0 blanks and 1 valid
8.7929 	DEBUG 	Uploading Texture Font fontname to graphics card
8.7993 	DEBUG 	Upload of Texture Font fontname complete
8.8051 	DEBUG 	TextBox2 loaded 1 chars with 0 blanks and 1 valid
8.8055 	DEBUG 	TextBox2 loaded 1 chars with 0 blanks and 1 valid
8.8057 	DEBUG 	Uploading Texture Font fontname to graphics card
8.8102 	DEBUG 	Upload of Texture Font fontname complete
8.8832 	DEBUG 	TextBox2 loaded 1 chars with 0 blanks and 1 valid
8.8837 	DEBUG 	TextBox2 loaded 1 chars with 0 blanks and 1 valid
8.8841 	DEBUG 	TextBox2 loaded 1 chars with 0 blanks and 1 valid
8.8842 	DEBUG 	Uploading Texture Font fontname to graphics card
8.8895 	DEBUG 	Upload of Texture Font fontname complete
8.9008 	DEBUG 	TextBox2 loaded 1 chars with 0 blanks and 1 valid
8.9012 	DEBUG 	TextBox2 loaded 1 chars with 0 blanks and 1 valid
8.9015 	DEBUG 	TextBox2 loaded 1 chars with 0 blanks and 1 valid
8.9019 	DEBUG 	TextBox2 loaded 1 chars with 0 blanks and 1 valid
8.9022 	DEBUG 	TextBox2 loaded 1 chars with 0 blanks and 1 valid
8.9023 	DEBUG 	Uploading Texture Font fontname to graphics card
8.9067 	DEBUG 	Upload of Texture Font fontname complete
8.9179 	DEBUG 	TextBox2 loaded 1 chars with 0 blanks and 1 valid
8.9181 	DEBUG 	Uploading Texture Font fontname to graphics card
8.9239 	DEBUG 	Upload of Texture Font fontname complete
8.9301 	DEBUG 	TextBox2 loaded 1 chars with 0 blanks and 1 valid
8.9303 	DEBUG 	Uploading Texture Font fontname to graphics card
8.9353 	DEBUG 	Upload of Texture Font fontname complete
8.9404 	EXP 	Created text_instruction_3 = TextStim(__class__=<class 'psychopy.visual.text.TextStim'>, alignHoriz=method-wrapper(...), alignText='center', alignVert=method-wrapper(...), anchorHoriz='center', anchorVert='center', antialias=True, autoDraw=False, autoLog=True, bold=False, color=array([-1., -1., -1.]), colorSpace='rgb', contrast=1.0, depth=0.0, draggable=False, flipHoriz=False, flipVert=False, font='Arial', fontFiles=[], height=np.float64(0.05), italic=False, languageStyle='LTR', name='text_instruction_3', opacity=1, ori=0.0, pos=array([0., 0.]), rgb=UNKNOWN, text='Ecouter', units='height', win=Window(...), wrapWidth=1)
9.1180 	WARNING 	No default speaker specified in Preferences / Hardware, using first speaker found: Headphones (WH-1000XM4)
9.1181 	DEBUG 	Found speaker device: Headphones (WH-1000XM4) (5.0)
9.1227 	INFO 	Created stream for speaker device: Headphones (WH-1000XM4) (5.0)
9.1244 	EXP 	Target_2: sampleRate = 48000
9.1244 	EXP 	Target_2: channels = None
9.1318 	DEBUG 	Converted audio clip from mono to stereo
9.1362 	EXP 	Sound Target_2 set volume 1.000
9.1441 	WARNING 	No default speaker specified in Preferences / Hardware, using first speaker found: Headphones (WH-1000XM4)
9.1441 	DEBUG 	Found speaker device: Headphones (WH-1000XM4) (5.0)
9.1481 	INFO 	Created stream for speaker device: Headphones (WH-1000XM4) (5.0)
9.1510 	EXP 	Marsker1_2: sampleRate = 48000
9.1510 	EXP 	Marsker1_2: channels = None
9.1579 	DEBUG 	Converted audio clip from mono to stereo
9.1624 	EXP 	Sound Marsker1_2 set volume 1.000
9.1706 	WARNING 	No default speaker specified in Preferences / Hardware, using first speaker found: Headphones (WH-1000XM4)
9.1706 	DEBUG 	Found speaker device: Headphones (WH-1000XM4) (5.0)
9.1747 	INFO 	Created stream for speaker device: Headphones (WH-1000XM4) (5.0)
9.1762 	EXP 	Masker2_2: sampleRate = 48000
9.1762 	EXP 	Masker2_2: channels = None
9.1833 	DEBUG 	Converted audio clip from mono to stereo
9.1877 	EXP 	Sound Masker2_2 set volume 1.000
0.0301 	EXP 	text: autoDraw = True
1.2336 	DATA 	Mouse: Left button down, pos=(299,384)
1.2511 	DEBUG 	Read excel file with openpyxl: conditions/conditions_2loc.xlsx
1.2512 	EXP 	Imported conditions/conditions_2loc.xlsx as conditions, 3 conditions, 4 params
1.2514 	EXP 	New trial (rep=0, index=0): <Trial 0 (0 in rep 0) data={'Targ': 'E:\\ACERI\\LE_EF_EEG\\LE_EF\\CRMLE\\external_files\\sound\\FR\\T0_M_Delta_Vert_3', 'Mask': 'E:\\ACERI\\LE_EF_EEG\\LE_EF\\CRMLE\\external_files\\sound\\FR\\T0_M_Alpha_Rouge_1', 'AnglTarg': 30, 'AnglMask': -30, 'thisN': 0, 'thisTrialN': 0, 'thisRepN': 0}>
1.2700 	EXP 	Target: sampleRate = 44100
1.2865 	INFO 	Resampled audio from 44100Hz to 48000Hz using method 'default'.
1.2865 	DEBUG 	Converted audio clip from mono to stereo
1.2887 	EXP 	Markser: sampleRate = 44100
1.2999 	INFO 	Resampled audio from 44100Hz to 48000Hz using method 'default'.
1.3000 	DEBUG 	Converted audio clip from mono to stereo
1.3141 	EXP 	text: autoDraw = False
1.3141 	EXP 	text_instruction: autoDraw = True
1.3326 	DATA 	Mouse:  Left button up, pos=(299,384)
1.7475 	EXP 	Sound Target reached end of file
1.7629 	EXP 	Playing sound Target on speaker Headphones (WH-1000XM4)
1.7476 	EXP 	Sound Markser reached end of file
1.7629 	EXP 	Playing sound Markser on speaker Headphones (WH-1000XM4)
1.8137 	EXP 	text_instruction: autoDraw = False
3.6248 	DATA 	Mouse: Left button down, pos=(331,356)
3.6643 	EXP 	Sound Target paused
3.6758 	EXP 	Sound Markser paused
3.6960 	EXP 	text_instruction: autoDraw = False
3.7147 	DATA 	Mouse:  Left button up, pos=(331,356)
4.1336 	DATA 	Mouse: Left button down, pos=(338,347)
4.1509 	EXP 	New trial (rep=0, index=1): <Trial 1 (1 in rep 0) data={'Targ': 'E:\\ACERI\\LE_EF_EEG\\LE_EF\\CRMLE\\external_files\\sound\\FR\\T1_M_Delta_Vert_3', 'Mask': 'E:\\ACERI\\LE_EF_EEG\\LE_EF\\CRMLE\\external_files\\sound\\FR\\T0_M_Alpha_Rouge_1', 'AnglTarg': 30, 'AnglMask': -30, 'thisN': 1, 'thisTrialN': 1, 'thisRepN': 0}>
4.1642 	EXP 	Target: sampleRate = 44100
4.1672 	INFO 	Resampled audio from 44100Hz to 48000Hz using method 'default'.
4.1672 	DEBUG 	Converted audio clip from mono to stereo
4.1678 	EXP 	Markser: sampleRate = 44100
4.1742 	INFO 	Resampled audio from 44100Hz to 48000Hz using method 'default'.
4.1742 	DEBUG 	Converted audio clip from mono to stereo
4.1794 	EXP 	text_instruction: autoDraw = True
4.2323 	DATA 	Mouse:  Left button up, pos=(338,347)
4.6484 	EXP 	Sound Target reached end of file
4.6633 	EXP 	Playing sound Target on speaker Headphones (WH-1000XM4)
4.6484 	EXP 	Sound Markser reached end of file
4.6633 	EXP 	Playing sound Markser on speaker Headphones (WH-1000XM4)
4.6797 	EXP 	text_instruction: autoDraw = False
5.0146 	DATA 	Mouse: Left button down, pos=(338,347)
5.1477 	DATA 	Mouse:  Left button up, pos=(338,347)
6.5469 	DATA 	Mouse: Left button down, pos=(328,351)
6.5672 	EXP 	Sound Target paused
6.5855 	EXP 	Sound Markser paused
6.5955 	EXP 	text_instruction: autoDraw = False
6.6146 	DATA 	Mouse:  Left button up, pos=(328,351)
6.9197 	DATA 	Mouse: Left button down, pos=(328,351)
6.9320 	EXP 	New trial (rep=0, index=2): <Trial 2 (2 in rep 0) data={'Targ': 'E:\\ACERI\\LE_EF_EEG\\LE_EF\\CRMLE\\external_files\\sound\\FR\\T2_M_Delta_Vert_3', 'Mask': 'E:\\ACERI\\LE_EF_EEG\\LE_EF\\CRMLE\\external_files\\sound\\FR\\T0_M_Alpha_Rouge_1', 'AnglTarg': 30, 'AnglMask': -30, 'thisN': 2, 'thisTrialN': 2, 'thisRepN': 0}>
6.9461 	EXP 	Target: sampleRate = 44100
6.9555 	INFO 	Resampled audio from 44100Hz to 48000Hz using method 'default'.
6.9555 	DEBUG 	Converted audio clip from mono to stereo
6.9561 	EXP 	Markser: sampleRate = 44100
6.9624 	INFO 	Resampled audio from 44100Hz to 48000Hz using method 'default'.
6.9624 	DEBUG 	Converted audio clip from mono to stereo
6.9797 	EXP 	text_instruction: autoDraw = True
7.0151 	DATA 	Mouse:  Left button up, pos=(328,351)
7.4318 	EXP 	Sound Target reached end of file
7.4470 	EXP 	Playing sound Target on speaker Headphones (WH-1000XM4)
7.4319 	EXP 	Sound Markser reached end of file
7.4470 	EXP 	Playing sound Markser on speaker Headphones (WH-1000XM4)
7.4794 	EXP 	text_instruction: autoDraw = False
9.2396 	DATA 	Mouse: Left button down, pos=(349,351)
9.2835 	EXP 	Sound Target paused
9.2936 	EXP 	Sound Markser paused
9.3138 	EXP 	text_instruction: autoDraw = False
9.3392 	DATA 	Mouse:  Left button up, pos=(349,351)
9.6361 	DATA 	Mouse: Left button down, pos=(349,351)
9.6519 	DEBUG 	Read excel file with openpyxl: conditions/conditions_3loc.xlsx
9.6521 	EXP 	Imported conditions/conditions_3loc.xlsx as conditions, 3 conditions, 6 params
9.6522 	EXP 	New trial (rep=0, index=0): <Trial 0 (0 in rep 0) data={'Targ': 'E:\\ACERI\\LE_EF_EEG\\LE_EF\\CRMLE\\external_files\\sound\\FR\\T0_M_Delta_Vert_3', 'Mask1': 'E:\\ACERI\\LE_EF_EEG\\LE_EF\\CRMLE\\external_files\\sound\\FR\\T0_M_Alpha_Rouge_1', 'Mask2': 'E:\\ACERI\\LE_EF_EEG\\LE_EF\\CRMLE\\external_files\\sound\\FR\\T0_M_Alpha_Rouge_1', 'AnglTarg': 30, 'AnglMask1': -30, 'AnglMask2': -30, 'thisN': 0, 'thisTrialN': 0, 'thisRepN': 0}>
9.6596 	EXP 	Target_2: sampleRate = 44100
9.6687 	INFO 	Resampled audio from 44100Hz to 48000Hz using method 'default'.
9.6688 	DEBUG 	Converted audio clip from mono to stereo
9.6699 	EXP 	Marsker1_2: sampleRate = 44100
9.6757 	INFO 	Resampled audio from 44100Hz to 48000Hz using method 'default'.
9.6757 	DEBUG 	Converted audio clip from mono to stereo
9.6766 	EXP 	Masker2_2: sampleRate = 44100
9.6829 	INFO 	Resampled audio from 44100Hz to 48000Hz using method 'default'.
9.6829 	DEBUG 	Converted audio clip from mono to stereo
9.6960 	EXP 	text_instruction_3: autoDraw = True
9.7476 	DATA 	Mouse:  Left button up, pos=(349,351)
10.1475 	EXP 	Sound Target_2 reached end of file
10.1630 	EXP 	Playing sound Target_2 on speaker Headphones (WH-1000XM4)
10.1475 	EXP 	Sound Marsker1_2 reached end of file
10.1630 	EXP 	Playing sound Marsker1_2 on speaker Headphones (WH-1000XM4)
10.1476 	EXP 	Sound Masker2_2 reached end of file
10.1630 	EXP 	Playing sound Masker2_2 on speaker Headphones (WH-1000XM4)
10.1961 	EXP 	text_instruction_3: autoDraw = False
11.9836 	DATA 	Mouse: Left button down, pos=(349,351)
12.0328 	EXP 	Sound Target_2 paused
12.0435 	EXP 	Sound Marsker1_2 paused
12.0548 	EXP 	Sound Masker2_2 paused
12.0795 	EXP 	text_instruction_3: autoDraw = False
12.1310 	DATA 	Mouse:  Left button up, pos=(349,351)
12.3657 	DATA 	Mouse: Left button down, pos=(349,351)
12.3822 	EXP 	New trial (rep=0, index=1): <Trial 1 (1 in rep 0) data={'Targ': 'E:\\ACERI\\LE_EF_EEG\\LE_EF\\CRMLE\\external_files\\sound\\FR\\T1_M_Delta_Vert_3', 'Mask1': 'E:\\ACERI\\LE_EF_EEG\\LE_EF\\CRMLE\\external_files\\sound\\FR\\T0_M_Alpha_Rouge_1', 'Mask2': 'E:\\ACERI\\LE_EF_EEG\\LE_EF\\CRMLE\\external_files\\sound\\FR\\T0_M_Alpha_Rouge_1', 'AnglTarg': 30, 'AnglMask1': -30, 'AnglMask2': -30, 'thisN': 1, 'thisTrialN': 1, 'thisRepN': 0}>
12.3836 	EXP 	Target_2: sampleRate = 44100
12.3858 	INFO 	Resampled audio from 44100Hz to 48000Hz using method 'default'.
12.3858 	DEBUG 	Converted audio clip from mono to stereo
12.3864 	EXP 	Marsker1_2: sampleRate = 44100
12.3919 	INFO 	Resampled audio from 44100Hz to 48000Hz using method 'default'.
12.3919 	DEBUG 	Converted audio clip from mono to stereo
12.3925 	EXP 	Masker2_2: sampleRate = 44100
12.3985 	INFO 	Resampled audio from 44100Hz to 48000Hz using method 'default'.
12.3985 	DEBUG 	Converted audio clip from mono to stereo
12.4125 	EXP 	text_instruction_3: autoDraw = True
12.4645 	DATA 	Mouse:  Left button up, pos=(349,351)
12.8818 	EXP 	Sound Target_2 reached end of file
12.8970 	EXP 	Playing sound Target_2 on speaker Headphones (WH-1000XM4)
12.8818 	EXP 	Sound Marsker1_2 reached end of file
12.8970 	EXP 	Playing sound Marsker1_2 on speaker Headphones (WH-1000XM4)
12.8818 	EXP 	Sound Masker2_2 reached end of file
12.8970 	EXP 	Playing sound Masker2_2 on speaker Headphones (WH-1000XM4)
12.9137 	EXP 	text_instruction_3: autoDraw = False
14.7523 	DATA 	Mouse: Left button down, pos=(353,350)
14.7958 	EXP 	Sound Target_2 paused
14.8067 	EXP 	Sound Marsker1_2 paused
14.8170 	EXP 	Sound Masker2_2 paused
14.8297 	EXP 	text_instruction_3: autoDraw = False
14.8974 	DATA 	Mouse:  Left button up, pos=(353,350)
15.1820 	DATA 	Mouse: Left button down, pos=(353,350)
15.1836 	EXP 	New trial (rep=0, index=2): <Trial 2 (2 in rep 0) data={'Targ': 'E:\\ACERI\\LE_EF_EEG\\LE_EF\\CRMLE\\external_files\\sound\\FR\\T2_M_Delta_Vert_3', 'Mask1': 'E:\\ACERI\\LE_EF_EEG\\LE_EF\\CRMLE\\external_files\\sound\\FR\\T0_M_Alpha_Rouge_1', 'Mask2': 'E:\\ACERI\\LE_EF_EEG\\LE_EF\\CRMLE\\external_files\\sound\\FR\\T0_M_Alpha_Rouge_1', 'AnglTarg': 30, 'AnglMask1': -30, 'AnglMask2': -30, 'thisN': 2, 'thisTrialN': 2, 'thisRepN': 0}>
15.1848 	EXP 	Target_2: sampleRate = 44100
15.1898 	INFO 	Resampled audio from 44100Hz to 48000Hz using method 'default'.
15.1898 	DEBUG 	Converted audio clip from mono to stereo
15.1904 	EXP 	Marsker1_2: sampleRate = 44100
15.1958 	INFO 	Resampled audio from 44100Hz to 48000Hz using method 'default'.
15.1958 	DEBUG 	Converted audio clip from mono to stereo
15.1967 	EXP 	Masker2_2: sampleRate = 44100
15.2024 	INFO 	Resampled audio from 44100Hz to 48000Hz using method 'default'.
15.2024 	DEBUG 	Converted audio clip from mono to stereo
15.2129 	EXP 	text_instruction_3: autoDraw = True
15.2480 	DATA 	Mouse:  Left button up, pos=(353,350)
15.6816 	EXP 	Sound Target_2 reached end of file
15.6967 	EXP 	Playing sound Target_2 on speaker Headphones (WH-1000XM4)
15.6816 	EXP 	Sound Marsker1_2 reached end of file
15.6967 	EXP 	Playing sound Marsker1_2 on speaker Headphones (WH-1000XM4)
15.6816 	EXP 	Sound Masker2_2 reached end of file
15.6967 	EXP 	Playing sound Masker2_2 on speaker Headphones (WH-1000XM4)
15.7129 	EXP 	text_instruction_3: autoDraw = False
17.4545 	DATA 	Mouse: Left button down, pos=(353,350)
17.4967 	EXP 	Sound Target_2 paused
17.5131 	EXP 	Sound Marsker1_2 paused
17.5238 	EXP 	Sound Masker2_2 paused
17.5463 	EXP 	text_instruction_3: autoDraw = False
17.5977 	DATA 	Mouse:  Left button up, pos=(353,350)
17.8156 	DATA 	Mouse: Left button down, pos=(353,350)
17.8314 	EXP 	CRM_Spat: status = STOPPED
17.8392 	INFO 	saved data to 'C:\\Users\\chamery\\Documents\\Spat_CRM_Protocol\\Spat_CRM_Protocol\\src\\data\\pilot_CRM_Spat_2026-07-08_10h56.21.275.csv'
17.8401 	INFO 	saved data to C:\Users\chamery\Documents\Spat_CRM_Protocol\Spat_CRM_Protocol\src\data\pilot_CRM_Spat_2026-07-08_10h56.21.275.psydat
18.2058 	DEBUG 	Saving data for CRM_Spat ExperimentHandler
18.2072 	INFO 	Stopping keyboard key buffers.
