8.5722 	DEBUG 	Fullscreen settings ignored as running in pilot mode.
8.5732 	INFO 	Loaded monitor calibration from ['2026_07_01 09:38']
8.8811 	INFO 	Using renderer 'Intel(R) Arc(TM) Pro 140T GPU (16GB)' for graphics
8.8811 	INFO 	OpenGL version supported by driver is 4..
8.9253 	EXP 	Created window1 = Window(allowGUI=False, allowStencil=False, autoLog=True, backendConf=UNKNOWN, backgroundFit=<method-wrapper '__getattribute__' of attributeSetter object at 0x0000029148C5DA20>, backgroundImage=<method-wrapper '__getattribute__' of attributeSetter object at 0x0000029148C5DAB0>, bitsMode=UNKNOWN, blendMode='avg', bpc=(8, 8, 8), color=array([0, 0, 0]), colorSpace='rgb', depthBits=8, fullscr=False, gamma=None, gammaErrorPolicy='raise', infoMsg=UNKNOWN, lms=UNKNOWN, monitor=<psychopy.monitors.calibTools.Monitor object at 0x00000291486D7AF0>, multiSample=False, name='window1', numSamples=2, pos=[np.float64(560.0), np.float64(300.0)], screen=0, size=array([800, 600]), stencilBits=0, stereo=False, title='PsychoPy', units='height', useFBO=True, useRetina=False, viewOri=0.0, viewPos=None, viewScale=None, waitBlanking=True, winType='pyglet')
8.9254 	EXP 	window1: backgroundImage = ''
8.9255 	EXP 	window1: backgroundFit = 'none'
8.9461 	DEBUG 	TextBox2 loaded 1 chars with 0 blanks and 1 valid
8.9565 	DEBUG 	TextBox2 loaded 1 chars with 0 blanks and 1 valid
8.9664 	DEBUG 	TextBox2 loaded 1 chars with 0 blanks and 1 valid
8.9764 	DEBUG 	TextBox2 loaded 1 chars with 0 blanks and 1 valid
8.9879 	DEBUG 	TextBox2 loaded 1 chars with 0 blanks and 1 valid
8.9975 	DEBUG 	TextBox2 loaded 1 chars with 0 blanks and 1 valid
9.0089 	DEBUG 	TextBox2 loaded 1 chars with 0 blanks and 1 valid
9.0189 	DEBUG 	TextBox2 loaded 1 chars with 0 blanks and 1 valid
9.0286 	DEBUG 	TextBox2 loaded 1 chars with 0 blanks and 1 valid
9.0388 	DEBUG 	TextBox2 loaded 1 chars with 0 blanks and 1 valid
9.0486 	DEBUG 	TextBox2 loaded 1 chars with 0 blanks and 1 valid
9.0596 	DEBUG 	TextBox2 loaded 1 chars with 0 blanks and 1 valid
9.0715 	DEBUG 	TextBox2 loaded 1 chars with 0 blanks and 1 valid
9.0871 	DEBUG 	TextBox2 loaded 1 chars with 0 blanks and 1 valid
9.0969 	DEBUG 	TextBox2 loaded 1 chars with 0 blanks and 1 valid
9.1071 	DEBUG 	TextBox2 loaded 1 chars with 0 blanks and 1 valid
9.1196 	DEBUG 	TextBox2 loaded 1 chars with 0 blanks and 1 valid
9.1294 	DEBUG 	TextBox2 loaded 1 chars with 0 blanks and 1 valid
9.1399 	DEBUG 	TextBox2 loaded 1 chars with 0 blanks and 1 valid
9.1499 	DEBUG 	TextBox2 loaded 1 chars with 0 blanks and 1 valid
9.1595 	DEBUG 	TextBox2 loaded 1 chars with 0 blanks and 1 valid
9.1600 	DEBUG 	Uploading Texture Font fontname to graphics card
9.1786 	DEBUG 	Upload of Texture Font fontname complete
9.1953 	DEBUG 	TextBox2 loaded 1 chars with 0 blanks and 1 valid
9.2080 	DEBUG 	TextBox2 loaded 1 chars with 0 blanks and 1 valid
9.2178 	DEBUG 	TextBox2 loaded 1 chars with 0 blanks and 1 valid
9.2182 	DEBUG 	Uploading Texture Font fontname to graphics card
9.2381 	DEBUG 	Upload of Texture Font fontname complete
9.2397 	EXP 	window1: Attempting to measure frame rate of screen (0) ...
9.2398 	EXP 	window1: recordFrameIntervals = False
9.4051 	EXP 	window1: recordFrameIntervals = True
11.0710 	EXP 	window1: recordFrameIntervals = False
11.0710 	EXP 	Screen (0) actual frame rate measured at 60.15Hz
11.0888 	DEBUG 	TextBox2 loaded 1 chars with 0 blanks and 1 valid
11.0987 	DEBUG 	TextBox2 loaded 1 chars with 0 blanks and 1 valid
11.1090 	DEBUG 	TextBox2 loaded 1 chars with 0 blanks and 1 valid
11.1206 	DEBUG 	TextBox2 loaded 1 chars with 0 blanks and 1 valid
11.1332 	DEBUG 	TextBox2 loaded 1 chars with 0 blanks and 1 valid
11.1438 	DEBUG 	TextBox2 loaded 1 chars with 0 blanks and 1 valid
11.1542 	DEBUG 	TextBox2 loaded 1 chars with 0 blanks and 1 valid
11.1647 	DEBUG 	TextBox2 loaded 1 chars with 0 blanks and 1 valid
11.1791 	DEBUG 	TextBox2 loaded 1 chars with 0 blanks and 1 valid
11.1896 	DEBUG 	TextBox2 loaded 1 chars with 0 blanks and 1 valid
11.1900 	DEBUG 	Uploading Texture Font fontname to graphics card
11.1907 	DEBUG 	Upload of Texture Font fontname complete
11.3770 	INFO 	keyboard.Keyboard is using ptb backend.
11.3771 	EXP 	CRM_Spat: status = STARTED
11.4741 	EXP 	Created text_instruction = TextStim(__class__=<class 'psychopy.visual.text.TextStim'>, alignHoriz=method-wrapper(...), alignText='center', alignVert=method-wrapper(...), anchorHoriz='center', anchorVert='center', antialias=True, autoDraw=False, autoLog=True, bold=False, color=array([1., 1., 1.]), colorSpace='rgb', contrast=1.0, depth=0.0, draggable=False, flipHoriz=False, flipVert=False, font='Arial', fontFiles=[], height=np.float64(0.05), italic=False, languageStyle='LTR', name='text_instruction', opacity=1, ori=0.0, pos=array([0., 0.]), rgb=UNKNOWN, text='Selectionner la réponse', units='height', win=Window(...), wrapWidth=1)
11.4790 	DEBUG 	TextBox2 loaded 1 chars with 0 blanks and 1 valid
11.4792 	DEBUG 	Uploading Texture Font fontname to graphics card
11.4814 	DEBUG 	Upload of Texture Font fontname complete
11.4860 	DEBUG 	TextBox2 loaded 1 chars with 0 blanks and 1 valid
11.4867 	DEBUG 	TextBox2 loaded 1 chars with 0 blanks and 1 valid
11.4870 	DEBUG 	TextBox2 loaded 1 chars with 0 blanks and 1 valid
11.4877 	DEBUG 	TextBox2 loaded 1 chars with 0 blanks and 1 valid
11.4882 	DEBUG 	TextBox2 loaded 1 chars with 0 blanks and 1 valid
11.4884 	DEBUG 	TextBox2 loaded 1 chars with 0 blanks and 1 valid
11.4887 	DEBUG 	TextBox2 loaded 1 chars with 0 blanks and 1 valid
11.4894 	DEBUG 	TextBox2 loaded 1 chars with 0 blanks and 1 valid
11.4898 	DEBUG 	TextBox2 loaded 1 chars with 0 blanks and 1 valid
11.4901 	DEBUG 	TextBox2 loaded 1 chars with 0 blanks and 1 valid
11.4904 	DEBUG 	Uploading Texture Font fontname to graphics card
11.4914 	DEBUG 	Upload of Texture Font fontname complete
11.4999 	DEBUG 	TextBox2 loaded 1 chars with 0 blanks and 1 valid
11.5003 	DEBUG 	Uploading Texture Font fontname to graphics card
11.5089 	DEBUG 	Upload of Texture Font fontname complete
11.5207 	DEBUG 	TextBox2 loaded 1 chars with 0 blanks and 1 valid
11.5209 	DEBUG 	Uploading Texture Font fontname to graphics card
11.5268 	DEBUG 	Upload of Texture Font fontname complete
11.5341 	DEBUG 	TextBox2 loaded 1 chars with 0 blanks and 1 valid
11.5343 	DEBUG 	Uploading Texture Font fontname to graphics card
11.5431 	DEBUG 	Upload of Texture Font fontname complete
11.5544 	DEBUG 	TextBox2 loaded 1 chars with 0 blanks and 1 valid
11.5545 	DEBUG 	Uploading Texture Font fontname to graphics card
11.5669 	DEBUG 	Upload of Texture Font fontname complete
11.5828 	DEBUG 	TextBox2 loaded 1 chars with 0 blanks and 1 valid
11.5830 	DEBUG 	Uploading Texture Font fontname to graphics card
11.5932 	DEBUG 	Upload of Texture Font fontname complete
11.6048 	DEBUG 	TextBox2 loaded 1 chars with 0 blanks and 1 valid
11.6049 	DEBUG 	Uploading Texture Font fontname to graphics card
11.6163 	DEBUG 	Upload of Texture Font fontname complete
11.6253 	DEBUG 	TextBox2 loaded 1 chars with 0 blanks and 1 valid
11.6255 	DEBUG 	Uploading Texture Font fontname to graphics card
11.6351 	DEBUG 	Upload of Texture Font fontname complete
11.9611 	INFO 	Loaded psychtoolbox audio version 3.0.19.696976569
12.1911 	WARNING 	No default speaker specified in Preferences / Hardware, using first speaker found: Haut-parleurs (2- Cirrus Logic XU (with APO Extensions))
12.1912 	DEBUG 	Found speaker device: Haut-parleurs (2- Cirrus Logic XU (with APO Extensions)) (4.0)
12.6494 	INFO 	Created stream for speaker device: Haut-parleurs (2- Cirrus Logic XU (with APO Extensions)) (4.0)
12.6535 	EXP 	sound_1: sampleRate = 48000
12.6535 	EXP 	sound_1: channels = None
12.6549 	DEBUG 	Converted audio clip from mono to stereo
12.6558 	EXP 	Sound sound_1 set volume 1.000
12.6649 	DEBUG 	TextBox2 loaded 1 chars with 0 blanks and 1 valid
12.6658 	DEBUG 	TextBox2 loaded 1 chars with 0 blanks and 1 valid
12.6667 	DEBUG 	TextBox2 loaded 1 chars with 0 blanks and 1 valid
12.6672 	DEBUG 	TextBox2 loaded 1 chars with 0 blanks and 1 valid
12.6678 	DEBUG 	TextBox2 loaded 1 chars with 0 blanks and 1 valid
12.6687 	DEBUG 	TextBox2 loaded 1 chars with 0 blanks and 1 valid
12.6693 	DEBUG 	TextBox2 loaded 1 chars with 0 blanks and 1 valid
12.6700 	DEBUG 	TextBox2 loaded 1 chars with 0 blanks and 1 valid
12.6708 	DEBUG 	TextBox2 loaded 1 chars with 0 blanks and 1 valid
12.6715 	DEBUG 	TextBox2 loaded 1 chars with 0 blanks and 1 valid
12.6721 	DEBUG 	TextBox2 loaded 1 chars with 0 blanks and 1 valid
12.6727 	DEBUG 	TextBox2 loaded 1 chars with 0 blanks and 1 valid
12.6730 	DEBUG 	Uploading Texture Font fontname to graphics card
12.6841 	DEBUG 	Upload of Texture Font fontname complete
12.6887 	DEBUG 	TextBox2 loaded 1 chars with 0 blanks and 1 valid
12.6891 	DEBUG 	TextBox2 loaded 1 chars with 0 blanks and 1 valid
12.6895 	DEBUG 	TextBox2 loaded 1 chars with 0 blanks and 1 valid
12.6900 	DEBUG 	TextBox2 loaded 1 chars with 0 blanks and 1 valid
12.6902 	DEBUG 	TextBox2 loaded 1 chars with 0 blanks and 1 valid
12.6904 	DEBUG 	Uploading Texture Font fontname to graphics card
12.6977 	DEBUG 	Upload of Texture Font fontname complete
12.7026 	DEBUG 	TextBox2 loaded 1 chars with 0 blanks and 1 valid
12.7028 	DEBUG 	Uploading Texture Font fontname to graphics card
12.7104 	DEBUG 	Upload of Texture Font fontname complete
12.7185 	DEBUG 	TextBox2 loaded 1 chars with 0 blanks and 1 valid
12.7190 	DEBUG 	TextBox2 loaded 1 chars with 0 blanks and 1 valid
12.7192 	DEBUG 	Uploading Texture Font fontname to graphics card
12.7260 	DEBUG 	Upload of Texture Font fontname complete
12.7510 	DEBUG 	TextBox2 loaded 1 chars with 0 blanks and 1 valid
12.7516 	DEBUG 	TextBox2 loaded 1 chars with 0 blanks and 1 valid
12.7520 	DEBUG 	TextBox2 loaded 1 chars with 0 blanks and 1 valid
12.7521 	DEBUG 	Uploading Texture Font fontname to graphics card
12.7571 	DEBUG 	Upload of Texture Font fontname complete
12.8880 	DEBUG 	TextBox2 loaded 1 chars with 0 blanks and 1 valid
12.8885 	DEBUG 	TextBox2 loaded 1 chars with 0 blanks and 1 valid
12.8888 	DEBUG 	TextBox2 loaded 1 chars with 0 blanks and 1 valid
12.8893 	DEBUG 	TextBox2 loaded 1 chars with 0 blanks and 1 valid
12.8897 	DEBUG 	TextBox2 loaded 1 chars with 0 blanks and 1 valid
12.8898 	DEBUG 	Uploading Texture Font fontname to graphics card
12.8943 	DEBUG 	Upload of Texture Font fontname complete
12.9078 	DEBUG 	TextBox2 loaded 1 chars with 0 blanks and 1 valid
12.9080 	DEBUG 	Uploading Texture Font fontname to graphics card
12.9138 	DEBUG 	Upload of Texture Font fontname complete
12.9214 	DEBUG 	TextBox2 loaded 1 chars with 0 blanks and 1 valid
12.9216 	DEBUG 	Uploading Texture Font fontname to graphics card
12.9272 	DEBUG 	Upload of Texture Font fontname complete
0.0172 	EXP 	New trial (rep=0, index=0): <Trial 0 (0 in rep 0) data={'thisN': 0, 'thisTrialN': 0, 'thisRepN': 0}>
0.0219 	DEBUG 	Converted audio clip from mono to stereo
0.0233 	EXP 	Sound sound_1 reached end of file
0.0317 	EXP 	Playing sound sound_1 on speaker Haut-parleurs (2- Cirrus Logic XU (with APO Extensions))
0.0558 	EXP 	text_instruction: autoDraw = True
1.0428 	EXP 	Sound sound_1 stopped
1.0723 	EXP 	text_instruction: autoDraw = False
1.8723 	DATA 	Mouse: Left button down, pos=(253,446)
1.9223 	EXP 	text_instruction: autoDraw = False
1.9842 	DATA 	Mouse:  Left button up, pos=(253,446)
2.3939 	DATA 	Mouse: Left button down, pos=(319,449)
2.4091 	EXP 	New trial (rep=1, index=0): <Trial 1 (0 in rep 1) data={'thisN': 1, 'thisTrialN': 0, 'thisRepN': 1}>
2.4107 	DEBUG 	Converted audio clip from mono to stereo
2.4138 	EXP 	Sound sound_1 reached end of file
2.4228 	EXP 	Playing sound sound_1 on speaker Haut-parleurs (2- Cirrus Logic XU (with APO Extensions))
2.4387 	EXP 	text_instruction: autoDraw = True
2.5402 	DATA 	Mouse:  Left button up, pos=(319,449)
2.9605 	DATA 	Mouse: Left button down, pos=(281,447)
2.9948 	EXP 	Sound sound_1 paused
3.0232 	EXP 	text_instruction: autoDraw = False
3.0589 	DATA 	Mouse:  Left button up, pos=(281,447)
4.2664 	EXP 	Device response: <KeyPress from None: t=4.246375899994746, value=lshift, duration=None>
4.4267 	EXP 	Device response: <KeyPress from None: t=4.246375899994746, value=lshift, duration=0.17947759991511703>
4.4915 	DATA 	Mouse: Left button down, pos=(295,447)
4.4932 	EXP 	New trial (rep=2, index=0): <Trial 2 (0 in rep 2) data={'thisN': 2, 'thisTrialN': 0, 'thisRepN': 2}>
4.4949 	DEBUG 	Converted audio clip from mono to stereo
4.4978 	EXP 	Sound sound_1 reached end of file
4.5065 	EXP 	Playing sound sound_1 on speaker Haut-parleurs (2- Cirrus Logic XU (with APO Extensions))
4.5397 	EXP 	text_instruction: autoDraw = True
4.5744 	DATA 	Mouse:  Left button up, pos=(295,447)
4.8069 	DATA 	Mouse: Left button down, pos=(295,447)
4.9070 	DATA 	Mouse:  Left button up, pos=(295,447)
5.1528 	DATA 	Mouse: Left button down, pos=(285,447)
5.1937 	EXP 	Sound sound_1 paused
5.2223 	EXP 	text_instruction: autoDraw = False
5.2660 	DATA 	Mouse:  Left button up, pos=(285,447)
5.4569 	DATA 	Mouse: Left button down, pos=(285,447)
5.4584 	EXP 	New trial (rep=3, index=0): <Trial 3 (0 in rep 3) data={'thisN': 3, 'thisTrialN': 0, 'thisRepN': 3}>
5.4599 	DEBUG 	Converted audio clip from mono to stereo
5.4632 	EXP 	Sound sound_1 reached end of file
5.4721 	EXP 	Playing sound sound_1 on speaker Haut-parleurs (2- Cirrus Logic XU (with APO Extensions))
5.4886 	EXP 	text_instruction: autoDraw = True
5.5764 	DATA 	Mouse:  Left button up, pos=(285,447)
5.7609 	DATA 	Mouse: Left button down, pos=(285,447)
5.8039 	EXP 	Sound sound_1 paused
5.8217 	EXP 	text_instruction: autoDraw = False
5.8889 	DATA 	Mouse:  Left button up, pos=(285,447)
5.9736 	DATA 	Mouse: Left button down, pos=(285,447)
5.9750 	EXP 	New trial (rep=4, index=0): <Trial 4 (0 in rep 4) data={'thisN': 4, 'thisTrialN': 0, 'thisRepN': 4}>
5.9764 	DEBUG 	Converted audio clip from mono to stereo
5.9794 	EXP 	Sound sound_1 reached end of file
5.9889 	EXP 	Playing sound sound_1 on speaker Haut-parleurs (2- Cirrus Logic XU (with APO Extensions))
6.0050 	EXP 	text_instruction: autoDraw = True
6.0581 	DATA 	Mouse:  Left button up, pos=(285,447)
6.1289 	DATA 	Mouse: Left button down, pos=(285,447)
6.1517 	EXP 	Sound sound_1 paused
6.1719 	EXP 	text_instruction: autoDraw = False
6.2274 	DATA 	Mouse:  Left button up, pos=(285,447)
6.2954 	DATA 	Mouse: Left button down, pos=(285,447)
6.3275 	EXP 	New trial (rep=5, index=0): <Trial 5 (0 in rep 5) data={'thisN': 5, 'thisTrialN': 0, 'thisRepN': 5}>
6.3289 	DEBUG 	Converted audio clip from mono to stereo
6.3317 	EXP 	Sound sound_1 reached end of file
6.3402 	EXP 	Playing sound sound_1 on speaker Haut-parleurs (2- Cirrus Logic XU (with APO Extensions))
6.3561 	EXP 	text_instruction: autoDraw = True
6.3687 	DATA 	Mouse:  Left button up, pos=(285,447)
6.4257 	DATA 	Mouse: Left button down, pos=(285,447)
6.4716 	EXP 	Sound sound_1 paused
6.5064 	EXP 	text_instruction: autoDraw = False
6.5406 	DATA 	Mouse:  Left button up, pos=(285,447)
6.6405 	DATA 	Mouse: Left button down, pos=(285,447)
6.6420 	EXP 	New trial (rep=6, index=0): <Trial 6 (0 in rep 6) data={'thisN': 6, 'thisTrialN': 0, 'thisRepN': 6}>
6.6434 	DEBUG 	Converted audio clip from mono to stereo
6.6462 	EXP 	Sound sound_1 reached end of file
6.6556 	EXP 	Playing sound sound_1 on speaker Haut-parleurs (2- Cirrus Logic XU (with APO Extensions))
6.6716 	EXP 	text_instruction: autoDraw = True
6.7365 	DATA 	Mouse:  Left button up, pos=(285,447)
6.8089 	DATA 	Mouse: Left button down, pos=(285,447)
6.8242 	EXP 	Sound sound_1 paused
6.8557 	EXP 	text_instruction: autoDraw = False
7.0252 	DATA 	Mouse:  Left button up, pos=(285,447)
7.0868 	DATA 	Mouse: Left button down, pos=(285,447)
7.1095 	EXP 	New trial (rep=7, index=0): <Trial 7 (0 in rep 7) data={'thisN': 7, 'thisTrialN': 0, 'thisRepN': 7}>
7.1120 	DEBUG 	Converted audio clip from mono to stereo
7.1155 	EXP 	Sound sound_1 reached end of file
7.1222 	EXP 	Playing sound sound_1 on speaker Haut-parleurs (2- Cirrus Logic XU (with APO Extensions))
7.1385 	EXP 	text_instruction: autoDraw = True
7.1610 	DATA 	Mouse:  Left button up, pos=(285,447)
7.2318 	DATA 	Mouse: Left button down, pos=(285,447)
7.2719 	EXP 	Sound sound_1 paused
7.3052 	EXP 	text_instruction: autoDraw = False
7.3171 	DATA 	Mouse:  Left button up, pos=(285,447)
7.3927 	DATA 	Mouse: Left button down, pos=(285,447)
7.3960 	EXP 	New trial (rep=8, index=0): <Trial 8 (0 in rep 8) data={'thisN': 8, 'thisTrialN': 0, 'thisRepN': 8}>
7.3981 	DEBUG 	Converted audio clip from mono to stereo
7.4015 	EXP 	Sound sound_1 reached end of file
7.4062 	EXP 	Playing sound sound_1 on speaker Haut-parleurs (2- Cirrus Logic XU (with APO Extensions))
7.4384 	EXP 	text_instruction: autoDraw = True
7.4739 	DATA 	Mouse:  Left button up, pos=(285,447)
7.5413 	DATA 	Mouse: Left button down, pos=(285,447)
7.5534 	EXP 	Sound sound_1 paused
7.5719 	EXP 	text_instruction: autoDraw = False
7.5997 	DATA 	Mouse:  Left button up, pos=(285,447)
7.6738 	DATA 	Mouse: Left button down, pos=(285,447)
7.6753 	EXP 	New trial (rep=9, index=0): <Trial 9 (0 in rep 9) data={'thisN': 9, 'thisTrialN': 0, 'thisRepN': 9}>
7.6767 	DEBUG 	Converted audio clip from mono to stereo
7.6793 	EXP 	Sound sound_1 reached end of file
7.6889 	EXP 	Playing sound sound_1 on speaker Haut-parleurs (2- Cirrus Logic XU (with APO Extensions))
7.7062 	EXP 	text_instruction: autoDraw = True
7.7414 	DATA 	Mouse:  Left button up, pos=(285,447)
7.8126 	DATA 	Mouse: Left button down, pos=(285,447)
7.8638 	EXP 	Sound sound_1 paused
7.8892 	EXP 	text_instruction: autoDraw = False
7.9115 	DATA 	Mouse:  Left button up, pos=(285,447)
7.9821 	DATA 	Mouse: Left button down, pos=(285,447)
7.9930 	EXP 	New trial (rep=10, index=0): <Trial 10 (0 in rep 10) data={'thisN': 10, 'thisTrialN': 0, 'thisRepN': 10}>
7.9946 	DEBUG 	Converted audio clip from mono to stereo
7.9976 	EXP 	Sound sound_1 reached end of file
8.0067 	EXP 	Playing sound sound_1 on speaker Haut-parleurs (2- Cirrus Logic XU (with APO Extensions))
8.0221 	EXP 	text_instruction: autoDraw = True
8.0532 	DATA 	Mouse:  Left button up, pos=(285,447)
8.1235 	DATA 	Mouse: Left button down, pos=(285,447)
8.1529 	EXP 	Sound sound_1 paused
8.1723 	EXP 	text_instruction: autoDraw = False
8.2409 	DATA 	Mouse:  Left button up, pos=(285,447)
8.3105 	DATA 	Mouse: Left button down, pos=(285,447)
8.3446 	EXP 	New trial (rep=11, index=0): <Trial 11 (0 in rep 11) data={'thisN': 11, 'thisTrialN': 0, 'thisRepN': 11}>
8.3464 	DEBUG 	Converted audio clip from mono to stereo
8.3493 	EXP 	Sound sound_1 reached end of file
8.3559 	EXP 	Playing sound sound_1 on speaker Haut-parleurs (2- Cirrus Logic XU (with APO Extensions))
8.3640 	DATA 	Mouse:  Left button up, pos=(285,447)
8.3893 	EXP 	text_instruction: autoDraw = True
8.4348 	DATA 	Mouse: Left button down, pos=(285,447)
8.4836 	EXP 	Sound sound_1 paused
8.5056 	EXP 	text_instruction: autoDraw = False
8.5480 	DATA 	Mouse:  Left button up, pos=(285,447)
8.6082 	DATA 	Mouse: Left button down, pos=(285,447)
8.6105 	EXP 	New trial (rep=12, index=0): <Trial 12 (0 in rep 12) data={'thisN': 12, 'thisTrialN': 0, 'thisRepN': 12}>
8.6131 	DEBUG 	Converted audio clip from mono to stereo
8.6160 	EXP 	Sound sound_1 reached end of file
8.6224 	EXP 	Playing sound sound_1 on speaker Haut-parleurs (2- Cirrus Logic XU (with APO Extensions))
8.6559 	EXP 	text_instruction: autoDraw = True
8.7039 	DATA 	Mouse:  Left button up, pos=(285,447)
8.7613 	DATA 	Mouse: Left button down, pos=(285,447)
8.8042 	EXP 	Sound sound_1 paused
8.8224 	EXP 	text_instruction: autoDraw = False
9.2418 	DATA 	Mouse:  Left button up, pos=(285,447)
9.3091 	DATA 	Mouse: Left button down, pos=(285,447)
9.3113 	EXP 	New trial (rep=13, index=0): <Trial 13 (0 in rep 13) data={'thisN': 13, 'thisTrialN': 0, 'thisRepN': 13}>
9.3129 	DEBUG 	Converted audio clip from mono to stereo
9.3160 	EXP 	Sound sound_1 reached end of file
9.3231 	EXP 	Playing sound sound_1 on speaker Haut-parleurs (2- Cirrus Logic XU (with APO Extensions))
9.3559 	EXP 	text_instruction: autoDraw = True
9.5924 	DATA 	Mouse:  Left button up, pos=(285,447)
9.6576 	DATA 	Mouse: Left button down, pos=(285,447)
9.6742 	EXP 	Sound sound_1 paused
9.6889 	EXP 	text_instruction: autoDraw = False
9.7425 	DATA 	Mouse:  Left button up, pos=(285,447)
9.8252 	DATA 	Mouse: Left button down, pos=(285,447)
9.8274 	EXP 	New trial (rep=14, index=0): <Trial 14 (0 in rep 14) data={'thisN': 14, 'thisTrialN': 0, 'thisRepN': 14}>
9.8292 	DEBUG 	Converted audio clip from mono to stereo
9.8325 	EXP 	Sound sound_1 reached end of file
9.8395 	EXP 	Playing sound sound_1 on speaker Haut-parleurs (2- Cirrus Logic XU (with APO Extensions))
9.8735 	EXP 	text_instruction: autoDraw = True
9.9201 	DATA 	Mouse:  Left button up, pos=(285,447)
9.9907 	DATA 	Mouse: Left button down, pos=(285,447)
10.0239 	EXP 	Sound sound_1 paused
10.0556 	EXP 	text_instruction: autoDraw = False
10.0629 	DATA 	Mouse:  Left button up, pos=(285,447)
10.1575 	DATA 	Mouse: Left button down, pos=(285,447)
10.1592 	EXP 	New trial (rep=15, index=0): <Trial 15 (0 in rep 15) data={'thisN': 15, 'thisTrialN': 0, 'thisRepN': 15}>
10.1609 	DEBUG 	Converted audio clip from mono to stereo
10.1639 	EXP 	Sound sound_1 reached end of file
10.1722 	EXP 	Playing sound sound_1 on speaker Haut-parleurs (2- Cirrus Logic XU (with APO Extensions))
10.2055 	EXP 	text_instruction: autoDraw = True
10.2455 	DATA 	Mouse:  Left button up, pos=(285,447)
10.3266 	DATA 	Mouse: Left button down, pos=(285,447)
10.3413 	EXP 	Sound sound_1 paused
10.3730 	EXP 	text_instruction: autoDraw = False
10.4086 	DATA 	Mouse:  Left button up, pos=(285,447)
10.4919 	DATA 	Mouse: Left button down, pos=(285,447)
10.4939 	EXP 	New trial (rep=16, index=0): <Trial 16 (0 in rep 16) data={'thisN': 16, 'thisTrialN': 0, 'thisRepN': 16}>
10.4955 	DEBUG 	Converted audio clip from mono to stereo
10.4985 	EXP 	Sound sound_1 reached end of file
10.5058 	EXP 	Playing sound sound_1 on speaker Haut-parleurs (2- Cirrus Logic XU (with APO Extensions))
10.5394 	EXP 	text_instruction: autoDraw = True
10.5718 	DATA 	Mouse:  Left button up, pos=(285,447)
10.6909 	DATA 	Mouse: Left button down, pos=(285,447)
10.7111 	EXP 	Sound sound_1 paused
10.7390 	EXP 	text_instruction: autoDraw = False
10.7432 	DATA 	Mouse:  Left button up, pos=(285,447)
10.8395 	DATA 	Mouse: Left button down, pos=(285,447)
10.8601 	EXP 	New trial (rep=17, index=0): <Trial 17 (0 in rep 17) data={'thisN': 17, 'thisTrialN': 0, 'thisRepN': 17}>
10.8617 	DEBUG 	Converted audio clip from mono to stereo
10.8646 	EXP 	Sound sound_1 reached end of file
10.8727 	EXP 	Playing sound sound_1 on speaker Haut-parleurs (2- Cirrus Logic XU (with APO Extensions))
10.8888 	EXP 	text_instruction: autoDraw = True
10.9248 	DATA 	Mouse:  Left button up, pos=(285,447)
11.0236 	DATA 	Mouse: Left button down, pos=(285,447)
11.0533 	EXP 	Sound sound_1 paused
11.0721 	EXP 	text_instruction: autoDraw = False
11.0935 	DATA 	Mouse:  Left button up, pos=(285,447)
11.1791 	DATA 	Mouse: Left button down, pos=(285,447)
11.1930 	EXP 	New trial (rep=18, index=0): <Trial 18 (0 in rep 18) data={'thisN': 18, 'thisTrialN': 0, 'thisRepN': 18}>
11.1947 	DEBUG 	Converted audio clip from mono to stereo
11.1978 	EXP 	Sound sound_1 reached end of file
11.2066 	EXP 	Playing sound sound_1 on speaker Haut-parleurs (2- Cirrus Logic XU (with APO Extensions))
11.2228 	EXP 	text_instruction: autoDraw = True
11.2783 	DATA 	Mouse:  Left button up, pos=(285,447)
11.5774 	DATA 	Mouse: Left button down, pos=(285,447)
11.5952 	EXP 	Sound sound_1 paused
11.6226 	EXP 	text_instruction: autoDraw = False
11.6459 	DATA 	Mouse:  Left button up, pos=(285,447)
11.7305 	DATA 	Mouse: Left button down, pos=(285,447)
11.7427 	EXP 	New trial (rep=19, index=0): <Trial 19 (0 in rep 19) data={'thisN': 19, 'thisTrialN': 0, 'thisRepN': 19}>
11.7443 	DEBUG 	Converted audio clip from mono to stereo
11.7471 	EXP 	Sound sound_1 reached end of file
11.7562 	EXP 	Playing sound sound_1 on speaker Haut-parleurs (2- Cirrus Logic XU (with APO Extensions))
11.7719 	EXP 	text_instruction: autoDraw = True
11.8166 	DATA 	Mouse:  Left button up, pos=(285,447)
12.0990 	DATA 	Mouse: Left button down, pos=(285,447)
12.1444 	EXP 	Sound sound_1 paused
12.1721 	EXP 	text_instruction: autoDraw = False
12.1837 	DATA 	Mouse:  Left button up, pos=(285,447)
12.2820 	DATA 	Mouse: Left button down, pos=(285,447)
12.2947 	EXP 	New trial (rep=20, index=0): <Trial 20 (0 in rep 20) data={'thisN': 20, 'thisTrialN': 0, 'thisRepN': 20}>
12.2966 	DEBUG 	Converted audio clip from mono to stereo
12.2994 	EXP 	Sound sound_1 reached end of file
12.3058 	EXP 	Playing sound sound_1 on speaker Haut-parleurs (2- Cirrus Logic XU (with APO Extensions))
12.3395 	EXP 	text_instruction: autoDraw = True
12.3743 	DATA 	Mouse:  Left button up, pos=(285,447)
12.4662 	DATA 	Mouse: Left button down, pos=(285,447)
12.4942 	EXP 	Sound sound_1 paused
12.5227 	EXP 	text_instruction: autoDraw = False
12.5759 	DATA 	Mouse:  Left button up, pos=(285,447)
12.6744 	DATA 	Mouse: Left button down, pos=(285,447)
12.6762 	EXP 	New trial (rep=21, index=0): <Trial 21 (0 in rep 21) data={'thisN': 21, 'thisTrialN': 0, 'thisRepN': 21}>
12.6781 	DEBUG 	Converted audio clip from mono to stereo
12.6808 	EXP 	Sound sound_1 reached end of file
12.6890 	EXP 	Playing sound sound_1 on speaker Haut-parleurs (2- Cirrus Logic XU (with APO Extensions))
12.7058 	EXP 	text_instruction: autoDraw = True
12.7492 	DATA 	Mouse:  Left button up, pos=(285,447)
12.8620 	DATA 	Mouse: Left button down, pos=(285,447)
12.8954 	EXP 	Sound sound_1 paused
12.9224 	EXP 	text_instruction: autoDraw = False
12.9324 	DATA 	Mouse:  Left button up, pos=(285,447)
13.0599 	DATA 	Mouse: Left button down, pos=(285,447)
13.0934 	EXP 	New trial (rep=22, index=0): <Trial 22 (0 in rep 22) data={'thisN': 22, 'thisTrialN': 0, 'thisRepN': 22}>
13.0951 	DEBUG 	Converted audio clip from mono to stereo
13.0980 	EXP 	Sound sound_1 reached end of file
13.1061 	EXP 	Playing sound sound_1 on speaker Haut-parleurs (2- Cirrus Logic XU (with APO Extensions))
13.1171 	DATA 	Mouse:  Left button up, pos=(285,447)
13.1393 	EXP 	text_instruction: autoDraw = True
13.2153 	DATA 	Mouse: Left button down, pos=(285,447)
13.2523 	EXP 	Sound sound_1 paused
13.2724 	EXP 	text_instruction: autoDraw = False
13.3008 	DATA 	Mouse:  Left button up, pos=(285,447)
13.4418 	DATA 	Mouse: Left button down, pos=(285,447)
13.4435 	EXP 	New trial (rep=23, index=0): <Trial 23 (0 in rep 23) data={'thisN': 23, 'thisTrialN': 0, 'thisRepN': 23}>
13.4451 	DEBUG 	Converted audio clip from mono to stereo
13.4488 	EXP 	Sound sound_1 reached end of file
13.4561 	EXP 	Playing sound sound_1 on speaker Haut-parleurs (2- Cirrus Logic XU (with APO Extensions))
13.4890 	EXP 	text_instruction: autoDraw = True
13.5416 	DATA 	Mouse:  Left button up, pos=(285,447)
13.6549 	DATA 	Mouse: Left button down, pos=(285,447)
13.7141 	EXP 	Sound sound_1 paused
13.7255 	DATA 	Mouse:  Left button up, pos=(285,447)
13.7390 	EXP 	text_instruction: autoDraw = False
13.7959 	DATA 	Mouse: Left button down, pos=(285,447)
13.8091 	EXP 	New trial (rep=24, index=0): <Trial 24 (0 in rep 24) data={'thisN': 24, 'thisTrialN': 0, 'thisRepN': 24}>
13.8108 	DEBUG 	Converted audio clip from mono to stereo
13.8139 	EXP 	Sound sound_1 reached end of file
13.8228 	EXP 	Playing sound sound_1 on speaker Haut-parleurs (2- Cirrus Logic XU (with APO Extensions))
13.8560 	EXP 	text_instruction: autoDraw = True
13.8812 	DATA 	Mouse:  Left button up, pos=(285,447)
13.9649 	DATA 	Mouse: Left button down, pos=(285,447)
13.9932 	EXP 	Sound sound_1 paused
14.0219 	EXP 	text_instruction: autoDraw = False
14.0643 	DATA 	Mouse:  Left button up, pos=(285,447)
14.1413 	DATA 	Mouse: Left button down, pos=(285,447)
14.1429 	EXP 	New trial (rep=25, index=0): <Trial 25 (0 in rep 25) data={'thisN': 25, 'thisTrialN': 0, 'thisRepN': 25}>
14.1445 	DEBUG 	Converted audio clip from mono to stereo
14.1473 	EXP 	Sound sound_1 reached end of file
14.1565 	EXP 	Playing sound sound_1 on speaker Haut-parleurs (2- Cirrus Logic XU (with APO Extensions))
14.1891 	EXP 	text_instruction: autoDraw = True
14.2058 	DATA 	Mouse:  Left button up, pos=(285,447)
14.2902 	DATA 	Mouse: Left button down, pos=(285,447)
14.3223 	EXP 	Sound sound_1 paused
14.3388 	EXP 	text_instruction: autoDraw = False
14.3612 	DATA 	Mouse:  Left button up, pos=(285,447)
14.4605 	DATA 	Mouse: Left button down, pos=(285,447)
14.4763 	EXP 	New trial (rep=26, index=0): <Trial 26 (0 in rep 26) data={'thisN': 26, 'thisTrialN': 0, 'thisRepN': 26}>
14.4779 	DEBUG 	Converted audio clip from mono to stereo
14.4807 	EXP 	Sound sound_1 reached end of file
14.4900 	EXP 	Playing sound sound_1 on speaker Haut-parleurs (2- Cirrus Logic XU (with APO Extensions))
14.5059 	EXP 	text_instruction: autoDraw = True
14.5311 	DATA 	Mouse:  Left button up, pos=(285,447)
14.6296 	DATA 	Mouse: Left button down, pos=(285,447)
14.6744 	EXP 	Sound sound_1 paused
14.6891 	EXP 	text_instruction: autoDraw = False
14.7150 	DATA 	Mouse:  Left button up, pos=(285,447)
14.7995 	DATA 	Mouse: Left button down, pos=(285,447)
14.8095 	EXP 	New trial (rep=27, index=0): <Trial 27 (0 in rep 27) data={'thisN': 27, 'thisTrialN': 0, 'thisRepN': 27}>
14.8111 	DEBUG 	Converted audio clip from mono to stereo
14.8150 	EXP 	Sound sound_1 reached end of file
14.8232 	EXP 	Playing sound sound_1 on speaker Haut-parleurs (2- Cirrus Logic XU (with APO Extensions))
14.8556 	EXP 	text_instruction: autoDraw = True
14.8931 	DATA 	Mouse:  Left button up, pos=(285,447)
14.9694 	DATA 	Mouse: Left button down, pos=(285,447)
15.0121 	EXP 	Sound sound_1 paused
15.0388 	EXP 	text_instruction: autoDraw = False
15.0599 	DATA 	Mouse:  Left button up, pos=(285,447)
15.1588 	DATA 	Mouse: Left button down, pos=(285,447)
15.1624 	EXP 	New trial (rep=28, index=0): <Trial 28 (0 in rep 28) data={'thisN': 28, 'thisTrialN': 0, 'thisRepN': 28}>
15.1658 	DEBUG 	Converted audio clip from mono to stereo
15.1713 	EXP 	Sound sound_1 reached end of file
15.1721 	EXP 	Playing sound sound_1 on speaker Haut-parleurs (2- Cirrus Logic XU (with APO Extensions))
15.2058 	EXP 	text_instruction: autoDraw = True
15.2248 	DATA 	Mouse:  Left button up, pos=(285,447)
15.3086 	DATA 	Mouse: Left button down, pos=(285,447)
15.3430 	EXP 	Sound sound_1 paused
15.3742 	EXP 	text_instruction: autoDraw = False
15.3943 	DATA 	Mouse:  Left button up, pos=(285,447)
15.4782 	DATA 	Mouse: Left button down, pos=(285,447)
15.4932 	EXP 	New trial (rep=29, index=0): <Trial 29 (0 in rep 29) data={'thisN': 29, 'thisTrialN': 0, 'thisRepN': 29}>
15.4948 	DEBUG 	Converted audio clip from mono to stereo
15.4976 	EXP 	Sound sound_1 reached end of file
15.5066 	EXP 	Playing sound sound_1 on speaker Haut-parleurs (2- Cirrus Logic XU (with APO Extensions))
15.5392 	EXP 	text_instruction: autoDraw = True
15.5645 	DATA 	Mouse:  Left button up, pos=(285,447)
15.6489 	DATA 	Mouse: Left button down, pos=(285,447)
15.6737 	EXP 	Sound sound_1 paused
15.7053 	EXP 	text_instruction: autoDraw = False
15.7333 	DATA 	Mouse:  Left button up, pos=(285,447)
15.8318 	DATA 	Mouse: Left button down, pos=(285,447)
15.8430 	EXP 	New trial (rep=30, index=0): <Trial 30 (0 in rep 30) data={'thisN': 30, 'thisTrialN': 0, 'thisRepN': 30}>
15.8445 	DEBUG 	Converted audio clip from mono to stereo
15.8474 	EXP 	Sound sound_1 reached end of file
15.8565 	EXP 	Playing sound sound_1 on speaker Haut-parleurs (2- Cirrus Logic XU (with APO Extensions))
15.8722 	EXP 	text_instruction: autoDraw = True
15.9255 	DATA 	Mouse:  Left button up, pos=(285,447)
16.0024 	DATA 	Mouse: Left button down, pos=(285,447)
16.0434 	EXP 	Sound sound_1 paused
16.0725 	EXP 	text_instruction: autoDraw = False
16.1010 	DATA 	Mouse:  Left button up, pos=(285,447)
16.1720 	DATA 	Mouse: Left button down, pos=(285,447)
16.1960 	EXP 	New trial (rep=31, index=0): <Trial 31 (0 in rep 31) data={'thisN': 31, 'thisTrialN': 0, 'thisRepN': 31}>
16.1993 	DEBUG 	Converted audio clip from mono to stereo
16.2064 	EXP 	Sound sound_1 reached end of file
16.2229 	EXP 	Playing sound sound_1 on speaker Haut-parleurs (2- Cirrus Logic XU (with APO Extensions))
16.2389 	EXP 	text_instruction: autoDraw = True
16.2738 	DATA 	Mouse:  Left button up, pos=(285,447)
16.3413 	DATA 	Mouse: Left button down, pos=(285,447)
16.3629 	EXP 	Sound sound_1 paused
16.3897 	EXP 	text_instruction: autoDraw = False
16.5816 	DATA 	Mouse:  Left button up, pos=(285,447)
16.6808 	DATA 	Mouse: Left button down, pos=(285,447)
16.7071 	EXP 	CRM_Spat: status = STOPPED
16.7272 	INFO 	saved data to 'C:\\Users\\chamery\\Documents\\Spat_CRM_Protocol\\Spat_CRM_Protocol\\src\\data\\pilot_CRM_Spat_2026-07-07_11h52.15.720.csv'
16.7295 	INFO 	saved data to C:\Users\chamery\Documents\Spat_CRM_Protocol\Spat_CRM_Protocol\src\data\pilot_CRM_Spat_2026-07-07_11h52.15.720.psydat
17.2039 	DEBUG 	Saving data for CRM_Spat ExperimentHandler
17.2064 	INFO 	Stopping keyboard key buffers.
